6.0s 1 0.00s - Debugger warning: It seems that frozen modules are being used, which may
6.0s 2 0.00s - make the debugger miss breakpoints. Please pass -Xfrozen_modules=off
6.0s 3 0.00s - to python to disable frozen modules.
6.0s 4 0.00s - Note: Debugging will proceed. Set PYDEVD_DISABLE_FILE_VALIDATION=1 to disable this validation.
6.6s 5 0.00s - Debugger warning: It seems that frozen modules are being used, which may
6.6s 6 0.00s - make the debugger miss breakpoints. Please pass -Xfrozen_modules=off
6.6s 7 0.00s - to python to disable frozen modules.
6.6s 8 0.00s - Note: Debugging will proceed. Set PYDEVD_DISABLE_FILE_VALIDATION=1 to disable this validation.
18.7s 9 ✅ Device : cuda
18.7s 10 ✅ PyTorch: 2.10.0+cu128
18.7s 11 ✅ Config ready. N_ACTIONS=80, N_SIZES=4
18.7s 12 n_runs=7, rla_prefill=200
18.7s 13 Config ready.
18.8s 14 Loading...
18.8s 15 RC1: 8 instances
18.8s 16 RC2: 8 instances
18.8s 17 RC101: n=100, tight_TW=100%
18.9s 18 Solution model ready.
18.9s 19 Operators: 5D × 4R = 20 combos
18.9s 20 ✅ Action space verified: 5D × 4R × 4sizes = 80
18.9s 21 Helpers ready.
19.0s 22 ✅ Networks ready.
19.0s 23 ✅ ALNS ready.
19.0s 24 ✅ DQN solver ready.
19.1s 25 RL-ALNS v8 ready.
19.1s 26 Action space: 80 (5D × 4R × 4sizes)
19.1s 27 State dim: 16 (was 14)
19.1s 28 n_runs: 7 (was 5)
19.1s 29 rla_prefill: 200 (was 400)
19.1s 30 ✅ Benchmark runner ready.
19.1s 31 ✅ Transfer learning pipeline ready.
19.1s 32 ✅ Stats & table utilities ready.
19.2s 33 ✅ Visualisation ready.
19.2s 34 Smoke test v8 — RC101
19.2s 35 
44.5s 36 ALNS         nv= 16  cost=  1733.6  BKS TD +2.2% NV +2  (25.1s)
51.8s 37 DQN          nv= 41  cost=  4148.1  BKS TD +144.4% NV +27  (7.2s)
93.6s 38 RL-ALNS      nv= 15  cost=  1800.3  BKS TD +6.1% NV +1  (41.9s)
93.6s 39 
93.6s 40 ✓ Smoke test v8 passed
157.2s 41 Total: 48 combos × 7 runs
157.2s 42 ============================================================
157.2s 43 
157.2s 44 [RC101] ALNS
235.9s 45 run 1/7: nv=15 cost=1739.5 (78.7s)
318.4s 46 run 2/7: nv=15 cost=1641.3 (82.6s)
401.7s 47 run 3/7: nv=16 cost=1682.8 (83.3s)
502.3s 48 run 4/7: nv=16 cost=1674.5 (100.6s)
592.5s 49 run 5/7: nv=15 cost=1721.2 (90.2s)
677.3s 50 run 6/7: nv=16 cost=1690.1 (84.8s)
769.0s 51 run 7/7: nv=15 cost=1657.8 (91.7s)
769.0s 52 → nv=15.4±0.5  td=1686.7±31.7  gap=-0.6%
769.0s 53 
769.0s 54 [RC101] DQN
770.4s 55 run 1/7: nv=42 cost=4156.5 (1.4s)
771.8s 56 run 2/7: nv=42 cost=4137.2 (1.4s)
773.4s 57 run 3/7: nv=47 cost=4345.0 (1.6s)
774.8s 58 run 4/7: nv=39 cost=4025.2 (1.4s)
776.3s 59 run 5/7: nv=51 cost=4559.7 (1.6s)
777.7s 60 run 6/7: nv=41 cost=4121.8 (1.4s)
779.2s 61 run 7/7: nv=42 cost=4178.6 (1.5s)
779.2s 62 → nv=43.4±3.8  td=4217.7±165.3  gap=+148.5%
779.2s 63 
779.2s 64 [RC101] RL-ALNS
872.9s 65 run 1/7: nv=16 cost=1699.9 (93.7s)
962.5s 66 run 2/7: nv=16 cost=1704.7 (89.6s)
1046.3s 67 run 3/7: nv=16 cost=1729.8 (83.8s)
1120.7s 68 run 4/7: nv=16 cost=1676.0 (74.5s)
1228.8s 69 run 5/7: nv=16 cost=1678.8 (108.1s)
1326.1s 70 run 6/7: nv=15 cost=1784.0 (97.3s)
1416.6s 71 run 7/7: nv=16 cost=1690.7 (90.4s)
1416.6s 72 → nv=15.9±0.3  td=1709.1±34.8  gap=+0.7%
1416.6s 73 
1416.6s 74 [RC102] ALNS
1494.5s 75 run 1/7: nv=14 cost=1537.2 (77.9s)
1570.3s 76 run 2/7: nv=14 cost=1517.7 (75.8s)
1650.1s 77 run 3/7: nv=14 cost=1515.9 (79.9s)
1742.9s 78 run 4/7: nv=13 cost=1523.8 (92.7s)
1828.8s 79 run 5/7: nv=14 cost=1517.0 (85.9s)
1917.1s 80 run 6/7: nv=14 cost=1506.6 (88.3s)
2009.5s 81 run 7/7: nv=14 cost=1513.4 (92.4s)
2009.5s 82 → nv=13.9±0.3  td=1518.8±8.9  gap=-2.3%
2009.5s 83 
2009.5s 84 [RC102] DQN
2010.9s 85 run 1/7: nv=38 cost=4094.8 (1.4s)
2012.3s 86 run 2/7: nv=34 cost=4168.8 (1.4s)
2013.7s 87 run 3/7: nv=36 cost=4252.0 (1.4s)
2015.1s 88 run 4/7: nv=36 cost=4077.4 (1.3s)
2016.5s 89 run 5/7: nv=40 cost=4178.8 (1.4s)
2017.9s 90 run 6/7: nv=39 cost=4312.2 (1.4s)
2019.6s 91 run 7/7: nv=39 cost=4280.9 (1.6s)
2019.6s 92 → nv=37.4±2.0  td=4195.0±83.8  gap=+169.8%
2019.6s 93 
2019.6s 94 [RC102] RL-ALNS
2104.1s 95 run 1/7: nv=14 cost=1498.5 (84.5s)
2192.8s 96 run 2/7: nv=14 cost=1522.1 (88.7s)
2282.8s 97 run 3/7: nv=14 cost=1588.4 (90.0s)
2354.9s 98 run 4/7: nv=14 cost=1533.5 (72.0s)
2444.3s 99 run 5/7: nv=14 cost=1511.2 (89.4s)
2532.0s 100 run 6/7: nv=14 cost=1535.4 (87.8s)
2613.3s 101 run 7/7: nv=14 cost=1525.3 (81.3s)
2613.3s 102 → nv=14.0±0.0  td=1530.6±26.4  gap=-1.6%
2613.3s 103 
2613.3s 104 [RC103] ALNS
2692.4s 105 run 1/7: nv=12 cost=1352.0 (79.1s)
2769.0s 106 run 2/7: nv=12 cost=1357.2 (76.6s)
2855.3s 107 run 3/7: nv=11 cost=1311.2 (86.3s)
2936.6s 108 run 4/7: nv=12 cost=1354.6 (81.3s)
3017.5s 109 run 5/7: nv=12 cost=1334.8 (80.9s)
3097.5s 110 run 6/7: nv=12 cost=1325.7 (80.0s)
3174.1s 111 run 7/7: nv=12 cost=1324.9 (76.7s)
3174.1s 112 → nv=11.9±0.3  td=1337.2±16.4  gap=+6.0%
3174.1s 113 
3174.1s 114 [RC103] DQN
3175.5s 115 run 1/7: nv=33 cost=4169.2 (1.4s)
3176.9s 116 run 2/7: nv=32 cost=4143.5 (1.4s)
3178.4s 117 run 3/7: nv=37 cost=4322.2 (1.5s)
3179.8s 118 run 4/7: nv=33 cost=3883.4 (1.4s)
3181.2s 119 run 5/7: nv=36 cost=4143.8 (1.4s)
3182.7s 120 run 6/7: nv=33 cost=4155.1 (1.4s)
3184.3s 121 run 7/7: nv=36 cost=4160.1 (1.6s)
3184.3s 122 → nv=34.3±1.8  td=4139.6±119.8  gap=+228.1%
3184.3s 123 
3184.3s 124 [RC103] RL-ALNS
3269.4s 125 run 1/7: nv=12 cost=1352.0 (85.1s)
3367.7s 126 run 2/7: nv=12 cost=1351.0 (98.2s)
3436.8s 127 run 3/7: nv=12 cost=1352.0 (69.1s)
3526.4s 128 run 4/7: nv=12 cost=1366.8 (89.6s)
3610.8s 129 run 5/7: nv=12 cost=1341.8 (84.5s)
3700.9s 130 run 6/7: nv=12 cost=1346.5 (90.1s)
3817.1s 131 run 7/7: nv=12 cost=1336.0 (116.2s)
3817.1s 132 → nv=12.0±0.0  td=1349.4±9.0  gap=+7.0%
3817.1s 133 
3817.1s 134 [RC104] ALNS
3881.9s 135 run 1/7: nv=10 cost=1234.1 (64.8s)
3950.7s 136 run 2/7: nv=10 cost=1154.9 (68.8s)
4017.0s 137 run 3/7: nv=10 cost=1190.5 (66.3s)
4088.2s 138 run 4/7: nv=10 cost=1198.0 (71.2s)
4163.7s 139 run 5/7: nv=10 cost=1186.2 (75.6s)
4234.8s 140 run 6/7: nv=11 cost=1188.4 (71.1s)
4309.9s 141 run 7/7: nv=10 cost=1180.0 (75.1s)
4309.9s 142 → nv=10.1±0.3  td=1190.3±21.9  gap=+4.8%
4309.9s 143 
4309.9s 144 [RC104] DQN
4311.3s 145 run 1/7: nv=30 cost=4130.2 (1.4s)
4312.8s 146 run 2/7: nv=27 cost=4061.0 (1.5s)
4314.3s 147 run 3/7: nv=29 cost=4167.8 (1.5s)
4315.7s 148 run 4/7: nv=29 cost=3879.5 (1.3s)
4317.1s 149 run 5/7: nv=27 cost=4017.7 (1.4s)
4318.5s 150 run 6/7: nv=29 cost=4176.3 (1.4s)
4320.1s 151 run 7/7: nv=36 cost=4214.2 (1.5s)
4320.1s 152 → nv=29.6±2.8  td=4092.4±107.5  gap=+260.4%
4320.1s 153 
4320.1s 154 [RC104] RL-ALNS
4426.4s 155 run 1/7: nv=10 cost=1167.6 (106.3s)
4516.4s 156 run 2/7: nv=11 cost=1191.2 (89.9s)
4593.3s 157 run 3/7: nv=10 cost=1163.0 (76.9s)
4699.0s 158 run 4/7: nv=10 cost=1142.8 (105.7s)
4781.4s 159 run 5/7: nv=10 cost=1191.9 (82.4s)
4885.4s 160 run 6/7: nv=10 cost=1145.3 (104.0s)
4971.6s 161 run 7/7: nv=11 cost=1204.8 (86.2s)
4971.6s 162 → nv=10.3±0.5  td=1172.4±22.4  gap=+3.2%
4971.6s 163 
4971.6s 164 [RC105] ALNS
5053.9s 165 run 1/7: nv=15 cost=1567.7 (82.2s)
5142.5s 166 run 2/7: nv=15 cost=1579.4 (88.6s)
5217.1s 167 run 3/7: nv=15 cost=1617.4 (74.7s)
5311.9s 168 run 4/7: nv=14 cost=1575.8 (94.7s)
5398.4s 169 run 5/7: nv=15 cost=1605.8 (86.5s)
5487.3s 170 run 6/7: nv=14 cost=1600.6 (89.0s)
5573.5s 171 run 7/7: nv=14 cost=1657.5 (86.2s)
5573.5s 172 → nv=14.6±0.5  td=1600.6±28.5  gap=-1.8%
5573.5s 173 
5573.5s 174 [RC105] DQN
5574.9s 175 run 1/7: nv=36 cost=4101.7 (1.4s)
5576.3s 176 run 2/7: nv=40 cost=4086.2 (1.4s)
5577.7s 177 run 3/7: nv=38 cost=4245.3 (1.4s)
5579.1s 178 run 4/7: nv=37 cost=3955.1 (1.4s)
5580.5s 179 run 5/7: nv=41 cost=4222.4 (1.4s)
5581.9s 180 run 6/7: nv=43 cost=4261.9 (1.4s)
5583.5s 181 run 7/7: nv=39 cost=4324.4 (1.6s)
5583.5s 182 → nv=39.1±2.2  td=4171.0±118.7  gap=+156.0%
5583.5s 183 
5583.5s 184 [RC105] RL-ALNS
5665.8s 185 run 1/7: nv=14 cost=1618.8 (82.3s)
5758.9s 186 run 2/7: nv=15 cost=1602.4 (93.1s)
5846.1s 187 run 3/7: nv=15 cost=1592.8 (87.2s)
5948.8s 188 run 4/7: nv=15 cost=1562.7 (102.7s)
6029.1s 189 run 5/7: nv=15 cost=1638.5 (80.2s)
6113.6s 190 run 6/7: nv=15 cost=1640.9 (84.6s)
6204.8s 191 run 7/7: nv=14 cost=1594.3 (91.1s)
6204.8s 192 → nv=14.7±0.5  td=1607.2±25.7  gap=-1.4%
6204.8s 193 
6204.8s 194 [RC106] ALNS
6292.9s 195 run 1/7: nv=13 cost=1424.0 (88.1s)
6384.9s 196 run 2/7: nv=13 cost=1401.1 (91.9s)
6486.0s 197 run 3/7: nv=13 cost=1411.6 (101.1s)
6593.5s 198 run 4/7: nv=13 cost=1447.1 (107.5s)
6693.2s 199 run 5/7: nv=13 cost=1424.2 (99.8s)
6790.4s 200 run 6/7: nv=13 cost=1400.3 (97.1s)
6884.4s 201 run 7/7: nv=13 cost=1421.3 (94.0s)
6884.4s 202 → nv=13.0±0.0  td=1418.5±15.0  gap=-0.4%
6884.4s 203 
6884.4s 204 [RC106] DQN
6885.7s 205 run 1/7: nv=34 cost=3742.0 (1.4s)
6887.2s 206 run 2/7: nv=33 cost=3696.3 (1.4s)
6888.8s 207 run 3/7: nv=37 cost=4121.8 (1.6s)
6890.1s 208 run 4/7: nv=33 cost=3798.2 (1.3s)
6891.5s 209 run 5/7: nv=34 cost=3824.7 (1.4s)
6892.9s 210 run 6/7: nv=31 cost=3814.3 (1.4s)
6894.5s 211 run 7/7: nv=38 cost=4285.0 (1.6s)
6894.5s 212 → nv=34.3±2.2  td=3897.5±202.6  gap=+173.6%
6894.5s 213 
6894.5s 214 [RC106] RL-ALNS
7006.8s 215 run 1/7: nv=13 cost=1414.2 (112.3s)
7100.5s 216 run 2/7: nv=13 cost=1412.0 (93.7s)
7199.4s 217 run 3/7: nv=13 cost=1443.4 (98.8s)
7292.0s 218 run 4/7: nv=13 cost=1406.4 (92.7s)
7393.8s 219 run 5/7: nv=13 cost=1409.7 (101.7s)
7483.8s 220 run 6/7: nv=13 cost=1430.0 (90.0s)
7583.3s 221 run 7/7: nv=13 cost=1432.2 (99.6s)
7583.3s 222 → nv=13.0±0.0  td=1421.1±13.0  gap=-0.3%
7583.3s 223 
7583.3s 224 [RC107] ALNS
7668.8s 225 run 1/7: nv=12 cost=1305.7 (85.4s)
7762.8s 226 run 2/7: nv=12 cost=1289.1 (94.0s)
7847.7s 227 run 3/7: nv=12 cost=1268.7 (84.9s)
7937.0s 228 run 4/7: nv=12 cost=1303.8 (89.3s)
8020.4s 229 run 5/7: nv=12 cost=1291.4 (83.4s)
8106.4s 230 run 6/7: nv=12 cost=1277.4 (86.0s)
8196.9s 231 run 7/7: nv=12 cost=1297.3 (90.6s)
8196.9s 232 → nv=12.0±0.0  td=1290.5±12.5  gap=+4.9%
8196.9s 233 
8196.9s 234 [RC107] DQN
8198.4s 235 run 1/7: nv=28 cost=3849.9 (1.5s)
8199.8s 236 run 2/7: nv=33 cost=3908.9 (1.4s)
8201.3s 237 run 3/7: nv=31 cost=4052.3 (1.4s)
8202.7s 238 run 4/7: nv=29 cost=3856.8 (1.4s)
8204.1s 239 run 5/7: nv=34 cost=4047.2 (1.4s)
8205.5s 240 run 6/7: nv=32 cost=3951.3 (1.4s)
8207.1s 241 run 7/7: nv=32 cost=4047.5 (1.5s)
8207.1s 242 → nv=31.3±2.0  td=3959.1±83.8  gap=+221.8%
8207.1s 243 
8207.1s 244 [RC107] RL-ALNS
8300.9s 245 run 1/7: nv=12 cost=1304.6 (93.8s)
8400.8s 246 run 2/7: nv=12 cost=1291.8 (99.9s)
8488.6s 247 run 3/7: nv=12 cost=1311.7 (87.8s)
8569.7s 248 run 4/7: nv=12 cost=1294.0 (81.0s)
8655.2s 249 run 5/7: nv=12 cost=1319.1 (85.5s)
8739.4s 250 run 6/7: nv=12 cost=1299.4 (84.2s)
8820.7s 251 run 7/7: nv=12 cost=1299.2 (81.3s)
8820.7s 252 → nv=12.0±0.0  td=1302.8±9.0  gap=+5.9%
8820.7s 253 
8820.7s 254 [RC108] ALNS
8913.9s 255 run 1/7: nv=11 cost=1166.3 (93.2s)
9007.0s 256 run 2/7: nv=11 cost=1159.8 (93.0s)
9110.0s 257 run 3/7: nv=11 cost=1173.1 (103.1s)
9205.3s 258 run 4/7: nv=11 cost=1158.0 (95.2s)
9298.5s 259 run 5/7: nv=11 cost=1148.5 (93.2s)
9385.6s 260 run 6/7: nv=11 cost=1165.4 (87.2s)
9483.6s 261 run 7/7: nv=10 cost=1147.7 (98.0s)
9483.6s 262 → nv=10.9±0.3  td=1159.8±8.7  gap=+1.8%
9483.6s 263 
9483.6s 264 [RC108] DQN
9485.0s 265 run 1/7: nv=27 cost=3719.3 (1.4s)
9486.4s 266 run 2/7: nv=27 cost=3815.4 (1.4s)
9487.9s 267 run 3/7: nv=27 cost=3891.3 (1.5s)
9489.2s 268 run 4/7: nv=26 cost=3750.7 (1.4s)
9490.6s 269 run 5/7: nv=28 cost=3992.5 (1.4s)
9492.1s 270 run 6/7: nv=27 cost=4014.4 (1.4s)
9493.7s 271 run 7/7: nv=32 cost=4119.6 (1.7s)
9493.7s 272 → nv=27.7±1.8  td=3900.5±137.3  gap=+242.2%
9493.7s 273 
9493.7s 274 [RC108] RL-ALNS
9580.9s 275 run 1/7: nv=11 cost=1187.6 (87.2s)
9680.1s 276 run 2/7: nv=11 cost=1168.8 (99.2s)
9771.1s 277 run 3/7: nv=11 cost=1200.3 (90.9s)
9863.6s 278 run 4/7: nv=11 cost=1181.7 (92.6s)
9948.5s 279 run 5/7: nv=11 cost=1223.8 (84.9s)
10035.4s 280 run 6/7: nv=11 cost=1185.7 (86.9s)
10118.9s 281 run 7/7: nv=11 cost=1146.5 (83.5s)
10118.9s 282 → nv=11.0±0.0  td=1184.9±22.3  gap=+4.0%
10118.9s 283 
10118.9s 284 [RC201] ALNS
10199.9s 285 run 1/7: nv=4 cost=1473.8 (81.1s)
10279.1s 286 run 2/7: nv=4 cost=1468.1 (79.2s)
10353.4s 287 run 3/7: nv=4 cost=1513.6 (74.3s)
10435.0s 288 run 4/7: nv=4 cost=1486.4 (81.6s)
10517.1s 289 run 5/7: nv=4 cost=1489.2 (82.1s)
10593.3s 290 run 6/7: nv=4 cost=1465.7 (76.1s)
10672.8s 291 run 7/7: nv=4 cost=1444.9 (79.6s)
10672.8s 292 → nv=4.0±0.0  td=1477.4±20.1  gap=+5.0%
10672.8s 293 
10672.8s 294 [RC201] DQN
10674.2s 295 run 1/7: nv=23 cost=4392.7 (1.4s)
10675.6s 296 run 2/7: nv=21 cost=4503.5 (1.3s)
10677.1s 297 run 3/7: nv=25 cost=4522.0 (1.5s)
10678.4s 298 run 4/7: nv=23 cost=4169.0 (1.3s)
10679.9s 299 run 5/7: nv=26 cost=4552.9 (1.5s)
10681.3s 300 run 6/7: nv=21 cost=4307.3 (1.4s)
10682.9s 301 run 7/7: nv=29 cost=4603.0 (1.6s)
10682.9s 302 → nv=24.0±2.7  td=4435.8±143.1  gap=+215.3%
10682.9s 303 
10682.9s 304 [RC201] RL-ALNS
10784.0s 305 run 1/7: nv=4 cost=1490.8 (101.1s)
10879.8s 306 run 2/7: nv=4 cost=1470.5 (95.8s)
10986.9s 307 run 3/7: nv=4 cost=1461.5 (107.2s)
11097.5s 308 run 4/7: nv=4 cost=1475.5 (110.5s)
11198.4s 309 run 5/7: nv=4 cost=1508.1 (100.9s)
11313.0s 310 run 6/7: nv=4 cost=1471.9 (114.6s)
11406.5s 311 run 7/7: nv=4 cost=1497.3 (93.5s)
11406.5s 312 → nv=4.0±0.0  td=1482.2±15.5  gap=+5.4%
11406.5s 313 
11406.5s 314 [RC202] ALNS
11469.8s 315 run 1/7: nv=4 cost=1213.8 (63.4s)
11534.0s 316 run 2/7: nv=4 cost=1185.4 (64.2s)
11598.2s 317 run 3/7: nv=4 cost=1231.2 (64.3s)
11667.6s 318 run 4/7: nv=4 cost=1224.2 (69.3s)
11732.3s 319 run 5/7: nv=4 cost=1205.7 (64.6s)
11796.2s 320 run 6/7: nv=4 cost=1217.7 (63.9s)
11865.2s 321 run 7/7: nv=4 cost=1219.3 (69.1s)
11865.2s 322 → nv=4.0±0.0  td=1213.9±13.8  gap=-11.1%
11865.2s 323 
11865.2s 324 [RC202] DQN
11866.7s 325 run 1/7: nv=22 cost=4362.6 (1.5s)
11868.1s 326 run 2/7: nv=20 cost=4203.2 (1.4s)
11869.7s 327 run 3/7: nv=23 cost=4563.6 (1.5s)
11871.0s 328 run 4/7: nv=19 cost=4399.7 (1.3s)
11872.4s 329 run 5/7: nv=21 cost=4482.3 (1.4s)
11873.8s 330 run 6/7: nv=21 cost=4364.3 (1.4s)
11875.5s 331 run 7/7: nv=24 cost=4667.6 (1.6s)
11875.5s 332 → nv=21.4±1.6  td=4434.8±140.5  gap=+224.7%
11875.5s 333 
11875.5s 334 [RC202] RL-ALNS
11965.0s 335 run 1/7: nv=4 cost=1203.2 (89.6s)
12088.2s 336 run 2/7: nv=4 cost=1233.1 (123.2s)
12198.8s 337 run 3/7: nv=4 cost=1230.6 (110.6s)
12347.2s 338 run 4/7: nv=4 cost=1204.2 (148.4s)
12459.1s 339 run 5/7: nv=4 cost=1211.4 (111.9s)
12573.9s 340 run 6/7: nv=4 cost=1243.2 (114.8s)
12693.9s 341 run 7/7: nv=4 cost=1227.0 (120.0s)
12693.9s 342 → nv=4.0±0.0  td=1221.8±14.4  gap=-10.5%
12693.9s 343 
12693.9s 344 [RC203] ALNS
12747.0s 345 run 1/7: nv=3 cost=1131.7 (53.0s)
12800.6s 346 run 2/7: nv=3 cost=1119.3 (53.6s)
12856.8s 347 run 3/7: nv=3 cost=1118.2 (56.2s)
12910.1s 348 run 4/7: nv=3 cost=1106.7 (53.3s)
12974.1s 349 run 5/7: nv=3 cost=1135.8 (64.0s)
13026.6s 350 run 6/7: nv=3 cost=1113.5 (52.5s)
13079.4s 351 run 7/7: nv=3 cost=1126.3 (52.8s)
13079.4s 352 → nv=3.0±0.0  td=1121.6±9.5  gap=+6.9%
13079.4s 353 
13079.4s 354 [RC203] DQN
13080.8s 355 run 1/7: nv=15 cost=4282.1 (1.5s)
13082.3s 356 run 2/7: nv=20 cost=4253.2 (1.5s)
13083.9s 357 run 3/7: nv=17 cost=4446.6 (1.6s)
13085.3s 358 run 4/7: nv=16 cost=4168.2 (1.4s)
13086.8s 359 run 5/7: nv=16 cost=4152.7 (1.5s)
13088.1s 360 run 6/7: nv=18 cost=4274.1 (1.4s)
13089.8s 361 run 7/7: nv=20 cost=4476.1 (1.6s)
13089.8s 362 → nv=17.4±1.8  td=4293.3±116.1  gap=+309.0%
13089.8s 363 
13089.8s 364 [RC203] RL-ALNS
13163.9s 365 run 1/7: nv=3 cost=1142.1 (74.1s)
13244.0s 366 run 2/7: nv=3 cost=1139.1 (80.1s)
13319.6s 367 run 3/7: nv=3 cost=1130.4 (75.6s)
13388.9s 368 run 4/7: nv=3 cost=1116.2 (69.4s)
13479.1s 369 run 5/7: nv=3 cost=1129.4 (90.2s)
13549.3s 370 run 6/7: nv=3 cost=1128.4 (70.2s)
13613.3s 371 run 7/7: nv=3 cost=1114.1 (64.0s)
13613.3s 372 → nv=3.0±0.0  td=1128.5±9.7  gap=+7.5%
13613.3s 373 
13613.3s 374 [RC204] ALNS
13654.3s 375 run 1/7: nv=3 cost=824.3 (41.0s)
13696.8s 376 run 2/7: nv=3 cost=850.9 (42.5s)
13737.0s 377 run 3/7: nv=3 cost=845.3 (40.2s)
13777.5s 378 run 4/7: nv=3 cost=843.1 (40.5s)
13818.3s 379 run 5/7: nv=3 cost=835.4 (40.9s)
13861.7s 380 run 6/7: nv=3 cost=860.1 (43.3s)
13902.3s 381 run 7/7: nv=3 cost=855.6 (40.6s)
13902.3s 382 → nv=3.0±0.0  td=845.0±11.3  gap=+5.8%
13902.3s 383 
13902.3s 384 [RC204] DQN
13903.7s 385 run 1/7: nv=11 cost=4031.4 (1.5s)
13905.1s 386 run 2/7: nv=12 cost=4184.5 (1.4s)
13906.8s 387 run 3/7: nv=17 cost=4484.2 (1.6s)
13908.2s 388 run 4/7: nv=11 cost=4079.8 (1.4s)
13909.8s 389 run 5/7: nv=13 cost=4386.7 (1.6s)
13911.2s 390 run 6/7: nv=13 cost=4171.1 (1.4s)
13912.9s 391 run 7/7: nv=20 cost=4533.6 (1.7s)
13912.9s 392 → nv=13.9±3.1  td=4267.3±184.8  gap=+434.4%
13912.9s 393 
13912.9s 394 [RC204] RL-ALNS
13977.6s 395 run 1/7: nv=3 cost=841.3 (64.7s)
14065.8s 396 run 2/7: nv=3 cost=833.9 (88.2s)
14153.3s 397 run 3/7: nv=3 cost=843.7 (87.6s)
14218.2s 398 run 4/7: nv=3 cost=853.4 (64.9s)
14285.6s 399 run 5/7: nv=3 cost=826.9 (67.3s)
14353.9s 400 run 6/7: nv=3 cost=832.6 (68.3s)
14417.6s 401 run 7/7: nv=3 cost=824.7 (63.6s)
14417.6s 402 → nv=3.0±0.0  td=836.6±9.4  gap=+4.8%
14417.6s 403 
14417.6s 404 [RC205] ALNS
14481.0s 405 run 1/7: nv=5 cost=1297.0 (63.5s)
14551.1s 406 run 2/7: nv=4 cost=1454.6 (70.1s)
14621.1s 407 run 3/7: nv=4 cost=1398.4 (70.0s)
14688.5s 408 run 4/7: nv=4 cost=1392.4 (67.4s)
14756.9s 409 run 5/7: nv=4 cost=1374.7 (68.5s)
14821.3s 410 run 6/7: nv=4 cost=1376.4 (64.4s)
14892.5s 411 run 7/7: nv=4 cost=1342.0 (71.2s)
14892.5s 412 → nv=4.1±0.3  td=1376.5±45.3  gap=+6.1%
14892.5s 413 
14892.5s 414 [RC205] DQN
14893.9s 415 run 1/7: nv=21 cost=4282.0 (1.5s)
14895.3s 416 run 2/7: nv=25 cost=4446.6 (1.4s)
14896.9s 417 run 3/7: nv=25 cost=4460.8 (1.6s)
14898.3s 418 run 4/7: nv=18 cost=4005.9 (1.4s)
14899.7s 419 run 5/7: nv=22 cost=4408.5 (1.5s)
14901.1s 420 run 6/7: nv=23 cost=4322.6 (1.4s)
14902.8s 421 run 7/7: nv=25 cost=4653.9 (1.6s)
14902.8s 422 → nv=22.7±2.4  td=4368.6±184.7  gap=+236.7%
14902.8s 423 
14902.8s 424 [RC205] RL-ALNS
14986.9s 425 run 1/7: nv=4 cost=1346.8 (84.1s)
15070.4s 426 run 2/7: nv=4 cost=1384.8 (83.5s)
15167.0s 427 run 3/7: nv=4 cost=1391.2 (96.7s)
15279.4s 428 run 4/7: nv=4 cost=1357.5 (112.3s)
15369.1s 429 run 5/7: nv=4 cost=1407.2 (89.7s)
15459.9s 430 run 6/7: nv=4 cost=1350.7 (90.8s)
15558.3s 431 run 7/7: nv=4 cost=1358.8 (98.5s)
15558.3s 432 → nv=4.0±0.0  td=1371.0±21.5  gap=+5.7%
15558.3s 433 
15558.3s 434 [RC206] ALNS
15623.2s 435 run 1/7: nv=4 cost=1092.7 (64.8s)
15688.3s 436 run 2/7: nv=4 cost=1108.7 (65.1s)
15754.2s 437 run 3/7: nv=4 cost=1132.0 (65.9s)
15836.0s 438 run 4/7: nv=3 cost=1179.9 (81.7s)
15906.2s 439 run 5/7: nv=4 cost=1123.5 (70.3s)
15969.3s 440 run 6/7: nv=4 cost=1103.3 (63.1s)
16040.6s 441 run 7/7: nv=3 cost=1239.1 (71.3s)
16040.6s 442 → nv=3.7±0.5  td=1139.9±48.3  gap=-0.6%
16040.6s 443 
16040.6s 444 [RC206] DQN
16042.0s 445 run 1/7: nv=14 cost=4115.5 (1.4s)
16043.5s 446 run 2/7: nv=21 cost=4404.7 (1.5s)
16045.0s 447 run 3/7: nv=16 cost=4308.6 (1.5s)
16046.3s 448 run 4/7: nv=14 cost=4000.3 (1.3s)
16047.8s 449 run 5/7: nv=26 cost=4497.1 (1.5s)
16049.2s 450 run 6/7: nv=16 cost=4377.6 (1.3s)
16050.8s 451 run 7/7: nv=22 cost=4523.1 (1.6s)
16050.8s 452 → nv=18.4±4.3  td=4318.1±180.1  gap=+276.7%
16050.8s 453 
16050.8s 454 [RC206] RL-ALNS
16204.1s 455 run 1/7: nv=4 cost=1112.7 (153.2s)
16345.3s 456 run 2/7: nv=4 cost=1130.7 (141.2s)
16469.8s 457 run 3/7: nv=4 cost=1130.3 (124.6s)
16610.7s 458 run 4/7: nv=3 cost=1254.6 (140.9s)
16814.6s 459 run 5/7: nv=3 cost=1217.5 (203.9s)
16933.7s 460 run 6/7: nv=3 cost=1183.4 (119.1s)
17051.2s 461 run 7/7: nv=3 cost=1264.4 (117.5s)
17051.2s 462 → nv=3.4±0.5  td=1184.8±57.8  gap=+3.4%
17051.2s 463 
17051.2s 464 [RC207] ALNS
17113.8s 465 run 1/7: nv=3 cost=1126.1 (62.6s)
17174.6s 466 run 2/7: nv=3 cost=1101.1 (60.8s)
17244.9s 467 run 3/7: nv=3 cost=1206.2 (70.3s)
17302.3s 468 run 4/7: nv=4 cost=1066.7 (57.4s)
17357.3s 469 run 5/7: nv=4 cost=1030.4 (55.0s)
17413.8s 470 run 6/7: nv=4 cost=1041.1 (56.5s)
17472.0s 471 run 7/7: nv=4 cost=1046.4 (58.3s)
17472.0s 472 → nv=3.6±0.5  td=1088.3±57.7  gap=+2.6%
17472.0s 473 
17472.0s 474 [RC207] DQN
17473.6s 475 run 1/7: nv=16 cost=4048.4 (1.6s)
17475.0s 476 run 2/7: nv=17 cost=4244.9 (1.4s)
17476.5s 477 run 3/7: nv=14 cost=4350.7 (1.5s)
17477.9s 478 run 4/7: nv=13 cost=4230.1 (1.3s)
17479.3s 479 run 5/7: nv=25 cost=4318.9 (1.4s)
17480.7s 480 run 6/7: nv=18 cost=4239.4 (1.4s)
17482.3s 481 run 7/7: nv=24 cost=4435.9 (1.6s)
17482.3s 482 → nv=18.1±4.3  td=4266.9±112.5  gap=+302.1%
17482.3s 483 
17482.3s 484 [RC207] RL-ALNS
17595.7s 485 run 1/7: nv=4 cost=1029.8 (113.4s)
17715.7s 486 run 2/7: nv=3 cost=1090.5 (119.9s)
17816.8s 487 run 3/7: nv=4 cost=1020.8 (101.1s)
17949.3s 488 run 4/7: nv=3 cost=1243.0 (132.5s)
18074.8s 489 run 5/7: nv=4 cost=1040.4 (125.5s)
18198.7s 490 run 6/7: nv=4 cost=1039.3 (123.9s)
18322.6s 491 run 7/7: nv=3 cost=1184.5 (123.9s)
18322.6s 492 → nv=3.6±0.5  td=1092.6±80.8  gap=+3.0%
18322.6s 493 
18322.6s 494 [RC208] ALNS
18385.3s 495 run 1/7: nv=3 cost=897.4 (62.6s)
18449.7s 496 run 2/7: nv=3 cost=835.0 (64.4s)
18514.3s 497 run 3/7: nv=3 cost=888.9 (64.7s)
18580.2s 498 run 4/7: nv=3 cost=898.3 (65.9s)
18648.3s 499 run 5/7: nv=3 cost=875.2 (68.0s)
18712.3s 500 run 6/7: nv=3 cost=886.7 (64.0s)
18777.5s 501 run 7/7: nv=3 cost=899.2 (65.2s)
18777.5s 502 → nv=3.0±0.0  td=883.0±21.1  gap=+6.6%
18777.5s 503 
18777.5s 504 [RC208] DQN
18778.9s 505 run 1/7: nv=17 cost=4358.6 (1.4s)
18780.3s 506 run 2/7: nv=9 cost=4202.0 (1.4s)
18781.8s 507 run 3/7: nv=12 cost=4227.9 (1.5s)
18783.3s 508 run 4/7: nv=12 cost=4403.4 (1.5s)
18784.7s 509 run 5/7: nv=10 cost=4330.5 (1.4s)
18786.1s 510 run 6/7: nv=11 cost=4260.0 (1.4s)
18787.7s 511 run 7/7: nv=16 cost=4463.0 (1.6s)
18787.7s 512 → nv=12.4±2.8  td=4320.8±88.7  gap=+421.7%
18787.7s 513 
18787.7s 514 [RC208] RL-ALNS
18881.4s 515 run 1/7: nv=3 cost=890.7 (93.6s)
18958.9s 516 run 2/7: nv=3 cost=879.1 (77.5s)
19048.4s 517 run 3/7: nv=3 cost=845.2 (89.6s)
19128.4s 518 run 4/7: nv=3 cost=925.7 (80.0s)
19214.9s 519 run 5/7: nv=3 cost=891.8 (86.6s)
19317.0s 520 run 6/7: nv=3 cost=911.5 (102.0s)
19436.3s 521 run 7/7: nv=3 cost=842.6 (119.5s)
19436.3s 522 → nv=3.0±0.0  td=883.8±28.9  gap=+6.7%
19436.3s 523 
19436.3s 524 ─────────────────────────────────────────────────────────────────────────────────
19436.3s 525 DS  Algorithm       NV   ±  vs BKS       TD     ±   Gap% CV_NV CV_TD   OT%   Time
19436.3s 526 ─────────────────────────────────────────────────────────────────────────────────
19436.3s 527 RC1 ALNS          12.7 0.3    +1.2   1400.3  18.0  +1.5%   2.4   1.3 100.0  86.0s
19436.3s 528 RC1 DQN           34.6 2.3   +23.1   4071.6 127.4+200.1%   6.8   3.1 100.0   1.4s
19436.3s 529 RC1 RL-ALNS       12.9 0.2    +1.4   1409.7  20.3  +2.2%   1.2   1.4 100.0  90.4s
19436.3s 530 ─────────────────────────────────────────────────────────────────────────────────
19436.3s 531 RC2 ALNS           3.5 0.2    +0.3   1143.2  28.4  +2.7%   4.3   2.5 100.0  62.9s
19436.3s 532 RC2 DQN           18.6 2.9   +15.3   4338.2 143.8+302.6%  16.5   3.3 100.0   1.5s
19436.3s 533 RC2 RL-ALNS        3.5 0.1    +0.2   1150.2  29.8  +3.2%   3.5   2.7 100.0 102.0s
19436.3s 534 ─────────────────────────────────────────────────────────────────────────────────
19436.3s 535 CV = Coefficient of Variation (std/mean × 100%) — lower is more consistent.
19436.3s 536 Negative Gap% with NV_diff>0: extra vehicle allows shorter total routes.
19436.4s 537 📚 Training transfer model...
19436.4s 538 Training on RC101...
19531.5s 539 nv=16, gap=+0.2%
19531.5s 540 Training on RC102...
19619.4s 541 nv=14, gap=-2.5%
19619.4s 542 Training on RC103...
19724.5s 543 nv=12, gap=+8.1%
19724.5s 544 Training on RC104...
19808.1s 545 nv=10, gap=+4.2%
19808.1s 546 Training on RC105...
19887.0s 547 nv=14, gap=+2.9%
19887.0s 548 Training on RC106...
20013.4s 549 nv=13, gap=-0.1%
20013.4s 550 Training on RC107...
20109.6s 551 nv=12, gap=+3.9%
20109.6s 552 Training on RC108...
20209.4s 553 nv=10, gap=+2.7%
20209.4s 554 
20209.4s 555 ✅ Transfer model saved → /kaggle/working/models/rl_alns_transfer.safetensors
20209.4s 556 Total: 8 combos × 7 runs
20209.4s 557 ============================================================
20209.4s 558 
20209.4s 559 [RC201] RL-ALNS★
20246.2s 560 run 1/7: nv=6 cost=1412.6 (36.7s)
20281.7s 561 run 2/7: nv=5 cost=1396.3 (35.6s)
20325.3s 562 run 3/7: nv=5 cost=1416.9 (43.6s)
20346.0s 563 run 4/7: nv=13 cost=1792.3 (20.7s)
20380.4s 564 run 5/7: nv=4 cost=1548.7 (34.4s)
20397.5s 565 run 6/7: nv=5 cost=1759.8 (17.1s)
20443.6s 566 run 7/7: nv=5 cost=1445.7 (46.1s)
20443.6s 567 → nv=6.1±2.8  td=1538.9±157.2  gap=+9.4%
20443.6s 568 
20443.6s 569 [RC202] RL-ALNS★
20486.7s 570 run 1/7: nv=4 cost=1239.3 (43.0s)
20519.4s 571 run 2/7: nv=4 cost=1283.8 (32.7s)
20551.8s 572 run 3/7: nv=4 cost=1356.6 (32.4s)
20597.2s 573 run 4/7: nv=4 cost=1318.6 (45.4s)
20633.7s 574 run 5/7: nv=4 cost=1278.0 (36.5s)
20644.7s 575 run 6/7: nv=4 cost=1588.7 (11.0s)
20685.9s 576 run 7/7: nv=4 cost=1569.7 (41.2s)
20685.9s 577 → nv=4.0±0.0  td=1376.4±132.7  gap=+0.8%
20685.9s 578 
20685.9s 579 [RC203] RL-ALNS★
20710.6s 580 run 1/7: nv=4 cost=1007.9 (24.8s)
20735.3s 581 run 2/7: nv=4 cost=1039.3 (24.7s)
20768.5s 582 run 3/7: nv=4 cost=1026.8 (33.1s)
20800.1s 583 run 4/7: nv=4 cost=1055.2 (31.7s)
20830.2s 584 run 5/7: nv=4 cost=1009.5 (30.1s)
20855.3s 585 run 6/7: nv=6 cost=955.3 (25.0s)
20870.1s 586 run 7/7: nv=10 cost=1143.4 (14.8s)
20870.1s 587 → nv=5.1±2.1  td=1033.9±53.4  gap=-1.5%
20870.1s 588 
20870.1s 589 [RC204] RL-ALNS★
20879.8s 590 run 1/7: nv=4 cost=934.3 (9.8s)
20902.5s 591 run 2/7: nv=3 cost=897.3 (22.7s)
20926.3s 592 run 3/7: nv=3 cost=879.9 (23.8s)
20952.4s 593 run 4/7: nv=3 cost=837.3 (26.0s)
20976.1s 594 run 5/7: nv=3 cost=887.7 (23.7s)
20984.8s 595 run 6/7: nv=3 cost=943.9 (8.7s)
21006.9s 596 run 7/7: nv=3 cost=874.4 (22.2s)
21006.9s 597 → nv=3.1±0.3  td=893.6±33.7  gap=+11.9%
21006.9s 598 
21006.9s 599 [RC205] RL-ALNS★
21037.1s 600 run 1/7: nv=5 cost=1316.9 (30.1s)
21070.8s 601 run 2/7: nv=6 cost=1380.6 (33.7s)
21104.3s 602 run 3/7: nv=5 cost=1307.2 (33.4s)
21137.7s 603 run 4/7: nv=5 cost=1290.4 (33.5s)
21169.6s 604 run 5/7: nv=4 cost=1461.9 (31.9s)
21207.8s 605 run 6/7: nv=4 cost=1442.9 (38.2s)
21239.5s 606 run 7/7: nv=5 cost=1415.3 (31.7s)
21239.5s 607 → nv=4.9±0.6  td=1373.6±64.3  gap=+5.9%
21239.5s 608 
21239.5s 609 [RC206] RL-ALNS★
21248.5s 610 run 1/7: nv=6 cost=1254.0 (9.0s)
21279.2s 611 run 2/7: nv=4 cost=1194.4 (30.7s)
21311.7s 612 run 3/7: nv=4 cost=1158.6 (32.5s)
21327.4s 613 run 4/7: nv=4 cost=1320.8 (15.7s)
21356.3s 614 run 5/7: nv=4 cost=1210.8 (28.9s)
21387.5s 615 run 6/7: nv=4 cost=1169.5 (31.1s)
21420.8s 616 run 7/7: nv=4 cost=1193.5 (33.3s)
21420.8s 617 → nv=4.3±0.7  td=1214.5±51.9  gap=+6.0%
21420.8s 618 
21420.8s 619 [RC207] RL-ALNS★
21448.7s 620 run 1/7: nv=4 cost=1144.7 (28.0s)
21483.0s 621 run 2/7: nv=4 cost=1116.7 (34.3s)
21513.0s 622 run 3/7: nv=4 cost=1057.6 (30.0s)
21541.1s 623 run 4/7: nv=4 cost=1067.6 (28.1s)
21567.8s 624 run 5/7: nv=4 cost=1082.7 (26.7s)
21594.0s 625 run 6/7: nv=4 cost=1070.8 (26.2s)
21625.4s 626 run 7/7: nv=4 cost=1076.6 (31.3s)
21625.4s 627 → nv=4.0±0.0  td=1088.1±28.9  gap=+2.5%
21625.4s 628 
21625.4s 629 [RC208] RL-ALNS★
21647.1s 630 run 1/7: nv=5 cost=860.3 (21.8s)
21657.6s 631 run 2/7: nv=3 cost=1023.4 (10.4s)
21688.2s 632 run 3/7: nv=3 cost=1026.5 (30.6s)
21715.7s 633 run 4/7: nv=3 cost=890.1 (27.5s)
21739.9s 634 run 5/7: nv=4 cost=821.8 (24.3s)
21770.5s 635 run 6/7: nv=3 cost=959.0 (30.5s)
21796.1s 636 run 7/7: nv=3 cost=949.3 (25.9s)
21796.1s 637 → nv=3.4±0.7  td=932.9±73.1  gap=+12.7%
21796.1s 638 
21796.1s 639 ─────────────────────────────────────────────────────────────────────────────────
21796.1s 640 DS  Algorithm       NV   ±  vs BKS       TD     ±   Gap% CV_NV CV_TD   OT%   Time
21796.1s 641 ─────────────────────────────────────────────────────────────────────────────────
21796.1s 642 RC2 ALNS           3.5 0.2    +0.3   1143.2  28.4  +2.7%   4.3   2.5 100.0  62.9s
21796.1s 643 RC2 DQN           18.6 2.9   +15.3   4338.2 143.8+302.6%  16.5   3.3 100.0   1.5s
21796.1s 644 RC2 RL-ALNS        3.5 0.1    +0.2   1150.2  29.8  +3.2%   3.5   2.7 100.0 102.0s
21796.1s 645 RC2 RL-ALNS★       4.4 0.9    +1.1   1181.5  74.4  +6.0%  18.6   6.0 100.0  28.3s
21796.1s 646 ─────────────────────────────────────────────────────────────────────────────────
21796.1s 647 CV = Coefficient of Variation (std/mean × 100%) — lower is more consistent.
21796.1s 648 Negative Gap% with NV_diff>0: extra vehicle allows shorter total routes.
21796.4s 649 ============================================================
21796.4s 650 FULL RESULTS TABLE
21796.4s 651 
21796.4s 652 ─────────────────────────────────────────────────────────────────────────────────
21796.4s 653 DS  Algorithm       NV   ±  vs BKS       TD     ±   Gap% CV_NV CV_TD   OT%   Time
21796.4s 654 ─────────────────────────────────────────────────────────────────────────────────
21796.4s 655 RC1 ALNS          12.7 0.3    +1.2   1400.3  18.0  +1.5%   2.4   1.3 100.0  86.0s
21796.4s 656 RC1 DQN           34.6 2.3   +23.1   4071.6 127.4+200.1%   6.8   3.1 100.0   1.4s
21796.4s 657 RC1 RL-ALNS       12.9 0.2    +1.4   1409.7  20.3  +2.2%   1.2   1.4 100.0  90.4s
21796.4s 658 ─────────────────────────────────────────────────────────────────────────────────
21796.4s 659 RC2 ALNS           3.5 0.2    +0.3   1143.2  28.4  +2.7%   4.3   2.5 100.0  62.9s
21796.4s 660 RC2 DQN           18.6 2.9   +15.3   4338.2 143.8+302.6%  16.5   3.3 100.0   1.5s
21796.4s 661 RC2 RL-ALNS        3.5 0.1    +0.2   1150.2  29.8  +3.2%   3.5   2.7 100.0 102.0s
21796.4s 662 RC2 RL-ALNS★       4.4 0.9    +1.1   1181.5  74.4  +6.0%  18.6   6.0 100.0  28.3s
21796.4s 663 ─────────────────────────────────────────────────────────────────────────────────
21796.4s 664 CV = Coefficient of Variation (std/mean × 100%) — lower is more consistent.
21796.4s 665 Negative Gap% with NV_diff>0: extra vehicle allows shorter total routes.
21796.4s 666 
21796.4s 667 ============================================================
21796.4s 668 STATISTICAL TESTS
21796.4s 669 
21796.4s 670 ── Statistical Significance (Wilcoxon signed-rank, two-sided) ──
21796.4s 671 Comparison                  DatasetMetric    W-stat  p-value  Sig      Better
21796.4s 672 ──────────────────────────────────────────────────────────────────────
21796.4s 673 RL-ALNS vs ALNS      RC1   Gap%         7.0   0.1484    —        ALNS
21796.4s 674 RL-ALNS vs ALNS      RC1   NV_mean      0.0   0.0312    ✅        ALNS
21796.4s 675 RL-ALNS vs ALNS      RC2   Gap%        11.0   0.3828    —        ALNS
21796.4s 676 RL-ALNS vs ALNS      RC2   NV_mean      0.0   0.5000    —     RL-ALNS
21796.4s 677 RL-ALNS★ vs ALNS      RC2   Gap%        10.0   0.3125    —        ALNS
21796.4s 678 RL-ALNS★ vs ALNS      RC2   NV_mean      0.0   0.0156    ✅        ALNS
21796.4s 679 ──────────────────────────────────────────────────────────────────────
21796.4s 680 ✅ = p < 0.05 (statistically significant difference)
21796.4s 681 
21796.4s 682 ============================================================
21796.4s 683 DASHBOARD
21798.1s 684 
21798.1s 685 ============================================================
21798.1s 686 TRANSFER: RL-ALNS★ vs ALNS on RC2
21798.2s 687 
21798.2s 688 ── RC1 per-instance detail ──
21798.2s 689 Gap%                 NV_cv               NV_mean                 TD_mean
21798.2s 690 Algorithm  ALNS     DQN RL-ALNS  ALNS   DQN RL-ALNS    ALNS    DQN RL-ALNS     ALNS      DQN  RL-ALNS
21798.2s 691 Instance
21798.2s 692 RC101     -0.60  148.55    0.72  3.21  8.78    2.21   15.43  43.43   15.86  1686.74  4217.71  1709.12
21798.2s 693 RC102     -2.31  169.82   -1.55  2.53  5.32    0.00   13.86  37.43   14.00  1518.80  4195.01  1530.63
21798.2s 694 RC103      5.99  228.11    6.96  2.95  5.34    0.00   11.86  34.29   12.00  1337.21  4139.63  1349.45
21798.2s 695 RC104      4.83  260.41    3.25  3.45  9.54    4.39   10.14  29.57   10.29  1190.31  4092.37  1172.37
21798.2s 696 RC105     -1.77  155.98   -1.37  3.40  5.70    3.07   14.57  39.14   14.71  1600.58  4171.00  1607.20
21798.2s 697 RC106     -0.44  173.56   -0.25  0.00  6.56    0.00   13.00  34.29   13.00  1418.51  3897.48  1421.11
21798.2s 698 RC107      4.88  221.76    5.88  0.00  6.33    0.00   12.00  31.29   12.00  1290.50  3959.14  1302.82
21798.2s 699 RC108      1.75  242.20    3.96  3.22  6.60    0.00   10.86  27.71   11.00  1159.82  3900.46  1184.90
21798.2s 700 
21798.2s 701 ── RC2 per-instance detail ──
21798.2s 702 Gap%                           NV_cv                         NV_mean                          TD_mean
21798.2s 703 Algorithm   ALNS     DQN RL-ALNS RL-ALNS★   ALNS    DQN RL-ALNS RL-ALNS★    ALNS    DQN RL-ALNS RL-ALNS★     ALNS      DQN  RL-ALNS RL-ALNS★
21798.2s 704 Instance
21798.2s 705 RC201       5.01  215.28    5.35     9.38   0.00  11.14    0.00    46.40    4.00  24.00    4.00     6.14  1477.38  4435.77  1482.23  1538.89
21798.2s 706 RC202     -11.11  224.74  -10.53     0.79   0.00   7.42    0.00     0.00    4.00  21.43    4.00     4.00  1213.88  4434.76  1221.82  1376.40
21798.2s 707 RC203       6.86  309.03    7.52    -1.50   0.00  10.56    0.00    40.82    3.00  17.43    3.00     5.14  1121.64  4293.27  1128.52  1033.91
21798.2s 708 RC204       5.82  434.44    4.78    11.91   0.00  22.63    0.00    11.13    3.00  13.86    3.00     3.14   844.96  4267.32   836.63   893.55
21798.2s 709 RC205       6.08  236.66    5.65     5.85   8.45  10.71    0.00    13.15    4.14  22.71    4.00     4.86  1376.52  4368.62  1370.99  1373.61
21798.2s 710 RC206      -0.56  276.69    3.36     5.95  12.16  23.18   14.43    16.33    3.71  18.43    3.43     4.29  1139.86  4318.13  1184.80  1214.53
21798.2s 711 RC207       2.56  302.11    2.97     2.54  13.86  23.83   13.86     0.00    3.57  18.14    3.57     4.00  1088.29  4266.90  1092.61  1088.10
21798.2s 712 RC208       6.62  421.74    6.72    12.65   0.00  22.29    0.00    21.25    3.00  12.43    3.00     3.43   882.96  4320.78   883.80   932.92
21978.6s 713 Exporting NEXUS demo for RC101...
22061.2s 714 ALNS      : nv=15, td=1739.5, gap=+2.5%
22148.7s 715 RL-ALNS   : nv=15, td=1727.4, gap=+1.8%
22234.4s 716 
22234.4s 717 ✅ nexus_demo.json → /kaggle/working/nexus_demo.json  (39.4 KB)
22234.4s 718 ✅ benchmark.csv ready in output (3 KB)
22234.4s 719 Total export time: 256.1s
22234.4s 720 Drop nexus_demo.json + benchmark.csv + benchmark_transfer.csv into nexus_v2.html
22239.6s 721 /usr/local/lib/python3.12/dist-packages/mistune.py:435: SyntaxWarning: invalid escape sequence '\|'
22239.6s 722 cells[i][c] = re.sub('\\\\\|', '|', cell)
22239.7s 723 /usr/local/lib/python3.12/dist-packages/nbconvert/filters/filter_links.py:36: SyntaxWarning: invalid escape sequence '\_'
22239.7s 724 text = re.sub(r'_', '\_', text) # Escape underscores in display text
22240.3s 725 [NbConvertApp] Converting notebook __notebook__.ipynb to notebook
22240.6s 726 [NbConvertApp] Writing 136691 bytes to __notebook__.ipynb
22243.0s 727 [NbConvertApp] Converting notebook __notebook__.ipynb to html
22244.1s 728 [NbConvertApp] Writing 730895 bytes to __results__.html