7.4s 1 0.00s - Debugger warning: It seems that frozen modules are being used, which may
7.4s 2 0.00s - make the debugger miss breakpoints. Please pass -Xfrozen_modules=off
7.4s 3 0.00s - to python to disable frozen modules.
7.4s 4 0.00s - Note: Debugging will proceed. Set PYDEVD_DISABLE_FILE_VALIDATION=1 to disable this validation.
8.0s 5 0.00s - Debugger warning: It seems that frozen modules are being used, which may
8.0s 6 0.00s - make the debugger miss breakpoints. Please pass -Xfrozen_modules=off
8.0s 7 0.00s - to python to disable frozen modules.
8.0s 8 0.00s - Note: Debugging will proceed. Set PYDEVD_DISABLE_FILE_VALIDATION=1 to disable this validation.
17.3s 9 ✅ Device : cuda
17.4s 10 ✅ Config ready — v9.7 (iter=3000, n_runs=8, patience=600, modes=5, MILP_OK=True)
19.2s 11 ✅ Data & Solution model ready.
19.3s 12 ✅ Operators: 6D × 4R = 24 combos
19.3s 13 ✅ Helpers ready.
19.4s 14 ✅ RoutePool + LocalSearch ready.
19.4s 15 ✅ QNet ready.
19.4s 16 ✅ ALNS ready.
19.4s 17 ✅ DQN solver ready.
19.5s 18 ✅ PlateauHybridSolver (DDQN-ALNS) v9.7 ready.
19.5s 19 ✅ Benchmark runner ready.
19.5s 20 ✅ Transfer learning pipeline ready.
19.6s 21 ✅ Stats & table utilities ready.
19.6s 22 ✅ Visualisation ready.
19.6s 23 Smoke test — RC101
19.6s 24 
36.9s 25 ALNS               nv= 16  cost=  1683.8  BKS TD -0.8% NV +2  (17.1s)
69.0s 26 DDQN-ALNS          nv= 15  cost=  1712.4  BKS TD +0.9% NV +1  (32.1s)
69.0s 27 
69.0s 28 ✓ Smoke test passed — v9.7
111.0s 29 ✅ Convergence plot → /kaggle/working/convergence_RC101.png
111.2s 30 Total: 32 combos × 4 runs
111.2s 31 ============================================================
111.2s 32 
111.2s 33 [RC101] ALNS
198.7s 34 run 1/4: nv=15 cost=1702.9 (87.5s) | wall 0.02h
282.8s 35 run 2/4: nv=16 cost=1682.0 (84.1s) | wall 0.05h
352.6s 36 run 3/4: nv=15 cost=1720.7 (69.8s) | wall 0.07h
433.5s 37 run 4/4: nv=15 cost=1730.8 (80.8s) | wall 0.09h
433.5s 38 → nv=15.2±0.4  td=1709.1±18.6  gap=+0.7%
433.5s 39 
433.5s 40 [RC101] DDQN-ALNS
521.1s 41 run 1/4: nv=15 cost=1642.9 (87.7s) | wall 0.11h
612.5s 42 run 2/4: nv=15 cost=1722.8 (91.4s) | wall 0.14h
687.0s 43 run 3/4: nv=15 cost=1702.2 (74.5s) | wall 0.16h
769.6s 44 run 4/4: nv=15 cost=1666.2 (82.5s) | wall 0.18h
769.6s 45 → nv=15.0±0.0  td=1683.5±31.0  gap=-0.8%
769.6s 46 
769.6s 47 [RC102] ALNS
861.5s 48 run 1/4: nv=14 cost=1505.4 (91.9s) | wall 0.21h
952.8s 49 run 2/4: nv=14 cost=1511.2 (91.3s) | wall 0.23h
1034.1s 50 run 3/4: nv=14 cost=1512.1 (81.2s) | wall 0.26h
1123.8s 51 run 4/4: nv=13 cost=1511.4 (89.8s) | wall 0.28h
1123.8s 52 → nv=13.8±0.4  td=1510.0±2.7  gap=-2.9%
1123.8s 53 
1123.8s 54 [RC102] DDQN-ALNS
1209.0s 55 run 1/4: nv=14 cost=1480.7 (85.2s) | wall 0.30h
1310.4s 56 run 2/4: nv=14 cost=1480.4 (101.4s) | wall 0.33h
1412.1s 57 run 3/4: nv=14 cost=1503.5 (101.7s) | wall 0.36h
1499.1s 58 run 4/4: nv=14 cost=1496.0 (87.0s) | wall 0.39h
1499.1s 59 → nv=14.0±0.0  td=1490.1±9.9  gap=-4.2%
1499.1s 60 
1499.1s 61 [RC103] ALNS
1590.4s 62 run 1/4: nv=12 cost=1329.4 (91.3s) | wall 0.41h
1667.4s 63 run 2/4: nv=12 cost=1352.2 (77.0s) | wall 0.43h
1761.2s 64 run 3/4: nv=12 cost=1357.2 (93.8s) | wall 0.46h
1868.0s 65 run 4/4: nv=12 cost=1344.4 (106.8s) | wall 0.49h
1868.0s 66 → nv=12.0±0.0  td=1345.8±10.5  gap=+6.7%
1868.0s 67 
1868.0s 68 [RC103] DDQN-ALNS
1952.1s 69 run 1/4: nv=12 cost=1303.3 (84.1s) | wall 0.51h
2029.4s 70 run 2/4: nv=11 cost=1323.2 (77.3s) | wall 0.53h
2113.2s 71 run 3/4: nv=11 cost=1328.0 (83.8s) | wall 0.56h
2203.5s 72 run 4/4: nv=12 cost=1301.9 (90.3s) | wall 0.58h
2203.5s 73 → nv=11.5±0.5  td=1314.1±11.6  gap=+4.2%
2203.5s 74 
2203.5s 75 [RC104] ALNS
2292.3s 76 run 1/4: nv=10 cost=1175.9 (88.8s) | wall 0.61h
2372.5s 77 run 2/4: nv=10 cost=1191.0 (80.2s) | wall 0.63h
2475.8s 78 run 3/4: nv=10 cost=1160.8 (103.3s) | wall 0.66h
2563.7s 79 run 4/4: nv=10 cost=1153.2 (87.9s) | wall 0.68h
2563.7s 80 → nv=10.0±0.0  td=1170.2±14.5  gap=+3.1%
2563.7s 81 
2563.7s 82 [RC104] DDQN-ALNS
2633.4s 83 run 1/4: nv=10 cost=1152.0 (69.7s) | wall 0.70h
2715.8s 84 run 2/4: nv=10 cost=1147.1 (82.4s) | wall 0.72h
2802.2s 85 run 3/4: nv=10 cost=1145.9 (86.4s) | wall 0.75h
2886.2s 86 run 4/4: nv=10 cost=1147.5 (84.1s) | wall 0.77h
2886.2s 87 → nv=10.0±0.0  td=1148.2±2.3  gap=+1.1%
2886.2s 88 
2886.2s 89 💾 Checkpoint saved (4/16 instances, 0.77h elapsed) → /kaggle/working/benchmark_checkpoint.csv
2886.2s 90 
2886.2s 91 [RC105] ALNS
2975.5s 92 run 1/4: nv=15 cost=1583.4 (89.2s) | wall 0.80h
3087.8s 93 run 2/4: nv=15 cost=1583.4 (112.4s) | wall 0.83h
3173.0s 94 run 3/4: nv=14 cost=1601.8 (85.2s) | wall 0.85h
3284.5s 95 run 4/4: nv=14 cost=1606.4 (111.5s) | wall 0.88h
3284.5s 96 → nv=14.5±0.5  td=1593.8±10.5  gap=-2.2%
3284.5s 97 
3284.5s 98 [RC105] DDQN-ALNS
3363.6s 99 run 1/4: nv=14 cost=1570.3 (79.2s) | wall 0.90h
3444.9s 100 run 2/4: nv=14 cost=1552.1 (81.3s) | wall 0.93h
3520.8s 101 run 3/4: nv=14 cost=1554.5 (75.9s) | wall 0.95h
3604.5s 102 run 4/4: nv=14 cost=1570.5 (83.7s) | wall 0.97h
3604.5s 103 → nv=14.0±0.0  td=1561.8±8.6  gap=-4.2%
3604.5s 104 
3604.5s 105 [RC106] ALNS
3710.5s 106 run 1/4: nv=13 cost=1417.7 (106.0s) | wall 1.00h
3839.7s 107 run 2/4: nv=12 cost=1431.5 (129.2s) | wall 1.04h
3956.3s 108 run 3/4: nv=13 cost=1429.6 (116.6s) | wall 1.07h
4083.6s 109 run 4/4: nv=13 cost=1403.6 (127.4s) | wall 1.10h
4083.6s 110 → nv=12.8±0.4  td=1420.6±11.2  gap=-0.3%
4083.6s 111 
4083.6s 112 [RC106] DDQN-ALNS
4168.7s 113 run 1/4: nv=13 cost=1430.3 (85.0s) | wall 1.13h
4255.9s 114 run 2/4: nv=13 cost=1410.9 (87.2s) | wall 1.15h
4343.0s 115 run 3/4: nv=12 cost=1443.5 (87.1s) | wall 1.18h
4429.3s 116 run 4/4: nv=12 cost=1422.5 (86.3s) | wall 1.20h
4429.3s 117 → nv=12.5±0.5  td=1426.8±11.8  gap=+0.1%
4429.3s 118 
4429.3s 119 [RC107] ALNS
4545.9s 120 run 1/4: nv=12 cost=1264.4 (116.6s) | wall 1.23h
4653.4s 121 run 2/4: nv=12 cost=1280.5 (107.4s) | wall 1.26h
4762.1s 122 run 3/4: nv=11 cost=1282.2 (108.6s) | wall 1.29h
4892.0s 123 run 4/4: nv=12 cost=1294.9 (130.0s) | wall 1.33h
4892.0s 124 → nv=11.8±0.4  td=1280.5±10.8  gap=+4.1%
4892.0s 125 
4892.0s 126 [RC107] DDQN-ALNS
4975.8s 127 run 1/4: nv=11 cost=1270.6 (83.8s) | wall 1.35h
5057.3s 128 run 2/4: nv=12 cost=1275.6 (81.5s) | wall 1.37h
5151.7s 129 run 3/4: nv=11 cost=1261.4 (94.4s) | wall 1.40h
5236.2s 130 run 4/4: nv=12 cost=1271.7 (84.5s) | wall 1.42h
5236.2s 131 → nv=11.5±0.5  td=1269.8±5.2  gap=+3.2%
5236.2s 132 
5236.2s 133 [RC108] ALNS
5374.2s 134 run 1/4: nv=11 cost=1164.3 (138.0s) | wall 1.46h
5500.1s 135 run 2/4: nv=11 cost=1165.7 (125.8s) | wall 1.50h
5630.2s 136 run 3/4: nv=11 cost=1159.7 (130.1s) | wall 1.53h
5763.6s 137 run 4/4: nv=10 cost=1167.4 (133.5s) | wall 1.57h
5763.6s 138 → nv=10.8±0.4  td=1164.3±2.9  gap=+2.1%
5763.6s 139 
5763.6s 140 [RC108] DDQN-ALNS
5860.7s 141 run 1/4: nv=11 cost=1131.1 (97.0s) | wall 1.60h
5956.2s 142 run 2/4: nv=11 cost=1149.1 (95.6s) | wall 1.62h
6052.4s 143 run 3/4: nv=11 cost=1147.7 (96.2s) | wall 1.65h
6151.3s 144 run 4/4: nv=11 cost=1142.9 (98.9s) | wall 1.68h
6151.3s 145 → nv=11.0±0.0  td=1142.7±7.1  gap=+0.2%
6151.3s 146 
6151.3s 147 💾 Checkpoint saved (8/16 instances, 1.68h elapsed) → /kaggle/working/benchmark_checkpoint.csv
6151.3s 148 
6151.3s 149 [RC201] ALNS
6254.6s 150 run 1/4: nv=4 cost=1518.7 (103.2s) | wall 1.71h
6352.7s 151 run 2/4: nv=4 cost=1477.8 (98.1s) | wall 1.73h
6453.0s 152 run 3/4: nv=4 cost=1459.4 (100.3s) | wall 1.76h
6559.4s 153 run 4/4: nv=4 cost=1521.8 (106.4s) | wall 1.79h
6559.4s 154 → nv=4.0±0.0  td=1494.4±26.7  gap=+6.2%
6559.4s 155 
6559.4s 156 [RC201] DDQN-ALNS
6642.3s 157 run 1/4: nv=4 cost=1478.7 (82.9s) | wall 1.81h
6724.1s 158 run 2/4: nv=4 cost=1490.6 (81.8s) | wall 1.84h
6828.4s 159 run 3/4: nv=4 cost=1452.5 (104.4s) | wall 1.87h
6943.2s 160 run 4/4: nv=4 cost=1494.7 (114.7s) | wall 1.90h
6943.2s 161 → nv=4.0±0.0  td=1479.1±16.5  gap=+5.1%
6943.2s 162 
6943.2s 163 [RC202] ALNS
7045.3s 164 run 1/4: nv=4 cost=1240.3 (102.1s) | wall 1.93h
7142.4s 165 run 2/4: nv=4 cost=1216.3 (97.1s) | wall 1.95h
7236.5s 166 run 3/4: nv=4 cost=1193.3 (94.1s) | wall 1.98h
7328.4s 167 run 4/4: nv=4 cost=1213.6 (91.9s) | wall 2.00h
7328.4s 168 → nv=4.0±0.0  td=1215.9±16.7  gap=-11.0%
7328.4s 169 
7328.4s 170 [RC202] DDQN-ALNS
7415.8s 171 run 1/4: nv=4 cost=1271.0 (87.3s) | wall 2.03h
7495.1s 172 run 2/4: nv=4 cost=1178.1 (79.3s) | wall 2.05h
7587.5s 173 run 3/4: nv=4 cost=1235.7 (92.5s) | wall 2.08h
7676.8s 174 run 4/4: nv=4 cost=1224.2 (89.3s) | wall 2.10h
7676.8s 175 → nv=4.0±0.0  td=1227.2±33.2  gap=-10.1%
7676.8s 176 
7676.8s 177 [RC203] ALNS
7754.1s 178 run 1/4: nv=3 cost=1106.0 (77.2s) | wall 2.12h
7833.4s 179 run 2/4: nv=3 cost=1106.0 (79.4s) | wall 2.15h
7909.1s 180 run 3/4: nv=3 cost=1101.0 (75.7s) | wall 2.17h
7987.0s 181 run 4/4: nv=3 cost=1110.3 (77.9s) | wall 2.19h
7987.0s 182 → nv=3.0±0.0  td=1105.8±3.3  gap=+5.3%
7987.0s 183 
7987.0s 184 [RC203] DDQN-ALNS
8058.7s 185 run 1/4: nv=3 cost=1145.2 (71.8s) | wall 2.21h
8133.5s 186 run 2/4: nv=3 cost=1080.7 (74.8s) | wall 2.23h
8201.6s 187 run 3/4: nv=4 cost=982.0 (68.0s) | wall 2.25h
8290.1s 188 run 4/4: nv=3 cost=1146.4 (88.5s) | wall 2.27h
8290.1s 189 → nv=3.2±0.4  td=1088.6±67.0  gap=+3.7%
8290.1s 190 
8290.1s 191 [RC204] ALNS
8355.2s 192 run 1/4: nv=3 cost=805.2 (65.1s) | wall 2.29h
8417.1s 193 run 2/4: nv=3 cost=845.5 (61.9s) | wall 2.31h
8479.3s 194 run 3/4: nv=3 cost=823.8 (62.2s) | wall 2.32h
8540.6s 195 run 4/4: nv=3 cost=839.2 (61.3s) | wall 2.34h
8540.6s 196 → nv=3.0±0.0  td=828.4±15.5  gap=+3.8%
8540.6s 197 
8540.6s 198 [RC204] DDQN-ALNS
8608.3s 199 run 1/4: nv=3 cost=822.5 (67.7s) | wall 2.36h
8667.6s 200 run 2/4: nv=3 cost=832.8 (59.3s) | wall 2.38h
8732.9s 201 run 3/4: nv=3 cost=836.4 (65.3s) | wall 2.39h
8785.4s 202 run 4/4: nv=3 cost=800.2 (52.5s) | wall 2.41h
8785.4s 203 → nv=3.0±0.0  td=823.0±14.1  gap=+3.1%
8785.4s 204 
8785.4s 205 💾 Checkpoint saved (12/16 instances, 2.41h elapsed) → /kaggle/working/benchmark_checkpoint.csv
8785.4s 206 
8785.4s 207 [RC205] ALNS
8876.7s 208 run 1/4: nv=4 cost=1346.6 (91.3s) | wall 2.43h
8971.6s 209 run 2/4: nv=4 cost=1312.1 (94.9s) | wall 2.46h
9054.8s 210 run 3/4: nv=4 cost=1363.2 (83.1s) | wall 2.48h
9148.4s 211 run 4/4: nv=4 cost=1334.3 (93.7s) | wall 2.51h
9148.4s 212 → nv=4.0±0.0  td=1339.0±18.6  gap=+3.2%
9148.4s 213 
9148.4s 214 [RC205] DDQN-ALNS
9233.3s 215 run 1/4: nv=4 cost=1353.0 (84.8s) | wall 2.53h
9326.8s 216 run 2/4: nv=4 cost=1346.6 (93.5s) | wall 2.56h
9410.5s 217 run 3/4: nv=4 cost=1374.7 (83.7s) | wall 2.58h
9505.7s 218 run 4/4: nv=4 cost=1337.7 (95.2s) | wall 2.61h
9505.7s 219 → nv=4.0±0.0  td=1353.0±13.7  gap=+4.3%
9505.7s 220 
9505.7s 221 [RC206] ALNS
9606.5s 222 run 1/4: nv=3 cost=1184.9 (100.7s) | wall 2.64h
9697.3s 223 run 2/4: nv=4 cost=1113.6 (90.8s) | wall 2.66h
9798.2s 224 run 3/4: nv=3 cost=1160.3 (100.9s) | wall 2.69h
9891.5s 225 run 4/4: nv=4 cost=1145.8 (93.3s) | wall 2.72h
9891.5s 226 → nv=3.5±0.5  td=1151.2±25.8  gap=+0.4%
9891.5s 227 
9891.5s 228 [RC206] DDQN-ALNS
9979.8s 229 run 1/4: nv=4 cost=1147.4 (88.3s) | wall 2.74h
10060.3s 230 run 2/4: nv=4 cost=1088.5 (80.5s) | wall 2.76h
10149.7s 231 run 3/4: nv=4 cost=1086.6 (89.3s) | wall 2.79h
10235.7s 232 run 4/4: nv=3 cost=1186.9 (86.0s) | wall 2.81h
10235.7s 233 → nv=3.8±0.4  td=1127.3±42.2  gap=-1.7%
10235.7s 234 
10235.7s 235 [RC207] ALNS
10315.6s 236 run 1/4: nv=3 cost=1085.2 (80.0s) | wall 2.83h
10399.3s 237 run 2/4: nv=4 cost=1028.7 (83.7s) | wall 2.86h
10480.8s 238 run 3/4: nv=4 cost=1051.4 (81.5s) | wall 2.88h
10565.4s 239 run 4/4: nv=3 cost=1095.4 (84.6s) | wall 2.90h
10565.4s 240 → nv=3.5±0.5  td=1065.2±26.6  gap=+0.4%
10565.4s 241 
10565.4s 242 [RC207] DDQN-ALNS
10646.0s 243 run 1/4: nv=3 cost=1180.5 (80.6s) | wall 2.93h
10727.9s 244 run 2/4: nv=4 cost=1022.8 (81.9s) | wall 2.95h
10812.6s 245 run 3/4: nv=4 cost=1046.7 (84.7s) | wall 2.97h
10883.4s 246 run 4/4: nv=3 cost=1109.0 (70.9s) | wall 2.99h
10883.4s 247 → nv=3.5±0.5  td=1089.7±61.1  gap=+2.7%
10883.4s 248 
10883.4s 249 [RC208] ALNS
10982.8s 250 run 1/4: nv=3 cost=872.5 (99.4s) | wall 3.02h
11075.5s 251 run 2/4: nv=3 cost=880.9 (92.7s) | wall 3.05h
11175.6s 252 run 3/4: nv=3 cost=850.8 (100.1s) | wall 3.07h
11277.6s 253 run 4/4: nv=3 cost=839.2 (102.0s) | wall 3.10h
11277.6s 254 → nv=3.0±0.0  td=860.8±16.6  gap=+4.0%
11277.6s 255 
11277.6s 256 [RC208] DDQN-ALNS
11378.6s 257 run 1/4: nv=3 cost=860.0 (101.0s) | wall 3.13h
11463.3s 258 run 2/4: nv=3 cost=905.7 (84.7s) | wall 3.15h
11573.3s 259 run 3/4: nv=3 cost=876.6 (110.0s) | wall 3.18h
11669.4s 260 run 4/4: nv=3 cost=883.8 (96.1s) | wall 3.21h
11669.4s 261 → nv=3.0±0.0  td=881.5±16.4  gap=+6.5%
11669.4s 262 
11669.4s 263 💾 Checkpoint saved (16/16 instances, 3.21h elapsed) → /kaggle/working/benchmark_checkpoint.csv
11669.4s 264 
11669.4s 265 ✅ Benchmark complete in 3.21h → /kaggle/working/benchmark_clean.csv
11669.4s 266 
11669.4s 267 --------------------------------------------------------------------------------------
11669.4s 268 DS  Algorithm             NV   +/-   vsBKS        TD     +/-    Gap%    OT%    Time
11669.4s 269 --------------------------------------------------------------------------------------
11669.4s 270 RC1 ALNS               12.59  0.33   +1.09   1399.29   10.20  +1.41%  100.0  102.3s
11669.4s 271 RC1 DDQN-ALNS          12.44  0.19   +0.94   1379.62   10.95  -0.03%  100.0   86.5s
11669.4s 272 RC2 ALNS                3.50  0.12   +0.25   1132.60   18.73  +1.54%  100.0   88.3s
11669.4s 273 RC2 DDQN-ALNS           3.56  0.17   +0.31   1133.69   33.02  +1.69%  100.0   84.1s
11669.4s 274 --------------------------------------------------------------------------------------
11669.4s 275 
11669.4s 276 ───────────────────────────────────────────────────────────────────────────────────
11669.4s 277 DS  Algorithm         NV   ±   vsBKS       TD     ±   Gap% CV_NV CV_TD   OT%   Time
11669.4s 278 ───────────────────────────────────────────────────────────────────────────────────
11669.4s 279 RC1 ALNS            12.6 0.3    +1.1   1399.3  10.2  +1.4%   2.6   0.7 100.0 102.3s
11669.4s 280 RC1 DDQN-ALNS       12.4 0.2    +0.9   1379.6  10.9  -0.0%   1.6   0.8 100.0  86.5s
11669.4s 281 ───────────────────────────────────────────────────────────────────────────────────
11669.4s 282 RC2 ALNS             3.5 0.1    +0.2   1132.6  18.7  +1.5%   3.6   1.7 100.0  88.3s
11669.4s 283 RC2 DDQN-ALNS        3.6 0.2    +0.3   1133.7  33.0  +1.7%   4.9   3.0 100.0  84.1s
11669.4s 284 ───────────────────────────────────────────────────────────────────────────────────
11669.4s 285 CV = std/mean×100%. Negative Gap%: solution beats BKS distance.
11669.4s 286 
11669.4s 287 ── Wilcoxon signed-rank — per-instance-mean (n=instances) ──
11669.4s 288 Comparison                  DS   Metric        W        p  Sig      Better
11669.4s 289 ──────────────────────────────────────────────────────────────────────
11669.4s 290 DDQN-ALNS vs ALNS      RC1  Gap%        1.0   0.0156    ✅   DDQN-ALNS
11669.4s 291 DDQN-ALNS vs ALNS      RC1  NV_mean     6.0   0.2500    —   DDQN-ALNS
11669.4s 292 DDQN-ALNS vs ALNS      RC2  Gap%       16.0   0.8438    —        ALNS
11669.4s 293 DDQN-ALNS vs ALNS      RC2  NV_mean     0.0   0.5000    —        ALNS
11669.4s 294 ──────────────────────────────────────────────────────────────────────
11669.4s 295 ✅ = p < 0.05
11669.4s 296 
11669.4s 297 ── Wilcoxon signed-rank — per-run paired (n=instances×n_runs) ──
11669.4s 298 Comparison                  DS       n        W        p  Sig  Effect%      Better
11669.4s 299 ──────────────────────────────────────────────────────────────────────────────
11669.4s 300 DDQN-ALNS vs ALNS      RC1     32     57.0   0.0000    ✅  +1.425%   DDQN-ALNS
11669.4s 301 DDQN-ALNS vs ALNS      RC2     32    234.0   0.5860    —  -0.096%        ALNS
11669.4s 302 ──────────────────────────────────────────────────────────────────────────────
11669.4s 303 Effect% = mean cost improvement of "Better" over other.
11669.4s 304 ✅ = p < 0.05  |  per-run n = 16 instances × 4 runs = 64 pairs/family
11670.4s 305 ✅ dashboard.png saved → /kaggle/working/dashboard.png
11670.7s 306 📚 Training transfer model...
11670.7s 307 Training on RC101...
11760.8s 308 nv=15, gap=-3.2%
11760.8s 309 Training on RC102...
11845.6s 310 nv=14, gap=-4.8%
11845.6s 311 Training on RC103...
11929.1s 312 nv=12, gap=+3.3%
11929.1s 313 Training on RC104...
11996.4s 314 nv=10, gap=+1.5%
11996.4s 315 Training on RC105...
12069.6s 316 nv=14, gap=-3.6%
12069.6s 317 Training on RC106...
12151.7s 318 nv=13, gap=+0.4%
12151.7s 319 Training on RC107...
12231.3s 320 nv=11, gap=+3.3%
12231.3s 321 Training on RC108...
12328.1s 322 nv=11, gap=-0.8%
12328.1s 323 
12328.1s 324 ✅ Transfer model saved → /kaggle/working/rl_alns_transfer.safetensors
12328.1s 325 Total: 8 combos × 4 runs
12328.1s 326 ============================================================
12328.1s 327 
12328.1s 328 [RC201] DDQN-ALNS★
12411.2s 329 run 1/4: nv=4 cost=1478.7 (83.1s) | wall 0.02h
12494.1s 330 run 2/4: nv=4 cost=1490.6 (82.9s) | wall 0.05h
12600.5s 331 run 3/4: nv=4 cost=1452.5 (106.3s) | wall 0.08h
12714.2s 332 run 4/4: nv=4 cost=1494.7 (113.8s) | wall 0.11h
12714.2s 333 → nv=4.0±0.0  td=1479.1±16.5  gap=+5.1%
12714.2s 334 
12714.2s 335 [RC202] DDQN-ALNS★
12800.9s 336 run 1/4: nv=4 cost=1271.0 (86.7s) | wall 0.13h
12881.2s 337 run 2/4: nv=4 cost=1178.1 (80.4s) | wall 0.15h
12968.8s 338 run 3/4: nv=4 cost=1235.7 (87.5s) | wall 0.18h
13055.9s 339 run 4/4: nv=4 cost=1224.2 (87.2s) | wall 0.20h
13055.9s 340 → nv=4.0±0.0  td=1227.2±33.2  gap=-10.1%
13055.9s 341 
13055.9s 342 [RC203] DDQN-ALNS★
13126.7s 343 run 1/4: nv=3 cost=1145.2 (70.8s) | wall 0.22h
13198.8s 344 run 2/4: nv=3 cost=1080.7 (72.1s) | wall 0.24h
13266.6s 345 run 3/4: nv=4 cost=982.0 (67.8s) | wall 0.26h
13355.3s 346 run 4/4: nv=3 cost=1146.4 (88.7s) | wall 0.29h
13355.3s 347 → nv=3.2±0.4  td=1088.6±67.0  gap=+3.7%
13355.3s 348 
13355.3s 349 [RC204] DDQN-ALNS★
13422.4s 350 run 1/4: nv=3 cost=822.5 (67.1s) | wall 0.30h
13481.6s 351 run 2/4: nv=3 cost=832.8 (59.2s) | wall 0.32h
13546.5s 352 run 3/4: nv=3 cost=836.4 (64.8s) | wall 0.34h
13599.0s 353 run 4/4: nv=3 cost=800.2 (52.5s) | wall 0.35h
13599.0s 354 → nv=3.0±0.0  td=823.0±14.1  gap=+3.1%
13599.0s 355 
13599.0s 356 💾 Checkpoint saved (4/8 instances, 0.35h elapsed) → /kaggle/working/benchmark_checkpoint.csv
13599.0s 357 
13599.0s 358 [RC205] DDQN-ALNS★
13684.0s 359 run 1/4: nv=4 cost=1353.0 (85.0s) | wall 0.38h
13778.6s 360 run 2/4: nv=4 cost=1346.6 (94.6s) | wall 0.40h
13862.9s 361 run 3/4: nv=4 cost=1374.7 (84.4s) | wall 0.43h
13958.0s 362 run 4/4: nv=4 cost=1337.7 (95.1s) | wall 0.45h
13958.0s 363 → nv=4.0±0.0  td=1353.0±13.7  gap=+4.3%
13958.0s 364 
13958.0s 365 [RC206] DDQN-ALNS★
14046.3s 366 run 1/4: nv=4 cost=1147.4 (88.3s) | wall 0.48h
14128.5s 367 run 2/4: nv=4 cost=1088.5 (82.2s) | wall 0.50h
14218.9s 368 run 3/4: nv=4 cost=1086.6 (90.3s) | wall 0.53h
14305.3s 369 run 4/4: nv=3 cost=1186.9 (86.4s) | wall 0.55h
14305.3s 370 → nv=3.8±0.4  td=1127.3±42.2  gap=-1.7%
14305.3s 371 
14305.3s 372 [RC207] DDQN-ALNS★
14386.8s 373 run 1/4: nv=3 cost=1180.5 (81.6s) | wall 0.57h
14471.1s 374 run 2/4: nv=4 cost=1022.8 (84.2s) | wall 0.60h
14557.6s 375 run 3/4: nv=4 cost=1046.7 (86.5s) | wall 0.62h
14629.7s 376 run 4/4: nv=3 cost=1109.0 (72.1s) | wall 0.64h
14629.7s 377 → nv=3.5±0.5  td=1089.7±61.1  gap=+2.7%
14629.7s 378 
14629.7s 379 [RC208] DDQN-ALNS★
14733.0s 380 run 1/4: nv=3 cost=860.0 (103.4s) | wall 0.67h
14820.0s 381 run 2/4: nv=3 cost=905.7 (86.9s) | wall 0.69h
14933.5s 382 run 3/4: nv=3 cost=876.6 (113.5s) | wall 0.72h
15031.9s 383 run 4/4: nv=3 cost=883.8 (98.7s) | wall 0.75h
15031.9s 384 → nv=3.0±0.0  td=881.5±16.4  gap=+6.5%
15031.9s 385 
15031.9s 386 💾 Checkpoint saved (8/8 instances, 0.75h elapsed) → /kaggle/working/benchmark_checkpoint.csv
15031.9s 387 
15031.9s 388 ✅ Benchmark complete in 0.75h → /kaggle/working/benchmark_transfer.csv
15031.9s 389 
15031.9s 390 ───────────────────────────────────────────────────────────────────────────────────
15031.9s 391 DS  Algorithm         NV   ±   vsBKS       TD     ±   Gap% CV_NV CV_TD   OT%   Time
15031.9s 392 ───────────────────────────────────────────────────────────────────────────────────
15031.9s 393 RC2 ALNS             3.5 0.1    +0.2   1132.6  18.7  +1.5%   3.6   1.7 100.0  88.3s
15031.9s 394 RC2 DDQN-ALNS        3.6 0.2    +0.3   1133.7  33.0  +1.7%   4.9   3.0 100.0  84.1s
15031.9s 395 RC2 DDQN-ALNS★       3.6 0.2    +0.3   1133.7  33.0  +1.7%   4.9   3.0 100.0  84.5s
15031.9s 396 ───────────────────────────────────────────────────────────────────────────────────
15031.9s 397 CV = std/mean×100%. Negative Gap%: solution beats BKS distance.
15032.1s 398 ============================================================
15032.1s 399 FULL RESULTS TABLE
15032.1s 400 
15032.1s 401 ───────────────────────────────────────────────────────────────────────────────────
15032.1s 402 DS  Algorithm         NV   ±   vsBKS       TD     ±   Gap% CV_NV CV_TD   OT%   Time
15032.1s 403 ───────────────────────────────────────────────────────────────────────────────────
15032.1s 404 RC1 ALNS            12.6 0.3    +1.1   1399.3  10.2  +1.4%   2.6   0.7 100.0 102.3s
15032.1s 405 RC1 DDQN-ALNS       12.4 0.2    +0.9   1379.6  10.9  -0.0%   1.6   0.8 100.0  86.5s
15032.1s 406 ───────────────────────────────────────────────────────────────────────────────────
15032.1s 407 RC2 ALNS             3.5 0.1    +0.2   1132.6  18.7  +1.5%   3.6   1.7 100.0  88.3s
15032.1s 408 RC2 DDQN-ALNS        3.6 0.2    +0.3   1133.7  33.0  +1.7%   4.9   3.0 100.0  84.1s
15032.1s 409 RC2 DDQN-ALNS★       3.6 0.2    +0.3   1133.7  33.0  +1.7%   4.9   3.0 100.0  84.5s
15032.1s 410 ───────────────────────────────────────────────────────────────────────────────────
15032.1s 411 CV = std/mean×100%. Negative Gap%: solution beats BKS distance.
15032.1s 412 
15032.1s 413 ============================================================
15032.1s 414 STATISTICAL TESTS
15032.1s 415 
15032.1s 416 ── Wilcoxon signed-rank — per-instance-mean (n=instances) ──
15032.1s 417 Comparison                  DS   Metric        W        p  Sig      Better
15032.1s 418 ──────────────────────────────────────────────────────────────────────
15032.1s 419 DDQN-ALNS vs ALNS      RC1  Gap%        1.0   0.0156    ✅   DDQN-ALNS
15032.1s 420 DDQN-ALNS vs ALNS      RC1  NV_mean     6.0   0.2500    —   DDQN-ALNS
15032.1s 421 DDQN-ALNS vs ALNS      RC2  Gap%       16.0   0.8438    —        ALNS
15032.1s 422 DDQN-ALNS vs ALNS      RC2  NV_mean     0.0   0.5000    —        ALNS
15032.1s 423 DDQN-ALNS★ vs ALNS      RC2  Gap%       16.0   0.8438    —        ALNS
15032.2s 424 DDQN-ALNS★ vs ALNS      RC2  NV_mean     0.0   0.5000    —        ALNS
15032.2s 425 ──────────────────────────────────────────────────────────────────────
15032.2s 426 ✅ = p < 0.05
15032.2s 427 
15032.2s 428 ── Wilcoxon signed-rank — per-run paired (n=instances×n_runs) ──
15032.2s 429 Comparison                  DS       n        W        p  Sig  Effect%      Better
15032.2s 430 ──────────────────────────────────────────────────────────────────────────────
15032.2s 431 DDQN-ALNS vs ALNS      RC1     32     57.0   0.0000    ✅  +1.425%   DDQN-ALNS
15032.2s 432 DDQN-ALNS vs ALNS      RC2     32    234.0   0.5860    —  -0.096%        ALNS
15032.2s 433 DDQN-ALNS★ vs ALNS      RC1    n=0  insufficient data
15032.2s 434 DDQN-ALNS★ vs ALNS      RC2     32    234.0   0.5860    —  -0.096%        ALNS
15032.2s 435 ──────────────────────────────────────────────────────────────────────────────
15032.2s 436 Effect% = mean cost improvement of "Better" over other.
15032.2s 437 ✅ = p < 0.05  |  per-run n = 16 instances × 4 runs = 64 pairs/family
15032.2s 438 
15032.2s 439 ============================================================
15032.2s 440 DASHBOARD
15033.6s 441 ✅ dashboard.png saved → /kaggle/working/dashboard.png
15033.6s 442 
15033.6s 443 ============================================================
15033.6s 444 TRANSFER: DDQN-ALNS★ vs ALNS on RC2
15033.9s 445 ✅ Transfer comparison plot → /kaggle/working/transfer_comparison.png
15034.0s 446 
15034.0s 447 ── RC1 per-instance detail ──
15034.0s 448 Gap%           NV_cv           NV_mean            TD_mean
15034.0s 449 Algorithm  ALNS DDQN-ALNS  ALNS DDQN-ALNS    ALNS DDQN-ALNS     ALNS DDQN-ALNS
15034.0s 450 Instance
15034.0s 451 RC101      0.72     -0.79  2.84      0.00   15.25      15.0  1709.08   1683.51
15034.0s 452 RC102     -2.88     -4.16  3.15      0.00   13.75      14.0  1510.04   1490.13
15034.0s 453 RC103      6.67      4.15  0.00      4.35   12.00      11.5  1345.80   1314.09
15034.0s 454 RC104      3.06      1.12  0.00      0.00   10.00      10.0  1170.25   1148.15
15034.0s 455 RC105     -2.19     -4.15  3.45      0.00   14.50      14.0  1593.77   1561.83
15034.0s 456 RC106     -0.29      0.14  3.40      4.00   12.75      12.5  1420.60   1426.77
15034.0s 457 RC107      4.06      3.20  3.69      4.35   11.75      11.5  1280.46   1269.84
15034.0s 458 RC108      2.15      0.25  4.03      0.00   10.75      11.0  1164.30   1142.68
15034.0s 459 
15034.0s 460 ── RC2 per-instance detail ──
15034.0s 461 Gap%                       NV_cv                      NV_mean                       TD_mean
15034.0s 462 Algorithm   ALNS DDQN-ALNS DDQN-ALNS★   ALNS DDQN-ALNS DDQN-ALNS★    ALNS DDQN-ALNS DDQN-ALNS★     ALNS DDQN-ALNS DDQN-ALNS★
15034.0s 463 Instance
15034.0s 464 RC201       6.22      5.13       5.13   0.00      0.00       0.00     4.0      4.00       4.00  1494.41   1479.13    1479.13
15034.0s 465 RC202     -10.97    -10.13     -10.13   0.00      0.00       0.00     4.0      4.00       4.00  1215.90   1227.25    1227.25
15034.0s 466 RC203       5.35      3.71       3.71   0.00     13.32      13.32     3.0      3.25       3.25  1105.81   1088.56    1088.56
15034.0s 467 RC204       3.75      3.07       3.07   0.00      0.00       0.00     3.0      3.00       3.00   828.44    822.98     822.98
15034.0s 468 RC205       3.19      4.26       4.26   0.00      0.00       0.00     4.0      4.00       4.00  1339.04   1352.98    1352.98
15034.0s 469 RC206       0.42     -1.66      -1.66  14.29     11.55      11.55     3.5      3.75       3.75  1151.18   1127.33    1127.33
15034.0s 470 RC207       0.38      2.70       2.70  14.29     14.29      14.29     3.5      3.50       3.50  1065.19   1089.74    1089.74
15034.0s 471 RC208       3.95      6.45       6.45   0.00      0.00       0.00     3.0      3.00       3.00   860.82    881.54     881.54
15123.0s 472 ✅ Route plot → /kaggle/working/routes_ALNS_RC101.png
15214.5s 473 ✅ Route plot → /kaggle/working/routes_DDQN-ALNS_RC101.png
15214.7s 474 Exporting NEXUS demo for RC101...
15301.6s 475 ALNS        : nv=15, td=1702.9, gap=+0.3%
15389.0s 476 DDQN-ALNS   : nv=15, td=1642.9, gap=-3.2%
15476.7s 477 
15476.7s 478 ✅ nexus_demo.json → /kaggle/working/nexus_demo.json  (45.5 KB)
15476.7s 479 Total export time: 262.2s
15476.7s 480 Drop nexus_demo.json into nexus_v2.html to view
15482.0s 481 /usr/local/lib/python3.12/dist-packages/mistune.py:435: SyntaxWarning: invalid escape sequence '\|'
15482.0s 482 cells[i][c] = re.sub('\\\\\|', '|', cell)
15482.2s 483 /usr/local/lib/python3.12/dist-packages/nbconvert/filters/filter_links.py:36: SyntaxWarning: invalid escape sequence '\_'
15482.2s 484 text = re.sub(r'_', '\_', text) # Escape underscores in display text
15482.8s 485 [NbConvertApp] Converting notebook __notebook__.ipynb to notebook
15483.1s 486 [NbConvertApp] Writing 149553 bytes to __notebook__.ipynb
15485.4s 487 [NbConvertApp] Converting notebook __notebook__.ipynb to html
15486.7s 488 [NbConvertApp] Writing 813777 bytes to __results__.html