7.8s 1 0.00s - Debugger warning: It seems that frozen modules are being used, which may
7.8s 2 0.00s - make the debugger miss breakpoints. Please pass -Xfrozen_modules=off
7.8s 3 0.00s - to python to disable frozen modules.
7.8s 4 0.00s - Note: Debugging will proceed. Set PYDEVD_DISABLE_FILE_VALIDATION=1 to disable this validation.
8.5s 5 0.00s - Debugger warning: It seems that frozen modules are being used, which may
8.5s 6 0.00s - make the debugger miss breakpoints. Please pass -Xfrozen_modules=off
8.5s 7 0.00s - to python to disable frozen modules.
8.5s 8 0.00s - Note: Debugging will proceed. Set PYDEVD_DISABLE_FILE_VALIDATION=1 to disable this validation.
17.9s 9 ✅ Device : cuda
17.9s 10 ✅ Config ready — v9.6 (iter=3000, n_runs=8, patience=600)
18.1s 11 ✅ Data & Solution model ready.
18.1s 12 ✅ Operators: 5D × 4R = 20 combos
18.2s 13 ✅ Helpers ready.
18.2s 14 ✅ QNet ready.
18.2s 15 ✅ ALNS ready.
18.3s 16 ✅ DQN solver ready.
18.3s 17 ✅ PlateauHybridSolver (DDQN-ALNS) ready.
18.3s 18 ✅ Benchmark runner ready.
18.4s 19 ✅ Transfer learning pipeline ready.
18.4s 20 ✅ Stats & table utilities ready.
18.4s 21 ✅ Visualisation ready.
18.5s 22 Smoke test — RC101
18.5s 23 
41.4s 24 ALNS               nv= 16  cost=  1781.6  BKS TD +5.0% NV +2  (22.8s)
69.1s 25 DDQN-ALNS          nv= 15  cost=  1720.1  BKS TD +1.4% NV +1  (27.6s)
69.1s 26 
69.1s 27 ✓ Smoke test passed
112.6s 28 ✅ Convergence plot → /kaggle/working/convergence_RC101.png
112.9s 29 Total: 32 combos × 8 runs
112.9s 30 ============================================================
112.9s 31 
112.9s 32 [RC101] ALNS
326.2s 33 run 1/8: nv=16 cost=1674.3 (213.3s) | wall 0.06h
503.3s 34 run 2/8: nv=15 cost=1688.8 (177.1s) | wall 0.11h
718.3s 35 run 3/8: nv=15 cost=1666.7 (214.9s) | wall 0.17h
897.7s 36 run 4/8: nv=15 cost=1660.5 (179.4s) | wall 0.22h
1097.4s 37 run 5/8: nv=15 cost=1655.4 (199.7s) | wall 0.27h
1287.7s 38 run 6/8: nv=15 cost=1650.8 (190.4s) | wall 0.33h
1465.3s 39 run 7/8: nv=15 cost=1698.0 (177.6s) | wall 0.38h
1625.1s 40 run 8/8: nv=15 cost=1651.4 (159.8s) | wall 0.42h
1625.1s 41 → nv=15.1±0.3  td=1668.2±16.4  gap=-1.7%
1625.1s 42 
1625.1s 43 [RC101] DDQN-ALNS
1773.4s 44 run 1/8: nv=15 cost=1658.3 (148.3s) | wall 0.46h
1935.6s 45 run 2/8: nv=15 cost=1660.3 (162.2s) | wall 0.51h
2096.9s 46 run 3/8: nv=16 cost=1668.2 (161.2s) | wall 0.55h
2217.0s 47 run 4/8: nv=16 cost=1668.7 (120.1s) | wall 0.58h
2355.8s 48 run 5/8: nv=15 cost=1658.4 (138.8s) | wall 0.62h
2499.1s 49 run 6/8: nv=15 cost=1659.8 (143.3s) | wall 0.66h
2654.2s 50 run 7/8: nv=15 cost=1687.7 (155.1s) | wall 0.71h
2799.6s 51 run 8/8: nv=15 cost=1658.7 (145.4s) | wall 0.75h
2799.6s 52 → nv=15.2±0.4  td=1665.0±9.5  gap=-1.9%
2799.6s 53 
2799.6s 54 [RC102] ALNS
2985.6s 55 run 1/8: nv=14 cost=1514.3 (186.1s) | wall 0.80h
3208.8s 56 run 2/8: nv=13 cost=1511.3 (223.2s) | wall 0.86h
3408.3s 57 run 3/8: nv=13 cost=1508.5 (199.5s) | wall 0.92h
3591.1s 58 run 4/8: nv=14 cost=1494.4 (182.8s) | wall 0.97h
3776.6s 59 run 5/8: nv=13 cost=1562.1 (185.5s) | wall 1.02h
3957.5s 60 run 6/8: nv=13 cost=1538.2 (180.9s) | wall 1.07h
4177.5s 61 run 7/8: nv=14 cost=1520.9 (220.0s) | wall 1.13h
4366.0s 62 run 8/8: nv=14 cost=1484.2 (188.5s) | wall 1.18h
4366.0s 63 → nv=13.5±0.5  td=1516.7±22.9  gap=-2.4%
4366.0s 64 
4366.0s 65 [RC102] DDQN-ALNS
4462.7s 66 run 1/8: nv=13 cost=1501.4 (96.7s) | wall 1.21h
4625.8s 67 run 2/8: nv=14 cost=1501.4 (163.1s) | wall 1.25h
4787.1s 68 run 3/8: nv=14 cost=1479.4 (161.3s) | wall 1.30h
4957.2s 69 run 4/8: nv=14 cost=1477.2 (170.2s) | wall 1.35h
5102.0s 70 run 5/8: nv=13 cost=1502.9 (144.8s) | wall 1.39h
5206.7s 71 run 6/8: nv=13 cost=1616.3 (104.6s) | wall 1.41h
5348.9s 72 run 7/8: nv=13 cost=1493.2 (142.2s) | wall 1.45h
5512.4s 73 run 8/8: nv=13 cost=1571.4 (163.5s) | wall 1.50h
5512.4s 74 → nv=13.4±0.5  td=1517.9±46.2  gap=-2.4%
5512.4s 75 
5512.4s 76 [RC103] ALNS
5663.1s 77 run 1/8: nv=12 cost=1339.2 (150.7s) | wall 1.54h
5838.4s 78 run 2/8: nv=12 cost=1323.8 (175.3s) | wall 1.59h
6007.3s 79 run 3/8: nv=12 cost=1296.7 (168.9s) | wall 1.64h
6239.6s 80 run 4/8: nv=11 cost=1319.4 (232.4s) | wall 1.70h
6454.5s 81 run 5/8: nv=11 cost=1319.0 (214.9s) | wall 1.76h
6645.0s 82 run 6/8: nv=12 cost=1330.3 (190.5s) | wall 1.81h
6818.7s 83 run 7/8: nv=12 cost=1328.8 (173.7s) | wall 1.86h
7033.9s 84 run 8/8: nv=11 cost=1281.0 (215.1s) | wall 1.92h
7033.9s 85 → nv=11.6±0.5  td=1317.3±17.9  gap=+4.4%
7033.9s 86 
7033.9s 87 [RC103] DDQN-ALNS
7132.0s 88 run 1/8: nv=12 cost=1323.0 (98.1s) | wall 1.95h
7212.4s 89 run 2/8: nv=11 cost=1297.8 (80.5s) | wall 1.97h
7357.6s 90 run 3/8: nv=12 cost=1317.6 (145.2s) | wall 2.01h
7476.9s 91 run 4/8: nv=12 cost=1318.1 (119.3s) | wall 2.05h
7618.2s 92 run 5/8: nv=12 cost=1325.3 (141.3s) | wall 2.08h
7759.5s 93 run 6/8: nv=12 cost=1306.7 (141.4s) | wall 2.12h
7872.4s 94 run 7/8: nv=11 cost=1339.8 (112.9s) | wall 2.16h
7966.4s 95 run 8/8: nv=12 cost=1350.2 (94.0s) | wall 2.18h
7966.4s 96 → nv=11.8±0.4  td=1322.3±15.7  gap=+4.8%
7966.4s 97 
7966.4s 98 [RC104] ALNS
8114.4s 99 run 1/8: nv=10 cost=1162.6 (147.9s) | wall 2.22h
8279.5s 100 run 2/8: nv=10 cost=1170.9 (165.1s) | wall 2.27h
8444.2s 101 run 3/8: nv=10 cost=1189.0 (164.7s) | wall 2.31h
8612.4s 102 run 4/8: nv=10 cost=1189.7 (168.3s) | wall 2.36h
8776.1s 103 run 5/8: nv=10 cost=1180.9 (163.7s) | wall 2.41h
8931.8s 104 run 6/8: nv=10 cost=1152.2 (155.7s) | wall 2.45h
9101.0s 105 run 7/8: nv=10 cost=1168.4 (169.1s) | wall 2.50h
9273.7s 106 run 8/8: nv=11 cost=1186.8 (172.6s) | wall 2.54h
9273.7s 107 → nv=10.1±0.3  td=1175.0±12.8  gap=+3.5%
9273.7s 108 
9273.7s 109 [RC104] DDQN-ALNS
9373.9s 110 run 1/8: nv=10 cost=1152.8 (100.2s) | wall 2.57h
9533.7s 111 run 2/8: nv=10 cost=1149.0 (159.9s) | wall 2.62h
9644.6s 112 run 3/8: nv=10 cost=1137.2 (110.9s) | wall 2.65h
9756.2s 113 run 4/8: nv=10 cost=1144.7 (111.5s) | wall 2.68h
9883.4s 114 run 5/8: nv=10 cost=1178.0 (127.3s) | wall 2.71h
9976.8s 115 run 6/8: nv=10 cost=1150.0 (93.4s) | wall 2.74h
10159.0s 116 run 7/8: nv=10 cost=1152.7 (182.1s) | wall 2.79h
10261.7s 117 run 8/8: nv=10 cost=1154.0 (102.8s) | wall 2.82h
10261.7s 118 → nv=10.0±0.0  td=1152.3±11.0  gap=+1.5%
10261.7s 119 
10261.7s 120 💾 Checkpoint saved (4/16 instances, 2.82h elapsed) → /kaggle/working/benchmark_checkpoint.csv
10261.7s 121 
10261.7s 122 [RC105] ALNS
10491.8s 123 run 1/8: nv=14 cost=1612.3 (230.0s) | wall 2.88h
10696.6s 124 run 2/8: nv=14 cost=1558.3 (204.8s) | wall 2.94h
10916.7s 125 run 3/8: nv=14 cost=1608.1 (220.1s) | wall 3.00h
11106.2s 126 run 4/8: nv=14 cost=1561.6 (189.5s) | wall 3.05h
11330.8s 127 run 5/8: nv=14 cost=1559.0 (224.6s) | wall 3.12h
11541.1s 128 run 6/8: nv=14 cost=1579.4 (210.3s) | wall 3.17h
11769.7s 129 run 7/8: nv=14 cost=1560.5 (228.6s) | wall 3.24h
11968.6s 130 run 8/8: nv=14 cost=1608.9 (199.0s) | wall 3.29h
11968.6s 131 → nv=14.0±0.0  td=1581.0±23.1  gap=-3.0%
11968.6s 132 
11968.6s 133 [RC105] DDQN-ALNS
12076.1s 134 run 1/8: nv=14 cost=1596.2 (107.5s) | wall 3.32h
12216.4s 135 run 2/8: nv=14 cost=1581.9 (140.3s) | wall 3.36h
12352.0s 136 run 3/8: nv=14 cost=1594.9 (135.7s) | wall 3.40h
12509.0s 137 run 4/8: nv=15 cost=1588.1 (157.0s) | wall 3.44h
12659.8s 138 run 5/8: nv=15 cost=1542.9 (150.8s) | wall 3.49h
12773.9s 139 run 6/8: nv=14 cost=1588.1 (114.1s) | wall 3.52h
12944.4s 140 run 7/8: nv=15 cost=1566.0 (170.5s) | wall 3.56h
13113.0s 141 run 8/8: nv=14 cost=1573.7 (168.6s) | wall 3.61h
13113.0s 142 → nv=14.4±0.5  td=1579.0±16.7  gap=-3.1%
13113.0s 143 
13113.0s 144 [RC106] ALNS
13306.2s 145 run 1/8: nv=13 cost=1406.6 (193.2s) | wall 3.66h
13513.5s 146 run 2/8: nv=13 cost=1414.5 (207.3s) | wall 3.72h
13721.4s 147 run 3/8: nv=13 cost=1406.0 (207.9s) | wall 3.78h
13929.9s 148 run 4/8: nv=13 cost=1407.3 (208.6s) | wall 3.84h
14143.9s 149 run 5/8: nv=13 cost=1414.4 (214.0s) | wall 3.90h
14349.8s 150 run 6/8: nv=13 cost=1397.0 (205.9s) | wall 3.95h
14550.9s 151 run 7/8: nv=13 cost=1407.2 (201.1s) | wall 4.01h
14757.9s 152 run 8/8: nv=13 cost=1390.6 (207.0s) | wall 4.07h
14757.9s 153 → nv=13.0±0.0  td=1405.5±7.6  gap=-1.4%
14757.9s 154 
14757.9s 155 [RC106] DDQN-ALNS
14883.6s 156 run 1/8: nv=13 cost=1415.5 (125.7s) | wall 4.10h
15011.9s 157 run 2/8: nv=13 cost=1393.4 (128.3s) | wall 4.14h
15153.5s 158 run 3/8: nv=13 cost=1423.0 (141.6s) | wall 4.18h
15328.1s 159 run 4/8: nv=13 cost=1414.3 (174.6s) | wall 4.23h
15472.6s 160 run 5/8: nv=12 cost=1438.2 (144.4s) | wall 4.27h
15665.3s 161 run 6/8: nv=13 cost=1423.1 (192.7s) | wall 4.32h
15807.2s 162 run 7/8: nv=13 cost=1397.7 (141.9s) | wall 4.36h
15983.8s 163 run 8/8: nv=13 cost=1406.4 (176.5s) | wall 4.41h
15983.8s 164 → nv=12.9±0.3  td=1413.9±13.7  gap=-0.8%
15983.8s 165 
15983.8s 166 [RC107] ALNS
16179.2s 167 run 1/8: nv=12 cost=1282.6 (195.5s) | wall 4.46h
16377.7s 168 run 2/8: nv=12 cost=1273.2 (198.5s) | wall 4.52h
16577.1s 169 run 3/8: nv=12 cost=1265.5 (199.4s) | wall 4.57h
16773.1s 170 run 4/8: nv=12 cost=1267.6 (196.0s) | wall 4.63h
16958.6s 171 run 5/8: nv=12 cost=1263.8 (185.5s) | wall 4.68h
17148.7s 172 run 6/8: nv=12 cost=1280.1 (190.1s) | wall 4.73h
17335.2s 173 run 7/8: nv=12 cost=1267.1 (186.6s) | wall 4.78h
17522.4s 174 run 8/8: nv=12 cost=1266.3 (187.1s) | wall 4.84h
17522.4s 175 → nv=12.0±0.0  td=1270.8±6.6  gap=+3.3%
17522.4s 176 
17522.4s 177 [RC107] DDQN-ALNS
17640.7s 178 run 1/8: nv=11 cost=1252.9 (118.3s) | wall 4.87h
17763.3s 179 run 2/8: nv=12 cost=1285.3 (122.6s) | wall 4.90h
17870.7s 180 run 3/8: nv=12 cost=1257.0 (107.4s) | wall 4.93h
18003.7s 181 run 4/8: nv=11 cost=1244.6 (133.0s) | wall 4.97h
18128.0s 182 run 5/8: nv=11 cost=1255.7 (124.4s) | wall 5.00h
18197.5s 183 run 6/8: nv=11 cost=1252.1 (69.5s) | wall 5.02h
18380.8s 184 run 7/8: nv=12 cost=1286.7 (183.3s) | wall 5.07h
18526.9s 185 run 8/8: nv=12 cost=1308.5 (146.2s) | wall 5.12h
18526.9s 186 → nv=11.5±0.5  td=1267.8±21.2  gap=+3.0%
18526.9s 187 
18526.9s 188 [RC108] ALNS
18756.0s 189 run 1/8: nv=11 cost=1157.7 (229.1s) | wall 5.18h
18987.2s 190 run 2/8: nv=11 cost=1143.6 (231.2s) | wall 5.24h
19218.8s 191 run 3/8: nv=11 cost=1138.8 (231.5s) | wall 5.31h
19459.3s 192 run 4/8: nv=11 cost=1157.1 (240.5s) | wall 5.37h
19688.3s 193 run 5/8: nv=11 cost=1152.3 (229.1s) | wall 5.44h
19912.0s 194 run 6/8: nv=11 cost=1151.3 (223.6s) | wall 5.50h
20127.2s 195 run 7/8: nv=10 cost=1150.8 (215.2s) | wall 5.56h
20335.0s 196 run 8/8: nv=11 cost=1131.9 (207.8s) | wall 5.62h
20335.0s 197 → nv=10.9±0.3  td=1147.9±8.5  gap=+0.7%
20335.0s 198 
20335.0s 199 [RC108] DDQN-ALNS
20473.9s 200 run 1/8: nv=11 cost=1157.9 (138.9s) | wall 5.66h
20646.8s 201 run 2/8: nv=11 cost=1141.0 (172.9s) | wall 5.70h
20784.3s 202 run 3/8: nv=11 cost=1157.4 (137.5s) | wall 5.74h
20961.1s 203 run 4/8: nv=11 cost=1140.7 (176.9s) | wall 5.79h
21108.1s 204 run 5/8: nv=11 cost=1148.7 (146.9s) | wall 5.83h
21263.4s 205 run 6/8: nv=11 cost=1172.6 (155.3s) | wall 5.88h
21405.7s 206 run 7/8: nv=11 cost=1143.8 (142.3s) | wall 5.91h
21546.0s 207 run 8/8: nv=11 cost=1150.0 (140.3s) | wall 5.95h
21546.0s 208 → nv=11.0±0.0  td=1151.5±10.1  gap=+1.0%
21546.0s 209 
21546.0s 210 💾 Checkpoint saved (8/16 instances, 5.95h elapsed) → /kaggle/working/benchmark_checkpoint.csv
21546.0s 211 
21546.0s 212 [RC201] ALNS
21709.8s 213 run 1/8: nv=4 cost=1465.5 (163.8s) | wall 6.00h
21868.9s 214 run 2/8: nv=4 cost=1441.4 (159.1s) | wall 6.04h
22031.1s 215 run 3/8: nv=4 cost=1458.2 (162.2s) | wall 6.09h
22194.8s 216 run 4/8: nv=4 cost=1474.4 (163.7s) | wall 6.13h
22368.8s 217 run 5/8: nv=4 cost=1446.2 (173.9s) | wall 6.18h
22562.0s 218 run 6/8: nv=4 cost=1483.2 (193.2s) | wall 6.24h
22753.4s 219 run 7/8: nv=4 cost=1460.2 (191.4s) | wall 6.29h
22932.0s 220 run 8/8: nv=4 cost=1464.5 (178.6s) | wall 6.34h
22932.0s 221 → nv=4.0±0.0  td=1461.7±12.8  gap=+3.9%
22932.0s 222 
22932.0s 223 [RC201] DDQN-ALNS
23050.1s 224 run 1/8: nv=4 cost=1467.8 (118.0s) | wall 6.37h
23189.0s 225 run 2/8: nv=4 cost=1436.4 (139.0s) | wall 6.41h
23343.8s 226 run 3/8: nv=4 cost=1499.3 (154.8s) | wall 6.45h
23459.6s 227 run 4/8: nv=4 cost=1487.0 (115.8s) | wall 6.49h
23610.7s 228 run 5/8: nv=4 cost=1493.6 (151.0s) | wall 6.53h
23721.9s 229 run 6/8: nv=4 cost=1472.9 (111.2s) | wall 6.56h
23863.1s 230 run 7/8: nv=4 cost=1479.7 (141.2s) | wall 6.60h
24001.1s 231 run 8/8: nv=4 cost=1480.8 (138.0s) | wall 6.64h
24001.1s 232 → nv=4.0±0.0  td=1477.2±18.2  gap=+5.0%
24001.1s 233 
24001.1s 234 [RC202] ALNS
24163.6s 235 run 1/8: nv=4 cost=1188.7 (162.5s) | wall 6.68h
24321.5s 236 run 2/8: nv=4 cost=1207.9 (157.9s) | wall 6.72h
24475.8s 237 run 3/8: nv=4 cost=1218.5 (154.3s) | wall 6.77h
24636.2s 238 run 4/8: nv=4 cost=1214.7 (160.4s) | wall 6.81h
24794.7s 239 run 5/8: nv=4 cost=1210.0 (158.5s) | wall 6.86h
24947.3s 240 run 6/8: nv=4 cost=1203.9 (152.6s) | wall 6.90h
25101.0s 241 run 7/8: nv=4 cost=1166.7 (153.6s) | wall 6.94h
25256.5s 242 run 8/8: nv=4 cost=1210.0 (155.5s) | wall 6.98h
25256.5s 243 → nv=4.0±0.0  td=1202.5±15.9  gap=-11.9%
25256.5s 244 
25256.5s 245 [RC202] DDQN-ALNS
25381.7s 246 run 1/8: nv=4 cost=1164.6 (125.2s) | wall 7.02h
25452.4s 247 run 2/8: nv=4 cost=1251.5 (70.7s) | wall 7.04h
25581.3s 248 run 3/8: nv=4 cost=1218.9 (129.0s) | wall 7.07h
25678.1s 249 run 4/8: nv=4 cost=1233.7 (96.7s) | wall 7.10h
25802.3s 250 run 5/8: nv=4 cost=1255.9 (124.3s) | wall 7.14h
25914.0s 251 run 6/8: nv=4 cost=1170.7 (111.6s) | wall 7.17h
26003.8s 252 run 7/8: nv=4 cost=1161.3 (89.9s) | wall 7.19h
26139.7s 253 run 8/8: nv=4 cost=1250.3 (135.9s) | wall 7.23h
26139.7s 254 → nv=4.0±0.0  td=1213.4±38.7  gap=-11.2%
26139.7s 255 
26139.7s 256 [RC203] ALNS
26262.1s 257 run 1/8: nv=3 cost=1105.0 (122.5s) | wall 7.26h
26391.5s 258 run 2/8: nv=3 cost=1105.4 (129.4s) | wall 7.30h
26505.6s 259 run 3/8: nv=3 cost=1124.6 (114.0s) | wall 7.33h
26616.6s 260 run 4/8: nv=3 cost=1085.6 (111.1s) | wall 7.36h
26740.3s 261 run 5/8: nv=3 cost=1118.1 (123.7s) | wall 7.40h
26858.5s 262 run 6/8: nv=3 cost=1111.2 (118.1s) | wall 7.43h
26972.4s 263 run 7/8: nv=3 cost=1112.9 (114.0s) | wall 7.46h
27086.6s 264 run 8/8: nv=3 cost=1121.8 (114.2s) | wall 7.49h
27086.6s 265 → nv=3.0±0.0  td=1110.6±11.6  gap=+5.8%
27086.6s 266 
27086.6s 267 [RC203] DDQN-ALNS
27183.2s 268 run 1/8: nv=3 cost=1093.8 (96.6s) | wall 7.52h
27261.3s 269 run 2/8: nv=3 cost=1101.8 (78.1s) | wall 7.54h
27335.1s 270 run 3/8: nv=3 cost=1098.0 (73.9s) | wall 7.56h
27441.7s 271 run 4/8: nv=4 cost=960.2 (106.5s) | wall 7.59h
27533.7s 272 run 5/8: nv=3 cost=1083.8 (92.0s) | wall 7.62h
27624.4s 273 run 6/8: nv=4 cost=992.0 (90.7s) | wall 7.64h
27688.0s 274 run 7/8: nv=4 cost=951.1 (63.6s) | wall 7.66h
27760.4s 275 run 8/8: nv=3 cost=1088.7 (72.4s) | wall 7.68h
27760.4s 276 → nv=3.4±0.5  td=1046.2±61.9  gap=-0.3%
27760.4s 277 
27760.4s 278 [RC204] ALNS
27843.6s 279 run 1/8: nv=3 cost=826.7 (83.2s) | wall 7.70h
27928.4s 280 run 2/8: nv=3 cost=824.0 (84.8s) | wall 7.73h
28017.2s 281 run 3/8: nv=3 cost=808.5 (88.8s) | wall 7.75h
28101.2s 282 run 4/8: nv=3 cost=823.8 (84.0s) | wall 7.77h
28180.7s 283 run 5/8: nv=3 cost=810.0 (79.5s) | wall 7.80h
28266.3s 284 run 6/8: nv=3 cost=841.4 (85.6s) | wall 7.82h
28360.0s 285 run 7/8: nv=3 cost=833.3 (93.7s) | wall 7.85h
28451.0s 286 run 8/8: nv=3 cost=803.9 (91.0s) | wall 7.87h
28451.0s 287 → nv=3.0±0.0  td=821.5±12.2  gap=+2.9%
28451.0s 288 
28451.0s 289 [RC204] DDQN-ALNS
28506.4s 290 run 1/8: nv=3 cost=821.3 (55.5s) | wall 7.89h
28572.8s 291 run 2/8: nv=3 cost=818.2 (66.4s) | wall 7.91h
28629.9s 292 run 3/8: nv=3 cost=855.4 (57.1s) | wall 7.92h
28706.4s 293 run 4/8: nv=3 cost=834.6 (76.5s) | wall 7.94h
28796.9s 294 run 5/8: nv=3 cost=812.3 (90.5s) | wall 7.97h
28870.1s 295 run 6/8: nv=3 cost=821.0 (73.1s) | wall 7.99h
28924.9s 296 run 7/8: nv=3 cost=832.7 (54.8s) | wall 8.00h
28973.8s 297 run 8/8: nv=3 cost=828.6 (48.8s) | wall 8.02h
28973.8s 298 → nv=3.0±0.0  td=828.0±12.5  gap=+3.7%
28973.8s 299 
28973.8s 300 💾 Checkpoint saved (12/16 instances, 8.02h elapsed) → /kaggle/working/benchmark_checkpoint.csv
28973.8s 301 
28973.8s 302 [RC205] ALNS
29108.0s 303 run 1/8: nv=4 cost=1347.6 (134.3s) | wall 8.05h
29254.1s 304 run 2/8: nv=4 cost=1347.1 (146.0s) | wall 8.09h
29399.7s 305 run 3/8: nv=4 cost=1336.5 (145.6s) | wall 8.14h
29534.0s 306 run 4/8: nv=4 cost=1381.2 (134.2s) | wall 8.17h
29691.2s 307 run 5/8: nv=4 cost=1343.7 (157.3s) | wall 8.22h
29847.3s 308 run 6/8: nv=4 cost=1351.9 (156.1s) | wall 8.26h
30021.5s 309 run 7/8: nv=4 cost=1406.7 (174.2s) | wall 8.31h
30182.4s 310 run 8/8: nv=4 cost=1328.9 (160.9s) | wall 8.35h
30182.4s 311 → nv=4.0±0.0  td=1355.5±24.1  gap=+4.5%
30182.4s 312 
30182.4s 313 [RC205] DDQN-ALNS
30328.1s 314 run 1/8: nv=4 cost=1304.7 (145.6s) | wall 8.39h
30433.4s 315 run 2/8: nv=4 cost=1377.5 (105.4s) | wall 8.42h
30548.8s 316 run 3/8: nv=4 cost=1336.3 (115.4s) | wall 8.45h
30654.6s 317 run 4/8: nv=4 cost=1349.0 (105.9s) | wall 8.48h
30771.2s 318 run 5/8: nv=4 cost=1325.6 (116.5s) | wall 8.52h
30912.1s 319 run 6/8: nv=4 cost=1325.0 (141.0s) | wall 8.56h
31034.9s 320 run 7/8: nv=4 cost=1360.3 (122.8s) | wall 8.59h
31145.1s 321 run 8/8: nv=4 cost=1318.4 (110.2s) | wall 8.62h
31145.1s 322 → nv=4.0±0.0  td=1337.1±22.3  gap=+3.0%
31145.1s 323 
31145.1s 324 [RC206] ALNS
31301.5s 325 run 1/8: nv=4 cost=1099.2 (156.4s) | wall 8.66h
31451.4s 326 run 2/8: nv=3 cost=1176.5 (149.9s) | wall 8.71h
31600.3s 327 run 3/8: nv=4 cost=1097.1 (148.9s) | wall 8.75h
31744.1s 328 run 4/8: nv=4 cost=1107.9 (143.7s) | wall 8.79h
31883.8s 329 run 5/8: nv=4 cost=1100.0 (139.8s) | wall 8.83h
32033.7s 330 run 6/8: nv=4 cost=1097.0 (149.9s) | wall 8.87h
32179.4s 331 run 7/8: nv=4 cost=1106.1 (145.7s) | wall 8.91h
32327.3s 332 run 8/8: nv=4 cost=1089.2 (147.9s) | wall 8.95h
32327.3s 333 → nv=3.9±0.3  td=1109.1±26.0  gap=-3.2%
32327.3s 334 
32327.3s 335 [RC206] DDQN-ALNS
32419.1s 336 run 1/8: nv=4 cost=1085.0 (91.8s) | wall 8.97h
32561.0s 337 run 2/8: nv=4 cost=1100.7 (141.9s) | wall 9.01h
32683.8s 338 run 3/8: nv=4 cost=1104.1 (122.8s) | wall 9.05h
32778.0s 339 run 4/8: nv=4 cost=1140.2 (94.2s) | wall 9.07h
32905.8s 340 run 5/8: nv=3 cost=1255.4 (127.8s) | wall 9.11h
33023.3s 341 run 6/8: nv=4 cost=1091.5 (117.5s) | wall 9.14h
33136.4s 342 run 7/8: nv=4 cost=1158.1 (113.1s) | wall 9.17h
33254.3s 343 run 8/8: nv=4 cost=1089.0 (117.8s) | wall 9.21h
33254.3s 344 → nv=3.9±0.3  td=1128.0±54.0  gap=-1.6%
33254.3s 345 
33254.3s 346 [RC207] ALNS
33402.5s 347 run 1/8: nv=3 cost=1111.2 (148.3s) | wall 9.25h
33537.4s 348 run 2/8: nv=3 cost=1117.9 (134.9s) | wall 9.28h
33674.5s 349 run 3/8: nv=4 cost=1057.3 (137.0s) | wall 9.32h
33809.4s 350 run 4/8: nv=4 cost=1033.6 (135.0s) | wall 9.36h
33947.9s 351 run 5/8: nv=3 cost=1072.6 (138.5s) | wall 9.40h
34076.7s 352 run 6/8: nv=4 cost=1038.0 (128.8s) | wall 9.43h
34211.7s 353 run 7/8: nv=3 cost=1114.4 (135.1s) | wall 9.47h
34339.0s 354 run 8/8: nv=4 cost=1034.7 (127.3s) | wall 9.51h
34339.0s 355 → nv=3.5±0.5  td=1072.5±34.8  gap=+1.1%
34339.0s 356 
34339.0s 357 [RC207] DDQN-ALNS
34444.3s 358 run 1/8: nv=3 cost=1128.8 (105.3s) | wall 9.54h
34530.2s 359 run 2/8: nv=4 cost=1026.2 (85.9s) | wall 9.56h
34629.0s 360 run 3/8: nv=3 cost=1145.2 (98.8s) | wall 9.59h
34727.2s 361 run 4/8: nv=4 cost=1009.2 (98.2s) | wall 9.62h
34809.6s 362 run 5/8: nv=3 cost=1114.6 (82.4s) | wall 9.64h
34910.8s 363 run 6/8: nv=4 cost=1025.9 (101.2s) | wall 9.67h
35003.1s 364 run 7/8: nv=3 cost=1073.3 (92.3s) | wall 9.69h
35099.6s 365 run 8/8: nv=4 cost=1021.8 (96.6s) | wall 9.72h
35099.6s 366 → nv=3.5±0.5  td=1068.2±51.2  gap=+0.7%
35099.6s 367 
35099.6s 368 [RC208] ALNS
35246.5s 369 run 1/8: nv=3 cost=840.1 (146.9s) | wall 9.76h
35387.3s 370 run 2/8: nv=3 cost=829.7 (140.8s) | wall 9.80h
35536.4s 371 run 3/8: nv=3 cost=832.4 (149.1s) | wall 9.84h
35685.7s 372 run 4/8: nv=3 cost=839.0 (149.3s) | wall 9.88h
35834.2s 373 run 5/8: nv=3 cost=832.4 (148.5s) | wall 9.92h
35973.5s 374 run 6/8: nv=3 cost=842.6 (139.3s) | wall 9.96h
36118.8s 375 run 7/8: nv=3 cost=834.1 (145.3s) | wall 10.00h
36267.0s 376 run 8/8: nv=3 cost=881.2 (148.2s) | wall 10.04h
36267.0s 377 → nv=3.0±0.0  td=841.4±15.6  gap=+1.6%
36267.0s 378 
36267.0s 379 [RC208] DDQN-ALNS
36399.4s 380 run 1/8: nv=3 cost=871.0 (132.4s) | wall 10.08h
36492.7s 381 run 2/8: nv=3 cost=905.4 (93.3s) | wall 10.11h
36632.1s 382 run 3/8: nv=3 cost=889.1 (139.3s) | wall 10.14h
36775.2s 383 run 4/8: nv=3 cost=879.2 (143.1s) | wall 10.18h
36898.5s 384 run 5/8: nv=3 cost=885.4 (123.3s) | wall 10.22h
37009.3s 385 run 6/8: nv=3 cost=844.6 (110.8s) | wall 10.25h
37140.8s 386 run 7/8: nv=3 cost=867.6 (131.5s) | wall 10.29h
37262.9s 387 run 8/8: nv=3 cost=867.9 (122.1s) | wall 10.32h
37262.9s 388 → nv=3.0±0.0  td=876.3±16.9  gap=+5.8%
37262.9s 389 
37262.9s 390 💾 Checkpoint saved (16/16 instances, 10.32h elapsed) → /kaggle/working/benchmark_checkpoint.csv
37262.9s 391 
37262.9s 392 ✅ Benchmark complete in 10.32h → /kaggle/working/benchmark_clean.csv
37262.9s 393 
37262.9s 394 --------------------------------------------------------------------------------------
37262.9s 395 DS  Algorithm             NV   +/-   vsBKS        TD     +/-    Gap%    OT%    Time
37262.9s 396 --------------------------------------------------------------------------------------
37262.9s 397 RC1 ALNS               12.53  0.25   +1.03   1385.31   14.50  +0.43%  100.0  197.0s
37262.9s 398 RC1 DDQN-ALNS          12.52  0.33   +1.02   1383.73   18.00  +0.28%  100.0  137.9s
37262.9s 399 RC2 ALNS                3.55  0.10   +0.30   1121.84   19.12  +0.57%  100.0  139.4s
37262.9s 400 RC2 DDQN-ALNS           3.60  0.16   +0.34   1121.78   34.46  +0.64%  100.0  106.2s
37262.9s 401 --------------------------------------------------------------------------------------
37262.9s 402 
37262.9s 403 ───────────────────────────────────────────────────────────────────────────────────
37262.9s 404 DS  Algorithm         NV   ±   vsBKS       TD     ±   Gap% CV_NV CV_TD   OT%   Time
37262.9s 405 ───────────────────────────────────────────────────────────────────────────────────
37262.9s 406 RC1 ALNS            12.5 0.2    +1.0   1385.3  14.5  +0.4%   2.0   1.0 100.0 197.0s
37262.9s 407 RC1 DDQN-ALNS       12.5 0.3    +1.0   1383.7  18.0  +0.3%   2.5   1.3 100.0 137.9s
37262.9s 408 ───────────────────────────────────────────────────────────────────────────────────
37262.9s 409 RC2 ALNS             3.5 0.1    +0.3   1121.8  19.1  +0.6%   2.9   1.7 100.0 139.4s
37262.9s 410 RC2 DDQN-ALNS        3.6 0.2    +0.3   1121.8  34.5  +0.6%   4.6   3.1 100.0 106.2s
37262.9s 411 ───────────────────────────────────────────────────────────────────────────────────
37262.9s 412 CV = std/mean×100%. Negative Gap%: solution beats BKS distance.
37262.9s 413 
37262.9s 414 ── Wilcoxon signed-rank — per-instance-mean (n=instances) ──
37262.9s 415 Comparison                  DS   Metric        W        p  Sig      Better
37262.9s 416 ──────────────────────────────────────────────────────────────────────
37262.9s 417 DDQN-ALNS vs ALNS      RC1  Gap%       17.0   0.9453    —   DDQN-ALNS
37262.9s 418 DDQN-ALNS vs ALNS      RC1  NV_mean    15.5   0.7500    —   DDQN-ALNS
37262.9s 419 DDQN-ALNS vs ALNS      RC2  Gap%       14.0   0.6406    —        ALNS
37262.9s 420 DDQN-ALNS vs ALNS      RC2  NV_mean     0.0   1.0000    —        ALNS
37262.9s 421 ──────────────────────────────────────────────────────────────────────
37262.9s 422 ✅ = p < 0.05
37262.9s 423 
37262.9s 424 ── Wilcoxon signed-rank — per-run paired (n=instances×n_runs) ──
37262.9s 425 Comparison                  DS       n        W        p  Sig  Effect%      Better
37262.9s 426 ──────────────────────────────────────────────────────────────────────────────
37262.9s 427 DDQN-ALNS vs ALNS      RC1     64    872.0   0.2612    —  +0.115%   DDQN-ALNS
37262.9s 428 DDQN-ALNS vs ALNS      RC2     64    994.0   0.7584    —  +0.005%   DDQN-ALNS
37262.9s 429 ──────────────────────────────────────────────────────────────────────────────
37262.9s 430 Effect% = mean cost improvement of "Better" over other.
37262.9s 431 ✅ = p < 0.05  |  per-run n = 16 instances × 8 runs = 128 pairs/family
37264.0s 432 ✅ dashboard.png saved → /kaggle/working/dashboard.png
37264.2s 433 📚 Training transfer model...
37264.2s 434 Training on RC101...
37407.9s 435 nv=15, gap=-2.3%
37407.9s 436 Training on RC102...
37494.2s 437 nv=13, gap=-3.4%
37494.2s 438 Training on RC103...
37577.3s 439 nv=12, gap=+4.9%
37577.3s 440 Training on RC104...
37660.6s 441 nv=10, gap=+1.5%
37660.6s 442 Training on RC105...
37759.7s 443 nv=14, gap=-2.0%
37759.7s 444 Training on RC106...
37888.5s 445 nv=13, gap=-0.8%
37888.5s 446 Training on RC107...
38002.4s 447 nv=11, gap=+0.8%
38002.4s 448 Training on RC108...
38127.9s 449 nv=11, gap=+0.3%
38127.9s 450 
38127.9s 451 ✅ Transfer model saved → /kaggle/working/rl_alns_transfer.safetensors
38127.9s 452 Total: 8 combos × 8 runs
38127.9s 453 ============================================================
38127.9s 454 
38127.9s 455 [RC201] DDQN-ALNS★
38247.8s 456 run 1/8: nv=4 cost=1467.8 (119.8s) | wall 0.03h
38366.6s 457 run 2/8: nv=4 cost=1436.4 (118.9s) | wall 0.07h
38503.3s 458 run 3/8: nv=4 cost=1501.9 (136.7s) | wall 0.10h
38604.5s 459 run 4/8: nv=4 cost=1487.8 (101.2s) | wall 0.13h
38739.4s 460 run 5/8: nv=4 cost=1493.6 (134.9s) | wall 0.17h
38855.1s 461 run 6/8: nv=4 cost=1466.9 (115.7s) | wall 0.20h
38983.6s 462 run 7/8: nv=4 cost=1479.7 (128.5s) | wall 0.24h
39105.7s 463 run 8/8: nv=4 cost=1480.8 (122.0s) | wall 0.27h
39105.7s 464 → nv=4.0±0.0  td=1476.8±18.9  gap=+5.0%
39105.7s 465 
39105.7s 466 [RC202] DDQN-ALNS★
39218.8s 467 run 1/8: nv=4 cost=1172.0 (113.2s) | wall 0.30h
39286.8s 468 run 2/8: nv=4 cost=1251.5 (68.0s) | wall 0.32h
39399.5s 469 run 3/8: nv=4 cost=1218.9 (112.7s) | wall 0.35h
39491.6s 470 run 4/8: nv=4 cost=1228.1 (92.2s) | wall 0.38h
39598.8s 471 run 5/8: nv=4 cost=1256.8 (107.2s) | wall 0.41h
39699.4s 472 run 6/8: nv=4 cost=1170.7 (100.5s) | wall 0.44h
39804.6s 473 run 7/8: nv=4 cost=1161.3 (105.3s) | wall 0.47h
39923.7s 474 run 8/8: nv=4 cost=1250.3 (119.1s) | wall 0.50h
39923.7s 475 → nv=4.0±0.0  td=1213.7±37.4  gap=-11.1%
39923.7s 476 
39923.7s 477 [RC203] DDQN-ALNS★
40018.1s 478 run 1/8: nv=3 cost=1093.8 (94.5s) | wall 0.53h
40100.7s 479 run 2/8: nv=3 cost=1106.4 (82.6s) | wall 0.55h
40178.9s 480 run 3/8: nv=3 cost=1098.0 (78.1s) | wall 0.57h
40284.6s 481 run 4/8: nv=4 cost=960.2 (105.8s) | wall 0.60h
40377.0s 482 run 5/8: nv=3 cost=1083.0 (92.3s) | wall 0.62h
40466.7s 483 run 6/8: nv=4 cost=992.0 (89.8s) | wall 0.65h
40544.6s 484 run 7/8: nv=4 cost=951.1 (77.9s) | wall 0.67h
40623.8s 485 run 8/8: nv=3 cost=1088.7 (79.2s) | wall 0.69h
40623.8s 486 → nv=3.4±0.5  td=1046.6±62.4  gap=-0.3%
40623.8s 487 
40623.8s 488 [RC204] DDQN-ALNS★
40703.2s 489 run 1/8: nv=3 cost=821.3 (79.3s) | wall 0.72h
40779.0s 490 run 2/8: nv=3 cost=818.2 (75.8s) | wall 0.74h
40847.1s 491 run 3/8: nv=3 cost=855.4 (68.1s) | wall 0.76h
40934.3s 492 run 4/8: nv=3 cost=829.8 (87.2s) | wall 0.78h
41042.8s 493 run 5/8: nv=3 cost=812.3 (108.5s) | wall 0.81h
41126.3s 494 run 6/8: nv=3 cost=820.5 (83.5s) | wall 0.83h
41188.6s 495 run 7/8: nv=3 cost=831.6 (62.4s) | wall 0.85h
41239.1s 496 run 8/8: nv=3 cost=828.6 (50.4s) | wall 0.86h
41239.1s 497 → nv=3.0±0.0  td=827.2±12.3  gap=+3.6%
41239.1s 498 
41239.1s 499 💾 Checkpoint saved (4/8 instances, 0.86h elapsed) → /kaggle/working/benchmark_checkpoint.csv
41239.1s 500 
41239.1s 501 [RC205] DDQN-ALNS★
41386.8s 502 run 1/8: nv=4 cost=1304.7 (147.7s) | wall 0.91h
41495.4s 503 run 2/8: nv=4 cost=1382.1 (108.5s) | wall 0.94h
41614.3s 504 run 3/8: nv=4 cost=1336.3 (119.0s) | wall 0.97h
41737.8s 505 run 4/8: nv=4 cost=1349.0 (123.4s) | wall 1.00h
41872.2s 506 run 5/8: nv=4 cost=1325.6 (134.5s) | wall 1.04h
42025.3s 507 run 6/8: nv=4 cost=1325.0 (153.1s) | wall 1.08h
42151.3s 508 run 7/8: nv=4 cost=1360.3 (126.0s) | wall 1.12h
42254.9s 509 run 8/8: nv=4 cost=1318.4 (103.6s) | wall 1.15h
42254.9s 510 → nv=4.0±0.0  td=1337.7±23.4  gap=+3.1%
42254.9s 511 
42254.9s 512 [RC206] DDQN-ALNS★
42350.4s 513 run 1/8: nv=4 cost=1085.0 (95.5s) | wall 1.17h
42498.6s 514 run 2/8: nv=4 cost=1100.7 (148.2s) | wall 1.21h
42629.3s 515 run 3/8: nv=4 cost=1104.1 (130.7s) | wall 1.25h
42721.4s 516 run 4/8: nv=4 cost=1140.2 (92.1s) | wall 1.28h
42831.9s 517 run 5/8: nv=3 cost=1257.9 (110.5s) | wall 1.31h
42944.5s 518 run 6/8: nv=4 cost=1091.4 (112.6s) | wall 1.34h
43052.8s 519 run 7/8: nv=4 cost=1158.1 (108.2s) | wall 1.37h
43169.3s 520 run 8/8: nv=4 cost=1089.0 (116.6s) | wall 1.40h
43169.3s 521 → nv=3.9±0.3  td=1128.3±54.7  gap=-1.6%
43169.3s 522 
43169.3s 523 [RC207] DDQN-ALNS★