6.9s 1 0.00s - Debugger warning: It seems that frozen modules are being used, which may
6.9s 2 0.00s - make the debugger miss breakpoints. Please pass -Xfrozen_modules=off
6.9s 3 0.00s - to python to disable frozen modules.
6.9s 4 0.00s - Note: Debugging will proceed. Set PYDEVD_DISABLE_FILE_VALIDATION=1 to disable this validation.
7.5s 5 0.00s - Debugger warning: It seems that frozen modules are being used, which may
7.5s 6 0.00s - make the debugger miss breakpoints. Please pass -Xfrozen_modules=off
7.5s 7 0.00s - to python to disable frozen modules.
7.5s 8 0.00s - Note: Debugging will proceed. Set PYDEVD_DISABLE_FILE_VALIDATION=1 to disable this validation.
21.0s 9 ✅ Device : cuda
21.0s 10 ✅ PyTorch: 2.10.0+cu128
21.0s 11 ✅ Config ready.
21.2s 12 Loading...
21.2s 13 RC1: 8 instances
21.2s 14 RC2: 8 instances
21.2s 15 ✅ RC101: n=100, tight_TW=100%
21.3s 16 ✅ Solution model ready.
21.4s 17 ✅ Operators: 5D × 4R = 20 combos
21.4s 18 ✅ Helpers ready.
21.4s 19 ✅ Networks ready.
21.5s 20 ✅ ALNS ready.
21.5s 21 ✅ DQN solver ready.
21.6s 22 ✅ TempController ready.
21.6s 23 Actions: 0=COOL(×0.990)  1=HOLD  2=REHEAT(×1.50)
21.6s 24 Fires every segment_size=50 iterations
21.6s 25 Fully independent from operator selection
21.6s 26 ✅ DDQN-ALNS ready.
21.6s 27 ✅ Benchmark runner ready.
21.6s 28 ✅ Transfer learning pipeline ready.
21.6s 29 ✅ Stats & table utilities ready.
21.7s 30 ✅ Visualisation ready.
21.7s 31 Smoke test — RC101
21.7s 32 
49.7s 33 ALNS         nv= 16  cost=  1733.6  BKS TD +2.2% NV +2  (27.8s)
57.6s 34 DQN          nv= 44  cost=  4361.8  BKS TD +157.0% NV +30  (7.9s)
108.2s 35 DDQN-ALNS    nv= 16  cost=  1774.2  BKS TD +4.6% NV +2  (50.6s)
108.2s 36 
108.2s 37 ✓ Smoke test passed
184.4s 38 Total: 32 combos × 7 runs
184.4s 39 ============================================================
184.4s 40 
184.4s 41 [RC101] ALNS
330.6s 42 run 1/7: nv=16 cost=1695.0 (146.2s)
491.6s 43 run 2/7: nv=15 cost=1692.8 (161.1s)
660.9s 44 run 3/7: nv=15 cost=1700.1 (169.3s)
845.1s 45 run 4/7: nv=15 cost=1717.7 (184.2s)
1008.0s 46 run 5/7: nv=15 cost=1677.6 (162.9s)
1169.5s 47 run 6/7: nv=15 cost=1716.5 (161.5s)
1326.2s 48 run 7/7: nv=15 cost=1674.1 (156.6s)
1326.2s 49 → nv=15.1±0.3  td=1696.3±15.7  gap=-0.0%
1326.2s 50 
1326.2s 51 [RC101] DDQN-ALNS
1673.8s 52 run 1/7: nv=15 cost=1663.3 (347.7s)
1883.5s 53 run 2/7: nv=15 cost=1700.0 (209.6s)
2212.7s 54 run 3/7: nv=15 cost=1689.7 (329.2s)
2538.3s 55 run 4/7: nv=16 cost=1683.1 (325.6s)
2871.4s 56 run 5/7: nv=15 cost=1659.1 (333.1s)
3224.9s 57 run 6/7: nv=15 cost=1706.2 (353.5s)
3553.3s 58 run 7/7: nv=15 cost=1688.0 (328.4s)
3553.3s 59 → nv=15.1±0.3  td=1684.2±16.2  gap=-0.8%
3553.3s 60 
3553.3s 61 [RC102] ALNS
3708.5s 62 run 1/7: nv=13 cost=1529.1 (155.2s)
3862.9s 63 run 2/7: nv=13 cost=1518.5 (154.4s)
4013.4s 64 run 3/7: nv=13 cost=1516.5 (150.5s)
4166.2s 65 run 4/7: nv=13 cost=1520.4 (152.9s)
4327.5s 66 run 5/7: nv=14 cost=1523.6 (161.2s)
4471.3s 67 run 6/7: nv=14 cost=1507.6 (143.9s)
4640.7s 68 run 7/7: nv=13 cost=1514.8 (169.3s)
4640.7s 69 → nv=13.3±0.5  td=1518.7±6.3  gap=-2.3%
4640.7s 70 
4640.7s 71 [RC102] DDQN-ALNS
4946.8s 72 run 1/7: nv=14 cost=1496.5 (306.1s)
5269.8s 73 run 2/7: nv=13 cost=1489.0 (323.0s)
5596.1s 74 run 3/7: nv=13 cost=1515.3 (326.4s)
5928.0s 75 run 4/7: nv=13 cost=1500.5 (331.9s)
6251.5s 76 run 5/7: nv=13 cost=1496.7 (323.5s)
6586.1s 77 run 6/7: nv=14 cost=1490.5 (334.6s)
6913.6s 78 run 7/7: nv=14 cost=1508.9 (327.5s)
6913.6s 79 → nv=13.4±0.5  td=1499.6±8.8  gap=-3.5%
6913.6s 80 
6913.6s 81 [RC103] ALNS
7044.7s 82 run 1/7: nv=12 cost=1331.8 (131.1s)
7198.7s 83 run 2/7: nv=11 cost=1326.0 (154.0s)
7351.7s 84 run 3/7: nv=12 cost=1336.3 (153.0s)
7502.3s 85 run 4/7: nv=12 cost=1324.4 (150.6s)
7651.6s 86 run 5/7: nv=12 cost=1337.2 (149.3s)
7800.9s 87 run 6/7: nv=11 cost=1332.6 (149.3s)
7940.4s 88 run 7/7: nv=12 cost=1343.5 (139.5s)
7940.4s 89 → nv=11.7±0.5  td=1333.1±6.2  gap=+5.7%
7940.4s 90 
7940.4s 91 [RC103] DDQN-ALNS
8244.6s 92 run 1/7: nv=12 cost=1302.2 (304.2s)
8559.5s 93 run 2/7: nv=12 cost=1335.9 (315.0s)
8872.3s 94 run 3/7: nv=12 cost=1333.2 (312.7s)
9182.3s 95 run 4/7: nv=11 cost=1293.9 (310.0s)
9481.3s 96 run 5/7: nv=12 cost=1299.5 (299.1s)
9812.6s 97 run 6/7: nv=11 cost=1332.8 (331.3s)
10134.8s 98 run 7/7: nv=11 cost=1332.2 (322.2s)
10134.8s 99 → nv=11.6±0.5  td=1318.5±17.5  gap=+4.5%
10134.8s 100 
10134.8s 101 [RC104] ALNS
10255.5s 102 run 1/7: nv=10 cost=1177.4 (120.7s)
10394.7s 103 run 2/7: nv=10 cost=1175.7 (139.2s)
10518.8s 104 run 3/7: nv=10 cost=1170.6 (124.1s)
10654.0s 105 run 4/7: nv=10 cost=1188.7 (135.1s)
10800.1s 106 run 5/7: nv=10 cost=1164.7 (146.1s)
10928.5s 107 run 6/7: nv=10 cost=1159.1 (128.4s)
11060.3s 108 run 7/7: nv=10 cost=1161.2 (131.8s)
11060.3s 109 → nv=10.0±0.0  td=1171.1±9.7  gap=+3.1%
11060.3s 110 
11060.3s 111 [RC104] DDQN-ALNS
11356.9s 112 run 1/7: nv=11 cost=1174.5 (296.6s)
11663.2s 113 run 2/7: nv=10 cost=1174.1 (306.2s)
11968.9s 114 run 3/7: nv=10 cost=1182.3 (305.7s)
12267.4s 115 run 4/7: nv=10 cost=1155.4 (298.5s)
12557.7s 116 run 5/7: nv=10 cost=1146.2 (290.3s)
12866.3s 117 run 6/7: nv=11 cost=1190.5 (308.6s)
13162.5s 118 run 7/7: nv=10 cost=1151.2 (296.1s)
13162.5s 119 → nv=10.3±0.5  td=1167.7±15.6  gap=+2.8%
13162.5s 120 
13162.5s 121 [RC105] ALNS
13304.8s 122 run 1/7: nv=15 cost=1579.7 (142.3s)
13459.7s 123 run 2/7: nv=14 cost=1576.7 (154.9s)
13610.3s 124 run 3/7: nv=14 cost=1646.7 (150.6s)
13781.3s 125 run 4/7: nv=14 cost=1571.7 (171.1s)
13931.5s 126 run 5/7: nv=15 cost=1588.0 (150.2s)
14078.6s 127 run 6/7: nv=14 cost=1611.9 (147.0s)
14246.8s 128 run 7/7: nv=14 cost=1569.9 (168.2s)
14246.8s 129 → nv=14.3±0.5  td=1592.1±25.9  gap=-2.3%
14246.8s 130 
14246.8s 131 [RC105] DDQN-ALNS
14581.6s 132 run 1/7: nv=14 cost=1561.4 (334.8s)
14929.2s 133 run 2/7: nv=14 cost=1578.6 (347.6s)
15267.0s 134 run 3/7: nv=14 cost=1582.4 (337.8s)
15597.7s 135 run 4/7: nv=14 cost=1567.8 (330.8s)
15900.4s 136 run 5/7: nv=14 cost=1574.6 (302.7s)
16243.8s 137 run 6/7: nv=14 cost=1555.6 (343.4s)
16601.6s 138 run 7/7: nv=14 cost=1559.1 (357.8s)
16601.6s 139 → nv=14.0±0.0  td=1568.5±9.6  gap=-3.7%
16601.6s 140 
16601.6s 141 [RC106] ALNS
16771.4s 142 run 1/7: nv=13 cost=1417.0 (169.7s)
16957.5s 143 run 2/7: nv=13 cost=1422.2 (186.1s)
17154.4s 144 run 3/7: nv=13 cost=1406.6 (196.9s)
17348.7s 145 run 4/7: nv=13 cost=1396.0 (194.3s)
17545.9s 146 run 5/7: nv=12 cost=1405.4 (197.3s)
17742.5s 147 run 6/7: nv=13 cost=1410.1 (196.6s)
17934.7s 148 run 7/7: nv=13 cost=1417.4 (192.2s)
17934.7s 149 → nv=12.9±0.3  td=1410.7±8.3  gap=-1.0%
17934.7s 150 
17934.7s 151 [RC106] DDQN-ALNS
18286.5s 152 run 1/7: nv=13 cost=1426.9 (351.8s)
18629.6s 153 run 2/7: nv=13 cost=1428.7 (343.1s)
18982.8s 154 run 3/7: nv=13 cost=1410.6 (353.2s)
19320.4s 155 run 4/7: nv=13 cost=1413.1 (337.7s)
19651.6s 156 run 5/7: nv=13 cost=1418.8 (331.2s)
20000.7s 157 run 6/7: nv=13 cost=1411.2 (349.1s)
20359.0s 158 run 7/7: nv=13 cost=1414.8 (358.2s)
20359.0s 159 → nv=13.0±0.0  td=1417.7±6.9  gap=-0.5%
20359.0s 160 
20359.0s 161 [RC107] ALNS
20524.0s 162 run 1/7: nv=12 cost=1275.3 (165.0s)
20711.6s 163 run 2/7: nv=12 cost=1289.8 (187.6s)
20899.5s 164 run 3/7: nv=12 cost=1281.4 (187.9s)
21070.9s 165 run 4/7: nv=12 cost=1288.8 (171.4s)
21251.3s 166 run 5/7: nv=12 cost=1276.5 (180.5s)
21412.3s 167 run 6/7: nv=12 cost=1275.0 (161.0s)
21592.1s 168 run 7/7: nv=12 cost=1288.3 (179.8s)
21592.1s 169 → nv=12.0±0.0  td=1282.2±6.2  gap=+4.2%
21592.1s 170 
21592.1s 171 [RC107] DDQN-ALNS
21937.6s 172 run 1/7: nv=12 cost=1282.5 (345.5s)
22276.2s 173 run 2/7: nv=12 cost=1281.7 (338.6s)
22624.7s 174 run 3/7: nv=12 cost=1278.1 (348.5s)
22944.1s 175 run 4/7: nv=12 cost=1282.8 (319.4s)
23278.0s 176 run 5/7: nv=12 cost=1258.4 (333.9s)
23619.9s 177 run 6/7: nv=12 cost=1272.5 (341.9s)
23967.7s 178 run 7/7: nv=12 cost=1280.5 (347.9s)
23967.7s 179 → nv=12.0±0.0  td=1276.6±8.2  gap=+3.8%
23967.7s 180 
23967.7s 181 [RC108] ALNS
24154.4s 182 run 1/7: nv=10 cost=1155.0 (186.6s)
24337.2s 183 run 2/7: nv=11 cost=1161.8 (182.8s)
24532.0s 184 run 3/7: nv=11 cost=1172.5 (194.9s)
24734.7s 185 run 4/7: nv=11 cost=1150.0 (202.6s)
24914.6s 186 run 5/7: nv=11 cost=1147.8 (180.0s)
25091.4s 187 run 6/7: nv=11 cost=1151.3 (176.8s)
25271.0s 188 run 7/7: nv=11 cost=1141.4 (179.6s)
25271.0s 189 → nv=10.9±0.3  td=1154.2±9.4  gap=+1.3%
25271.0s 190 
25271.0s 191 [RC108] DDQN-ALNS
25596.3s 192 run 1/7: nv=11 cost=1153.7 (325.3s)
25929.3s 193 run 2/7: nv=11 cost=1141.3 (333.0s)
26265.0s 194 run 3/7: nv=11 cost=1168.9 (335.8s)
26594.4s 195 run 4/7: nv=11 cost=1150.8 (329.3s)
26912.2s 196 run 5/7: nv=11 cost=1153.2 (317.9s)
27246.0s 197 run 6/7: nv=11 cost=1163.9 (333.7s)
27582.5s 198 run 7/7: nv=11 cost=1153.2 (336.6s)
27582.5s 199 → nv=11.0±0.0  td=1155.0±8.3  gap=+1.3%
27582.5s 200 
27582.5s 201 [RC201] ALNS
27730.5s 202 run 1/7: nv=4 cost=1482.8 (148.0s)
27876.2s 203 run 2/7: nv=4 cost=1451.3 (145.6s)
28034.3s 204 run 3/7: nv=4 cost=1443.6 (158.1s)
28193.0s 205 run 4/7: nv=4 cost=1471.0 (158.7s)
28353.4s 206 run 5/7: nv=4 cost=1461.3 (160.4s)
28492.1s 207 run 6/7: nv=4 cost=1477.1 (138.7s)
28635.7s 208 run 7/7: nv=4 cost=1465.9 (143.6s)
28635.7s 209 → nv=4.0±0.0  td=1464.7±12.9  gap=+4.1%
28635.7s 210 
28635.7s 211 [RC201] DDQN-ALNS
28980.5s 212 run 1/7: nv=4 cost=1509.8 (344.8s)
29304.5s 213 run 2/7: nv=4 cost=1491.7 (324.0s)
29648.2s 214 run 3/7: nv=4 cost=1529.8 (343.7s)
29984.1s 215 run 4/7: nv=4 cost=1519.0 (335.9s)
30310.4s 216 run 5/7: nv=4 cost=1457.9 (326.3s)
30647.0s 217 run 6/7: nv=4 cost=1498.1 (336.6s)
30974.1s 218 run 7/7: nv=4 cost=1510.8 (327.0s)
30974.1s 219 → nv=4.0±0.0  td=1502.5±21.6  gap=+6.8%
30974.1s 220 
30974.1s 221 [RC202] ALNS
31093.2s 222 run 1/7: nv=4 cost=1197.5 (119.1s)
31219.1s 223 run 2/7: nv=4 cost=1258.5 (125.9s)
31340.0s 224 run 3/7: nv=4 cost=1228.2 (120.9s)
31470.4s 225 run 4/7: nv=4 cost=1246.9 (130.4s)
31591.0s 226 run 5/7: nv=4 cost=1163.7 (120.6s)
31711.1s 227 run 6/7: nv=4 cost=1240.6 (120.1s)
31839.8s 228 run 7/7: nv=4 cost=1198.8 (128.7s)
31839.8s 229 → nv=4.0±0.0  td=1219.2±31.2  gap=-10.7%
31839.8s 230 
31839.8s 231 [RC202] DDQN-ALNS
32131.6s 232 run 1/7: nv=4 cost=1241.2 (291.9s)
32426.9s 233 run 2/7: nv=4 cost=1179.5 (295.2s)
32718.3s 234 run 3/7: nv=4 cost=1246.3 (291.4s)
33030.2s 235 run 4/7: nv=4 cost=1243.6 (311.9s)
33298.1s 236 run 5/7: nv=4 cost=1227.4 (267.9s)
33608.8s 237 run 6/7: nv=4 cost=1210.2 (310.7s)
33917.5s 238 run 7/7: nv=4 cost=1236.3 (308.7s)
33917.5s 239 → nv=4.0±0.0  td=1226.4±22.3  gap=-10.2%
33917.5s 240 
33917.5s 241 [RC203] ALNS
34014.2s 242 run 1/7: nv=3 cost=1114.3 (96.7s)
34113.5s 243 run 2/7: nv=3 cost=1126.3 (99.3s)
34212.0s 244 run 3/7: nv=3 cost=1133.1 (98.5s)
34311.6s 245 run 4/7: nv=3 cost=1118.8 (99.6s)
34410.7s 246 run 5/7: nv=3 cost=1127.1 (99.1s)
34514.6s 247 run 6/7: nv=3 cost=1139.3 (104.0s)
34616.1s 248 run 7/7: nv=3 cost=1122.9 (101.5s)
34616.1s 249 → nv=3.0±0.0  td=1126.0±7.8  gap=+7.3%
34616.1s 250 
34616.1s 251 [RC203] DDQN-ALNS
34860.1s 252 run 1/7: nv=3 cost=1093.1 (244.0s)
35095.3s 253 run 2/7: nv=3 cost=1110.7 (235.2s)
35351.0s 254 run 3/7: nv=3 cost=1136.1 (255.7s)
35597.4s 255 run 4/7: nv=3 cost=1091.8 (246.4s)
35812.8s 256 run 5/7: nv=3 cost=1138.2 (215.3s)
36045.5s 257 run 6/7: nv=3 cost=1122.0 (232.8s)
36286.6s 258 run 7/7: nv=3 cost=1130.2 (241.1s)
36286.6s 259 → nv=3.0±0.0  td=1117.4±17.9  gap=+6.5%
36286.6s 260 
36286.6s 261 [RC204] ALNS
36368.1s 262 run 1/7: nv=3 cost=834.9 (81.4s)
36438.9s 263 run 2/7: nv=3 cost=827.4 (70.8s)
36512.1s 264 run 3/7: nv=3 cost=828.0 (73.3s)
36587.8s 265 run 4/7: nv=3 cost=846.4 (75.7s)
36659.3s 266 run 5/7: nv=3 cost=829.2 (71.5s)
36729.1s 267 run 6/7: nv=3 cost=822.7 (69.7s)
36799.9s 268 run 7/7: nv=3 cost=842.3 (70.8s)
36799.9s 269 → nv=3.0±0.0  td=833.0±8.0  gap=+4.3%
36799.9s 270 
36799.9s 271 [RC204] DDQN-ALNS
36985.4s 272 run 1/7: nv=3 cost=835.5 (185.5s)
37165.4s 273 run 2/7: nv=3 cost=836.9 (180.0s)
37362.9s 274 run 3/7: nv=3 cost=841.7 (197.5s)
37534.2s 275 run 4/7: nv=3 cost=865.0 (171.3s)
37703.3s 276 run 5/7: nv=3 cost=825.1 (169.1s)
37845.9s 277 run 6/7: nv=3 cost=854.8 (142.6s)
38053.8s 278 run 7/7: nv=3 cost=866.5 (207.9s)
38053.8s 279 → nv=3.0±0.0  td=846.5±14.7  gap=+6.0%
38053.8s 280 
38053.8s 281 [RC205] ALNS
38177.1s 282 run 1/7: nv=4 cost=1401.1 (123.3s)
38307.5s 283 run 2/7: nv=4 cost=1384.3 (130.4s)
38436.7s 284 run 3/7: nv=4 cost=1330.3 (129.2s)
38556.7s 285 run 4/7: nv=4 cost=1345.4 (120.0s)
38686.0s 286 run 5/7: nv=4 cost=1332.3 (129.3s)
38805.2s 287 run 6/7: nv=4 cost=1368.8 (119.2s)
38934.3s 288 run 7/7: nv=4 cost=1355.0 (129.1s)
38934.3s 289 → nv=4.0±0.0  td=1359.6±24.6  gap=+4.8%
38934.3s 290 
38934.3s 291 [RC205] DDQN-ALNS
39240.5s 292 run 1/7: nv=4 cost=1396.6 (306.2s)
39534.1s 293 run 2/7: nv=4 cost=1352.1 (293.6s)
39832.7s 294 run 3/7: nv=4 cost=1400.1 (298.6s)
40116.6s 295 run 4/7: nv=4 cost=1391.3 (283.9s)
40408.8s 296 run 5/7: nv=4 cost=1392.3 (292.2s)
40710.5s 297 run 6/7: nv=4 cost=1379.7 (301.7s)
41017.1s 298 run 7/7: nv=4 cost=1382.8 (306.6s)
41017.1s 299 → nv=4.0±0.0  td=1385.0±15.0  gap=+6.7%
41017.1s 300 
41017.1s 301 [RC206] ALNS
41136.6s 302 run 1/7: nv=4 cost=1096.6 (119.5s)
41252.2s 303 run 2/7: nv=4 cost=1122.2 (115.6s)
41383.3s 304 run 3/7: nv=3 cost=1162.6 (131.1s)
41515.0s 305 run 4/7: nv=3 cost=1204.6 (131.6s)
41653.9s 306 run 5/7: nv=3 cost=1211.7 (138.9s)
41768.3s 307 run 6/7: nv=4 cost=1109.7 (114.4s)
41890.2s 308 run 7/7: nv=4 cost=1110.6 (121.9s)
41890.2s 309 → nv=3.6±0.5  td=1145.4±44.1  gap=-0.1%
41890.2s 310 
41890.2s 311 [RC206] DDQN-ALNS
42175.0s 312 run 1/7: nv=4 cost=1092.6 (284.8s)
42466.8s 313 run 2/7: nv=3 cost=1208.9 (291.8s)
42763.3s 314 run 3/7: nv=3 cost=1241.3 (296.4s)
43060.7s 315 run 4/7: nv=3 cost=1188.4 (297.5s)