6.3s 1 0.00s - Debugger warning: It seems that frozen modules are being used, which may
6.3s 2 0.00s - make the debugger miss breakpoints. Please pass -Xfrozen_modules=off
6.3s 3 0.00s - to python to disable frozen modules.
6.3s 4 0.00s - Note: Debugging will proceed. Set PYDEVD_DISABLE_FILE_VALIDATION=1 to disable this validation.
6.9s 5 0.00s - Debugger warning: It seems that frozen modules are being used, which may
6.9s 6 0.00s - make the debugger miss breakpoints. Please pass -Xfrozen_modules=off
6.9s 7 0.00s - to python to disable frozen modules.
6.9s 8 0.00s - Note: Debugging will proceed. Set PYDEVD_DISABLE_FILE_VALIDATION=1 to disable this validation.
19.8s 9 ✅ Device : cuda
19.8s 10 ✅ PyTorch: 2.10.0+cu128
19.9s 11 ✅ Config ready.
20.0s 12 Loading...
20.0s 13 RC1: 8 instances
20.0s 14 RC2: 8 instances
20.0s 15 ✅ RC101: n=100, tight_TW=100%
20.1s 16 ✅ Solution model ready.
20.2s 17 ✅ Operators: 5D × 4R = 20 combos
20.2s 18 ✅ Helpers ready.
20.2s 19 Networks ready.
20.2s 20 ✅ ALNS ready.
20.3s 21 ✅ DQN solver ready.
20.3s 22 ✅ TempController ready.
20.3s 23 Actions: 0=COOL(×0.990)  1=HOLD  2=REHEAT(×1.50)
20.3s 24 Fires every segment_size=50 iterations
20.3s 25 Fully independent from operator selection
20.3s 26 ✅ DDQN-ALNS ready.
20.4s 27 ✅ Benchmark runner ready.
20.4s 28 ✅ Transfer learning pipeline ready.
20.4s 29 ✅ Stats & table utilities ready.
20.4s 30 ✅ Visualisation ready.
20.5s 31 Smoke test — RC101
20.5s 32 
44.8s 33 ALNS         nv= 16  cost=  1733.6  BKS TD +2.2% NV +2  (24.1s)
52.0s 34 DQN          nv= 42  cost=  4064.8  BKS TD +139.5% NV +28  (7.2s)
96.5s 35 DDQN-ALNS    nv= 16  cost=  1774.2  BKS TD +4.6% NV +2  (44.5s)
96.5s 36 
96.5s 37 ✓ Smoke test passed
162.6s 38 Total: 32 combos × 5 runs
162.6s 39 ============================================================
162.6s 40 
162.6s 41 [RC101] ALNS
293.7s 42 run 1/5: nv=16 cost=1695.0 (131.1s)
437.9s 43 run 2/5: nv=15 cost=1692.8 (144.2s)
588.2s 44 run 3/5: nv=15 cost=1700.1 (150.3s)
755.8s 45 run 4/5: nv=15 cost=1717.7 (167.6s)
903.3s 46 run 5/5: nv=15 cost=1677.6 (147.5s)
903.3s 47 → nv=15.2±0.4  td=1696.6±12.9  gap=-0.0%
903.3s 48 
903.3s 49 [RC101] DDQN-ALNS
1213.5s 50 run 1/5: nv=15 cost=1663.3 (310.1s)
1398.7s 51 run 2/5: nv=15 cost=1700.0 (185.2s)
1690.4s 52 run 3/5: nv=15 cost=1689.7 (291.8s)
1977.2s 53 run 4/5: nv=16 cost=1683.1 (286.7s)
2272.5s 54 run 5/5: nv=15 cost=1659.1 (295.4s)
2272.5s 55 → nv=15.2±0.4  td=1679.0±15.6  gap=-1.1%
2272.5s 56 
2272.5s 57 [RC102] ALNS
2409.2s 58 run 1/5: nv=13 cost=1529.1 (136.6s)
2547.2s 59 run 2/5: nv=13 cost=1518.5 (138.1s)
2680.7s 60 run 3/5: nv=13 cost=1516.5 (133.4s)
2815.9s 61 run 4/5: nv=13 cost=1520.4 (135.2s)
2965.6s 62 run 5/5: nv=14 cost=1523.6 (149.7s)
2965.6s 63 → nv=13.2±0.4  td=1521.6±4.4  gap=-2.1%
2965.6s 64 
2965.6s 65 [RC102] DDQN-ALNS
3240.6s 66 run 1/5: nv=13 cost=1552.1 (275.0s)
3542.3s 67 run 2/5: nv=13 cost=1489.0 (301.7s)
3845.7s 68 run 3/5: nv=13 cost=1515.3 (303.4s)
4158.5s 69 run 4/5: nv=13 cost=1500.5 (312.8s)
4463.2s 70 run 5/5: nv=13 cost=1496.7 (304.7s)
4463.2s 71 → nv=13.0±0.0  td=1510.7±22.4  gap=-2.8%
4463.2s 72 
4463.2s 73 [RC103] ALNS
4587.9s 74 run 1/5: nv=12 cost=1331.8 (124.7s)
4731.5s 75 run 2/5: nv=11 cost=1326.0 (143.6s)
4874.4s 76 run 3/5: nv=12 cost=1336.3 (142.9s)
5013.7s 77 run 4/5: nv=12 cost=1324.4 (139.3s)
5152.2s 78 run 5/5: nv=12 cost=1337.2 (138.5s)
5152.2s 79 → nv=11.8±0.4  td=1331.1±5.2  gap=+5.5%
5152.2s 80 
5152.2s 81 [RC103] DDQN-ALNS
5443.1s 82 run 1/5: nv=11 cost=1341.7 (290.9s)
5740.8s 83 run 2/5: nv=12 cost=1335.9 (297.7s)
6042.1s 84 run 3/5: nv=12 cost=1333.2 (301.3s)
6346.9s 85 run 4/5: nv=11 cost=1293.9 (304.8s)
6638.7s 86 run 5/5: nv=12 cost=1299.5 (291.8s)
6638.7s 87 → nv=11.6±0.5  td=1320.9±20.0  gap=+4.7%
6638.7s 88 
6638.7s 89 [RC104] ALNS
6755.9s 90 run 1/5: nv=10 cost=1177.4 (117.1s)
6890.3s 91 run 2/5: nv=10 cost=1175.7 (134.5s)
7010.5s 92 run 3/5: nv=10 cost=1170.6 (120.2s)
7140.9s 93 run 4/5: nv=10 cost=1188.7 (130.3s)
7280.7s 94 run 5/5: nv=10 cost=1164.7 (139.8s)
7280.7s 95 → nv=10.0±0.0  td=1175.5±8.0  gap=+3.5%
7280.7s 96 
7280.7s 97 [RC104] DDQN-ALNS
7574.2s 98 run 1/5: nv=10 cost=1146.4 (293.5s)
7872.9s 99 run 2/5: nv=10 cost=1174.1 (298.7s)
8175.4s 100 run 3/5: nv=10 cost=1182.3 (302.5s)
8471.6s 101 run 4/5: nv=10 cost=1155.4 (296.2s)
8758.3s 102 run 5/5: nv=10 cost=1146.2 (286.7s)
8758.3s 103 → nv=10.0±0.0  td=1160.9±14.7  gap=+2.2%
8758.3s 104 
8758.3s 105 [RC105] ALNS
8895.8s 106 run 1/5: nv=15 cost=1579.7 (137.5s)
9046.1s 107 run 2/5: nv=14 cost=1576.7 (150.3s)
9188.4s 108 run 3/5: nv=14 cost=1646.7 (142.3s)
9345.7s 109 run 4/5: nv=14 cost=1571.7 (157.3s)
9488.7s 110 run 5/5: nv=15 cost=1588.0 (143.0s)
9488.7s 111 → nv=14.4±0.5  td=1592.6±27.6  gap=-2.3%
9488.7s 112 
9488.7s 113 [RC105] DDQN-ALNS
9811.0s 114 run 1/5: nv=14 cost=1588.5 (322.2s)
10150.1s 115 run 2/5: nv=14 cost=1578.6 (339.1s)
10477.7s 116 run 3/5: nv=14 cost=1582.4 (327.6s)
10803.3s 117 run 4/5: nv=14 cost=1567.8 (325.6s)
11096.8s 118 run 5/5: nv=14 cost=1574.6 (293.4s)
11096.8s 119 → nv=14.0±0.0  td=1578.4±7.0  gap=-3.1%
11096.8s 120 
11096.8s 121 [RC106] ALNS
11252.7s 122 run 1/5: nv=13 cost=1417.0 (156.0s)
11423.7s 123 run 2/5: nv=13 cost=1422.2 (170.9s)
11603.1s 124 run 3/5: nv=13 cost=1406.6 (179.4s)
11779.2s 125 run 4/5: nv=13 cost=1396.0 (176.2s)
11960.8s 126 run 5/5: nv=12 cost=1405.4 (181.5s)
11960.8s 127 → nv=12.8±0.4  td=1409.4±9.2  gap=-1.1%
11960.8s 128 
11960.8s 129 [RC106] DDQN-ALNS
12283.1s 130 run 1/5: nv=13 cost=1435.6 (322.3s)
12585.9s 131 run 2/5: nv=13 cost=1428.7 (302.9s)
12894.8s 132 run 3/5: nv=13 cost=1410.6 (308.9s)
13197.4s 133 run 4/5: nv=13 cost=1413.1 (302.5s)
13490.9s 134 run 5/5: nv=13 cost=1418.8 (293.5s)
13490.9s 135 → nv=13.0±0.0  td=1421.4±9.5  gap=-0.2%
13490.9s 136 
13490.9s 137 [RC107] ALNS
13631.0s 138 run 1/5: nv=12 cost=1275.3 (140.1s)
13787.0s 139 run 2/5: nv=12 cost=1289.8 (156.1s)
13945.1s 140 run 3/5: nv=12 cost=1281.4 (158.0s)
14088.7s 141 run 4/5: nv=12 cost=1288.8 (143.7s)
14239.3s 142 run 5/5: nv=12 cost=1276.5 (150.6s)
14239.3s 143 → nv=12.0±0.0  td=1282.4±6.0  gap=+4.2%
14239.3s 144 
14239.3s 145 [RC107] DDQN-ALNS
14532.3s 146 run 1/5: nv=12 cost=1270.9 (293.0s)
14811.1s 147 run 2/5: nv=12 cost=1281.7 (278.7s)
15096.2s 148 run 3/5: nv=12 cost=1278.1 (285.2s)
15355.4s 149 run 4/5: nv=12 cost=1282.8 (259.1s)
15628.8s 150 run 5/5: nv=12 cost=1258.4 (273.4s)
15628.8s 151 → nv=12.0±0.0  td=1274.4±9.0  gap=+3.6%
15628.8s 152 
15628.8s 153 [RC108] ALNS
15780.4s 154 run 1/5: nv=10 cost=1155.0 (151.5s)
15930.5s 155 run 2/5: nv=11 cost=1161.8 (150.1s)
16089.9s 156 run 3/5: nv=11 cost=1172.5 (159.5s)
16255.9s 157 run 4/5: nv=11 cost=1150.0 (165.9s)
16404.2s 158 run 5/5: nv=11 cost=1147.8 (148.3s)
16404.2s 159 → nv=10.8±0.4  td=1157.4±8.9  gap=+1.5%
16404.2s 160 
16404.2s 161 [RC108] DDQN-ALNS
16681.3s 162 run 1/5: nv=11 cost=1154.4 (277.1s)
16953.9s 163 run 2/5: nv=11 cost=1141.3 (272.6s)
17230.3s 164 run 3/5: nv=11 cost=1168.9 (276.4s)
17506.1s 165 run 4/5: nv=11 cost=1150.8 (275.8s)
17772.9s 166 run 5/5: nv=11 cost=1153.2 (266.7s)
17772.9s 167 → nv=11.0±0.0  td=1153.7±8.9  gap=+1.2%
17772.9s 168 
17772.9s 169 [RC201] ALNS
17897.2s 170 run 1/5: nv=4 cost=1482.8 (124.4s)
18018.4s 171 run 2/5: nv=4 cost=1451.3 (121.2s)
18148.6s 172 run 3/5: nv=4 cost=1443.6 (130.2s)
18281.6s 173 run 4/5: nv=4 cost=1471.0 (133.0s)
18416.6s 174 run 5/5: nv=4 cost=1461.3 (135.0s)
18416.6s 175 → nv=4.0±0.0  td=1462.0±13.9  gap=+3.9%
18416.6s 176 
18416.6s 177 [RC201] DDQN-ALNS
18712.1s 178 run 1/5: nv=4 cost=1487.0 (295.6s)
18995.1s 179 run 2/5: nv=4 cost=1491.7 (283.0s)
19306.1s 180 run 3/5: nv=4 cost=1529.8 (311.0s)
19616.3s 181 run 4/5: nv=4 cost=1519.0 (310.3s)
19903.9s 182 run 5/5: nv=4 cost=1457.9 (287.5s)
19903.9s 183 → nv=4.0±0.0  td=1497.1±25.4  gap=+6.4%
19903.9s 184 
19903.9s 185 [RC202] ALNS
20009.8s 186 run 1/5: nv=4 cost=1197.5 (105.9s)
20123.1s 187 run 2/5: nv=4 cost=1258.5 (113.4s)
20232.0s 188 run 3/5: nv=4 cost=1228.2 (108.8s)
20348.0s 189 run 4/5: nv=4 cost=1246.9 (116.0s)
20454.6s 190 run 5/5: nv=4 cost=1163.7 (106.6s)
20454.6s 191 → nv=4.0±0.0  td=1219.0±34.5  gap=-10.7%
20454.6s 192 
20454.6s 193 [RC202] DDQN-ALNS
20731.5s 194 run 1/5: nv=4 cost=1288.9 (276.9s)
20999.9s 195 run 2/5: nv=4 cost=1179.5 (268.4s)
21268.8s 196 run 3/5: nv=4 cost=1246.3 (268.9s)
21556.5s 197 run 4/5: nv=4 cost=1243.6 (287.7s)
21803.0s 198 run 5/5: nv=4 cost=1227.4 (246.5s)
21803.0s 199 → nv=4.0±0.0  td=1237.1±35.3  gap=-9.4%
21803.0s 200 
21803.0s 201 [RC203] ALNS
21889.6s 202 run 1/5: nv=3 cost=1114.3 (86.6s)
21978.6s 203 run 2/5: nv=3 cost=1126.3 (89.1s)
22067.7s 204 run 3/5: nv=3 cost=1133.1 (89.1s)
22157.8s 205 run 4/5: nv=3 cost=1118.8 (90.1s)
22248.2s 206 run 5/5: nv=3 cost=1127.1 (90.4s)
22248.2s 207 → nv=3.0±0.0  td=1123.9±6.6  gap=+7.1%
22248.2s 208 
22248.2s 209 [RC203] DDQN-ALNS
22464.1s 210 run 1/5: nv=3 cost=1136.7 (215.9s)
22679.9s 211 run 2/5: nv=3 cost=1110.7 (215.8s)
22913.4s 212 run 3/5: nv=3 cost=1136.1 (233.5s)
23136.7s 213 run 4/5: nv=3 cost=1091.8 (223.3s)
23335.4s 214 run 5/5: nv=3 cost=1138.2 (198.7s)
23335.4s 215 → nv=3.0±0.0  td=1122.7±18.5  gap=+7.0%
23335.4s 216 
23335.4s 217 [RC204] ALNS
23409.5s 218 run 1/5: nv=3 cost=834.9 (74.1s)
23473.0s 219 run 2/5: nv=3 cost=827.4 (63.5s)
23540.2s 220 run 3/5: nv=3 cost=828.0 (67.2s)
23609.6s 221 run 4/5: nv=3 cost=846.4 (69.3s)
23674.8s 222 run 5/5: nv=3 cost=829.2 (65.3s)
23674.8s 223 → nv=3.0±0.0  td=833.2±7.1  gap=+4.3%
23674.8s 224 
23674.8s 225 [RC204] DDQN-ALNS
23838.2s 226 run 1/5: nv=3 cost=815.6 (163.3s)
23999.4s 227 run 2/5: nv=3 cost=836.9 (161.3s)
24180.2s 228 run 3/5: nv=3 cost=841.7 (180.8s)
24337.2s 229 run 4/5: nv=3 cost=860.0 (157.0s)
24488.9s 230 run 5/5: nv=3 cost=825.1 (151.7s)
24488.9s 231 → nv=3.0±0.0  td=835.9±15.1  gap=+4.7%
24488.9s 232 
24488.9s 233 [RC205] ALNS
24599.9s 234 run 1/5: nv=4 cost=1401.1 (111.0s)
24717.5s 235 run 2/5: nv=4 cost=1384.3 (117.6s)
24834.0s 236 run 3/5: nv=4 cost=1330.3 (116.5s)
24942.6s 237 run 4/5: nv=4 cost=1345.4 (108.6s)
25057.1s 238 run 5/5: nv=4 cost=1332.3 (114.6s)
25057.1s 239 → nv=4.0±0.0  td=1358.7±28.7  gap=+4.7%
25057.1s 240 
25057.1s 241 [RC205] DDQN-ALNS
25338.5s 242 run 1/5: nv=4 cost=1397.9 (281.4s)
25617.3s 243 run 2/5: nv=4 cost=1352.1 (278.8s)
25902.4s 244 run 3/5: nv=4 cost=1400.1 (285.1s)
26175.5s 245 run 4/5: nv=4 cost=1391.3 (273.1s)
26447.6s 246 run 5/5: nv=4 cost=1392.3 (272.1s)
26447.6s 247 → nv=4.0±0.0  td=1386.8±17.6  gap=+6.9%
26447.6s 248 
26447.6s 249 [RC206] ALNS
26556.8s 250 run 1/5: nv=4 cost=1096.6 (109.2s)
26661.1s 251 run 2/5: nv=4 cost=1122.2 (104.3s)
26781.1s 252 run 3/5: nv=3 cost=1162.6 (120.0s)
26902.8s 253 run 4/5: nv=3 cost=1204.6 (121.7s)
27032.8s 254 run 5/5: nv=3 cost=1211.7 (130.0s)
27032.8s 255 → nv=3.4±0.5  td=1159.5±44.9  gap=+1.2%
27032.8s 256 
27032.8s 257 [RC206] DDQN-ALNS
27309.5s 258 run 1/5: nv=3 cost=1170.2 (276.6s)
27579.6s 259 run 2/5: nv=3 cost=1208.9 (270.1s)
27846.9s 260 run 3/5: nv=3 cost=1241.3 (267.3s)
28117.6s 261 run 4/5: nv=3 cost=1188.4 (270.7s)
28381.1s 262 run 5/5: nv=3 cost=1218.5 (263.5s)
28381.1s 263 → nv=3.0±0.0  td=1205.5±24.5  gap=+5.2%
28381.1s 264 
28381.1s 265 [RC207] ALNS
28469.1s 266 run 1/5: nv=4 cost=1036.7 (87.9s)
28563.3s 267 run 2/5: nv=4 cost=1040.2 (94.3s)
28659.7s 268 run 3/5: nv=4 cost=1049.3 (96.3s)
28753.7s 269 run 4/5: nv=4 cost=1049.2 (94.1s)
28848.7s 270 run 5/5: nv=3 cost=1170.6 (94.9s)
28848.7s 271 → nv=3.8±0.4  td=1069.2±51.0  gap=+0.8%
28848.7s 272 
28848.7s 273 [RC207] DDQN-ALNS
29031.0s 274 run 1/5: nv=3 cost=1140.3 (182.3s)
29278.7s 275 run 2/5: nv=3 cost=1098.2 (247.7s)
29517.1s 276 run 3/5: nv=3 cost=1187.7 (238.4s)
29747.5s 277 run 4/5: nv=3 cost=1126.4 (230.4s)
29978.6s 278 run 5/5: nv=4 cost=1039.8 (231.1s)
29978.6s 279 → nv=3.2±0.4  td=1118.5±48.9  gap=+5.4%
29978.6s 280 
29978.6s 281 [RC208] ALNS
30081.3s 282 run 1/5: nv=3 cost=874.5 (102.7s)
30192.1s 283 run 2/5: nv=3 cost=843.7 (110.7s)
30294.9s 284 run 3/5: nv=3 cost=837.2 (102.9s)
30404.1s 285 run 4/5: nv=3 cost=845.6 (109.2s)
30510.5s 286 run 5/5: nv=3 cost=877.1 (106.3s)
30510.5s 287 → nv=3.0±0.0  td=855.6±16.7  gap=+3.3%
30510.5s 288 
30510.5s 289 [RC208] DDQN-ALNS
30737.0s 290 run 1/5: nv=3 cost=896.0 (226.5s)
30969.4s 291 run 2/5: nv=3 cost=878.7 (232.4s)
31199.0s 292 run 3/5: nv=3 cost=864.4 (229.6s)
31416.4s 293 run 4/5: nv=3 cost=849.5 (217.4s)
31639.7s 294 run 5/5: nv=3 cost=901.3 (223.6s)
31639.7s 295 → nv=3.0±0.0  td=878.0±19.3  gap=+6.0%
31639.7s 296 
31639.7s 297 ─────────────────────────────────────────────────────────────────────────────────
31639.7s 298 DS  Algorithm       NV   ±  vs BKS       TD     ±   Gap% CV_NV CV_TD   OT%   Time
31639.7s 299 ─────────────────────────────────────────────────────────────────────────────────
31639.7s 300 RC1 ALNS          12.5 0.3    +1.0   1395.8  10.3  +1.2%   2.4   0.7 100.0 147.1s
31639.7s 301 RC1 DDQN-ALNS     12.5 0.1    +1.0   1387.4  13.4  +0.6%   0.9   1.0 100.0 293.2s
31639.7s 302 ─────────────────────────────────────────────────────────────────────────────────
31639.7s 303 RC2 ALNS           3.5 0.1    +0.3   1135.1  25.4  +1.8%   3.1   2.2 100.0 103.3s
31639.7s 304 RC2 DDQN-ALNS      3.4 0.1    +0.1   1160.2  25.6  +4.0%   1.6   2.2 100.0 243.4s
31639.7s 305 ─────────────────────────────────────────────────────────────────────────────────
31639.7s 306 CV = Coefficient of Variation (std/mean × 100%) — lower is more consistent.
31639.7s 307 Negative Gap% with NV_diff>0: extra vehicle allows shorter total routes.
31639.9s 308 📚 Training transfer model...
31639.9s 309 Training on RC101...
31953.6s 310 nv=16, gap=+0.7%
31953.6s 311 Training on RC102...
32233.0s 312 nv=14, gap=-3.4%
32233.0s 313 Training on RC103...
32512.1s 314 nv=11, gap=+6.6%
32512.1s 315 Training on RC104...
32786.6s 316 nv=10, gap=+2.0%
32786.6s 317 Training on RC105...
33083.2s 318 nv=14, gap=-2.4%
33083.2s 319 Training on RC106...
33379.2s 320 nv=13, gap=+0.5%
33379.2s 321 Training on RC107...
33664.3s 322 nv=12, gap=+3.9%
33664.3s 323 Training on RC108...
33951.4s 324 nv=11, gap=+0.3%
33951.4s 325 
33951.4s 326 ✅ Transfer model saved → /kaggle/working/models/rl_alns_transfer.safetensors
33951.4s 327 Total: 8 combos × 5 runs
33951.4s 328 ============================================================
33951.4s 329 
33951.4s 330 [RC201] DDQN-ALNS★
34214.1s 331 run 1/5: nv=4 cost=1436.3 (262.7s)
34474.9s 332 run 2/5: nv=4 cost=1466.3 (260.8s)
34739.6s 333 run 3/5: nv=4 cost=1451.8 (264.7s)
35001.7s 334 run 4/5: nv=4 cost=1504.2 (262.1s)
35251.1s 335 run 5/5: nv=4 cost=1591.8 (249.4s)
35251.1s 336 → nv=4.0±0.0  td=1490.1±55.6  gap=+5.9%
35251.1s 337 
35251.1s 338 [RC202] DDQN-ALNS★
35481.8s 339 run 1/5: nv=4 cost=1264.5 (230.7s)
35698.4s 340 run 2/5: nv=4 cost=1168.4 (216.6s)
35914.9s 341 run 3/5: nv=4 cost=1287.0 (216.5s)
36135.9s 342 run 4/5: nv=4 cost=1259.5 (221.0s)
36354.7s 343 run 5/5: nv=4 cost=1225.2 (218.7s)
36354.7s 344 → nv=4.0±0.0  td=1240.9±41.3  gap=-9.1%
36354.7s 345 
36354.7s 346 [RC203] DDQN-ALNS★
36562.6s 347 run 1/5: nv=3 cost=1090.2 (207.9s)
36742.2s 348 run 2/5: nv=4 cost=995.3 (179.7s)
36949.6s 349 run 3/5: nv=3 cost=1101.8 (207.4s)
37131.6s 350 run 4/5: nv=4 cost=1002.2 (182.0s)
37322.1s 351 run 5/5: nv=3 cost=1129.6 (190.5s)
37322.1s 352 → nv=3.4±0.5  td=1063.8±54.7  gap=+1.4%
37322.1s 353 
37322.1s 354 [RC204] DDQN-ALNS★
37473.6s 355 run 1/5: nv=3 cost=863.2 (151.5s)
37608.3s 356 run 2/5: nv=4 cost=837.9 (134.7s)
37753.6s 357 run 3/5: nv=3 cost=825.2 (145.3s)
37907.8s 358 run 4/5: nv=3 cost=852.8 (154.2s)
38053.4s 359 run 5/5: nv=3 cost=846.2 (145.6s)
38053.4s 360 → nv=3.2±0.4  td=845.1±12.9  gap=+5.8%
38053.4s 361 
38053.4s 362 [RC205] DDQN-ALNS★
38277.6s 363 run 1/5: nv=5 cost=1265.6 (224.2s)
38499.0s 364 run 2/5: nv=5 cost=1282.8 (221.4s)
38738.6s 365 run 3/5: nv=4 cost=1368.2 (239.6s)
38968.8s 366 run 4/5: nv=5 cost=1267.1 (230.3s)
39210.7s 367 run 5/5: nv=4 cost=1402.3 (241.8s)
39210.7s 368 → nv=4.6±0.5  td=1317.2±56.9  gap=+1.5%
39210.7s 369 
39210.7s 370 [RC206] DDQN-ALNS★
39435.4s 371 run 1/5: nv=4 cost=1117.5 (224.8s)
39669.3s 372 run 2/5: nv=4 cost=1116.5 (233.8s)
39903.8s 373 run 3/5: nv=4 cost=1139.2 (234.5s)
40133.2s 374 run 4/5: nv=4 cost=1126.8 (229.4s)
40366.1s 375 run 5/5: nv=4 cost=1130.2 (232.9s)
40366.1s 376 → nv=4.0±0.0  td=1126.1±8.4  gap=-1.8%
40366.1s 377 
40366.1s 378 [RC207] DDQN-ALNS★
40567.6s 379 run 1/5: nv=4 cost=1031.9 (201.5s)
40770.6s 380 run 2/5: nv=4 cost=1025.9 (203.0s)
40968.2s 381 run 3/5: nv=4 cost=1021.9 (197.6s)
41169.7s 382 run 4/5: nv=4 cost=1037.0 (201.5s)
41371.0s 383 run 5/5: nv=4 cost=1050.6 (201.3s)
41371.0s 384 → nv=4.0±0.0  td=1033.5±10.0  gap=-2.6%
41371.0s 385 
41371.0s 386 [RC208] DDQN-ALNS★
41563.0s 387 run 1/5: nv=3 cost=837.4 (192.0s)
41754.0s 388 run 2/5: nv=3 cost=876.9 (191.0s)
41942.9s 389 run 3/5: nv=3 cost=877.7 (188.9s)
42121.0s 390 run 4/5: nv=3 cost=881.5 (178.0s)
42318.4s 391 run 5/5: nv=3 cost=841.5 (197.6s)
42318.4s 392 → nv=3.0±0.0  td=863.0±19.3  gap=+4.2%
42318.4s 393 
42318.4s 394 ─────────────────────────────────────────────────────────────────────────────────
42318.4s 395 DS  Algorithm       NV   ±  vs BKS       TD     ±   Gap% CV_NV CV_TD   OT%   Time
42318.4s 396 ─────────────────────────────────────────────────────────────────────────────────
42318.4s 397 RC2 ALNS           3.5 0.1    +0.3   1135.1  25.4  +1.8%   3.1   2.2 100.0 103.3s
42318.4s 398 RC2 DDQN-ALNS      3.4 0.1    +0.1   1160.2  25.6  +4.0%   1.6   2.2 100.0 243.4s
42318.4s 399 RC2 DDQN-ALNS★     3.8 0.2    +0.5   1122.5  32.4  +0.7%   4.7   2.8 100.0 209.2s
42318.4s 400 ─────────────────────────────────────────────────────────────────────────────────
42318.4s 401 CV = Coefficient of Variation (std/mean × 100%) — lower is more consistent.
42318.4s 402 Negative Gap% with NV_diff>0: extra vehicle allows shorter total routes.
42318.6s 403 ============================================================
42318.6s 404 FULL RESULTS TABLE
42318.6s 405 
42318.6s 406 ─────────────────────────────────────────────────────────────────────────────────
42318.6s 407 DS  Algorithm       NV   ±  vs BKS       TD     ±   Gap% CV_NV CV_TD   OT%   Time
42318.6s 408 ─────────────────────────────────────────────────────────────────────────────────
42318.6s 409 RC1 ALNS          12.5 0.3    +1.0   1395.8  10.3  +1.2%   2.4   0.7 100.0 147.1s
42318.6s 410 RC1 DDQN-ALNS     12.5 0.1    +1.0   1387.4  13.4  +0.6%   0.9   1.0 100.0 293.2s
42318.6s 411 ─────────────────────────────────────────────────────────────────────────────────
42318.6s 412 RC2 ALNS           3.5 0.1    +0.3   1135.1  25.4  +1.8%   3.1   2.2 100.0 103.3s
42318.6s 413 RC2 DDQN-ALNS      3.4 0.1    +0.1   1160.2  25.6  +4.0%   1.6   2.2 100.0 243.4s
42318.6s 414 RC2 DDQN-ALNS★     3.8 0.2    +0.5   1122.5  32.4  +0.7%   4.7   2.8 100.0 209.2s
42318.6s 415 ─────────────────────────────────────────────────────────────────────────────────
42318.6s 416 CV = Coefficient of Variation (std/mean × 100%) — lower is more consistent.
42318.6s 417 Negative Gap% with NV_diff>0: extra vehicle allows shorter total routes.
42318.6s 418 
42318.6s 419 ============================================================
42318.6s 420 STATISTICAL TESTS
42318.6s 421 
42318.6s 422 ── Statistical Significance (Wilcoxon signed-rank, two-sided) ──
42318.6s 423 Comparison                  DatasetMetric    W-stat  p-value  Sig      Better
42318.6s 424 ──────────────────────────────────────────────────────────────────────
42318.6s 425 DDQN-ALNS vs ALNS      RC1   Gap%         5.0   0.0781    —   DDQN-ALNS
42318.6s 426 DDQN-ALNS vs ALNS      RC1   NV_mean      4.0   0.5000    —   DDQN-ALNS
42318.6s 427 DDQN-ALNS vs ALNS      RC2   Gap%         1.0   0.0156    ✅        ALNS
42318.6s 428 DDQN-ALNS vs ALNS      RC2   NV_mean      0.0   0.5000    —   DDQN-ALNS
42318.6s 429 DDQN-ALNS★ vs ALNS      RC2   Gap%        10.0   0.3125    —  DDQN-ALNS★
42318.8s 430 DDQN-ALNS★ vs ALNS      RC2   NV_mean      0.0   0.0625    —        ALNS
42318.8s 431 ──────────────────────────────────────────────────────────────────────
42318.8s 432 ✅ = p < 0.05 (statistically significant difference)
42318.8s 433 
42318.8s 434 ============================================================
42318.8s 435 DASHBOARD
42320.4s 436 
42320.4s 437 ============================================================
42320.4s 438 TRANSFER: DDQN-ALNS★ vs ALNS on RC2
42320.5s 439 
42320.5s 440 ── RC1 per-instance detail ──
42320.5s 441 Gap%           NV_cv           NV_mean            TD_mean
42320.5s 442 Algorithm  ALNS DDQN-ALNS  ALNS DDQN-ALNS    ALNS DDQN-ALNS     ALNS DDQN-ALNS
42320.5s 443 Instance
42320.5s 444 RC101     -0.02     -1.06  2.63      2.63    15.2      15.2  1696.64   1679.03
42320.5s 445 RC102     -2.13     -2.83  3.03      0.00    13.2      13.0  1521.63   1510.72
42320.5s 446 RC103      5.51      4.69  3.39      4.22    11.8      11.6  1331.14   1320.86
42320.5s 447 RC104      3.52      2.24  0.00      0.00    10.0      10.0  1175.45   1160.88
42320.5s 448 RC105     -2.26     -3.13  3.40      0.00    14.4      14.0  1592.55   1578.38
42320.5s 449 RC106     -1.07     -0.24  3.12      0.00    12.8      13.0  1409.42   1421.38
42320.5s 450 RC107      4.22      3.57  0.00      0.00    12.0      12.0  1282.37   1274.36
42320.5s 451 RC108      1.54      1.22  3.70      0.00    10.8      11.0  1157.40   1153.71
42320.5s 452 
42320.5s 453 ── RC2 per-instance detail ──
42320.5s 454 Gap%                       NV_cv                      NV_mean                       TD_mean
42320.5s 455 Algorithm   ALNS DDQN-ALNS DDQN-ALNS★   ALNS DDQN-ALNS DDQN-ALNS★    ALNS DDQN-ALNS DDQN-ALNS★     ALNS DDQN-ALNS DDQN-ALNS★
42320.5s 456 Instance
42320.5s 457 RC201       3.91      6.41       5.91   0.00       0.0       0.00     4.0       4.0        4.0  1461.99   1497.10    1490.07
42320.5s 458 RC202     -10.74     -9.41      -9.13   0.00       0.0       0.00     4.0       4.0        4.0  1218.98   1237.14    1240.91
42320.5s 459 RC203       7.08      6.96       1.35   0.00       0.0      14.41     3.0       3.0        3.4  1123.92   1122.69    1063.83
42320.5s 460 RC204       4.35      4.68       5.84   0.00       0.0      12.50     3.0       3.0        3.2   833.18    835.86     845.09
42320.5s 461 RC205       4.70      6.87       1.51   0.00       0.0      10.65     4.0       4.0        4.6  1358.70   1386.76    1317.18
42320.5s 462 RC206       1.15      5.16      -1.77  14.41       0.0       0.00     3.4       3.0        4.0  1159.54   1205.47    1126.05
42320.5s 463 RC207       0.76      5.40      -2.61  10.53      12.5       0.00     3.8       3.2        4.0  1069.19   1118.48    1033.46
42320.5s 464 RC208       3.32      6.02       4.21   0.00       0.0       0.00     3.0       3.0        3.0   855.61    877.98     863.00
42766.1s 465 Exporting NEXUS demo for RC101...
42899.7s 466 ALNS      : nv=16, td=1695.0, gap=-0.1%