7.1s 1 0.00s - Debugger warning: It seems that frozen modules are being used, which may
7.1s 2 0.00s - make the debugger miss breakpoints. Please pass -Xfrozen_modules=off
7.1s 3 0.00s - to python to disable frozen modules.
7.1s 4 0.00s - Note: Debugging will proceed. Set PYDEVD_DISABLE_FILE_VALIDATION=1 to disable this validation.
7.7s 5 0.00s - Debugger warning: It seems that frozen modules are being used, which may
7.7s 6 0.00s - make the debugger miss breakpoints. Please pass -Xfrozen_modules=off
7.7s 7 0.00s - to python to disable frozen modules.
7.7s 8 0.00s - Note: Debugging will proceed. Set PYDEVD_DISABLE_FILE_VALIDATION=1 to disable this validation.
20.6s 9 ✅ Device : cuda
20.6s 10 ✅ PyTorch: 2.10.0+cu128
20.6s 11 ✅ Config ready.
20.8s 12 Loading...
20.8s 13 RC1: 8 instances
20.8s 14 RC2: 8 instances
20.8s 15 ✅ RC101: n=100, tight_TW=100%
20.9s 16 ✅ Solution model ready.
21.0s 17 ✅ Operators: 5D × 4R = 20 combos
21.0s 18 ✅ Helpers ready.
21.1s 19 ✅ Networks ready.
21.1s 20 ✅ ALNS ready.
21.1s 21 ✅ DQN solver ready.
21.2s 22 ✅ RL-ALNS ready.
21.2s 23 ✅ Benchmark runner ready.
21.2s 24 ✅ Transfer learning pipeline ready.
21.2s 25 ✅ Stats & table utilities ready.
21.3s 26 ✅ Visualisation ready.
21.3s 27 Smoke test — RC101
21.3s 28 
46.5s 29 ALNS         nv= 16  cost=  1733.6  BKS TD +2.2% NV +2  (25.0s)
54.2s 30 DQN          nv= 44  cost=  4183.0  BKS TD +146.5% NV +30  (7.6s)
113.0s 31 RL-ALNS      nv= 16  cost=  1676.2  BKS TD -1.2% NV +2  (58.8s)
113.0s 32 
113.0s 33 ✓ Smoke test passed
194.9s 34 Total: 48 combos × 5 runs
194.9s 35 ============================================================
194.9s 36 
194.9s 37 [RC101] ALNS
275.3s 38 run 1/5: nv=15 cost=1739.5 (80.3s)
359.3s 39 run 2/5: nv=15 cost=1641.3 (84.0s)
443.3s 40 run 3/5: nv=16 cost=1682.8 (84.1s)
542.0s 41 run 4/5: nv=16 cost=1674.5 (98.6s)
631.8s 42 run 5/5: nv=15 cost=1721.2 (89.9s)
631.8s 43 → nv=15.4±0.5  td=1691.9±34.8  gap=-0.3%
631.8s 44 
631.8s 45 [RC101] DQN
633.2s 46 run 1/5: nv=42 cost=4156.5 (1.5s)
634.7s 47 run 2/5: nv=42 cost=4137.2 (1.4s)
636.3s 48 run 3/5: nv=47 cost=4345.0 (1.6s)
637.7s 49 run 4/5: nv=39 cost=4025.2 (1.4s)
639.4s 50 run 5/5: nv=51 cost=4559.7 (1.6s)
639.4s 51 → nv=44.2±4.3  td=4244.7±188.1  gap=+150.1%
639.4s 52 
639.4s 53 [RC101] RL-ALNS
839.8s 54 run 1/5: nv=15 cost=1698.6 (200.5s)
1026.1s 55 run 2/5: nv=15 cost=1702.9 (186.3s)
1183.6s 56 run 3/5: nv=15 cost=1723.0 (157.5s)
1370.2s 57 run 4/5: nv=15 cost=1676.7 (186.6s)
1518.1s 58 run 5/5: nv=16 cost=1687.7 (147.9s)
1518.1s 59 → nv=15.2±0.4  td=1697.8±15.6  gap=+0.0%
1518.1s 60 
1518.1s 61 [RC102] ALNS
1595.9s 62 run 1/5: nv=14 cost=1537.2 (77.8s)
1671.4s 63 run 2/5: nv=14 cost=1517.7 (75.5s)
1751.0s 64 run 3/5: nv=14 cost=1515.9 (79.6s)
1844.4s 65 run 4/5: nv=13 cost=1523.8 (93.4s)
1931.2s 66 run 5/5: nv=14 cost=1517.0 (86.8s)
1931.2s 67 → nv=13.8±0.4  td=1522.3±7.9  gap=-2.1%
1931.2s 68 
1931.2s 69 [RC102] DQN
1932.7s 70 run 1/5: nv=41 cost=4457.4 (1.5s)
1934.1s 71 run 2/5: nv=34 cost=4168.8 (1.4s)
1935.6s 72 run 3/5: nv=36 cost=4252.0 (1.5s)
1937.0s 73 run 4/5: nv=36 cost=4077.4 (1.4s)
1938.4s 74 run 5/5: nv=40 cost=4178.8 (1.4s)
1938.4s 75 → nv=37.4±2.7  td=4226.9±127.9  gap=+171.9%
1938.4s 76 
1938.4s 77 [RC102] RL-ALNS
2121.8s 78 run 1/5: nv=14 cost=1514.6 (183.4s)
2313.6s 79 run 2/5: nv=13 cost=1540.1 (191.8s)
2490.7s 80 run 3/5: nv=14 cost=1500.6 (177.0s)
2677.5s 81 run 4/5: nv=14 cost=1495.8 (186.8s)
2853.0s 82 run 5/5: nv=13 cost=1538.7 (175.5s)
2853.0s 83 → nv=13.6±0.5  td=1517.9±18.5  gap=-2.4%
2853.0s 84 
2853.0s 85 [RC103] ALNS
2931.4s 86 run 1/5: nv=12 cost=1352.0 (78.3s)
3008.4s 87 run 2/5: nv=12 cost=1357.2 (77.0s)
3095.9s 88 run 3/5: nv=11 cost=1311.2 (87.5s)
3177.1s 89 run 4/5: nv=12 cost=1354.6 (81.2s)
3258.2s 90 run 5/5: nv=12 cost=1334.8 (81.2s)
3258.2s 91 → nv=11.8±0.4  td=1342.0±17.3  gap=+6.4%
3258.2s 92 
3258.2s 93 [RC103] DQN
3259.7s 94 run 1/5: nv=33 cost=4179.8 (1.4s)
3261.1s 95 run 2/5: nv=32 cost=4143.5 (1.5s)
3262.7s 96 run 3/5: nv=37 cost=4322.2 (1.6s)
3264.1s 97 run 4/5: nv=33 cost=3883.4 (1.4s)
3265.6s 98 run 5/5: nv=36 cost=4143.8 (1.5s)
3265.6s 99 → nv=34.2±1.9  td=4134.5±141.8  gap=+227.7%
3265.6s 100 
3265.6s 101 [RC103] RL-ALNS
3448.4s 102 run 1/5: nv=11 cost=1320.7 (182.8s)
3619.5s 103 run 2/5: nv=11 cost=1327.8 (171.1s)
3804.8s 104 run 3/5: nv=11 cost=1282.1 (185.3s)
3981.9s 105 run 4/5: nv=12 cost=1326.0 (177.1s)
4151.5s 106 run 5/5: nv=12 cost=1361.2 (169.6s)
4151.5s 107 → nv=11.4±0.5  td=1323.6±25.2  gap=+4.9%
4151.5s 108 
4151.5s 109 [RC104] ALNS
4217.7s 110 run 1/5: nv=10 cost=1234.1 (66.2s)
4287.1s 111 run 2/5: nv=10 cost=1154.9 (69.5s)
4353.7s 112 run 3/5: nv=10 cost=1190.5 (66.5s)
4425.9s 113 run 4/5: nv=10 cost=1198.0 (72.3s)
4503.0s 114 run 5/5: nv=10 cost=1186.2 (77.1s)
4503.0s 115 → nv=10.0±0.0  td=1192.7±25.4  gap=+5.0%
4503.0s 116 
4503.0s 117 [RC104] DQN
4504.5s 118 run 1/5: nv=28 cost=4190.2 (1.5s)
4506.1s 119 run 2/5: nv=27 cost=4061.0 (1.5s)
4507.6s 120 run 3/5: nv=29 cost=4167.8 (1.6s)
4509.0s 121 run 4/5: nv=29 cost=3879.5 (1.4s)
4510.5s 122 run 5/5: nv=27 cost=4017.7 (1.5s)
4510.5s 123 → nv=28.0±0.9  td=4063.2±112.2  gap=+257.8%
4510.5s 124 
4510.5s 125 [RC104] RL-ALNS
4683.1s 126 run 1/5: nv=11 cost=1187.1 (172.6s)
4855.9s 127 run 2/5: nv=10 cost=1152.6 (172.7s)
5031.7s 128 run 3/5: nv=10 cost=1137.5 (175.9s)
5204.3s 129 run 4/5: nv=10 cost=1199.9 (172.6s)
5374.1s 130 run 5/5: nv=10 cost=1178.5 (169.7s)
5374.1s 131 → nv=10.2±0.4  td=1171.1±22.9  gap=+3.1%
5374.1s 132 
5374.1s 133 [RC105] ALNS
5456.3s 134 run 1/5: nv=15 cost=1567.7 (82.2s)
5544.8s 135 run 2/5: nv=15 cost=1579.4 (88.5s)
5619.9s 136 run 3/5: nv=15 cost=1617.4 (75.1s)
5714.9s 137 run 4/5: nv=14 cost=1575.8 (95.0s)
5797.2s 138 run 5/5: nv=15 cost=1605.8 (82.3s)
5797.2s 139 → nv=14.8±0.4  td=1589.2±19.0  gap=-2.5%
5797.2s 140 
5797.2s 141 [RC105] DQN
5798.7s 142 run 1/5: nv=38 cost=4113.1 (1.5s)
5800.1s 143 run 2/5: nv=40 cost=4086.2 (1.4s)
5801.6s 144 run 3/5: nv=38 cost=4245.3 (1.5s)
5803.0s 145 run 4/5: nv=37 cost=3955.1 (1.4s)
5804.5s 146 run 5/5: nv=41 cost=4222.4 (1.5s)
5804.5s 147 → nv=38.8±1.5  td=4124.4±104.4  gap=+153.1%
5804.5s 148 
5804.5s 149 [RC105] RL-ALNS
5992.5s 150 run 1/5: nv=15 cost=1579.7 (188.0s)
6170.3s 151 run 2/5: nv=14 cost=1581.5 (177.9s)
6357.8s 152 run 3/5: nv=15 cost=1564.7 (187.5s)
6546.6s 153 run 4/5: nv=15 cost=1568.1 (188.8s)
6712.5s 154 run 5/5: nv=14 cost=1623.7 (165.9s)
6712.5s 155 → nv=14.6±0.5  td=1583.6±21.1  gap=-2.8%
6712.5s 156 
6712.5s 157 [RC106] ALNS
6797.8s 158 run 1/5: nv=13 cost=1424.0 (85.2s)
6887.7s 159 run 2/5: nv=13 cost=1401.1 (89.9s)
6986.4s 160 run 3/5: nv=13 cost=1411.6 (98.7s)
7090.2s 161 run 4/5: nv=13 cost=1447.1 (103.7s)
7186.9s 162 run 5/5: nv=13 cost=1424.2 (96.8s)
7186.9s 163 → nv=13.0±0.0  td=1421.6±15.4  gap=-0.2%
7186.9s 164 
7186.9s 165 [RC106] DQN
7188.3s 166 run 1/5: nv=36 cost=3977.1 (1.4s)
7189.8s 167 run 2/5: nv=33 cost=3696.3 (1.5s)
7191.4s 168 run 3/5: nv=37 cost=4121.8 (1.6s)
7192.8s 169 run 4/5: nv=33 cost=3798.2 (1.4s)
7194.2s 170 run 5/5: nv=34 cost=3824.7 (1.4s)
7194.2s 171 → nv=34.6±1.6  td=3883.6±149.2  gap=+172.6%
7194.2s 172 
7194.2s 173 [RC106] RL-ALNS
7385.8s 174 run 1/5: nv=13 cost=1442.0 (191.5s)
7581.0s 175 run 2/5: nv=13 cost=1421.0 (195.3s)
7771.5s 176 run 3/5: nv=13 cost=1414.0 (190.5s)
7954.7s 177 run 4/5: nv=13 cost=1433.4 (183.1s)
8140.3s 178 run 5/5: nv=13 cost=1430.9 (185.6s)
8140.3s 179 → nv=13.0±0.0  td=1428.3±9.8  gap=+0.2%
8140.3s 180 
8140.3s 181 [RC107] ALNS
8223.8s 182 run 1/5: nv=12 cost=1305.7 (83.5s)
8315.2s 183 run 2/5: nv=12 cost=1289.1 (91.5s)
8399.1s 184 run 3/5: nv=12 cost=1268.7 (83.8s)
8487.5s 185 run 4/5: nv=12 cost=1303.8 (88.4s)
8570.8s 186 run 5/5: nv=12 cost=1291.4 (83.4s)
8570.8s 187 → nv=12.0±0.0  td=1291.7±13.2  gap=+5.0%
8570.8s 188 
8570.8s 189 [RC107] DQN
8572.3s 190 run 1/5: nv=31 cost=3998.6 (1.5s)
8573.8s 191 run 2/5: nv=33 cost=3908.9 (1.5s)
8575.2s 192 run 3/5: nv=31 cost=4052.3 (1.5s)
8576.6s 193 run 4/5: nv=29 cost=3856.8 (1.4s)
8578.1s 194 run 5/5: nv=34 cost=4047.2 (1.5s)
8578.1s 195 → nv=31.6±1.7  td=3972.8±77.5  gap=+222.9%
8578.1s 196 
8578.1s 197 [RC107] RL-ALNS
8762.9s 198 run 1/5: nv=12 cost=1294.3 (184.8s)
8944.5s 199 run 2/5: nv=12 cost=1258.6 (181.6s)
9134.8s 200 run 3/5: nv=12 cost=1266.0 (190.3s)
9314.3s 201 run 4/5: nv=12 cost=1284.6 (179.6s)
9492.5s 202 run 5/5: nv=12 cost=1267.4 (178.2s)
9492.5s 203 → nv=12.0±0.0  td=1274.2±13.2  gap=+3.6%
9492.5s 204 
9492.5s 205 [RC108] ALNS
9583.7s 206 run 1/5: nv=11 cost=1166.3 (91.1s)
9676.4s 207 run 2/5: nv=11 cost=1159.8 (92.8s)
9776.7s 208 run 3/5: nv=11 cost=1173.1 (100.2s)
9871.7s 209 run 4/5: nv=11 cost=1158.0 (95.1s)
9964.6s 210 run 5/5: nv=11 cost=1148.5 (92.9s)
9964.6s 211 → nv=11.0±0.0  td=1161.1±8.3  gap=+1.9%
9964.6s 212 
9964.6s 213 [RC108] DQN
9966.1s 214 run 1/5: nv=30 cost=4075.2 (1.5s)
9967.5s 215 run 2/5: nv=27 cost=3815.4 (1.4s)
9969.0s 216 run 3/5: nv=27 cost=3891.3 (1.5s)
9970.4s 217 run 4/5: nv=26 cost=3750.7 (1.4s)
9971.9s 218 run 5/5: nv=28 cost=3992.5 (1.5s)
9971.9s 219 → nv=27.6±1.4  td=3905.0±117.2  gap=+242.6%
9971.9s 220 
9971.9s 221 [RC108] RL-ALNS
10149.9s 222 run 1/5: nv=11 cost=1146.5 (178.0s)
10337.9s 223 run 2/5: nv=11 cost=1163.7 (188.0s)
10520.4s 224 run 3/5: nv=11 cost=1166.1 (182.5s)
10697.7s 225 run 4/5: nv=11 cost=1162.4 (177.3s)
10873.4s 226 run 5/5: nv=11 cost=1147.2 (175.7s)
10873.4s 227 → nv=11.0±0.0  td=1157.2±8.5  gap=+1.5%
10873.4s 228 
10873.4s 229 [RC201] ALNS
10954.6s 230 run 1/5: nv=4 cost=1473.8 (81.2s)
11035.4s 231 run 2/5: nv=4 cost=1468.1 (80.8s)
11111.3s 232 run 3/5: nv=4 cost=1513.6 (75.9s)
11194.6s 233 run 4/5: nv=4 cost=1486.4 (83.3s)
11274.2s 234 run 5/5: nv=4 cost=1489.2 (79.7s)
11274.2s 235 → nv=4.0±0.0  td=1486.2±15.8  gap=+5.6%
11274.2s 236 
11274.2s 237 [RC201] DQN
11275.6s 238 run 1/5: nv=25 cost=4315.0 (1.4s)
11277.0s 239 run 2/5: nv=21 cost=4503.5 (1.4s)
11278.5s 240 run 3/5: nv=25 cost=4522.0 (1.5s)
11279.8s 241 run 4/5: nv=23 cost=4169.0 (1.3s)
11281.5s 242 run 5/5: nv=26 cost=4552.9 (1.6s)
11281.5s 243 → nv=24.0±1.8  td=4412.5±147.5  gap=+213.6%
11281.5s 244 
11281.5s 245 [RC201] RL-ALNS
11464.4s 246 run 1/5: nv=4 cost=1469.9 (182.9s)
11648.9s 247 run 2/5: nv=4 cost=1443.4 (184.5s)
11840.5s 248 run 3/5: nv=4 cost=1473.2 (191.6s)
12022.2s 249 run 4/5: nv=4 cost=1452.4 (181.7s)
12188.4s 250 run 5/5: nv=4 cost=1484.2 (166.1s)
12188.4s 251 → nv=4.0±0.0  td=1464.6±14.8  gap=+4.1%
12188.4s 252 
12188.4s 253 [RC202] ALNS
12250.1s 254 run 1/5: nv=4 cost=1213.8 (61.7s)
12312.8s 255 run 2/5: nv=4 cost=1185.4 (62.7s)
12375.3s 256 run 3/5: nv=4 cost=1231.2 (62.6s)
12443.2s 257 run 4/5: nv=4 cost=1224.2 (67.8s)
12506.2s 258 run 5/5: nv=4 cost=1205.7 (63.0s)
12506.2s 259 → nv=4.0±0.0  td=1212.0±15.9  gap=-11.2%
12506.2s 260 
12506.2s 261 [RC202] DQN
12507.6s 262 run 1/5: nv=24 cost=4443.3 (1.4s)
12509.0s 263 run 2/5: nv=20 cost=4203.2 (1.4s)
12510.6s 264 run 3/5: nv=23 cost=4563.6 (1.6s)
12512.0s 265 run 4/5: nv=19 cost=4399.7 (1.4s)
12513.5s 266 run 5/5: nv=21 cost=4482.3 (1.4s)
12513.5s 267 → nv=21.4±1.9  td=4418.4±120.4  gap=+223.5%
12513.5s 268 
12513.5s 269 [RC202] RL-ALNS
12679.5s 270 run 1/5: nv=4 cost=1252.0 (166.1s)
12847.0s 271 run 2/5: nv=4 cost=1208.0 (167.5s)
13012.8s 272 run 3/5: nv=4 cost=1274.7 (165.8s)
13178.3s 273 run 4/5: nv=4 cost=1288.4 (165.5s)
13342.3s 274 run 5/5: nv=4 cost=1242.5 (164.0s)
13342.3s 275 → nv=4.0±0.0  td=1253.1±27.8  gap=-8.2%
13342.3s 276 
13342.3s 277 [RC203] ALNS
13393.9s 278 run 1/5: nv=3 cost=1131.7 (51.6s)
13446.2s 279 run 2/5: nv=3 cost=1119.3 (52.3s)
13501.3s 280 run 3/5: nv=3 cost=1118.2 (55.1s)
13553.7s 281 run 4/5: nv=3 cost=1106.7 (52.4s)
13616.0s 282 run 5/5: nv=3 cost=1135.8 (62.3s)
13616.0s 283 → nv=3.0±0.0  td=1122.3±10.4  gap=+6.9%
13616.0s 284 
13616.0s 285 [RC203] DQN
13617.5s 286 run 1/5: nv=19 cost=4342.2 (1.5s)
13619.0s 287 run 2/5: nv=20 cost=4253.2 (1.5s)
13620.6s 288 run 3/5: nv=17 cost=4446.6 (1.6s)
13622.1s 289 run 4/5: nv=16 cost=4168.2 (1.5s)
13623.6s 290 run 5/5: nv=16 cost=4152.7 (1.5s)
13623.6s 291 → nv=17.6±1.6  td=4272.6±110.3  gap=+307.1%
13623.6s 292 
13623.6s 293 [RC203] RL-ALNS
13757.2s 294 run 1/5: nv=3 cost=1124.5 (133.6s)
13898.3s 295 run 2/5: nv=3 cost=1097.8 (141.1s)
14032.1s 296 run 3/5: nv=3 cost=1116.3 (133.9s)
14165.9s 297 run 4/5: nv=3 cost=1130.1 (133.7s)
14274.5s 298 run 5/5: nv=3 cost=1111.4 (108.7s)
14274.5s 299 → nv=3.0±0.0  td=1116.0±11.1  gap=+6.3%
14274.5s 300 
14274.5s 301 [RC204] ALNS
14314.4s 302 run 1/5: nv=3 cost=824.3 (39.9s)
14355.4s 303 run 2/5: nv=3 cost=850.9 (40.9s)
14394.4s 304 run 3/5: nv=3 cost=845.3 (39.0s)
14433.9s 305 run 4/5: nv=3 cost=843.1 (39.5s)
14473.5s 306 run 5/5: nv=3 cost=835.4 (39.6s)
14473.5s 307 → nv=3.0±0.0  td=839.8±9.2  gap=+5.2%
14473.5s 308 
14473.5s 309 [RC204] DQN
14475.0s 310 run 1/5: nv=11 cost=4145.7 (1.5s)
14476.4s 311 run 2/5: nv=12 cost=4184.5 (1.4s)
14478.0s 312 run 3/5: nv=17 cost=4484.2 (1.6s)
14479.4s 313 run 4/5: nv=11 cost=4079.8 (1.4s)
14481.1s 314 run 5/5: nv=13 cost=4386.7 (1.6s)
14481.1s 315 → nv=12.8±2.2  td=4256.2±153.3  gap=+433.0%
14481.1s 316 
14481.1s 317 [RC204] RL-ALNS
14593.3s 318 run 1/5: nv=3 cost=855.3 (112.2s)
14694.2s 319 run 2/5: nv=3 cost=825.5 (100.9s)
14797.7s 320 run 3/5: nv=3 cost=841.2 (103.5s)
14875.2s 321 run 4/5: nv=3 cost=842.2 (77.5s)
14973.6s 322 run 5/5: nv=3 cost=829.7 (98.4s)
14973.6s 323 → nv=3.0±0.0  td=838.7±10.5  gap=+5.0%
14973.6s 324 
14973.6s 325 [RC205] ALNS
15036.3s 326 run 1/5: nv=5 cost=1297.0 (62.7s)
15105.2s 327 run 2/5: nv=4 cost=1454.6 (68.9s)
15174.0s 328 run 3/5: nv=4 cost=1398.4 (68.7s)
15241.3s 329 run 4/5: nv=4 cost=1392.4 (67.4s)
15309.2s 330 run 5/5: nv=4 cost=1374.7 (67.9s)
15309.2s 331 → nv=4.2±0.4  td=1383.4±50.8  gap=+6.6%
15309.2s 332 
15309.2s 333 [RC205] DQN
15310.6s 334 run 1/5: nv=20 cost=4226.4 (1.4s)
15312.1s 335 run 2/5: nv=25 cost=4446.6 (1.5s)
15313.6s 336 run 3/5: nv=25 cost=4460.8 (1.6s)
15315.0s 337 run 4/5: nv=18 cost=4005.9 (1.4s)
15316.5s 338 run 5/5: nv=22 cost=4408.5 (1.5s)
15316.5s 339 → nv=22.0±2.8  td=4309.6±173.5  gap=+232.1%
15316.5s 340 
15316.5s 341 [RC205] RL-ALNS
15482.4s 342 run 1/5: nv=4 cost=1385.7 (165.9s)
15649.0s 343 run 2/5: nv=4 cost=1329.1 (166.6s)
15823.1s 344 run 3/5: nv=4 cost=1350.9 (174.2s)
15990.2s 345 run 4/5: nv=4 cost=1371.9 (167.1s)
16124.1s 346 run 5/5: nv=4 cost=1359.5 (133.9s)
16124.1s 347 → nv=4.0±0.0  td=1359.4±19.2  gap=+4.8%
16124.1s 348 
16124.1s 349 [RC206] ALNS
16187.5s 350 run 1/5: nv=4 cost=1092.7 (63.4s)
16250.3s 351 run 2/5: nv=4 cost=1108.7 (62.8s)
16314.6s 352 run 3/5: nv=4 cost=1132.0 (64.4s)
16395.2s 353 run 4/5: nv=3 cost=1179.9 (80.5s)
16463.9s 354 run 5/5: nv=4 cost=1123.5 (68.7s)
16463.9s 355 → nv=3.8±0.4  td=1127.3±29.5  gap=-1.7%
16463.9s 356 
16463.9s 357 [RC206] DQN
16465.2s 358 run 1/5: nv=17 cost=4294.3 (1.4s)
16466.7s 359 run 2/5: nv=21 cost=4404.7 (1.5s)
16468.2s 360 run 3/5: nv=16 cost=4308.6 (1.5s)
16469.5s 361 run 4/5: nv=14 cost=4000.3 (1.3s)
16471.1s 362 run 5/5: nv=26 cost=4497.1 (1.6s)
16471.1s 363 → nv=18.8±4.3  td=4301.0±167.2  gap=+275.2%
16471.1s 364 
16471.1s 365 [RC206] RL-ALNS
16646.7s 366 run 1/5: nv=3 cost=1246.2 (175.6s)
16819.9s 367 run 2/5: nv=4 cost=1102.9 (173.1s)
16984.7s 368 run 3/5: nv=4 cost=1145.0 (164.9s)
17152.9s 369 run 4/5: nv=3 cost=1241.9 (168.2s)
17313.6s 370 run 5/5: nv=3 cost=1208.1 (160.7s)
17313.6s 371 → nv=3.4±0.5  td=1188.8±56.2  gap=+3.7%
17313.6s 372 
17313.6s 373 [RC207] ALNS
17374.3s 374 run 1/5: nv=3 cost=1126.1 (60.7s)
17434.1s 375 run 2/5: nv=3 cost=1101.1 (59.8s)
17502.4s 376 run 3/5: nv=3 cost=1206.2 (68.3s)
17558.5s 377 run 4/5: nv=4 cost=1066.7 (56.0s)
17612.4s 378 run 5/5: nv=4 cost=1030.4 (54.0s)
17612.4s 379 → nv=3.4±0.5  td=1106.1±59.6  gap=+4.2%
17612.4s 380 
17612.4s 381 [RC207] DQN
17613.9s 382 run 1/5: nv=15 cost=4283.8 (1.5s)
17615.4s 383 run 2/5: nv=17 cost=4244.9 (1.5s)
17616.9s 384 run 3/5: nv=14 cost=4350.7 (1.6s)
17618.3s 385 run 4/5: nv=13 cost=4230.1 (1.4s)
17619.8s 386 run 5/5: nv=25 cost=4318.9 (1.4s)
17619.8s 387 → nv=16.8±4.3  td=4285.7±44.9  gap=+303.9%
17619.8s 388 
17619.8s 389 [RC207] RL-ALNS
17764.9s 390 run 1/5: nv=4 cost=1022.5 (145.1s)
17914.8s 391 run 2/5: nv=4 cost=1039.7 (150.0s)
18067.2s 392 run 3/5: nv=3 cost=1109.1 (152.3s)
18193.4s 393 run 4/5: nv=3 cost=1136.6 (126.2s)
18318.3s 394 run 5/5: nv=3 cost=1104.3 (124.9s)
18318.3s 395 → nv=3.4±0.5  td=1082.4±43.7  gap=+2.0%
18318.3s 396 
18318.3s 397 [RC208] ALNS
18379.7s 398 run 1/5: nv=3 cost=897.4 (61.4s)
18442.2s 399 run 2/5: nv=3 cost=835.0 (62.5s)
18503.8s 400 run 3/5: nv=3 cost=888.9 (61.7s)
18567.0s 401 run 4/5: nv=3 cost=898.3 (63.2s)
18632.2s 402 run 5/5: nv=3 cost=875.2 (65.2s)
18632.2s 403 → nv=3.0±0.0  td=879.0±23.5  gap=+6.1%
18632.2s 404 
18632.2s 405 [RC208] DQN
18633.7s 406 run 1/5: nv=13 cost=4143.1 (1.5s)
18635.2s 407 run 2/5: nv=9 cost=4202.0 (1.4s)
18636.7s 408 run 3/5: nv=12 cost=4227.9 (1.6s)
18638.2s 409 run 4/5: nv=12 cost=4403.4 (1.4s)
18639.6s 410 run 5/5: nv=10 cost=4330.5 (1.4s)
18639.6s 411 → nv=11.2±1.5  td=4261.4±93.4  gap=+414.6%
18639.6s 412 
18639.6s 413 [RC208] RL-ALNS
18778.4s 414 run 1/5: nv=3 cost=838.9 (138.7s)
18912.8s 415 run 2/5: nv=3 cost=875.7 (134.5s)
19052.4s 416 run 3/5: nv=3 cost=909.5 (139.5s)
19193.4s 417 run 4/5: nv=3 cost=906.5 (141.0s)
19327.8s 418 run 5/5: nv=3 cost=871.7 (134.6s)
19327.8s 419 → nv=3.0±0.0  td=880.5±25.9  gap=+6.3%
19327.8s 420 
19327.8s 421 ─────────────────────────────────────────────────────────────────────────────────
19327.8s 422 DS  Algorithm       NV   ±  vs BKS       TD     ±   Gap% CV_NV CV_TD   OT%   Time
19327.8s 423 ─────────────────────────────────────────────────────────────────────────────────
19327.8s 424 RC1 ALNS          12.7 0.2    +1.2   1401.6  17.7  +1.6%   1.5   1.2 100.0  85.2s
19327.8s 425 RC1 DQN           34.5 2.0   +23.1   4069.4 127.3+199.8%   5.6   3.1 100.0   1.5s
19327.8s 426 RC1 RL-ALNS       12.6 0.3    +1.1   1394.2  16.8  +1.0%   2.2   1.2 100.0 180.3s
19327.8s 427 ─────────────────────────────────────────────────────────────────────────────────
19327.8s 428 RC2 ALNS           3.5 0.2    +0.3   1144.5  26.8  +2.7%   4.3   2.3 100.0  62.0s
19327.8s 429 RC2 DQN           18.1 2.5   +14.8   4314.7 126.3+300.4%  14.6   2.9 100.0   1.5s
19327.8s 430 RC2 RL-ALNS        3.5 0.1    +0.2   1148.0  26.1  +3.0%   3.6   2.3 100.0 147.9s
19327.8s 431 ─────────────────────────────────────────────────────────────────────────────────
19327.8s 432 CV = Coefficient of Variation (std/mean × 100%) — lower is more consistent.
19327.8s 433 Negative Gap% with NV_diff>0: extra vehicle allows shorter total routes.
19327.9s 434 📚 Training transfer model...
19327.9s 435 Training on RC101...
19527.0s 436 nv=15, gap=+0.1%
19527.0s 437 Training on RC102...
19704.9s 438 nv=14, gap=-4.8%
19704.9s 439 Training on RC103...
19872.0s 440 nv=12, gap=+6.8%
19872.0s 441 Training on RC104...
20044.1s 442 nv=10, gap=+4.8%
20044.1s 443 Training on RC105...
20239.5s 444 nv=14, gap=-0.9%
20239.5s 445 Training on RC106...
20429.7s 446 nv=13, gap=-0.5%
20429.7s 447 Training on RC107...
20612.6s 448 nv=12, gap=+3.6%
20612.6s 449 Training on RC108...
20793.6s 450 nv=11, gap=+1.7%
20793.6s 451 
20793.6s 452 ✅ Transfer model saved → /kaggle/working/models/rl_alns_transfer.safetensors
20793.6s 453 Total: 8 combos × 5 runs
20793.6s 454 ============================================================
20793.6s 455 
20793.6s 456 [RC201] RL-ALNS★
20943.1s 457 run 1/5: nv=5 cost=1386.0 (149.5s)
21099.1s 458 run 2/5: nv=4 cost=1459.5 (156.0s)
21252.1s 459 run 3/5: nv=5 cost=1340.2 (153.0s)
21408.9s 460 run 4/5: nv=4 cost=1522.9 (156.8s)
21566.4s 461 run 5/5: nv=5 cost=1363.6 (157.5s)
21566.4s 462 → nv=4.6±0.5  td=1414.4±67.4  gap=+0.5%
21566.4s 463 
21566.4s 464 [RC202] RL-ALNS★
21697.0s 465 run 1/5: nv=4 cost=1278.2 (130.6s)
21831.0s 466 run 2/5: nv=4 cost=1241.2 (134.1s)
21963.9s 467 run 3/5: nv=4 cost=1181.3 (132.8s)
22096.9s 468 run 4/5: nv=4 cost=1196.9 (133.0s)
22227.8s 469 run 5/5: nv=4 cost=1255.3 (131.0s)
22227.8s 470 → nv=4.0±0.0  td=1230.6±36.2  gap=-9.9%
22227.8s 471 
22227.8s 472 [RC203] RL-ALNS★
22338.0s 473 run 1/5: nv=4 cost=1026.8 (110.2s)
22450.9s 474 run 2/5: nv=4 cost=982.3 (112.8s)
22563.8s 475 run 3/5: nv=4 cost=998.9 (113.0s)
22671.6s 476 run 4/5: nv=4 cost=1106.7 (107.7s)
22790.7s 477 run 5/5: nv=3 cost=1105.8 (119.1s)
22790.7s 478 → nv=3.8±0.4  td=1044.1±52.7  gap=-0.5%
22790.7s 479 
22790.7s 480 [RC204] RL-ALNS★
22866.4s 481 run 1/5: nv=5 cost=807.9 (75.7s)
22954.0s 482 run 2/5: nv=3 cost=880.5 (87.6s)
23043.9s 483 run 3/5: nv=3 cost=848.7 (89.9s)
23121.3s 484 run 4/5: nv=3 cost=831.5 (77.4s)
23213.2s 485 run 5/5: nv=3 cost=864.7 (91.8s)
23213.2s 486 → nv=3.4±0.8  td=846.6±25.3  gap=+6.0%
23213.2s 487 
23213.2s 488 [RC205] RL-ALNS★
23357.7s 489 run 1/5: nv=4 cost=1351.3 (144.6s)
23494.5s 490 run 2/5: nv=5 cost=1275.0 (136.7s)
23630.2s 491 run 3/5: nv=5 cost=1287.1 (135.8s)
23766.4s 492 run 4/5: nv=5 cost=1272.2 (136.2s)
23902.4s 493 run 5/5: nv=5 cost=1268.4 (135.9s)
23902.4s 494 → nv=4.8±0.4  td=1290.8±30.9  gap=-0.5%
23902.4s 495 
23902.4s 496 [RC206] RL-ALNS★
24042.7s 497 run 1/5: nv=4 cost=1118.1 (140.4s)
24173.4s 498 run 2/5: nv=4 cost=1167.1 (130.7s)
24310.4s 499 run 3/5: nv=4 cost=1156.0 (137.0s)
24450.8s 500 run 4/5: nv=4 cost=1132.0 (140.4s)
24586.6s 501 run 5/5: nv=4 cost=1103.6 (135.8s)
24586.6s 502 → nv=4.0±0.0  td=1135.4±23.5  gap=-1.0%
24586.6s 503 
24586.6s 504 [RC207] RL-ALNS★
24708.7s 505 run 1/5: nv=4 cost=1075.4 (122.2s)
24826.8s 506 run 2/5: nv=4 cost=1034.9 (118.1s)
24949.7s 507 run 3/5: nv=4 cost=1042.0 (122.9s)
25069.6s 508 run 4/5: nv=4 cost=1042.5 (119.9s)
25182.1s 509 run 5/5: nv=7 cost=980.9 (112.5s)
25182.1s 510 → nv=4.6±1.2  td=1035.1±30.5  gap=-2.5%
25182.1s 511 
25182.1s 512 [RC208] RL-ALNS★
25290.6s 513 run 1/5: nv=3 cost=872.2 (108.6s)
25396.5s 514 run 2/5: nv=3 cost=862.3 (105.9s)
25505.0s 515 run 3/5: nv=3 cost=905.2 (108.5s)
25618.9s 516 run 4/5: nv=3 cost=877.3 (113.9s)
25741.3s 517 run 5/5: nv=3 cost=881.4 (122.7s)
25741.3s 518 → nv=3.0±0.0  td=879.7±14.2  gap=+6.2%
25741.3s 519 
25741.3s 520 ─────────────────────────────────────────────────────────────────────────────────
25741.3s 521 DS  Algorithm       NV   ±  vs BKS       TD     ±   Gap% CV_NV CV_TD   OT%   Time
25741.3s 522 ─────────────────────────────────────────────────────────────────────────────────
25741.3s 523 RC2 ALNS           3.5 0.2    +0.3   1144.5  26.8  +2.7%   4.3   2.3 100.0  62.0s
25741.3s 524 RC2 DQN           18.1 2.5   +14.8   4314.7 126.3+300.4%  14.6   2.9 100.0   1.5s
25741.3s 525 RC2 RL-ALNS        3.5 0.1    +0.2   1148.0  26.1  +3.0%   3.6   2.3 100.0 147.9s
25741.3s 526 RC2 RL-ALNS★       4.0 0.4    +0.8   1109.6  35.1  -0.2%   9.9   3.1 100.0 123.7s
25741.3s 527 ─────────────────────────────────────────────────────────────────────────────────
25741.3s 528 CV = Coefficient of Variation (std/mean × 100%) — lower is more consistent.
25741.3s 529 Negative Gap% with NV_diff>0: extra vehicle allows shorter total routes.
25741.5s 530 ============================================================
25741.5s 531 FULL RESULTS TABLE
25741.5s 532 
25741.5s 533 ─────────────────────────────────────────────────────────────────────────────────
25741.5s 534 DS  Algorithm       NV   ±  vs BKS       TD     ±   Gap% CV_NV CV_TD   OT%   Time
25741.5s 535 ─────────────────────────────────────────────────────────────────────────────────
25741.5s 536 RC1 ALNS          12.7 0.2    +1.2   1401.6  17.7  +1.6%   1.5   1.2 100.0  85.2s
25741.5s 537 RC1 DQN           34.5 2.0   +23.1   4069.4 127.3+199.8%   5.6   3.1 100.0   1.5s
25741.5s 538 RC1 RL-ALNS       12.6 0.3    +1.1   1394.2  16.8  +1.0%   2.2   1.2 100.0 180.3s
25741.5s 539 ─────────────────────────────────────────────────────────────────────────────────
25741.5s 540 RC2 ALNS           3.5 0.2    +0.3   1144.5  26.8  +2.7%   4.3   2.3 100.0  62.0s
25741.5s 541 RC2 DQN           18.1 2.5   +14.8   4314.7 126.3+300.4%  14.6   2.9 100.0   1.5s
25741.5s 542 RC2 RL-ALNS        3.5 0.1    +0.2   1148.0  26.1  +3.0%   3.6   2.3 100.0 147.9s
25741.5s 543 RC2 RL-ALNS★       4.0 0.4    +0.8   1109.6  35.1  -0.2%   9.9   3.1 100.0 123.7s
25741.5s 544 ─────────────────────────────────────────────────────────────────────────────────
25741.5s 545 CV = Coefficient of Variation (std/mean × 100%) — lower is more consistent.
25741.5s 546 Negative Gap% with NV_diff>0: extra vehicle allows shorter total routes.
25741.5s 547 
25741.5s 548 ============================================================
25741.5s 549 STATISTICAL TESTS
25741.5s 550 
25741.5s 551 ── Statistical Significance (Wilcoxon signed-rank, two-sided) ──
25741.5s 552 Comparison                  DatasetMetric    W-stat  p-value  Sig      Better
25741.5s 553 ──────────────────────────────────────────────────────────────────────
25741.5s 554 RL-ALNS vs ALNS      RC1   Gap%         8.0   0.1953    —     RL-ALNS
25741.5s 555 RL-ALNS vs ALNS      RC1   NV_mean      1.0   0.1250    —     RL-ALNS
25741.5s 556 RL-ALNS vs ALNS      RC2   Gap%        17.0   0.9453    —        ALNS
25741.5s 557 RL-ALNS vs ALNS      RC2   NV_mean      0.0   0.5000    —     RL-ALNS
25741.5s 558 RL-ALNS★ vs ALNS      RC2   Gap%        10.0   0.3125    —    RL-ALNS★
25741.6s 559 RL-ALNS★ vs ALNS      RC2   NV_mean      0.0   0.0312    ✅        ALNS
25741.6s 560 ──────────────────────────────────────────────────────────────────────
25741.6s 561 ✅ = p < 0.05 (statistically significant difference)
25741.6s 562 
25741.6s 563 ============================================================
25741.6s 564 DASHBOARD
25743.2s 565 
25743.2s 566 ============================================================
25743.2s 567 TRANSFER: RL-ALNS★ vs ALNS on RC2
25743.3s 568 
25743.3s 569 ── RC1 per-instance detail ──
25743.3s 570 Gap%                 NV_cv               NV_mean                TD_mean
25743.3s 571 Algorithm  ALNS     DQN RL-ALNS  ALNS   DQN RL-ALNS    ALNS   DQN RL-ALNS     ALNS      DQN  RL-ALNS
25743.3s 572 Instance
25743.3s 573 RC101     -0.30  150.14    0.05  3.18  9.64    2.63    15.4  44.2    15.2  1691.87  4244.72  1697.78
25743.3s 574 RC102     -2.09  171.87   -2.37  2.90  7.09    3.60    13.8  37.4    13.6  1522.32  4226.90  1517.94
25743.3s 575 RC103      6.37  227.70    4.90  3.39  5.67    4.30    11.8  34.2    11.4  1341.98  4134.55  1323.55
25743.3s 576 RC104      5.04  257.84    3.14  0.00  3.19    3.92    10.0  28.0    10.2  1192.75  4063.22  1171.10
25743.3s 577 RC105     -2.47  153.12   -2.82  2.70  3.79    3.36    14.8  38.8    14.6  1589.19  4124.43  1583.55
25743.3s 578 RC106     -0.22  172.59    0.25  0.00  4.70    0.00    13.0  34.6    13.0  1421.60  3883.63  1428.27
25743.3s 579 RC107      4.98  222.86    3.55  0.00  5.52    0.00    12.0  31.6    12.0  1291.75  3972.76  1274.18
25743.3s 580 RC108      1.87  242.60    1.52  0.00  4.91    0.00    11.0  27.6    11.0  1161.12  3905.02  1157.19
25743.3s 581 
25743.3s 582 ── RC2 per-instance detail ──
25743.3s 583 Gap%                           NV_cv                         NV_mean                         TD_mean
25743.3s 584 Algorithm   ALNS     DQN RL-ALNS RL-ALNS★   ALNS    DQN RL-ALNS RL-ALNS★    ALNS   DQN RL-ALNS RL-ALNS★     ALNS      DQN  RL-ALNS RL-ALNS★
25743.3s 585 Instance
25743.3s 586 RC201       5.63  213.62    4.10     0.53   0.00   7.45    0.00    10.65     4.0  24.0     4.0      4.6  1486.21  4412.48  1464.62  1414.42
25743.3s 587 RC202     -11.25  223.54   -8.24    -9.89   0.00   8.67    0.00     0.00     4.0  21.4     4.0      4.0  1212.05  4418.42  1253.11  1230.58
25743.3s 588 RC203       6.93  307.06    6.33    -0.53   0.00   9.23    0.00    10.53     3.0  17.6     3.0      3.8  1122.35  4272.58  1116.01  1044.09
25743.3s 589 RC204       5.18  433.05    5.05     6.04   0.00  17.40    0.00    23.53     3.0  12.8     3.0      3.4   839.80  4256.18   838.75   846.65
25743.3s 590 RC205       6.61  232.11    4.76    -0.53   9.52  12.53    0.00     8.33     4.2  22.0     4.0      4.8  1383.43  4309.63  1359.43  1290.78
25743.3s 591 RC206      -1.66  275.20    3.71    -0.96  10.53  22.67   14.41     0.00     3.8  18.8     3.4      4.0  1127.33  4301.00  1188.83  1135.37
25743.3s 592 RC207       4.24  303.87    2.01    -2.45  14.41  25.64   14.41    26.09     3.4  16.8     3.4      4.6  1106.11  4285.67  1082.45  1035.11
25743.3s 593 RC208       6.14  414.57    6.32     6.23   0.00  13.12    0.00     0.00     3.0  11.2     3.0      3.0   878.97  4261.38   880.47   879.70
26018.6s 594 Exporting NEXUS demo for RC101...
26096.9s 595 ALNS      : nv=15, td=1739.5, gap=+2.5%
26291.7s 596 RL-ALNS   : nv=15, td=1703.1, gap=+0.4%
26488.2s 597 
26488.2s 598 ✅ nexus_demo.json → /kaggle/working/nexus_demo.json  (39.3 KB)
26488.2s 599 ✅ benchmark.csv ready in output (3 KB)
26488.2s 600 Total export time: 469.8s
26488.2s 601 Drop nexus_demo.json + benchmark.csv + benchmark_transfer.csv into nexus_v2.html
26493.4s 602 /usr/local/lib/python3.12/dist-packages/mistune.py:435: SyntaxWarning: invalid escape sequence '\|'
26493.4s 603 cells[i][c] = re.sub('\\\\\|', '|', cell)
26493.6s 604 /usr/local/lib/python3.12/dist-packages/nbconvert/filters/filter_links.py:36: SyntaxWarning: invalid escape sequence '\_'
26493.6s 605 text = re.sub(r'_', '\_', text) # Escape underscores in display text
26494.2s 606 [NbConvertApp] Converting notebook __notebook__.ipynb to notebook
26494.5s 607 [NbConvertApp] Writing 127708 bytes to __notebook__.ipynb
26496.8s 608 [NbConvertApp] Converting notebook __notebook__.ipynb to html
26498.0s 609 [NbConvertApp] Writing 714619 bytes to __results__.html