6.1s 1 0.00s - Debugger warning: It seems that frozen modules are being used, which may
6.1s 2 0.00s - make the debugger miss breakpoints. Please pass -Xfrozen_modules=off
6.1s 3 0.00s - to python to disable frozen modules.
6.1s 4 0.00s - Note: Debugging will proceed. Set PYDEVD_DISABLE_FILE_VALIDATION=1 to disable this validation.
6.7s 5 0.00s - Debugger warning: It seems that frozen modules are being used, which may
6.7s 6 0.00s - make the debugger miss breakpoints. Please pass -Xfrozen_modules=off
6.7s 7 0.00s - to python to disable frozen modules.
6.7s 8 0.00s - Note: Debugging will proceed. Set PYDEVD_DISABLE_FILE_VALIDATION=1 to disable this validation.
18.5s 9 ✅ Device : cuda
18.5s 10 ✅ PyTorch: 2.10.0+cu128
18.5s 11 ✅ Config ready.
18.7s 12 Loading...
18.7s 13 RC1: 8 instances
18.7s 14 RC2: 8 instances
18.7s 15 ✅ RC101: n=100, tight_TW=100%
18.8s 16 ✅ Solution model ready.
18.8s 17 ✅ Operators: 5D × 4R = 20 combos
18.8s 18 ✅ Helpers ready.
18.9s 19 ✅ Networks ready.
18.9s 20 ✅ ALNS ready.
18.9s 21 ✅ DQN solver ready.
19.0s 22 ✅ RL-ALNS ready.
19.0s 23 ✅ Benchmark runner ready.
19.0s 24 ✅ Transfer learning pipeline ready.
19.0s 25 ✅ Stats & table utilities ready.
19.1s 26 ✅ Visualisation ready.
19.1s 27 Smoke test — RC101
19.1s 28 
44.9s 29 ALNS         nv= 16  cost=  1733.6  BKS TD +2.2% NV +2  (25.7s)
52.2s 30 DQN          nv= 43  cost=  4202.8  BKS TD +147.7% NV +29  (7.2s)
112.4s 31 RL-ALNS      nv= 16  cost=  1676.2  BKS TD -1.2% NV +2  (60.2s)
112.4s 32 
112.4s 33 ✓ Smoke test passed
197.7s 34 Total: 48 combos × 5 runs
197.7s 35 ============================================================
197.7s 36 
197.7s 37 [RC101] ALNS
280.2s 38 run 1/5: nv=15 cost=1739.5 (82.5s)
367.1s 39 run 2/5: nv=15 cost=1641.3 (86.9s)
454.1s 40 run 3/5: nv=16 cost=1682.8 (87.0s)
557.7s 41 run 4/5: nv=16 cost=1674.5 (103.6s)
651.3s 42 run 5/5: nv=15 cost=1721.2 (93.7s)
651.3s 43 → nv=15.4±0.5  td=1691.9±34.8  gap=-0.3%
651.3s 44 
651.3s 45 [RC101] DQN
652.9s 46 run 1/5: nv=42 cost=4156.5 (1.6s)
654.4s 47 run 2/5: nv=42 cost=4137.2 (1.5s)
656.1s 48 run 3/5: nv=47 cost=4345.0 (1.7s)
657.6s 49 run 4/5: nv=39 cost=4025.2 (1.5s)
659.3s 50 run 5/5: nv=51 cost=4559.7 (1.7s)
659.3s 51 → nv=44.2±4.3  td=4244.7±188.1  gap=+150.1%
659.3s 52 
659.3s 53 [RC101] RL-ALNS
868.8s 54 run 1/5: nv=15 cost=1698.6 (209.4s)
1060.2s 55 run 2/5: nv=15 cost=1702.9 (191.4s)
1221.9s 56 run 3/5: nv=15 cost=1723.0 (161.8s)
1414.4s 57 run 4/5: nv=15 cost=1676.7 (192.4s)
1567.4s 58 run 5/5: nv=16 cost=1687.7 (153.0s)
1567.4s 59 → nv=15.2±0.4  td=1697.8±15.6  gap=+0.0%
1567.4s 60 
1567.4s 61 [RC102] ALNS
1647.0s 62 run 1/5: nv=14 cost=1537.2 (79.5s)
1725.5s 63 run 2/5: nv=14 cost=1517.7 (78.5s)
1806.5s 64 run 3/5: nv=14 cost=1515.9 (81.0s)
1902.1s 65 run 4/5: nv=13 cost=1523.8 (95.6s)
1990.4s 66 run 5/5: nv=14 cost=1517.0 (88.4s)
1990.4s 67 → nv=13.8±0.4  td=1522.3±7.9  gap=-2.1%
1990.4s 68 
1990.4s 69 [RC102] DQN
1992.0s 70 run 1/5: nv=41 cost=4457.4 (1.6s)
1993.5s 71 run 2/5: nv=34 cost=4168.8 (1.4s)
1994.9s 72 run 3/5: nv=36 cost=4252.0 (1.5s)
1996.3s 73 run 4/5: nv=36 cost=4077.4 (1.4s)
1997.8s 74 run 5/5: nv=40 cost=4178.8 (1.5s)
1997.8s 75 → nv=37.4±2.7  td=4226.9±127.9  gap=+171.9%
1997.8s 76 
1997.8s 77 [RC102] RL-ALNS
2182.1s 78 run 1/5: nv=14 cost=1514.6 (184.3s)
2379.3s 79 run 2/5: nv=13 cost=1540.1 (197.1s)
2559.9s 80 run 3/5: nv=14 cost=1500.6 (180.6s)
2756.4s 81 run 4/5: nv=14 cost=1495.8 (196.6s)
2942.2s 82 run 5/5: nv=13 cost=1538.7 (185.8s)
2942.2s 83 → nv=13.6±0.5  td=1517.9±18.5  gap=-2.4%
2942.2s 84 
2942.2s 85 [RC103] ALNS
3023.7s 86 run 1/5: nv=12 cost=1352.0 (81.5s)
3102.9s 87 run 2/5: nv=12 cost=1357.2 (79.2s)
3193.6s 88 run 3/5: nv=11 cost=1311.2 (90.7s)
3277.2s 89 run 4/5: nv=12 cost=1354.6 (83.7s)
3361.3s 90 run 5/5: nv=12 cost=1334.8 (84.1s)
3361.3s 91 → nv=11.8±0.4  td=1342.0±17.3  gap=+6.4%
3361.3s 92 
3361.3s 93 [RC103] DQN
3362.7s 94 run 1/5: nv=33 cost=4179.8 (1.5s)
3364.3s 95 run 2/5: nv=32 cost=4143.5 (1.5s)
3365.9s 96 run 3/5: nv=37 cost=4322.2 (1.6s)
3367.3s 97 run 4/5: nv=33 cost=3883.4 (1.5s)
3368.9s 98 run 5/5: nv=36 cost=4143.8 (1.5s)
3368.9s 99 → nv=34.2±1.9  td=4134.5±141.8  gap=+227.7%
3368.9s 100 
3368.9s 101 [RC103] RL-ALNS
3559.2s 102 run 1/5: nv=12 cost=1350.7 (190.3s)
3734.7s 103 run 2/5: nv=12 cost=1327.7 (175.5s)
3928.4s 104 run 3/5: nv=11 cost=1285.6 (193.7s)
4113.2s 105 run 4/5: nv=12 cost=1332.6 (184.7s)
4293.9s 106 run 5/5: nv=12 cost=1324.6 (180.7s)
4293.9s 107 → nv=11.8±0.4  td=1324.2±21.3  gap=+5.0%
4293.9s 108 
4293.9s 109 [RC104] ALNS
4362.6s 110 run 1/5: nv=10 cost=1234.1 (68.7s)
4434.7s 111 run 2/5: nv=10 cost=1154.9 (72.2s)
4504.4s 112 run 3/5: nv=10 cost=1190.5 (69.6s)
4580.3s 113 run 4/5: nv=10 cost=1198.0 (75.9s)
4661.8s 114 run 5/5: nv=10 cost=1186.2 (81.5s)
4661.8s 115 → nv=10.0±0.0  td=1192.7±25.4  gap=+5.0%
4661.8s 116 
4661.8s 117 [RC104] DQN
4663.5s 118 run 1/5: nv=28 cost=4190.2 (1.7s)
4665.1s 119 run 2/5: nv=27 cost=4061.0 (1.6s)
4666.8s 120 run 3/5: nv=29 cost=4167.8 (1.7s)
4668.2s 121 run 4/5: nv=29 cost=3879.5 (1.5s)
4669.8s 122 run 5/5: nv=27 cost=4017.7 (1.6s)
4669.8s 123 → nv=28.0±0.9  td=4063.2±112.2  gap=+257.8%
4669.8s 124 
4669.8s 125 [RC104] RL-ALNS
4848.4s 126 run 1/5: nv=10 cost=1154.8 (178.6s)
5033.5s 127 run 2/5: nv=10 cost=1159.2 (185.1s)
5213.5s 128 run 3/5: nv=11 cost=1181.7 (180.0s)
5393.9s 129 run 4/5: nv=10 cost=1183.1 (180.5s)
5566.3s 130 run 5/5: nv=10 cost=1168.3 (172.3s)
5566.3s 131 → nv=10.2±0.4  td=1169.4±11.5  gap=+3.0%
5566.3s 132 
5566.3s 133 [RC105] ALNS
5655.9s 134 run 1/5: nv=15 cost=1567.7 (89.6s)
5750.0s 135 run 2/5: nv=15 cost=1579.4 (94.1s)
5828.6s 136 run 3/5: nv=15 cost=1617.4 (78.6s)
5930.1s 137 run 4/5: nv=14 cost=1575.8 (101.6s)
6015.8s 138 run 5/5: nv=15 cost=1605.8 (85.7s)
6015.8s 139 → nv=14.8±0.4  td=1589.2±19.0  gap=-2.5%
6015.8s 140 
6015.8s 141 [RC105] DQN
6017.4s 142 run 1/5: nv=38 cost=4113.1 (1.5s)
6018.8s 143 run 2/5: nv=40 cost=4086.2 (1.5s)
6020.4s 144 run 3/5: nv=38 cost=4245.3 (1.5s)
6021.8s 145 run 4/5: nv=37 cost=3955.1 (1.4s)
6023.3s 146 run 5/5: nv=41 cost=4222.4 (1.5s)
6023.3s 147 → nv=38.8±1.5  td=4124.4±104.4  gap=+153.1%
6023.3s 148 
6023.3s 149 [RC105] RL-ALNS
6219.8s 150 run 1/5: nv=15 cost=1579.7 (196.5s)
6402.7s 151 run 2/5: nv=14 cost=1581.5 (182.9s)
6598.8s 152 run 3/5: nv=15 cost=1564.7 (196.1s)
6796.8s 153 run 4/5: nv=15 cost=1568.1 (197.9s)
6973.6s 154 run 5/5: nv=14 cost=1623.7 (176.8s)
6973.6s 155 → nv=14.6±0.5  td=1583.6±21.1  gap=-2.8%
6973.6s 156 
6973.6s 157 [RC106] ALNS
7063.3s 158 run 1/5: nv=13 cost=1424.0 (89.7s)
7157.9s 159 run 2/5: nv=13 cost=1401.1 (94.6s)
7261.4s 160 run 3/5: nv=13 cost=1411.6 (103.5s)
7372.4s 161 run 4/5: nv=13 cost=1447.1 (111.0s)
7474.5s 162 run 5/5: nv=13 cost=1424.2 (102.1s)
7474.5s 163 → nv=13.0±0.0  td=1421.6±15.4  gap=-0.2%
7474.5s 164 
7474.5s 165 [RC106] DQN
7476.0s 166 run 1/5: nv=36 cost=3977.1 (1.5s)
7477.5s 167 run 2/5: nv=33 cost=3696.3 (1.5s)
7479.1s 168 run 3/5: nv=37 cost=4121.8 (1.6s)
7480.5s 169 run 4/5: nv=33 cost=3798.2 (1.4s)
7482.0s 170 run 5/5: nv=34 cost=3824.7 (1.5s)
7482.0s 171 → nv=34.6±1.6  td=3883.6±149.2  gap=+172.6%
7482.0s 172 
7482.0s 173 [RC106] RL-ALNS
7676.5s 174 run 1/5: nv=13 cost=1430.7 (194.5s)
7876.0s 175 run 2/5: nv=13 cost=1405.9 (199.5s)
8076.0s 176 run 3/5: nv=13 cost=1431.8 (199.9s)
8270.3s 177 run 4/5: nv=13 cost=1424.0 (194.4s)
8462.3s 178 run 5/5: nv=13 cost=1413.9 (192.0s)
8462.3s 179 → nv=13.0±0.0  td=1421.3±10.0  gap=-0.2%
8462.3s 180 
8462.3s 181 [RC107] ALNS
8548.3s 182 run 1/5: nv=12 cost=1305.7 (85.9s)
8644.5s 183 run 2/5: nv=12 cost=1289.1 (96.3s)
8732.4s 184 run 3/5: nv=12 cost=1268.7 (87.8s)
8823.6s 185 run 4/5: nv=12 cost=1303.8 (91.3s)
8910.6s 186 run 5/5: nv=12 cost=1291.4 (87.0s)
8910.6s 187 → nv=12.0±0.0  td=1291.7±13.2  gap=+5.0%
8910.6s 188 
8910.6s 189 [RC107] DQN
8912.3s 190 run 1/5: nv=31 cost=3998.6 (1.7s)
8913.8s 191 run 2/5: nv=33 cost=3908.9 (1.5s)
8915.3s 192 run 3/5: nv=31 cost=4052.3 (1.5s)
8916.8s 193 run 4/5: nv=29 cost=3856.8 (1.4s)
8918.3s 194 run 5/5: nv=34 cost=4047.2 (1.5s)
8918.3s 195 → nv=31.6±1.7  td=3972.8±77.5  gap=+222.9%
8918.3s 196 
8918.3s 197 [RC107] RL-ALNS
9106.7s 198 run 1/5: nv=12 cost=1274.6 (188.4s)
9296.8s 199 run 2/5: nv=12 cost=1280.2 (190.1s)
9497.1s 200 run 3/5: nv=12 cost=1274.1 (200.2s)
9678.7s 201 run 4/5: nv=12 cost=1280.8 (181.6s)
9857.2s 202 run 5/5: nv=12 cost=1275.0 (178.5s)
9857.2s 203 → nv=12.0±0.0  td=1276.9±2.9  gap=+3.8%
9857.2s 204 
9857.2s 205 [RC108] ALNS
9950.6s 206 run 1/5: nv=11 cost=1166.3 (93.4s)
10045.8s 207 run 2/5: nv=11 cost=1159.8 (95.1s)
10151.3s 208 run 3/5: nv=11 cost=1173.1 (105.6s)
10252.8s 209 run 4/5: nv=11 cost=1158.0 (101.5s)
10352.2s 210 run 5/5: nv=11 cost=1148.5 (99.4s)
10352.2s 211 → nv=11.0±0.0  td=1161.1±8.3  gap=+1.9%
10352.2s 212 
10352.2s 213 [RC108] DQN
10353.8s 214 run 1/5: nv=30 cost=4075.2 (1.6s)
10355.3s 215 run 2/5: nv=27 cost=3815.4 (1.5s)
10356.9s 216 run 3/5: nv=27 cost=3891.3 (1.6s)
10358.3s 217 run 4/5: nv=26 cost=3750.7 (1.4s)
10359.9s 218 run 5/5: nv=28 cost=3992.5 (1.5s)
10359.9s 219 → nv=27.6±1.4  td=3905.0±117.2  gap=+242.6%
10359.9s 220 
10359.9s 221 [RC108] RL-ALNS
10550.9s 222 run 1/5: nv=11 cost=1147.1 (191.0s)
10734.9s 223 run 2/5: nv=11 cost=1167.7 (184.0s)
10912.5s 224 run 3/5: nv=11 cost=1170.6 (177.6s)
11094.9s 225 run 4/5: nv=11 cost=1164.7 (182.4s)
11259.9s 226 run 5/5: nv=11 cost=1149.8 (164.9s)
11259.9s 227 → nv=11.0±0.0  td=1160.0±9.6  gap=+1.8%
11259.9s 228 
11259.9s 229 [RC201] ALNS
11343.0s 230 run 1/5: nv=4 cost=1473.8 (83.1s)
11425.9s 231 run 2/5: nv=4 cost=1468.1 (83.0s)
11503.6s 232 run 3/5: nv=4 cost=1513.6 (77.6s)
11587.9s 233 run 4/5: nv=4 cost=1486.4 (84.3s)
11668.9s 234 run 5/5: nv=4 cost=1489.2 (81.0s)
11668.9s 235 → nv=4.0±0.0  td=1486.2±15.8  gap=+5.6%
11668.9s 236 
11668.9s 237 [RC201] DQN
11670.3s 238 run 1/5: nv=25 cost=4315.0 (1.5s)
11671.7s 239 run 2/5: nv=21 cost=4503.5 (1.4s)
11673.3s 240 run 3/5: nv=25 cost=4522.0 (1.6s)
11674.6s 241 run 4/5: nv=23 cost=4169.0 (1.3s)
11676.2s 242 run 5/5: nv=26 cost=4552.9 (1.6s)
11676.2s 243 → nv=24.0±1.8  td=4412.5±147.5  gap=+213.6%
11676.2s 244 
11676.2s 245 [RC201] RL-ALNS
11863.5s 246 run 1/5: nv=4 cost=1469.9 (187.2s)
12053.1s 247 run 2/5: nv=4 cost=1443.4 (189.6s)
12247.5s 248 run 3/5: nv=4 cost=1473.2 (194.4s)
12432.3s 249 run 4/5: nv=4 cost=1452.4 (184.9s)
12606.5s 250 run 5/5: nv=4 cost=1484.2 (174.1s)
12606.5s 251 → nv=4.0±0.0  td=1464.6±14.8  gap=+4.1%
12606.5s 252 
12606.5s 253 [RC202] ALNS
12672.3s 254 run 1/5: nv=4 cost=1213.8 (65.9s)
12739.7s 255 run 2/5: nv=4 cost=1185.4 (67.3s)
12807.1s 256 run 3/5: nv=4 cost=1231.2 (67.5s)
12878.5s 257 run 4/5: nv=4 cost=1224.2 (71.4s)
12945.7s 258 run 5/5: nv=4 cost=1205.7 (67.2s)
12945.7s 259 → nv=4.0±0.0  td=1212.0±15.9  gap=-11.2%
12945.7s 260 
12945.7s 261 [RC202] DQN
12947.2s 262 run 1/5: nv=24 cost=4443.3 (1.5s)
12948.7s 263 run 2/5: nv=20 cost=4203.2 (1.5s)
12950.4s 264 run 3/5: nv=23 cost=4563.6 (1.7s)
12951.9s 265 run 4/5: nv=19 cost=4399.7 (1.5s)
12953.4s 266 run 5/5: nv=21 cost=4482.3 (1.5s)
12953.4s 267 → nv=21.4±1.9  td=4418.4±120.4  gap=+223.5%
12953.4s 268 
12953.4s 269 [RC202] RL-ALNS
13130.6s 270 run 1/5: nv=4 cost=1252.0 (177.2s)
13306.3s 271 run 2/5: nv=4 cost=1208.0 (175.7s)
13479.0s 272 run 3/5: nv=4 cost=1274.7 (172.7s)
13652.5s 273 run 4/5: nv=4 cost=1288.4 (173.5s)
13826.0s 274 run 5/5: nv=4 cost=1242.5 (173.6s)
13826.0s 275 → nv=4.0±0.0  td=1253.1±27.8  gap=-8.2%
13826.0s 276 
13826.0s 277 [RC203] ALNS
13880.4s 278 run 1/5: nv=3 cost=1131.7 (54.4s)
13935.5s 279 run 2/5: nv=3 cost=1119.3 (55.1s)
13993.3s 280 run 3/5: nv=3 cost=1118.2 (57.8s)
14048.1s 281 run 4/5: nv=3 cost=1106.7 (54.7s)
14113.0s 282 run 5/5: nv=3 cost=1135.8 (65.0s)
14113.0s 283 → nv=3.0±0.0  td=1122.3±10.4  gap=+6.9%
14113.0s 284 
14113.0s 285 [RC203] DQN
14114.5s 286 run 1/5: nv=19 cost=4342.2 (1.5s)
14116.1s 287 run 2/5: nv=20 cost=4253.2 (1.6s)
14117.7s 288 run 3/5: nv=17 cost=4446.6 (1.7s)
14119.2s 289 run 4/5: nv=16 cost=4168.2 (1.5s)
14120.8s 290 run 5/5: nv=16 cost=4152.7 (1.5s)
14120.8s 291 → nv=17.6±1.6  td=4272.6±110.3  gap=+307.1%
14120.8s 292 
14120.8s 293 [RC203] RL-ALNS
14257.6s 294 run 1/5: nv=3 cost=1133.4 (136.9s)
14404.6s 295 run 2/5: nv=3 cost=1116.0 (146.9s)
14547.1s 296 run 3/5: nv=3 cost=1092.7 (142.5s)
14689.2s 297 run 4/5: nv=3 cost=1110.5 (142.1s)
14807.4s 298 run 5/5: nv=3 cost=1107.3 (118.3s)
14807.4s 299 → nv=3.0±0.0  td=1112.0±13.2  gap=+5.9%
14807.4s 300 
14807.4s 301 [RC204] ALNS
14850.4s 302 run 1/5: nv=3 cost=824.3 (42.9s)
14893.9s 303 run 2/5: nv=3 cost=850.9 (43.6s)
14935.7s 304 run 3/5: nv=3 cost=845.3 (41.7s)
14977.2s 305 run 4/5: nv=3 cost=843.1 (41.6s)
15019.0s 306 run 5/5: nv=3 cost=835.4 (41.8s)
15019.0s 307 → nv=3.0±0.0  td=839.8±9.2  gap=+5.2%
15019.0s 308 
15019.0s 309 [RC204] DQN
15020.5s 310 run 1/5: nv=11 cost=4145.7 (1.5s)
15021.9s 311 run 2/5: nv=12 cost=4184.5 (1.5s)
15023.6s 312 run 3/5: nv=17 cost=4484.2 (1.7s)
15025.1s 313 run 4/5: nv=11 cost=4079.8 (1.4s)
15026.7s 314 run 5/5: nv=13 cost=4386.7 (1.6s)
15026.7s 315 → nv=12.8±2.2  td=4256.2±153.3  gap=+433.0%
15026.7s 316 
15026.7s 317 [RC204] RL-ALNS
15137.4s 318 run 1/5: nv=3 cost=843.7 (110.7s)
15251.5s 319 run 2/5: nv=3 cost=844.8 (114.0s)
15356.1s 320 run 3/5: nv=3 cost=861.8 (104.6s)
15452.1s 321 run 4/5: nv=3 cost=844.9 (96.0s)
15558.1s 322 run 5/5: nv=3 cost=842.2 (106.1s)
15558.1s 323 → nv=3.0±0.0  td=847.5±7.2  gap=+6.1%
15558.1s 324 
15558.1s 325 [RC205] ALNS
15622.5s 326 run 1/5: nv=5 cost=1297.0 (64.3s)
15693.8s 327 run 2/5: nv=4 cost=1454.6 (71.3s)
15764.5s 328 run 3/5: nv=4 cost=1398.4 (70.7s)
15834.9s 329 run 4/5: nv=4 cost=1392.4 (70.4s)
15905.9s 330 run 5/5: nv=4 cost=1374.7 (71.0s)
15905.9s 331 → nv=4.2±0.4  td=1383.4±50.8  gap=+6.6%
15905.9s 332 
15905.9s 333 [RC205] DQN
15907.3s 334 run 1/5: nv=20 cost=4226.4 (1.4s)
15908.8s 335 run 2/5: nv=25 cost=4446.6 (1.5s)
15910.4s 336 run 3/5: nv=25 cost=4460.8 (1.6s)
15911.9s 337 run 4/5: nv=18 cost=4005.9 (1.5s)
15913.5s 338 run 5/5: nv=22 cost=4408.5 (1.5s)
15913.5s 339 → nv=22.0±2.8  td=4309.6±173.5  gap=+232.1%
15913.5s 340 
15913.5s 341 [RC205] RL-ALNS
16085.1s 342 run 1/5: nv=4 cost=1385.7 (171.6s)
16260.7s 343 run 2/5: nv=4 cost=1329.1 (175.5s)
16441.3s 344 run 3/5: nv=4 cost=1350.9 (180.7s)
16618.7s 345 run 4/5: nv=4 cost=1371.9 (177.3s)
16758.8s 346 run 5/5: nv=4 cost=1359.5 (140.2s)
16758.8s 347 → nv=4.0±0.0  td=1359.4±19.2  gap=+4.8%
16758.8s 348 
16758.8s 349 [RC206] ALNS
16825.1s 350 run 1/5: nv=4 cost=1092.7 (66.2s)
16891.8s 351 run 2/5: nv=4 cost=1108.7 (66.8s)
16958.8s 352 run 3/5: nv=4 cost=1132.0 (67.0s)
17043.4s 353 run 4/5: nv=3 cost=1179.9 (84.6s)
17116.0s 354 run 5/5: nv=4 cost=1123.5 (72.6s)
17116.0s 355 → nv=3.8±0.4  td=1127.3±29.5  gap=-1.7%
17116.0s 356 
17116.0s 357 [RC206] DQN
17117.4s 358 run 1/5: nv=17 cost=4294.3 (1.4s)
17119.0s 359 run 2/5: nv=21 cost=4404.7 (1.6s)
17120.5s 360 run 3/5: nv=16 cost=4308.6 (1.6s)
17121.9s 361 run 4/5: nv=14 cost=4000.3 (1.4s)
17123.6s 362 run 5/5: nv=26 cost=4497.1 (1.6s)
17123.6s 363 → nv=18.8±4.3  td=4301.0±167.2  gap=+275.2%
17123.6s 364 
17123.6s 365 [RC206] RL-ALNS
17305.3s 366 run 1/5: nv=3 cost=1253.2 (181.7s)
17481.5s 367 run 2/5: nv=4 cost=1110.2 (176.2s)
17664.1s 368 run 3/5: nv=3 cost=1183.5 (182.6s)
17835.2s 369 run 4/5: nv=3 cost=1176.2 (171.1s)
18008.2s 370 run 5/5: nv=3 cost=1200.4 (173.0s)
18008.2s 371 → nv=3.2±0.4  td=1184.7±45.9  gap=+3.3%
18008.2s 372 
18008.2s 373 [RC207] ALNS
18072.9s 374 run 1/5: nv=3 cost=1126.1 (64.7s)
18135.7s 375 run 2/5: nv=3 cost=1101.1 (62.9s)
18206.6s 376 run 3/5: nv=3 cost=1206.2 (70.8s)
18264.7s 377 run 4/5: nv=4 cost=1066.7 (58.1s)
18320.5s 378 run 5/5: nv=4 cost=1030.4 (55.8s)
18320.5s 379 → nv=3.4±0.5  td=1106.1±59.6  gap=+4.2%
18320.5s 380 
18320.5s 381 [RC207] DQN
18321.9s 382 run 1/5: nv=15 cost=4283.8 (1.5s)
18323.4s 383 run 2/5: nv=17 cost=4244.9 (1.5s)
18324.9s 384 run 3/5: nv=14 cost=4350.7 (1.5s)
18326.3s 385 run 4/5: nv=13 cost=4230.1 (1.4s)
18327.8s 386 run 5/5: nv=25 cost=4318.9 (1.4s)
18327.8s 387 → nv=16.8±4.3  td=4285.7±44.9  gap=+303.9%
18327.8s 388 
18327.8s 389 [RC207] RL-ALNS
18481.6s 390 run 1/5: nv=4 cost=1022.5 (153.8s)
18646.5s 391 run 2/5: nv=3 cost=1178.2 (165.0s)
18806.7s 392 run 3/5: nv=3 cost=1109.1 (160.1s)
18964.2s 393 run 4/5: nv=3 cost=1110.5 (157.5s)
19103.7s 394 run 5/5: nv=4 cost=1041.1 (139.5s)
19103.7s 395 → nv=3.4±0.5  td=1092.3±55.7  gap=+2.9%
19103.7s 396 
19103.7s 397 [RC208] ALNS
19170.1s 398 run 1/5: nv=3 cost=897.4 (66.4s)
19237.5s 399 run 2/5: nv=3 cost=835.0 (67.4s)
19302.9s 400 run 3/5: nv=3 cost=888.9 (65.4s)
19370.4s 401 run 4/5: nv=3 cost=898.3 (67.5s)
19440.5s 402 run 5/5: nv=3 cost=875.2 (70.1s)
19440.5s 403 → nv=3.0±0.0  td=879.0±23.5  gap=+6.1%
19440.5s 404 
19440.5s 405 [RC208] DQN
19442.1s 406 run 1/5: nv=13 cost=4143.1 (1.6s)
19443.6s 407 run 2/5: nv=9 cost=4202.0 (1.5s)
19445.2s 408 run 3/5: nv=12 cost=4227.9 (1.6s)
19446.7s 409 run 4/5: nv=12 cost=4403.4 (1.5s)
19448.2s 410 run 5/5: nv=10 cost=4330.5 (1.5s)
19448.2s 411 → nv=11.2±1.5  td=4261.4±93.4  gap=+414.6%
19448.2s 412 
19448.2s 413 [RC208] RL-ALNS
19595.6s 414 run 1/5: nv=3 cost=858.0 (147.3s)
19740.1s 415 run 2/5: nv=3 cost=862.1 (144.5s)
19890.8s 416 run 3/5: nv=3 cost=889.7 (150.7s)
20035.3s 417 run 4/5: nv=3 cost=885.3 (144.5s)
20179.4s 418 run 5/5: nv=3 cost=893.8 (144.3s)
20179.4s 419 → nv=3.0±0.0  td=877.8±14.8  gap=+6.0%
20179.4s 420 
20179.4s 421 ─────────────────────────────────────────────────────────────────────────────────
20179.4s 422 DS  Algorithm       NV   ±  vs BKS       TD     ±   Gap% CV_NV CV_TD   OT%   Time
20179.4s 423 ─────────────────────────────────────────────────────────────────────────────────
20179.4s 424 RC1 ALNS          12.7 0.2    +1.2   1401.6  17.7  +1.6%   1.5   1.2 100.0  88.9s
20179.4s 425 RC1 DQN           34.5 2.0   +23.1   4069.4 127.3+199.8%   5.6   3.1 100.0   1.5s
20179.4s 426 RC1 RL-ALNS       12.7 0.3    +1.2   1393.9  13.8  +1.0%   2.1   1.0 100.0 186.1s
20179.4s 427 ─────────────────────────────────────────────────────────────────────────────────
20179.4s 428 RC2 ALNS           3.5 0.2    +0.3   1144.5  26.8  +2.7%   4.3   2.3 100.0  65.0s
20179.4s 429 RC2 DQN           18.1 2.5   +14.8   4314.7 126.3+300.4%  14.6   2.9 100.0   1.5s
20179.4s 430 RC2 RL-ALNS        3.5 0.1    +0.2   1148.9  24.8  +3.1%   3.4   2.2 100.0 156.4s
20179.4s 431 ─────────────────────────────────────────────────────────────────────────────────
20179.4s 432 CV = Coefficient of Variation (std/mean × 100%) — lower is more consistent.
20179.4s 433 Negative Gap% with NV_diff>0: extra vehicle allows shorter total routes.
20179.5s 434 📚 Training transfer model...
20179.5s 435 Training on RC101...
20391.5s 436 nv=15, gap=+0.1%
20391.5s 437 Training on RC102...
20576.0s 438 nv=14, gap=-4.8%
20576.0s 439 Training on RC103...
20752.7s 440 nv=12, gap=+6.8%
20752.7s 441 Training on RC104...
20931.5s 442 nv=10, gap=+4.8%
20931.5s 443 Training on RC105...
21133.6s 444 nv=14, gap=-0.9%
21133.6s 445 Training on RC106...
21327.9s 446 nv=13, gap=-1.0%
21327.9s 447 Training on RC107...
21515.0s 448 nv=12, gap=+3.3%
21515.0s 449 Training on RC108...
21699.9s 450 nv=11, gap=+0.4%
21699.9s 451 
21699.9s 452 ✅ Transfer model saved → /kaggle/working/models/rl_alns_transfer.safetensors
21699.9s 453 Total: 8 combos × 5 runs
21699.9s 454 ============================================================
21699.9s 455 
21699.9s 456 [RC201] RL-ALNS★
21857.7s 457 run 1/5: nv=5 cost=1350.0 (157.8s)
22020.4s 458 run 2/5: nv=4 cost=1467.8 (162.7s)
22184.4s 459 run 3/5: nv=5 cost=1367.1 (164.0s)
22344.1s 460 run 4/5: nv=4 cost=1493.6 (159.7s)
22506.4s 461 run 5/5: nv=4 cost=1473.2 (162.3s)
22506.4s 462 → nv=4.4±0.5  td=1430.3±59.5  gap=+1.7%
22506.4s 463 
22506.4s 464 [RC202] RL-ALNS★
22641.1s 465 run 1/5: nv=4 cost=1273.0 (134.6s)
22776.7s 466 run 2/5: nv=4 cost=1185.0 (135.7s)
22917.4s 467 run 3/5: nv=4 cost=1207.4 (140.7s)
23056.2s 468 run 4/5: nv=4 cost=1194.1 (138.9s)
23194.1s 469 run 5/5: nv=4 cost=1298.6 (137.9s)
23194.1s 470 → nv=4.0±0.0  td=1231.6±45.5  gap=-9.8%
23194.1s 471 
23194.1s 472 [RC203] RL-ALNS★
23306.1s 473 run 1/5: nv=4 cost=963.9 (111.9s)
23418.3s 474 run 2/5: nv=4 cost=1036.2 (112.3s)
23531.3s 475 run 3/5: nv=4 cost=1007.2 (113.0s)
23645.1s 476 run 4/5: nv=4 cost=981.6 (113.8s)
23761.1s 477 run 5/5: nv=4 cost=1016.1 (116.0s)
23761.1s 478 → nv=4.0±0.0  td=1001.0±25.5  gap=-4.6%
23761.1s 479 
23761.1s 480 [RC204] RL-ALNS★
23851.1s 481 run 1/5: nv=3 cost=881.4 (90.0s)
23937.0s 482 run 2/5: nv=4 cost=826.7 (86.0s)
24016.5s 483 run 3/5: nv=3 cost=881.1 (79.4s)
24104.9s 484 run 4/5: nv=3 cost=815.8 (88.5s)
24206.2s 485 run 5/5: nv=3 cost=829.2 (101.3s)
24206.2s 486 → nv=3.2±0.4  td=846.8±28.5  gap=+6.1%
24206.2s 487 
24206.2s 488 [RC205] RL-ALNS★
24348.6s 489 run 1/5: nv=5 cost=1316.1 (142.4s)
24491.4s 490 run 2/5: nv=5 cost=1259.4 (142.8s)
24632.7s 491 run 3/5: nv=4 cost=1395.1 (141.4s)
24770.6s 492 run 4/5: nv=5 cost=1278.5 (137.9s)
24912.6s 493 run 5/5: nv=5 cost=1287.2 (141.9s)
24912.6s 494 → nv=4.8±0.4  td=1307.3±47.6  gap=+0.7%
24912.6s 495 
24912.6s 496 [RC206] RL-ALNS★
25055.8s 497 run 1/5: nv=4 cost=1117.7 (143.3s)
25199.1s 498 run 2/5: nv=4 cost=1167.5 (143.3s)
25343.4s 499 run 3/5: nv=4 cost=1135.9 (144.3s)
25488.9s 500 run 4/5: nv=4 cost=1182.2 (145.5s)
25629.1s 501 run 5/5: nv=4 cost=1150.3 (140.3s)
25629.1s 502 → nv=4.0±0.0  td=1150.7±22.7  gap=+0.4%
25629.1s 503 
25629.1s 504 [RC207] RL-ALNS★
25755.0s 505 run 1/5: nv=4 cost=1061.4 (125.8s)
25883.2s 506 run 2/5: nv=4 cost=1026.0 (128.2s)
26010.4s 507 run 3/5: nv=4 cost=1046.7 (127.3s)
26129.9s 508 run 4/5: nv=4 cost=1059.3 (119.5s)
26261.2s 509 run 5/5: nv=4 cost=1021.5 (131.2s)
26261.2s 510 → nv=4.0±0.0  td=1043.0±16.6  gap=-1.7%
26261.2s 511 
26261.2s 512 [RC208] RL-ALNS★
26370.0s 513 run 1/5: nv=3 cost=902.4 (108.8s)
26503.3s 514 run 2/5: nv=3 cost=874.6 (133.3s)
26624.9s 515 run 3/5: nv=3 cost=881.4 (121.6s)
26737.5s 516 run 4/5: nv=3 cost=907.7 (112.6s)
26859.5s 517 run 5/5: nv=3 cost=877.3 (122.3s)
26859.5s 518 → nv=3.0±0.0  td=888.7±13.7  gap=+7.3%
26859.5s 519 
26859.5s 520 ─────────────────────────────────────────────────────────────────────────────────
26859.5s 521 DS  Algorithm       NV   ±  vs BKS       TD     ±   Gap% CV_NV CV_TD   OT%   Time
26859.5s 522 ─────────────────────────────────────────────────────────────────────────────────
26859.5s 523 RC2 ALNS           3.5 0.2    +0.3   1144.5  26.8  +2.7%   4.3   2.3 100.0  65.0s
26859.5s 524 RC2 DQN           18.1 2.5   +14.8   4314.7 126.3+300.4%  14.6   2.9 100.0   1.5s
26859.5s 525 RC2 RL-ALNS        3.5 0.1    +0.2   1148.9  24.8  +3.1%   3.4   2.2 100.0 156.4s
26859.5s 526 RC2 RL-ALNS★       3.9 0.2    +0.7   1112.4  32.5  -0.0%   4.0   2.8 100.0 129.0s
26859.5s 527 ─────────────────────────────────────────────────────────────────────────────────
26859.5s 528 CV = Coefficient of Variation (std/mean × 100%) — lower is more consistent.
26859.5s 529 Negative Gap% with NV_diff>0: extra vehicle allows shorter total routes.
26859.7s 530 ============================================================
26859.7s 531 FULL RESULTS TABLE
26859.7s 532 
26859.7s 533 ─────────────────────────────────────────────────────────────────────────────────
26859.7s 534 DS  Algorithm       NV   ±  vs BKS       TD     ±   Gap% CV_NV CV_TD   OT%   Time
26859.7s 535 ─────────────────────────────────────────────────────────────────────────────────
26859.7s 536 RC1 ALNS          12.7 0.2    +1.2   1401.6  17.7  +1.6%   1.5   1.2 100.0  88.9s
26859.7s 537 RC1 DQN           34.5 2.0   +23.1   4069.4 127.3+199.8%   5.6   3.1 100.0   1.5s
26859.7s 538 RC1 RL-ALNS       12.7 0.3    +1.2   1393.9  13.8  +1.0%   2.1   1.0 100.0 186.1s
26859.7s 539 ─────────────────────────────────────────────────────────────────────────────────
26859.7s 540 RC2 ALNS           3.5 0.2    +0.3   1144.5  26.8  +2.7%   4.3   2.3 100.0  65.0s
26859.7s 541 RC2 DQN           18.1 2.5   +14.8   4314.7 126.3+300.4%  14.6   2.9 100.0   1.5s
26859.7s 542 RC2 RL-ALNS        3.5 0.1    +0.2   1148.9  24.8  +3.1%   3.4   2.2 100.0 156.4s
26859.7s 543 RC2 RL-ALNS★       3.9 0.2    +0.7   1112.4  32.5  -0.0%   4.0   2.8 100.0 129.0s
26859.7s 544 ─────────────────────────────────────────────────────────────────────────────────
26859.7s 545 CV = Coefficient of Variation (std/mean × 100%) — lower is more consistent.
26859.7s 546 Negative Gap% with NV_diff>0: extra vehicle allows shorter total routes.
26859.7s 547 
26859.7s 548 ============================================================
26859.7s 549 STATISTICAL TESTS
26859.7s 550 
26859.7s 551 ── Statistical Significance (Wilcoxon signed-rank, two-sided) ──
26859.7s 552 Comparison                  DatasetMetric    W-stat  p-value  Sig      Better
26859.7s 553 ──────────────────────────────────────────────────────────────────────
26859.7s 554 RL-ALNS vs ALNS      RC1   Gap%         5.0   0.0781    —     RL-ALNS
26859.7s 555 RL-ALNS vs ALNS      RC1   NV_mean      1.0   0.2500    —     RL-ALNS
26859.7s 556 RL-ALNS vs ALNS      RC2   Gap%        17.0   0.9453    —        ALNS
26859.7s 557 RL-ALNS vs ALNS      RC2   NV_mean      0.0   0.5000    —     RL-ALNS
26859.7s 558 RL-ALNS★ vs ALNS      RC2   Gap%        10.0   0.3125    —    RL-ALNS★
26859.8s 559 RL-ALNS★ vs ALNS      RC2   NV_mean      0.0   0.0312    ✅        ALNS
26859.8s 560 ──────────────────────────────────────────────────────────────────────
26859.8s 561 ✅ = p < 0.05 (statistically significant difference)
26859.8s 562 
26859.8s 563 ============================================================
26859.8s 564 DASHBOARD
26861.4s 565 
26861.4s 566 ============================================================
26861.4s 567 TRANSFER: RL-ALNS★ vs ALNS on RC2
26861.4s 568 
26861.4s 569 ── RC1 per-instance detail ──
26861.4s 570 Gap%                 NV_cv               NV_mean                TD_mean
26861.4s 571 Algorithm  ALNS     DQN RL-ALNS  ALNS   DQN RL-ALNS    ALNS   DQN RL-ALNS     ALNS      DQN  RL-ALNS
26861.4s 572 Instance
26861.4s 573 RC101     -0.30  150.14    0.05  3.18  9.64    2.63    15.4  44.2    15.2  1691.87  4244.72  1697.78
26861.4s 574 RC102     -2.09  171.87   -2.37  2.90  7.09    3.60    13.8  37.4    13.6  1522.32  4226.90  1517.94
26861.4s 575 RC103      6.37  227.70    4.96  3.39  5.67    3.39    11.8  34.2    11.8  1341.98  4134.55  1324.24
26861.4s 576 RC104      5.04  257.84    2.99  0.00  3.19    3.92    10.0  28.0    10.2  1192.75  4063.22  1169.43
26861.4s 577 RC105     -2.47  153.12   -2.82  2.70  3.79    3.36    14.8  38.8    14.6  1589.19  4124.43  1583.55
26861.4s 578 RC106     -0.22  172.59   -0.24  0.00  4.70    0.00    13.0  34.6    13.0  1421.60  3883.63  1421.28
26861.4s 579 RC107      4.98  222.86    3.78  0.00  5.52    0.00    12.0  31.6    12.0  1291.75  3972.76  1276.93
26861.4s 580 RC108      1.87  242.60    1.77  0.00  4.91    0.00    11.0  27.6    11.0  1161.12  3905.02  1159.99
26861.4s 581 
26861.4s 582 ── RC2 per-instance detail ──
26861.4s 583 Gap%                           NV_cv                         NV_mean                         TD_mean
26861.4s 584 Algorithm   ALNS     DQN RL-ALNS RL-ALNS★   ALNS    DQN RL-ALNS RL-ALNS★    ALNS   DQN RL-ALNS RL-ALNS★     ALNS      DQN  RL-ALNS RL-ALNS★
26861.4s 585 Instance
26861.4s 586 RC201       5.63  213.62    4.10     1.66   0.00   7.45    0.00    11.13     4.0  24.0     4.0      4.4  1486.21  4412.48  1464.62  1430.34
26861.4s 587 RC202     -11.25  223.54   -8.24    -9.81   0.00   8.67    0.00     0.00     4.0  21.4     4.0      4.0  1212.05  4418.42  1253.11  1231.63
26861.4s 588 RC203       6.93  307.06    5.94    -4.63   0.00   9.23    0.00     0.00     3.0  17.6     3.0      4.0  1122.35  4272.58  1111.98  1000.99
26861.4s 589 RC204       5.18  433.05    6.14     6.06   0.00  17.40    0.00    12.50     3.0  12.8     3.0      3.2   839.80  4256.18   847.48   846.82
26861.4s 590 RC205       6.61  232.11    4.76     0.74   9.52  12.53    0.00     8.33     4.2  22.0     4.0      4.8  1383.43  4309.63  1359.43  1307.26
26861.4s 591 RC206      -1.66  275.20    3.35     0.38  10.53  22.67   12.50     0.00     3.8  18.8     3.2      4.0  1127.33  4301.00  1184.71  1150.71
26861.4s 592 RC207       4.24  303.87    2.93    -1.71  14.41  25.64   14.41     0.00     3.4  16.8     3.4      4.0  1106.11  4285.67  1092.28  1042.99
26861.4s 593 RC208       6.14  414.57    6.00     7.31   0.00  13.12    0.00     0.00     3.0  11.2     3.0      3.0   878.97  4261.38   877.79   888.68
27145.1s 594 Exporting NEXUS demo for RC101...
27227.0s 595 ALNS      : nv=15, td=1739.5, gap=+2.5%
27436.1s 596 RL-ALNS   : nv=15, td=1703.1, gap=+0.4%
27642.2s 597 
27642.2s 598 ✅ nexus_demo.json → /kaggle/working/nexus_demo.json  (39.4 KB)
27642.2s 599 ✅ benchmark.csv ready in output (3 KB)
27642.2s 600 Total export time: 497.5s
27642.2s 601 Drop nexus_demo.json + benchmark.csv + benchmark_transfer.csv into nexus_v2.html
27647.8s 602 /usr/local/lib/python3.12/dist-packages/mistune.py:435: SyntaxWarning: invalid escape sequence '\|'
27647.8s 603 cells[i][c] = re.sub('\\\\\|', '|', cell)
27648.0s 604 /usr/local/lib/python3.12/dist-packages/nbconvert/filters/filter_links.py:36: SyntaxWarning: invalid escape sequence '\_'
27648.0s 605 text = re.sub(r'_', '\_', text) # Escape underscores in display text
27648.6s 606 [NbConvertApp] Converting notebook __notebook__.ipynb to notebook
27648.9s 607 [NbConvertApp] Writing 127519 bytes to __notebook__.ipynb
27651.3s 608 [NbConvertApp] Converting notebook __notebook__.ipynb to html
27652.5s 609 [NbConvertApp] Writing 713773 bytes to __results__.html