6.3s 1 0.00s - Debugger warning: It seems that frozen modules are being used, which may
6.3s 2 0.00s - make the debugger miss breakpoints. Please pass -Xfrozen_modules=off
6.3s 3 0.00s - to python to disable frozen modules.
6.3s 4 0.00s - Note: Debugging will proceed. Set PYDEVD_DISABLE_FILE_VALIDATION=1 to disable this validation.
6.9s 5 0.00s - Debugger warning: It seems that frozen modules are being used, which may
6.9s 6 0.00s - make the debugger miss breakpoints. Please pass -Xfrozen_modules=off
6.9s 7 0.00s - to python to disable frozen modules.
6.9s 8 0.00s - Note: Debugging will proceed. Set PYDEVD_DISABLE_FILE_VALIDATION=1 to disable this validation.
19.3s 9 ✅ Device : cuda
19.3s 10 ✅ PyTorch: 2.10.0+cu128
19.3s 11 ✅ Config ready.
19.5s 12 Loading...
19.5s 13 RC1: 8 instances
19.5s 14 RC2: 8 instances
19.5s 15 ✅ RC101: n=100, tight_TW=100%
19.5s 16 ✅ Solution model ready.
19.6s 17 ✅ Operators: 5D × 4R = 20 combos
19.6s 18 ✅ Helpers ready.
19.6s 19 ✅ Networks ready.
19.6s 20 ✅ ALNS ready.
19.7s 21 ✅ DQN solver ready.
19.7s 22 ✅ RL-ALNS ready.
19.7s 23 ✅ Benchmark runner ready.
19.7s 24 ✅ Transfer learning pipeline ready.
19.8s 25 ✅ Stats & table utilities ready.
19.8s 26 ✅ Visualisation ready.
19.8s 27 Smoke test — RC101
19.8s 28 
44.2s 29 ALNS         nv= 16  cost=  1733.6  BKS TD +2.2% NV +2  (24.2s)
51.5s 30 DQN          nv= 38  cost=  4021.7  BKS TD +137.0% NV +24  (7.2s)
91.9s 31 RL-ALNS      nv= 15  cost=  1720.3  BKS TD +1.4% NV +1  (40.4s)
91.9s 32 
91.9s 33 ✓ Smoke test passed
155.2s 34 Total: 48 combos × 5 runs
155.2s 35 ============================================================
155.2s 36 
155.2s 37 [RC101] ALNS
231.6s 38 run 1/5: nv=15 cost=1739.5 (76.4s)
312.2s 39 run 2/5: nv=15 cost=1641.3 (80.6s)
393.0s 40 run 3/5: nv=16 cost=1682.8 (80.8s)
487.3s 41 run 4/5: nv=16 cost=1674.5 (94.3s)
572.8s 42 run 5/5: nv=15 cost=1721.2 (85.5s)
572.8s 43 → nv=15.4±0.5  td=1691.9±34.8  gap=-0.3%
572.8s 44 
572.8s 45 [RC101] DQN
574.2s 46 run 1/5: nv=42 cost=4156.5 (1.4s)
575.6s 47 run 2/5: nv=42 cost=4137.2 (1.4s)
577.2s 48 run 3/5: nv=47 cost=4345.0 (1.6s)
578.6s 49 run 4/5: nv=39 cost=4025.2 (1.4s)
580.2s 50 run 5/5: nv=51 cost=4559.7 (1.6s)
580.2s 51 → nv=44.2±4.3  td=4244.7±188.1  gap=+150.1%
580.2s 52 
580.2s 53 [RC101] RL-ALNS
699.8s 54 run 1/5: nv=15 cost=1664.6 (119.6s)
845.8s 55 run 2/5: nv=15 cost=1693.8 (146.0s)
1001.6s 56 run 3/5: nv=15 cost=1716.3 (155.9s)
1129.4s 57 run 4/5: nv=15 cost=1715.3 (127.7s)
1246.1s 58 run 5/5: nv=15 cost=1707.5 (116.7s)
1246.1s 59 → nv=15.0±0.0  td=1699.5±19.2  gap=+0.2%
1246.1s 60 
1246.1s 61 [RC102] ALNS
1320.7s 62 run 1/5: nv=14 cost=1537.2 (74.6s)
1392.6s 63 run 2/5: nv=14 cost=1517.7 (71.9s)
1469.2s 64 run 3/5: nv=14 cost=1515.9 (76.6s)
1558.5s 65 run 4/5: nv=13 cost=1523.8 (89.3s)
1641.8s 66 run 5/5: nv=14 cost=1517.0 (83.4s)
1641.8s 67 → nv=13.8±0.4  td=1522.3±7.9  gap=-2.1%
1641.8s 68 
1641.8s 69 [RC102] DQN
1643.4s 70 run 1/5: nv=41 cost=4457.4 (1.5s)
1644.8s 71 run 2/5: nv=34 cost=4168.8 (1.4s)
1646.2s 72 run 3/5: nv=36 cost=4252.0 (1.4s)
1647.6s 73 run 4/5: nv=36 cost=4077.4 (1.4s)
1649.0s 74 run 5/5: nv=40 cost=4178.8 (1.4s)
1649.0s 75 → nv=37.4±2.7  td=4226.9±127.9  gap=+171.9%
1649.0s 76 
1649.0s 77 [RC102] RL-ALNS
1798.4s 78 run 1/5: nv=14 cost=1516.6 (149.4s)
1936.3s 79 run 2/5: nv=14 cost=1505.7 (137.9s)
2070.5s 80 run 3/5: nv=13 cost=1601.5 (134.2s)
2209.4s 81 run 4/5: nv=14 cost=1521.8 (138.9s)
2375.2s 82 run 5/5: nv=14 cost=1480.7 (165.8s)
2375.2s 83 → nv=13.8±0.4  td=1525.3±40.7  gap=-1.9%
2375.2s 84 
2375.2s 85 [RC103] ALNS
2451.7s 86 run 1/5: nv=12 cost=1352.0 (76.5s)
2526.1s 87 run 2/5: nv=12 cost=1357.2 (74.4s)
2609.6s 88 run 3/5: nv=11 cost=1311.2 (83.6s)
2688.6s 89 run 4/5: nv=12 cost=1354.6 (78.9s)
2768.0s 90 run 5/5: nv=12 cost=1334.8 (79.5s)
2768.0s 91 → nv=11.8±0.4  td=1342.0±17.3  gap=+6.4%
2768.0s 92 
2768.0s 93 [RC103] DQN
2769.5s 94 run 1/5: nv=33 cost=4179.8 (1.4s)
2770.9s 95 run 2/5: nv=32 cost=4143.5 (1.5s)
2772.5s 96 run 3/5: nv=37 cost=4322.2 (1.6s)
2773.9s 97 run 4/5: nv=33 cost=3883.4 (1.4s)
2775.4s 98 run 5/5: nv=36 cost=4143.8 (1.4s)
2775.4s 99 → nv=34.2±1.9  td=4134.5±141.8  gap=+227.7%
2775.4s 100 
2775.4s 101 [RC103] RL-ALNS
2934.5s 102 run 1/5: nv=12 cost=1340.3 (159.1s)
3077.9s 103 run 2/5: nv=11 cost=1349.0 (143.4s)
3241.9s 104 run 3/5: nv=12 cost=1324.9 (164.0s)
3389.8s 105 run 4/5: nv=12 cost=1367.7 (147.9s)
3516.5s 106 run 5/5: nv=12 cost=1344.7 (126.7s)
3516.5s 107 → nv=11.8±0.4  td=1345.4±13.8  gap=+6.6%
3516.5s 108 
3516.5s 109 [RC104] ALNS
3580.9s 110 run 1/5: nv=10 cost=1234.1 (64.4s)
3649.1s 111 run 2/5: nv=10 cost=1154.9 (68.1s)
3714.0s 112 run 3/5: nv=10 cost=1190.5 (65.0s)
3785.3s 113 run 4/5: nv=10 cost=1198.0 (71.3s)
3860.6s 114 run 5/5: nv=10 cost=1186.2 (75.3s)
3860.6s 115 → nv=10.0±0.0  td=1192.7±25.4  gap=+5.0%
3860.6s 116 
3860.6s 117 [RC104] DQN
3862.2s 118 run 1/5: nv=28 cost=4190.2 (1.6s)
3863.7s 119 run 2/5: nv=27 cost=4061.0 (1.5s)
3865.3s 120 run 3/5: nv=29 cost=4167.8 (1.6s)
3866.6s 121 run 4/5: nv=29 cost=3879.5 (1.4s)
3868.1s 122 run 5/5: nv=27 cost=4017.7 (1.4s)
3868.1s 123 → nv=28.0±0.9  td=4063.2±112.2  gap=+257.8%
3868.1s 124 
3868.1s 125 [RC104] RL-ALNS
4021.3s 126 run 1/5: nv=10 cost=1151.9 (153.2s)
4158.3s 127 run 2/5: nv=10 cost=1173.8 (137.0s)
4294.4s 128 run 3/5: nv=10 cost=1168.8 (136.2s)
4443.2s 129 run 4/5: nv=10 cost=1162.3 (148.8s)
4599.4s 130 run 5/5: nv=10 cost=1148.1 (156.1s)
4599.4s 131 → nv=10.0±0.0  td=1161.0±9.7  gap=+2.2%
4599.4s 132 
4599.4s 133 [RC105] ALNS
4679.3s 134 run 1/5: nv=15 cost=1567.7 (79.9s)
4765.8s 135 run 2/5: nv=15 cost=1579.4 (86.5s)
4839.7s 136 run 3/5: nv=15 cost=1617.4 (73.9s)
4934.3s 137 run 4/5: nv=14 cost=1575.8 (94.6s)
5016.1s 138 run 5/5: nv=15 cost=1605.8 (81.8s)
5016.1s 139 → nv=14.8±0.4  td=1589.2±19.0  gap=-2.5%
5016.1s 140 
5016.1s 141 [RC105] DQN
5017.5s 142 run 1/5: nv=38 cost=4113.1 (1.5s)
5019.0s 143 run 2/5: nv=40 cost=4086.2 (1.4s)
5020.4s 144 run 3/5: nv=38 cost=4245.3 (1.5s)
5021.8s 145 run 4/5: nv=37 cost=3955.1 (1.4s)
5023.2s 146 run 5/5: nv=41 cost=4222.4 (1.4s)
5023.2s 147 → nv=38.8±1.5  td=4124.4±104.4  gap=+153.1%
5023.2s 148 
5023.2s 149 [RC105] RL-ALNS
5167.9s 150 run 1/5: nv=14 cost=1608.6 (144.6s)
5327.9s 151 run 2/5: nv=15 cost=1591.8 (159.9s)
5463.1s 152 run 3/5: nv=14 cost=1638.7 (135.3s)
5623.3s 153 run 4/5: nv=14 cost=1600.7 (160.2s)
5769.5s 154 run 5/5: nv=14 cost=1625.7 (146.1s)
5769.5s 155 → nv=14.2±0.4  td=1613.1±17.0  gap=-1.0%
5769.5s 156 
5769.5s 157 [RC106] ALNS
5850.9s 158 run 1/5: nv=13 cost=1424.0 (81.4s)
5937.5s 159 run 2/5: nv=13 cost=1401.1 (86.6s)
6031.9s 160 run 3/5: nv=13 cost=1411.6 (94.5s)
6132.4s 161 run 4/5: nv=13 cost=1447.1 (100.4s)
6226.0s 162 run 5/5: nv=13 cost=1424.2 (93.7s)
6226.0s 163 → nv=13.0±0.0  td=1421.6±15.4  gap=-0.2%
6226.0s 164 
6226.0s 165 [RC106] DQN
6227.4s 166 run 1/5: nv=36 cost=3977.1 (1.4s)
6228.9s 167 run 2/5: nv=33 cost=3696.3 (1.4s)
6230.4s 168 run 3/5: nv=37 cost=4121.8 (1.6s)
6231.8s 169 run 4/5: nv=33 cost=3798.2 (1.4s)
6233.3s 170 run 5/5: nv=34 cost=3824.7 (1.4s)
6233.3s 171 → nv=34.6±1.6  td=3883.6±149.2  gap=+172.6%
6233.3s 172 
6233.3s 173 [RC106] RL-ALNS
6399.0s 174 run 1/5: nv=13 cost=1448.1 (165.8s)
6546.7s 175 run 2/5: nv=13 cost=1410.6 (147.6s)
6701.5s 176 run 3/5: nv=13 cost=1436.4 (154.8s)
6862.9s 177 run 4/5: nv=13 cost=1452.2 (161.5s)
7032.2s 178 run 5/5: nv=13 cost=1405.4 (169.3s)
7032.2s 179 → nv=13.0±0.0  td=1430.5±19.2  gap=+0.4%
7032.2s 180 
7032.2s 181 [RC107] ALNS
7111.5s 182 run 1/5: nv=12 cost=1305.7 (79.3s)
7198.3s 183 run 2/5: nv=12 cost=1289.1 (86.8s)
7277.6s 184 run 3/5: nv=12 cost=1268.7 (79.3s)
7366.0s 185 run 4/5: nv=12 cost=1303.8 (88.5s)
7446.2s 186 run 5/5: nv=12 cost=1291.4 (80.2s)
7446.2s 187 → nv=12.0±0.0  td=1291.7±13.2  gap=+5.0%
7446.2s 188 
7446.2s 189 [RC107] DQN
7447.6s 190 run 1/5: nv=31 cost=3998.6 (1.4s)
7449.1s 191 run 2/5: nv=33 cost=3908.9 (1.4s)
7450.5s 192 run 3/5: nv=31 cost=4052.3 (1.4s)
7451.9s 193 run 4/5: nv=29 cost=3856.8 (1.4s)
7453.4s 194 run 5/5: nv=34 cost=4047.2 (1.4s)
7453.4s 195 → nv=31.6±1.7  td=3972.8±77.5  gap=+222.9%
7453.4s 196 
7453.4s 197 [RC107] RL-ALNS
7629.4s 198 run 1/5: nv=12 cost=1265.9 (176.0s)
7785.9s 199 run 2/5: nv=12 cost=1273.8 (156.6s)
7942.7s 200 run 3/5: nv=12 cost=1308.5 (156.8s)
8085.7s 201 run 4/5: nv=12 cost=1285.5 (143.1s)
8242.8s 202 run 5/5: nv=12 cost=1269.1 (157.1s)
8242.8s 203 → nv=12.0±0.0  td=1280.6±15.5  gap=+4.1%
8242.8s 204 
8242.8s 205 [RC108] ALNS
8330.8s 206 run 1/5: nv=11 cost=1166.3 (88.0s)
8419.8s 207 run 2/5: nv=11 cost=1159.8 (89.0s)
8516.2s 208 run 3/5: nv=11 cost=1173.1 (96.4s)
8607.7s 209 run 4/5: nv=11 cost=1158.0 (91.5s)
8697.6s 210 run 5/5: nv=11 cost=1148.5 (90.0s)
8697.6s 211 → nv=11.0±0.0  td=1161.1±8.3  gap=+1.9%
8697.6s 212 
8697.6s 213 [RC108] DQN
8699.1s 214 run 1/5: nv=30 cost=4075.2 (1.5s)
8700.5s 215 run 2/5: nv=27 cost=3815.4 (1.4s)
8702.0s 216 run 3/5: nv=27 cost=3891.3 (1.5s)
8703.4s 217 run 4/5: nv=26 cost=3750.7 (1.4s)
8704.8s 218 run 5/5: nv=28 cost=3992.5 (1.4s)
8704.8s 219 → nv=27.6±1.4  td=3905.0±117.2  gap=+242.6%
8704.8s 220 
8704.8s 221 [RC108] RL-ALNS
8870.7s 222 run 1/5: nv=11 cost=1150.9 (165.8s)
9036.0s 223 run 2/5: nv=11 cost=1142.6 (165.3s)
9202.6s 224 run 3/5: nv=11 cost=1149.9 (166.6s)
9369.3s 225 run 4/5: nv=11 cost=1153.9 (166.7s)
9532.2s 226 run 5/5: nv=11 cost=1146.4 (162.8s)
9532.2s 227 → nv=11.0±0.0  td=1148.7±3.9  gap=+0.8%
9532.2s 228 
9532.2s 229 [RC201] ALNS
9610.0s 230 run 1/5: nv=4 cost=1473.8 (77.8s)
9687.2s 231 run 2/5: nv=4 cost=1468.1 (77.3s)
9759.2s 232 run 3/5: nv=4 cost=1513.6 (72.0s)
9838.6s 233 run 4/5: nv=4 cost=1486.4 (79.3s)
9915.3s 234 run 5/5: nv=4 cost=1489.2 (76.8s)
9915.3s 235 → nv=4.0±0.0  td=1486.2±15.8  gap=+5.6%
9915.3s 236 
9915.3s 237 [RC201] DQN
9916.7s 238 run 1/5: nv=25 cost=4315.0 (1.4s)
9918.0s 239 run 2/5: nv=21 cost=4503.5 (1.3s)
9919.5s 240 run 3/5: nv=25 cost=4522.0 (1.5s)
9920.8s 241 run 4/5: nv=23 cost=4169.0 (1.3s)
9922.4s 242 run 5/5: nv=26 cost=4552.9 (1.6s)
9922.4s 243 → nv=24.0±1.8  td=4412.5±147.5  gap=+213.6%
9922.4s 244 
9922.4s 245 [RC201] RL-ALNS
10096.7s 246 run 1/5: nv=4 cost=1512.7 (174.2s)
10242.3s 247 run 2/5: nv=4 cost=1481.7 (145.7s)
10408.0s 248 run 3/5: nv=4 cost=1561.0 (165.6s)
10576.5s 249 run 4/5: nv=4 cost=1513.0 (168.5s)
10716.7s 250 run 5/5: nv=4 cost=1501.4 (140.2s)
10716.7s 251 → nv=4.0±0.0  td=1513.9±26.1  gap=+7.6%
10716.7s 252 
10716.7s 253 [RC202] ALNS
10776.9s 254 run 1/5: nv=4 cost=1213.8 (60.2s)
10838.4s 255 run 2/5: nv=4 cost=1185.4 (61.5s)
10900.5s 256 run 3/5: nv=4 cost=1231.2 (62.1s)
10967.4s 257 run 4/5: nv=4 cost=1224.2 (67.0s)
11029.6s 258 run 5/5: nv=4 cost=1205.7 (62.2s)
11029.6s 259 → nv=4.0±0.0  td=1212.0±15.9  gap=-11.2%
11029.6s 260 
11029.6s 261 [RC202] DQN
11030.9s 262 run 1/5: nv=24 cost=4443.3 (1.4s)
11032.4s 263 run 2/5: nv=20 cost=4203.2 (1.4s)
11033.9s 264 run 3/5: nv=23 cost=4563.6 (1.5s)
11035.3s 265 run 4/5: nv=19 cost=4399.7 (1.4s)
11036.7s 266 run 5/5: nv=21 cost=4482.3 (1.4s)
11036.7s 267 → nv=21.4±1.9  td=4418.4±120.4  gap=+223.5%
11036.7s 268 
11036.7s 269 [RC202] RL-ALNS
11170.2s 270 run 1/5: nv=4 cost=1239.2 (133.5s)
11312.5s 271 run 2/5: nv=4 cost=1279.4 (142.3s)
11473.4s 272 run 3/5: nv=4 cost=1233.1 (160.9s)
11596.6s 273 run 4/5: nv=4 cost=1224.4 (123.3s)
11757.3s 274 run 5/5: nv=4 cost=1180.3 (160.6s)
11757.3s 275 → nv=4.0±0.0  td=1231.3±31.7  gap=-9.8%
11757.3s 276 
11757.3s 277 [RC203] ALNS
11809.0s 278 run 1/5: nv=3 cost=1131.7 (51.7s)
11861.5s 279 run 2/5: nv=3 cost=1119.3 (52.5s)
11916.8s 280 run 3/5: nv=3 cost=1118.2 (55.3s)
11969.3s 281 run 4/5: nv=3 cost=1106.7 (52.5s)
12031.7s 282 run 5/5: nv=3 cost=1135.8 (62.4s)
12031.7s 283 → nv=3.0±0.0  td=1122.3±10.4  gap=+6.9%
12031.7s 284 
12031.7s 285 [RC203] DQN
12033.2s 286 run 1/5: nv=19 cost=4342.2 (1.5s)
12034.6s 287 run 2/5: nv=20 cost=4253.2 (1.5s)
12036.2s 288 run 3/5: nv=17 cost=4446.6 (1.6s)
12037.6s 289 run 4/5: nv=16 cost=4168.2 (1.4s)
12039.1s 290 run 5/5: nv=16 cost=4152.7 (1.5s)
12039.1s 291 → nv=17.6±1.6  td=4272.6±110.3  gap=+307.1%
12039.1s 292 
12039.1s 293 [RC203] RL-ALNS
12151.1s 294 run 1/5: nv=3 cost=1114.5 (111.9s)
12272.2s 295 run 2/5: nv=3 cost=1116.9 (121.2s)
12393.4s 296 run 3/5: nv=3 cost=1085.8 (121.2s)
12524.1s 297 run 4/5: nv=3 cost=1128.8 (130.7s)
12609.6s 298 run 5/5: nv=3 cost=1119.8 (85.5s)
12609.6s 299 → nv=3.0±0.0  td=1113.2±14.5  gap=+6.1%
12609.6s 300 
12609.6s 301 [RC204] ALNS
12649.6s 302 run 1/5: nv=3 cost=824.3 (40.0s)
12690.9s 303 run 2/5: nv=3 cost=850.9 (41.3s)
12730.1s 304 run 3/5: nv=3 cost=845.3 (39.1s)
12769.5s 305 run 4/5: nv=3 cost=843.1 (39.4s)
12809.2s 306 run 5/5: nv=3 cost=835.4 (39.7s)
12809.2s 307 → nv=3.0±0.0  td=839.8±9.2  gap=+5.2%
12809.2s 308 
12809.2s 309 [RC204] DQN
12810.6s 310 run 1/5: nv=11 cost=4145.7 (1.4s)
12812.0s 311 run 2/5: nv=12 cost=4184.5 (1.4s)
12813.7s 312 run 3/5: nv=17 cost=4484.2 (1.6s)
12815.1s 313 run 4/5: nv=11 cost=4079.8 (1.4s)
12816.7s 314 run 5/5: nv=13 cost=4386.7 (1.6s)
12816.7s 315 → nv=12.8±2.2  td=4256.2±153.3  gap=+433.0%
12816.7s 316 
12816.7s 317 [RC204] RL-ALNS
12910.8s 318 run 1/5: nv=3 cost=869.0 (94.1s)
13005.7s 319 run 2/5: nv=3 cost=841.8 (94.9s)
13105.6s 320 run 3/5: nv=3 cost=851.0 (99.8s)
13185.7s 321 run 4/5: nv=3 cost=828.4 (80.1s)
13262.9s 322 run 5/5: nv=3 cost=839.2 (77.2s)
13262.9s 323 → nv=3.0±0.0  td=845.9±13.6  gap=+5.9%
13262.9s 324 
13262.9s 325 [RC205] ALNS
13322.8s 326 run 1/5: nv=5 cost=1297.0 (60.0s)
13389.7s 327 run 2/5: nv=4 cost=1454.6 (66.9s)
13456.9s 328 run 3/5: nv=4 cost=1398.4 (67.1s)
13521.9s 329 run 4/5: nv=4 cost=1392.4 (65.0s)
13587.5s 330 run 5/5: nv=4 cost=1374.7 (65.7s)
13587.5s 331 → nv=4.2±0.4  td=1383.4±50.8  gap=+6.6%
13587.5s 332 
13587.5s 333 [RC205] DQN
13588.9s 334 run 1/5: nv=20 cost=4226.4 (1.4s)
13590.3s 335 run 2/5: nv=25 cost=4446.6 (1.4s)
13591.9s 336 run 3/5: nv=25 cost=4460.8 (1.6s)
13593.2s 337 run 4/5: nv=18 cost=4005.9 (1.4s)
13594.7s 338 run 5/5: nv=22 cost=4408.5 (1.5s)
13594.7s 339 → nv=22.0±2.8  td=4309.6±173.5  gap=+232.1%
13594.7s 340 
13594.7s 341 [RC205] RL-ALNS
13713.0s 342 run 1/5: nv=4 cost=1319.3 (118.3s)
13825.8s 343 run 2/5: nv=4 cost=1386.3 (112.8s)
13981.3s 344 run 3/5: nv=4 cost=1400.6 (155.5s)
14123.3s 345 run 4/5: nv=4 cost=1343.3 (142.0s)
14256.6s 346 run 5/5: nv=4 cost=1379.9 (133.2s)
14256.6s 347 → nv=4.0±0.0  td=1365.9±30.0  gap=+5.3%
14256.6s 348 
14256.6s 349 [RC206] ALNS
14318.4s 350 run 1/5: nv=4 cost=1092.7 (61.8s)
14380.3s 351 run 2/5: nv=4 cost=1108.7 (62.0s)
14443.7s 352 run 3/5: nv=4 cost=1132.0 (63.4s)
14523.5s 353 run 4/5: nv=3 cost=1179.9 (79.8s)
14591.5s 354 run 5/5: nv=4 cost=1123.5 (68.0s)
14591.5s 355 → nv=3.8±0.4  td=1127.3±29.5  gap=-1.7%
14591.5s 356 
14591.5s 357 [RC206] DQN
14592.8s 358 run 1/5: nv=17 cost=4294.3 (1.4s)
14594.3s 359 run 2/5: nv=21 cost=4404.7 (1.5s)
14595.8s 360 run 3/5: nv=16 cost=4308.6 (1.5s)
14597.2s 361 run 4/5: nv=14 cost=4000.3 (1.4s)
14598.9s 362 run 5/5: nv=26 cost=4497.1 (1.7s)
14598.9s 363 → nv=18.8±4.3  td=4301.0±167.2  gap=+275.2%
14598.9s 364 
14598.9s 365 [RC206] RL-ALNS
14752.5s 366 run 1/5: nv=4 cost=1126.2 (153.5s)
14893.3s 367 run 2/5: nv=4 cost=1125.5 (140.8s)
15052.8s 368 run 3/5: nv=4 cost=1109.4 (159.6s)
15166.5s 369 run 4/5: nv=4 cost=1120.9 (113.7s)
15323.8s 370 run 5/5: nv=3 cost=1199.2 (157.2s)
15323.8s 371 → nv=3.8±0.4  td=1136.2±32.0  gap=-0.9%
15323.8s 372 
15323.8s 373 [RC207] ALNS
15385.0s 374 run 1/5: nv=3 cost=1126.1 (61.2s)
15444.1s 375 run 2/5: nv=3 cost=1101.1 (59.1s)
15511.6s 376 run 3/5: nv=3 cost=1206.2 (67.5s)
15566.6s 377 run 4/5: nv=4 cost=1066.7 (55.0s)
15619.3s 378 run 5/5: nv=4 cost=1030.4 (52.7s)
15619.3s 379 → nv=3.4±0.5  td=1106.1±59.6  gap=+4.2%
15619.3s 380 
15619.3s 381 [RC207] DQN
15620.7s 382 run 1/5: nv=15 cost=4283.8 (1.4s)
15622.2s 383 run 2/5: nv=17 cost=4244.9 (1.5s)
15623.7s 384 run 3/5: nv=14 cost=4350.7 (1.5s)
15625.1s 385 run 4/5: nv=13 cost=4230.1 (1.3s)
15626.5s 386 run 5/5: nv=25 cost=4318.9 (1.4s)
15626.5s 387 → nv=16.8±4.3  td=4285.7±44.9  gap=+303.9%
15626.5s 388 
15626.5s 389 [RC207] RL-ALNS
15754.4s 390 run 1/5: nv=3 cost=1101.4 (127.9s)
15836.0s 391 run 2/5: nv=4 cost=1040.0 (81.6s)
15982.7s 392 run 3/5: nv=3 cost=1104.5 (146.8s)
16114.7s 393 run 4/5: nv=3 cost=1119.7 (131.9s)
16226.0s 394 run 5/5: nv=3 cost=1145.4 (111.3s)
16226.0s 395 → nv=3.2±0.4  td=1102.2±34.8  gap=+3.9%
16226.0s 396 
16226.0s 397 [RC208] ALNS
16286.4s 398 run 1/5: nv=3 cost=897.4 (60.4s)
16347.5s 399 run 2/5: nv=3 cost=835.0 (61.2s)
16408.1s 400 run 3/5: nv=3 cost=888.9 (60.5s)
16470.7s 401 run 4/5: nv=3 cost=898.3 (62.6s)
16534.9s 402 run 5/5: nv=3 cost=875.2 (64.3s)
16534.9s 403 → nv=3.0±0.0  td=879.0±23.5  gap=+6.1%
16534.9s 404 
16534.9s 405 [RC208] DQN
16536.3s 406 run 1/5: nv=13 cost=4143.1 (1.4s)
16537.7s 407 run 2/5: nv=9 cost=4202.0 (1.4s)
16539.3s 408 run 3/5: nv=12 cost=4227.9 (1.6s)
16540.7s 409 run 4/5: nv=12 cost=4403.4 (1.4s)
16542.2s 410 run 5/5: nv=10 cost=4330.5 (1.5s)
16542.2s 411 → nv=11.2±1.5  td=4261.4±93.4  gap=+414.6%
16542.2s 412 
16542.2s 413 [RC208] RL-ALNS
16675.2s 414 run 1/5: nv=3 cost=877.1 (133.0s)
16795.6s 415 run 2/5: nv=3 cost=860.0 (120.4s)
16926.0s 416 run 3/5: nv=3 cost=870.2 (130.4s)
17054.0s 417 run 4/5: nv=3 cost=864.2 (128.0s)
17181.3s 418 run 5/5: nv=3 cost=863.8 (127.5s)
17181.3s 419 → nv=3.0±0.0  td=867.1±6.0  gap=+4.7%
17181.3s 420 
17181.3s 421 ─────────────────────────────────────────────────────────────────────────────────
17181.3s 422 DS  Algorithm       NV   ±  vs BKS       TD     ±   Gap% CV_NV CV_TD   OT%   Time
17181.3s 423 ─────────────────────────────────────────────────────────────────────────────────
17181.3s 424 RC1 ALNS          12.7 0.2    +1.2   1401.6  17.7  +1.6%   1.5   1.2 100.0  82.3s
17181.3s 425 RC1 DQN           34.5 2.0   +23.1   4069.4 127.3+199.8%   5.6   3.1 100.0   1.4s
17181.3s 426 RC1 RL-ALNS       12.6 0.1    +1.1   1400.5  17.4  +1.4%   1.1   1.2 100.0 150.7s
17181.3s 427 ─────────────────────────────────────────────────────────────────────────────────
17181.3s 428 RC2 ALNS           3.5 0.2    +0.3   1144.5  26.8  +2.7%   4.3   2.3 100.0  60.9s
17181.3s 429 RC2 DQN           18.1 2.5   +14.8   4314.7 126.3+300.4%  14.6   2.9 100.0   1.4s
17181.3s 430 RC2 RL-ALNS        3.5 0.1    +0.2   1147.0  23.6  +2.8%   2.9   2.0 100.0 128.9s
17181.3s 431 ─────────────────────────────────────────────────────────────────────────────────
17181.3s 432 CV = Coefficient of Variation (std/mean × 100%) — lower is more consistent.
17181.3s 433 Negative Gap% with NV_diff>0: extra vehicle allows shorter total routes.
17181.4s 434 📚 Training transfer model...
17181.4s 435 Training on RC101...
17303.8s 436 nv=15, gap=-1.9%
17303.8s 437 Training on RC102...
17451.7s 438 nv=14, gap=-1.7%
17451.7s 439 Training on RC103...
17584.2s 440 nv=11, gap=+8.6%
17584.2s 441 Training on RC104...
17715.1s 442 nv=11, gap=+4.5%
17715.1s 443 Training on RC105...
17846.5s 444 nv=15, gap=-2.1%
17846.5s 445 Training on RC106...
18000.2s 446 nv=13, gap=-1.6%
18000.2s 447 Training on RC107...
18156.2s 448 nv=12, gap=+4.6%
18156.2s 449 Training on RC108...
18321.3s 450 nv=11, gap=+1.6%
18321.3s 451 
18321.3s 452 ✅ Transfer model saved → /kaggle/working/models/rl_alns_transfer.safetensors
18321.3s 453 Total: 8 combos × 5 runs
18321.3s 454 ============================================================
18321.3s 455 
18321.3s 456 [RC201] RL-ALNS★
18471.0s 457 run 1/5: nv=5 cost=1386.0 (149.8s)
18623.8s 458 run 2/5: nv=4 cost=1459.5 (152.8s)
18773.4s 459 run 3/5: nv=5 cost=1340.2 (149.6s)
18926.2s 460 run 4/5: nv=4 cost=1522.9 (152.8s)
19079.8s 461 run 5/5: nv=5 cost=1363.6 (153.6s)
19079.8s 462 → nv=4.6±0.5  td=1414.4±67.4  gap=+0.5%
19079.8s 463 
19079.8s 464 [RC202] RL-ALNS★
19206.5s 465 run 1/5: nv=4 cost=1278.2 (126.7s)
19336.8s 466 run 2/5: nv=4 cost=1241.2 (130.3s)
19465.4s 467 run 3/5: nv=4 cost=1181.3 (128.5s)
19595.1s 468 run 4/5: nv=4 cost=1196.9 (129.7s)
19722.6s 469 run 5/5: nv=4 cost=1255.3 (127.5s)
19722.6s 470 → nv=4.0±0.0  td=1230.6±36.2  gap=-9.9%
19722.6s 471 
19722.6s 472 [RC203] RL-ALNS★
19829.8s 473 run 1/5: nv=4 cost=1026.8 (107.2s)
19939.3s 474 run 2/5: nv=4 cost=982.3 (109.5s)
20049.0s 475 run 3/5: nv=4 cost=998.9 (109.7s)
20156.4s 476 run 4/5: nv=4 cost=1106.7 (107.4s)
20274.5s 477 run 5/5: nv=3 cost=1105.8 (118.0s)
20274.5s 478 → nv=3.8±0.4  td=1044.1±52.7  gap=-0.5%
20274.5s 479 
20274.5s 480 [RC204] RL-ALNS★
20349.2s 481 run 1/5: nv=5 cost=807.9 (74.7s)
20436.3s 482 run 2/5: nv=3 cost=880.5 (87.1s)
20526.4s 483 run 3/5: nv=3 cost=848.7 (90.2s)
20604.7s 484 run 4/5: nv=3 cost=831.5 (78.3s)
20697.2s 485 run 5/5: nv=3 cost=864.7 (92.4s)
20697.2s 486 → nv=3.4±0.8  td=846.6±25.3  gap=+6.0%
20697.2s 487 
20697.2s 488 [RC205] RL-ALNS★
20838.5s 489 run 1/5: nv=4 cost=1351.3 (141.3s)
20971.6s 490 run 2/5: nv=5 cost=1275.0 (133.2s)
21103.9s 491 run 3/5: nv=5 cost=1287.1 (132.3s)
21235.6s 492 run 4/5: nv=5 cost=1272.2 (131.7s)
21368.3s 493 run 5/5: nv=5 cost=1268.4 (132.7s)
21368.3s 494 → nv=4.8±0.4  td=1290.8±30.9  gap=-0.5%
21368.3s 495 
21368.3s 496 [RC206] RL-ALNS★
21507.6s 497 run 1/5: nv=4 cost=1118.1 (139.4s)
21639.3s 498 run 2/5: nv=4 cost=1167.1 (131.6s)
21776.9s 499 run 3/5: nv=4 cost=1156.0 (137.6s)
21917.8s 500 run 4/5: nv=4 cost=1132.0 (140.9s)
22051.5s 501 run 5/5: nv=4 cost=1103.6 (133.7s)
22051.5s 502 → nv=4.0±0.0  td=1135.4±23.5  gap=-1.0%
22051.5s 503 
22051.5s 504 [RC207] RL-ALNS★
22170.7s 505 run 1/5: nv=4 cost=1075.4 (119.2s)
22286.4s 506 run 2/5: nv=4 cost=1034.9 (115.7s)
22403.0s 507 run 3/5: nv=4 cost=1042.0 (116.5s)
22519.2s 508 run 4/5: nv=4 cost=1042.5 (116.2s)
22629.1s 509 run 5/5: nv=7 cost=980.9 (110.0s)
22629.1s 510 → nv=4.6±1.2  td=1035.1±30.5  gap=-2.5%
22629.1s 511 
22629.1s 512 [RC208] RL-ALNS★
22733.7s 513 run 1/5: nv=3 cost=872.2 (104.6s)
22836.4s 514 run 2/5: nv=3 cost=862.3 (102.7s)
22941.8s 515 run 3/5: nv=3 cost=905.2 (105.4s)
23052.2s 516 run 4/5: nv=3 cost=877.3 (110.4s)
23172.2s 517 run 5/5: nv=3 cost=881.4 (120.2s)
23172.2s 518 → nv=3.0±0.0  td=879.7±14.2  gap=+6.2%
23172.2s 519 
23172.2s 520 ─────────────────────────────────────────────────────────────────────────────────
23172.2s 521 DS  Algorithm       NV   ±  vs BKS       TD     ±   Gap% CV_NV CV_TD   OT%   Time
23172.2s 522 ─────────────────────────────────────────────────────────────────────────────────
23172.2s 523 RC2 ALNS           3.5 0.2    +0.3   1144.5  26.8  +2.7%   4.3   2.3 100.0  60.9s
23172.2s 524 RC2 DQN           18.1 2.5   +14.8   4314.7 126.3+300.4%  14.6   2.9 100.0   1.4s
23172.2s 525 RC2 RL-ALNS        3.5 0.1    +0.2   1147.0  23.6  +2.8%   2.9   2.0 100.0 128.9s
23172.2s 526 RC2 RL-ALNS★       4.0 0.4    +0.8   1109.6  35.1  -0.2%   9.9   3.1 100.0 121.2s
23172.2s 527 ─────────────────────────────────────────────────────────────────────────────────
23172.2s 528 CV = Coefficient of Variation (std/mean × 100%) — lower is more consistent.
23172.2s 529 Negative Gap% with NV_diff>0: extra vehicle allows shorter total routes.
23172.4s 530 ============================================================
23172.4s 531 FULL RESULTS TABLE
23172.4s 532 
23172.4s 533 ─────────────────────────────────────────────────────────────────────────────────
23172.4s 534 DS  Algorithm       NV   ±  vs BKS       TD     ±   Gap% CV_NV CV_TD   OT%   Time
23172.4s 535 ─────────────────────────────────────────────────────────────────────────────────
23172.4s 536 RC1 ALNS          12.7 0.2    +1.2   1401.6  17.7  +1.6%   1.5   1.2 100.0  82.3s
23172.4s 537 RC1 DQN           34.5 2.0   +23.1   4069.4 127.3+199.8%   5.6   3.1 100.0   1.4s
23172.4s 538 RC1 RL-ALNS       12.6 0.1    +1.1   1400.5  17.4  +1.4%   1.1   1.2 100.0 150.7s
23172.4s 539 ─────────────────────────────────────────────────────────────────────────────────
23172.4s 540 RC2 ALNS           3.5 0.2    +0.3   1144.5  26.8  +2.7%   4.3   2.3 100.0  60.9s
23172.4s 541 RC2 DQN           18.1 2.5   +14.8   4314.7 126.3+300.4%  14.6   2.9 100.0   1.4s
23172.4s 542 RC2 RL-ALNS        3.5 0.1    +0.2   1147.0  23.6  +2.8%   2.9   2.0 100.0 128.9s
23172.4s 543 RC2 RL-ALNS★       4.0 0.4    +0.8   1109.6  35.1  -0.2%   9.9   3.1 100.0 121.2s
23172.4s 544 ─────────────────────────────────────────────────────────────────────────────────
23172.4s 545 CV = Coefficient of Variation (std/mean × 100%) — lower is more consistent.
23172.4s 546 Negative Gap% with NV_diff>0: extra vehicle allows shorter total routes.
23172.4s 547 
23172.4s 548 ============================================================
23172.4s 549 STATISTICAL TESTS
23172.4s 550 
23172.4s 551 ── Statistical Significance (Wilcoxon signed-rank, two-sided) ──
23172.4s 552 Comparison                  DatasetMetric    W-stat  p-value  Sig      Better
23172.4s 553 ──────────────────────────────────────────────────────────────────────
23172.4s 554 RL-ALNS vs ALNS      RC1   Gap%        17.0   0.9453    —     RL-ALNS
23172.4s 555 RL-ALNS vs ALNS      RC1   NV_mean      0.0   0.5000    —     RL-ALNS
23172.4s 556 RL-ALNS vs ALNS      RC2   Gap%        17.0   0.9453    —        ALNS
23172.4s 557 RL-ALNS vs ALNS      RC2   NV_mean      0.0   0.5000    —     RL-ALNS
23172.4s 558 RL-ALNS★ vs ALNS      RC2   Gap%        10.0   0.3125    —    RL-ALNS★
23172.4s 559 RL-ALNS★ vs ALNS      RC2   NV_mean      0.0   0.0312    ✅        ALNS
23172.4s 560 ──────────────────────────────────────────────────────────────────────
23172.4s 561 ✅ = p < 0.05 (statistically significant difference)
23172.4s 562 
23172.4s 563 ============================================================
23172.4s 564 DASHBOARD
23174.0s 565 
23174.0s 566 ============================================================
23174.0s 567 TRANSFER: RL-ALNS★ vs ALNS on RC2
23174.1s 568 
23174.1s 569 ── RC1 per-instance detail ──
23174.1s 570 Gap%                 NV_cv               NV_mean                TD_mean
23174.1s 571 Algorithm  ALNS     DQN RL-ALNS  ALNS   DQN RL-ALNS    ALNS   DQN RL-ALNS     ALNS      DQN  RL-ALNS
23174.1s 572 Instance
23174.1s 573 RC101     -0.30  150.14    0.15  3.18  9.64    0.00    15.4  44.2    15.0  1691.87  4244.72  1699.50
23174.1s 574 RC102     -2.09  171.87   -1.90  2.90  7.09    2.90    13.8  37.4    13.8  1522.32  4226.90  1525.25
23174.1s 575 RC103      6.37  227.70    6.63  3.39  5.67    3.39    11.8  34.2    11.8  1341.98  4134.55  1345.35
23174.1s 576 RC104      5.04  257.84    2.24  0.00  3.19    0.00    10.0  28.0    10.0  1192.75  4063.22  1160.97
23174.1s 577 RC105     -2.47  153.12   -1.00  2.70  3.79    2.82    14.8  38.8    14.2  1589.19  4124.43  1613.12
23174.1s 578 RC106     -0.22  172.59    0.41  0.00  4.70    0.00    13.0  34.6    13.0  1421.60  3883.63  1430.54
23174.1s 579 RC107      4.98  222.86    4.07  0.00  5.52    0.00    12.0  31.6    12.0  1291.75  3972.76  1280.57
23174.1s 580 RC108      1.87  242.60    0.78  0.00  4.91    0.00    11.0  27.6    11.0  1161.12  3905.02  1148.72
23174.1s 581 
23174.1s 582 ── RC2 per-instance detail ──
23174.1s 583 Gap%                           NV_cv                         NV_mean                         TD_mean
23174.1s 584 Algorithm   ALNS     DQN RL-ALNS RL-ALNS★   ALNS    DQN RL-ALNS RL-ALNS★    ALNS   DQN RL-ALNS RL-ALNS★     ALNS      DQN  RL-ALNS RL-ALNS★
23174.1s 585 Instance
23174.1s 586 RC201       5.63  213.62    7.61     0.53   0.00   7.45    0.00    10.65     4.0  24.0     4.0      4.6  1486.21  4412.48  1513.94  1414.42
23174.1s 587 RC202     -11.25  223.54   -9.84    -9.89   0.00   8.67    0.00     0.00     4.0  21.4     4.0      4.0  1212.05  4418.42  1231.28  1230.58
23174.1s 588 RC203       6.93  307.06    6.05    -0.53   0.00   9.23    0.00    10.53     3.0  17.6     3.0      3.8  1122.35  4272.58  1113.15  1044.09
23174.1s 589 RC204       5.18  433.05    5.94     6.04   0.00  17.40    0.00    23.53     3.0  12.8     3.0      3.4   839.80  4256.18   845.87   846.65
23174.1s 590 RC205       6.61  232.11    5.26    -0.53   9.52  12.53    0.00     8.33     4.2  22.0     4.0      4.8  1383.43  4309.63  1365.89  1290.78
23174.1s 591 RC206      -1.66  275.20   -0.88    -0.96  10.53  22.67   10.53     0.00     3.8  18.8     3.8      4.0  1127.33  4301.00  1136.25  1135.37
23174.1s 592 RC207       4.24  303.87    3.87    -2.45  14.41  25.64   12.50    26.09     3.4  16.8     3.2      4.6  1106.11  4285.67  1102.18  1035.11
23174.1s 593 RC208       6.14  414.57    4.70     6.23   0.00  13.12    0.00     0.00     3.0  11.2     3.0      3.0   878.97  4261.38   867.06   879.70
23377.5s 594 /usr/local/lib/python3.12/dist-packages/mistune.py:435: SyntaxWarning: invalid escape sequence '\|'
23377.5s 595 cells[i][c] = re.sub('\\\\\|', '|', cell)
23377.7s 596 /usr/local/lib/python3.12/dist-packages/nbconvert/filters/filter_links.py:36: SyntaxWarning: invalid escape sequence '\_'
23377.7s 597 text = re.sub(r'_', '\_', text) # Escape underscores in display text
23378.3s 598 [NbConvertApp] Converting notebook __notebook__.ipynb to notebook
23378.6s 599 [NbConvertApp] Writing 106889 bytes to __notebook__.ipynb
23380.9s 600 [NbConvertApp] Converting notebook __notebook__.ipynb to html
23382.0s 601 [NbConvertApp] Writing 636840 bytes to __results__.html