11.4s 1 0.00s - Debugger warning: It seems that frozen modules are being used, which may
11.4s 2 0.00s - make the debugger miss breakpoints. Please pass -Xfrozen_modules=off
11.4s 3 0.00s - to python to disable frozen modules.
11.4s 4 0.00s - Note: Debugging will proceed. Set PYDEVD_DISABLE_FILE_VALIDATION=1 to disable this validation.
12.2s 5 0.00s - Debugger warning: It seems that frozen modules are being used, which may
12.2s 6 0.00s - make the debugger miss breakpoints. Please pass -Xfrozen_modules=off
12.2s 7 0.00s - to python to disable frozen modules.
12.2s 8 0.00s - Note: Debugging will proceed. Set PYDEVD_DISABLE_FILE_VALIDATION=1 to disable this validation.
31.9s 9 ✅ Device : cuda
31.9s 10 ✅ PyTorch: 2.10.0+cu128
32.0s 11 ✅ Config ready.
32.1s 12 Loading...
32.1s 13 RC1: 8 instances
32.2s 14 RC2: 8 instances
32.2s 15 ✅ RC101: n=100, tight_TW=100%
32.3s 16 ✅ Solution model ready.
32.4s 17 ✅ Operators: 5D × 4R = 20 combos
32.4s 18 ✅ Helpers ready.
32.4s 19 ✅ Networks ready.
32.4s 20 ✅ ALNS ready.
32.4s 21 ✅ DQN solver ready.
32.5s 22 ✅ RL-ALNS ready.
32.5s 23 ✅ Benchmark runner ready.
32.5s 24 ✅ Transfer learning pipeline ready.
32.6s 25 ✅ Stats & table utilities ready.
32.6s 26 ✅ Visualisation ready.
32.6s 27 Smoke test — RC101
32.6s 28 
57.5s 29 ALNS         nv= 16  cost=  1733.6  BKS TD +2.2% NV +2  (24.7s)
66.8s 30 DQN          nv= 44  cost=  4363.7  BKS TD +157.2% NV +30  (9.2s)
110.3s 31 RL-ALNS      nv= 16  cost=  1712.0  BKS TD +0.9% NV +2  (43.5s)
110.3s 32 
110.3s 33 ✓ Smoke test passed
176.7s 34 Total: 48 combos × 5 runs
176.7s 35 ============================================================
176.7s 36 
176.7s 37 [RC101] ALNS
254.4s 38 run 1/5: nv=15 cost=1739.5 (77.8s)
335.7s 39 run 2/5: nv=15 cost=1641.3 (81.3s)
417.2s 40 run 3/5: nv=16 cost=1682.8 (81.5s)
513.0s 41 run 4/5: nv=16 cost=1674.5 (95.8s)
600.4s 42 run 5/5: nv=15 cost=1721.2 (87.5s)
600.4s 43 → nv=15.4±0.5  td=1691.9±34.8  gap=-0.3%
600.4s 44 
600.4s 45 [RC101] DQN
601.9s 46 run 1/5: nv=42 cost=4156.5 (1.5s)
603.3s 47 run 2/5: nv=42 cost=4137.2 (1.4s)
605.0s 48 run 3/5: nv=47 cost=4345.0 (1.7s)
606.4s 49 run 4/5: nv=39 cost=4025.2 (1.4s)
608.1s 50 run 5/5: nv=51 cost=4559.7 (1.6s)
608.1s 51 → nv=44.2±4.3  td=4244.7±188.1  gap=+150.1%
608.1s 52 
608.1s 53 [RC101] RL-ALNS
773.1s 54 run 1/5: nv=16 cost=1709.1 (165.0s)
893.2s 55 run 2/5: nv=15 cost=1728.0 (120.1s)
1077.5s 56 run 3/5: nv=16 cost=1676.2 (184.4s)
1262.0s 57 run 4/5: nv=16 cost=1701.4 (184.5s)
1415.5s 58 run 5/5: nv=15 cost=1662.7 (153.5s)
1415.5s 59 → nv=15.6±0.5  td=1695.5±23.3  gap=-0.1%
1415.5s 60 
1415.5s 61 [RC102] ALNS
1490.3s 62 run 1/5: nv=14 cost=1537.2 (74.8s)
1563.6s 63 run 2/5: nv=14 cost=1517.7 (73.2s)
1640.7s 64 run 3/5: nv=14 cost=1515.9 (77.1s)
1729.8s 65 run 4/5: nv=13 cost=1523.8 (89.1s)
1812.5s 66 run 5/5: nv=14 cost=1517.0 (82.7s)
1812.5s 67 → nv=13.8±0.4  td=1522.3±7.9  gap=-2.1%
1812.5s 68 
1812.5s 69 [RC102] DQN
1814.0s 70 run 1/5: nv=41 cost=4457.4 (1.5s)
1815.4s 71 run 2/5: nv=34 cost=4168.8 (1.4s)
1816.9s 72 run 3/5: nv=36 cost=4252.0 (1.4s)
1818.2s 73 run 4/5: nv=36 cost=4077.4 (1.4s)
1819.7s 74 run 5/5: nv=40 cost=4178.8 (1.4s)
1819.7s 75 → nv=37.4±2.7  td=4226.9±127.9  gap=+171.9%
1819.7s 76 
1819.7s 77 [RC102] RL-ALNS
1981.8s 78 run 1/5: nv=14 cost=1498.8 (162.1s)
2151.6s 79 run 2/5: nv=13 cost=1509.8 (169.8s)
2339.6s 80 run 3/5: nv=14 cost=1515.8 (187.9s)
2485.1s 81 run 4/5: nv=13 cost=1509.4 (145.5s)
2665.2s 82 run 5/5: nv=14 cost=1518.4 (180.1s)
2665.2s 83 → nv=13.6±0.5  td=1510.4±6.8  gap=-2.9%
2665.2s 84 
2665.2s 85 [RC103] ALNS
2744.1s 86 run 1/5: nv=12 cost=1352.0 (78.8s)
2820.1s 87 run 2/5: nv=12 cost=1357.2 (76.0s)
2906.6s 88 run 3/5: nv=11 cost=1311.2 (86.5s)
2986.5s 89 run 4/5: nv=12 cost=1354.6 (79.9s)
3068.6s 90 run 5/5: nv=12 cost=1334.8 (82.2s)
3068.6s 91 → nv=11.8±0.4  td=1342.0±17.3  gap=+6.4%
3068.6s 92 
3068.6s 93 [RC103] DQN
3070.0s 94 run 1/5: nv=33 cost=4179.8 (1.4s)
3071.6s 95 run 2/5: nv=32 cost=4143.5 (1.5s)
3073.1s 96 run 3/5: nv=37 cost=4322.2 (1.5s)
3074.5s 97 run 4/5: nv=33 cost=3883.4 (1.4s)
3076.0s 98 run 5/5: nv=36 cost=4143.8 (1.5s)
3076.0s 99 → nv=34.2±1.9  td=4134.5±141.8  gap=+227.7%
3076.0s 100 
3076.0s 101 [RC103] RL-ALNS
3248.5s 102 run 1/5: nv=12 cost=1325.2 (172.5s)
3407.8s 103 run 2/5: nv=12 cost=1347.3 (159.3s)
3593.7s 104 run 3/5: nv=12 cost=1306.0 (185.9s)
3769.0s 105 run 4/5: nv=12 cost=1336.1 (175.3s)
3936.1s 106 run 5/5: nv=12 cost=1336.7 (167.1s)
3936.1s 107 → nv=12.0±0.0  td=1330.2±14.0  gap=+5.4%
3936.1s 108 
3936.1s 109 [RC104] ALNS
4002.4s 110 run 1/5: nv=10 cost=1234.1 (66.3s)
4072.5s 111 run 2/5: nv=10 cost=1154.9 (70.1s)
4140.3s 112 run 3/5: nv=10 cost=1190.5 (67.9s)
4212.8s 113 run 4/5: nv=10 cost=1198.0 (72.4s)
4289.9s 114 run 5/5: nv=10 cost=1186.2 (77.1s)
4289.9s 115 → nv=10.0±0.0  td=1192.7±25.4  gap=+5.0%
4289.9s 116 
4289.9s 117 [RC104] DQN
4291.4s 118 run 1/5: nv=28 cost=4190.2 (1.6s)
4293.0s 119 run 2/5: nv=27 cost=4061.0 (1.5s)
4294.6s 120 run 3/5: nv=29 cost=4167.8 (1.6s)
4296.0s 121 run 4/5: nv=29 cost=3879.5 (1.4s)
4297.4s 122 run 5/5: nv=27 cost=4017.7 (1.5s)
4297.4s 123 → nv=28.0±0.9  td=4063.2±112.2  gap=+257.8%
4297.4s 124 
4297.4s 125 [RC104] RL-ALNS
4469.8s 126 run 1/5: nv=10 cost=1208.1 (172.3s)
4609.4s 127 run 2/5: nv=10 cost=1204.3 (139.7s)
4780.9s 128 run 3/5: nv=10 cost=1149.1 (171.4s)
4951.7s 129 run 4/5: nv=10 cost=1177.0 (170.9s)
5124.9s 130 run 5/5: nv=11 cost=1191.8 (173.1s)
5124.9s 131 → nv=10.2±0.4  td=1186.1±21.5  gap=+4.5%
5124.9s 132 
5124.9s 133 [RC105] ALNS
5208.7s 134 run 1/5: nv=15 cost=1567.7 (83.8s)
5297.7s 135 run 2/5: nv=15 cost=1579.4 (89.0s)
5371.8s 136 run 3/5: nv=15 cost=1617.4 (74.2s)
5467.1s 137 run 4/5: nv=14 cost=1575.8 (95.3s)
5548.9s 138 run 5/5: nv=15 cost=1605.8 (81.8s)
5548.9s 139 → nv=14.8±0.4  td=1589.2±19.0  gap=-2.5%
5548.9s 140 
5548.9s 141 [RC105] DQN
5550.4s 142 run 1/5: nv=38 cost=4113.1 (1.5s)
5551.9s 143 run 2/5: nv=40 cost=4086.2 (1.5s)
5553.4s 144 run 3/5: nv=38 cost=4245.3 (1.5s)
5554.8s 145 run 4/5: nv=37 cost=3955.1 (1.4s)
5556.3s 146 run 5/5: nv=41 cost=4222.4 (1.5s)
5556.3s 147 → nv=38.8±1.5  td=4124.4±104.4  gap=+153.1%
5556.3s 148 
5556.3s 149 [RC105] RL-ALNS
5738.5s 150 run 1/5: nv=14 cost=1581.4 (182.2s)
5903.5s 151 run 2/5: nv=14 cost=1573.1 (164.9s)
6069.5s 152 run 3/5: nv=14 cost=1633.7 (166.0s)
6241.2s 153 run 4/5: nv=15 cost=1563.0 (171.7s)
6415.5s 154 run 5/5: nv=15 cost=1598.5 (174.3s)
6415.5s 155 → nv=14.4±0.5  td=1589.9±24.8  gap=-2.4%
6415.5s 156 
6415.5s 157 [RC106] ALNS
6499.9s 158 run 1/5: nv=13 cost=1424.0 (84.4s)
6588.8s 159 run 2/5: nv=13 cost=1401.1 (88.9s)
6687.6s 160 run 3/5: nv=13 cost=1411.6 (98.8s)
6793.4s 161 run 4/5: nv=13 cost=1447.1 (105.8s)
6891.0s 162 run 5/5: nv=13 cost=1424.2 (97.7s)
6891.0s 163 → nv=13.0±0.0  td=1421.6±15.4  gap=-0.2%
6891.0s 164 
6891.0s 165 [RC106] DQN
6892.5s 166 run 1/5: nv=36 cost=3977.1 (1.4s)
6894.0s 167 run 2/5: nv=33 cost=3696.3 (1.5s)
6895.6s 168 run 3/5: nv=37 cost=4121.8 (1.6s)
6897.0s 169 run 4/5: nv=33 cost=3798.2 (1.4s)
6898.4s 170 run 5/5: nv=34 cost=3824.7 (1.4s)
6898.4s 171 → nv=34.6±1.6  td=3883.6±149.2  gap=+172.6%
6898.4s 172 
6898.4s 173 [RC106] RL-ALNS
7090.2s 174 run 1/5: nv=13 cost=1411.1 (191.7s)
7263.9s 175 run 2/5: nv=13 cost=1423.5 (173.8s)
7454.0s 176 run 3/5: nv=13 cost=1414.9 (190.0s)
7636.7s 177 run 4/5: nv=13 cost=1416.8 (182.7s)
7817.9s 178 run 5/5: nv=13 cost=1429.2 (181.3s)
7817.9s 179 → nv=13.0±0.0  td=1419.1±6.4  gap=-0.4%
7817.9s 180 
7817.9s 181 [RC107] ALNS
7901.4s 182 run 1/5: nv=12 cost=1305.7 (83.5s)
7993.1s 183 run 2/5: nv=12 cost=1289.1 (91.7s)
8079.5s 184 run 3/5: nv=12 cost=1268.7 (86.3s)
8169.4s 185 run 4/5: nv=12 cost=1303.8 (90.0s)
8252.5s 186 run 5/5: nv=12 cost=1291.4 (83.1s)
8252.5s 187 → nv=12.0±0.0  td=1291.7±13.2  gap=+5.0%
8252.5s 188 
8252.5s 189 [RC107] DQN
8253.9s 190 run 1/5: nv=31 cost=3998.6 (1.4s)
8255.4s 191 run 2/5: nv=33 cost=3908.9 (1.5s)
8256.9s 192 run 3/5: nv=31 cost=4052.3 (1.5s)
8258.3s 193 run 4/5: nv=29 cost=3856.8 (1.4s)
8259.8s 194 run 5/5: nv=34 cost=4047.2 (1.5s)
8259.8s 195 → nv=31.6±1.7  td=3972.8±77.5  gap=+222.9%
8259.8s 196 
8259.8s 197 [RC107] RL-ALNS
8440.5s 198 run 1/5: nv=12 cost=1276.4 (180.6s)
8614.6s 199 run 2/5: nv=12 cost=1287.6 (174.1s)
8796.5s 200 run 3/5: nv=12 cost=1293.4 (181.9s)
8978.7s 201 run 4/5: nv=12 cost=1282.3 (182.2s)
9161.8s 202 run 5/5: nv=12 cost=1272.1 (183.1s)
9161.8s 203 → nv=12.0±0.0  td=1282.4±7.6  gap=+4.2%
9161.8s 204 
9161.8s 205 [RC108] ALNS
9251.4s 206 run 1/5: nv=11 cost=1166.3 (89.6s)
9344.2s 207 run 2/5: nv=11 cost=1159.8 (92.9s)
9446.9s 208 run 3/5: nv=11 cost=1173.1 (102.6s)
9542.6s 209 run 4/5: nv=11 cost=1158.0 (95.7s)
9635.8s 210 run 5/5: nv=11 cost=1148.5 (93.2s)
9635.8s 211 → nv=11.0±0.0  td=1161.1±8.3  gap=+1.9%
9635.8s 212 
9635.8s 213 [RC108] DQN
9637.2s 214 run 1/5: nv=30 cost=4075.2 (1.5s)
9638.7s 215 run 2/5: nv=27 cost=3815.4 (1.5s)
9640.2s 216 run 3/5: nv=27 cost=3891.3 (1.5s)
9641.7s 217 run 4/5: nv=26 cost=3750.7 (1.4s)
9643.2s 218 run 5/5: nv=28 cost=3992.5 (1.5s)
9643.2s 219 → nv=27.6±1.4  td=3905.0±117.2  gap=+242.6%
9643.2s 220 
9643.2s 221 [RC108] RL-ALNS
9816.7s 222 run 1/5: nv=11 cost=1161.0 (173.5s)
9990.3s 223 run 2/5: nv=11 cost=1145.4 (173.6s)
10168.7s 224 run 3/5: nv=11 cost=1156.2 (178.5s)
10343.9s 225 run 4/5: nv=11 cost=1143.9 (175.1s)
10524.9s 226 run 5/5: nv=11 cost=1163.5 (181.0s)
10524.9s 227 → nv=11.0±0.0  td=1154.0±8.0  gap=+1.2%
10524.9s 228 
10524.9s 229 [RC201] ALNS
10604.1s 230 run 1/5: nv=4 cost=1473.8 (79.2s)
10684.6s 231 run 2/5: nv=4 cost=1468.1 (80.5s)
10759.2s 232 run 3/5: nv=4 cost=1513.6 (74.6s)
10839.7s 233 run 4/5: nv=4 cost=1486.4 (80.6s)
10919.3s 234 run 5/5: nv=4 cost=1489.2 (79.6s)
10919.3s 235 → nv=4.0±0.0  td=1486.2±15.8  gap=+5.6%
10919.3s 236 
10919.3s 237 [RC201] DQN
10920.7s 238 run 1/5: nv=25 cost=4315.0 (1.4s)
10922.1s 239 run 2/5: nv=21 cost=4503.5 (1.4s)
10923.7s 240 run 3/5: nv=25 cost=4522.0 (1.6s)
10925.0s 241 run 4/5: nv=23 cost=4169.0 (1.3s)
10926.6s 242 run 5/5: nv=26 cost=4552.9 (1.6s)
10926.6s 243 → nv=24.0±1.8  td=4412.5±147.5  gap=+213.6%
10926.6s 244 
10926.6s 245 [RC201] RL-ALNS
11106.7s 246 run 1/5: nv=4 cost=1514.4 (180.1s)
11268.0s 247 run 2/5: nv=4 cost=1525.4 (161.2s)
11458.7s 248 run 3/5: nv=4 cost=1506.2 (190.8s)
11635.4s 249 run 4/5: nv=4 cost=1480.2 (176.7s)
11804.3s 250 run 5/5: nv=4 cost=1502.1 (168.9s)
11804.3s 251 → nv=4.0±0.0  td=1505.7±15.0  gap=+7.0%
11804.3s 252 
11804.3s 253 [RC202] ALNS
11867.2s 254 run 1/5: nv=4 cost=1213.8 (62.9s)
11930.1s 255 run 2/5: nv=4 cost=1185.4 (62.9s)
11994.0s 256 run 3/5: nv=4 cost=1231.2 (63.9s)
12062.7s 257 run 4/5: nv=4 cost=1224.2 (68.7s)
12126.3s 258 run 5/5: nv=4 cost=1205.7 (63.7s)
12126.3s 259 → nv=4.0±0.0  td=1212.0±15.9  gap=-11.2%
12126.3s 260 
12126.3s 261 [RC202] DQN
12127.8s 262 run 1/5: nv=24 cost=4443.3 (1.5s)
12129.3s 263 run 2/5: nv=20 cost=4203.2 (1.5s)
12130.8s 264 run 3/5: nv=23 cost=4563.6 (1.6s)
12132.3s 265 run 4/5: nv=19 cost=4399.7 (1.4s)
12133.7s 266 run 5/5: nv=21 cost=4482.3 (1.4s)
12133.7s 267 → nv=21.4±1.9  td=4418.4±120.4  gap=+223.5%
12133.7s 268 
12133.7s 269 [RC202] RL-ALNS
12293.9s 270 run 1/5: nv=4 cost=1207.4 (160.2s)
12440.5s 271 run 2/5: nv=4 cost=1265.1 (146.6s)
12606.9s 272 run 3/5: nv=4 cost=1209.4 (166.4s)
12762.0s 273 run 4/5: nv=4 cost=1249.0 (155.1s)
12909.1s 274 run 5/5: nv=4 cost=1214.6 (147.1s)
12909.1s 275 → nv=4.0±0.0  td=1229.1±23.5  gap=-10.0%
12909.1s 276 
12909.1s 277 [RC203] ALNS
12961.4s 278 run 1/5: nv=3 cost=1131.7 (52.3s)
13015.0s 279 run 2/5: nv=3 cost=1119.3 (53.6s)
13070.0s 280 run 3/5: nv=3 cost=1118.2 (55.0s)
13124.3s 281 run 4/5: nv=3 cost=1106.7 (54.4s)
13187.9s 282 run 5/5: nv=3 cost=1135.8 (63.6s)
13187.9s 283 → nv=3.0±0.0  td=1122.3±10.4  gap=+6.9%
13187.9s 284 
13187.9s 285 [RC203] DQN
13189.4s 286 run 1/5: nv=19 cost=4342.2 (1.5s)
13190.9s 287 run 2/5: nv=20 cost=4253.2 (1.5s)
13192.6s 288 run 3/5: nv=17 cost=4446.6 (1.7s)
13194.0s 289 run 4/5: nv=16 cost=4168.2 (1.4s)
13195.5s 290 run 5/5: nv=16 cost=4152.7 (1.5s)
13195.5s 291 → nv=17.6±1.6  td=4272.6±110.3  gap=+307.1%
13195.5s 292 
13195.5s 293 [RC203] RL-ALNS
13326.9s 294 run 1/5: nv=3 cost=1150.6 (131.3s)
13452.0s 295 run 2/5: nv=3 cost=1121.8 (125.2s)
13582.7s 296 run 3/5: nv=3 cost=1087.0 (130.6s)
13720.6s 297 run 4/5: nv=3 cost=1123.5 (137.9s)
13833.6s 298 run 5/5: nv=3 cost=1100.2 (113.0s)
13833.6s 299 → nv=3.0±0.0  td=1116.6±21.8  gap=+6.4%
13833.6s 300 
13833.6s 301 [RC204] ALNS
13873.4s 302 run 1/5: nv=3 cost=824.3 (39.8s)
13914.9s 303 run 2/5: nv=3 cost=850.9 (41.4s)
13954.8s 304 run 3/5: nv=3 cost=845.3 (40.0s)
13994.5s 305 run 4/5: nv=3 cost=843.1 (39.7s)
14035.4s 306 run 5/5: nv=3 cost=835.4 (40.9s)
14035.4s 307 → nv=3.0±0.0  td=839.8±9.2  gap=+5.2%
14035.4s 308 
14035.4s 309 [RC204] DQN
14036.9s 310 run 1/5: nv=11 cost=4145.7 (1.5s)
14038.3s 311 run 2/5: nv=12 cost=4184.5 (1.4s)
14039.9s 312 run 3/5: nv=17 cost=4484.2 (1.6s)
14041.4s 313 run 4/5: nv=11 cost=4079.8 (1.5s)
14043.0s 314 run 5/5: nv=13 cost=4386.7 (1.6s)
14043.0s 315 → nv=12.8±2.2  td=4256.2±153.3  gap=+433.0%
14043.0s 316 
14043.0s 317 [RC204] RL-ALNS
14127.4s 318 run 1/5: nv=3 cost=845.6 (84.4s)
14228.8s 319 run 2/5: nv=3 cost=863.5 (101.4s)
14336.3s 320 run 3/5: nv=3 cost=839.3 (107.5s)
14430.5s 321 run 4/5: nv=3 cost=863.0 (94.2s)
14532.4s 322 run 5/5: nv=3 cost=848.7 (101.9s)
14532.4s 323 → nv=3.0±0.0  td=852.0±9.7  gap=+6.7%
14532.4s 324 
14532.4s 325 [RC205] ALNS
14593.2s 326 run 1/5: nv=5 cost=1297.0 (60.8s)
14661.4s 327 run 2/5: nv=4 cost=1454.6 (68.2s)
14730.3s 328 run 3/5: nv=4 cost=1398.4 (68.9s)
14796.9s 329 run 4/5: nv=4 cost=1392.4 (66.5s)
14864.6s 330 run 5/5: nv=4 cost=1374.7 (67.8s)
14864.6s 331 → nv=4.2±0.4  td=1383.4±50.8  gap=+6.6%
14864.6s 332 
14864.6s 333 [RC205] DQN
14866.0s 334 run 1/5: nv=20 cost=4226.4 (1.4s)
14867.5s 335 run 2/5: nv=25 cost=4446.6 (1.5s)
14869.1s 336 run 3/5: nv=25 cost=4460.8 (1.6s)
14870.5s 337 run 4/5: nv=18 cost=4005.9 (1.4s)
14872.0s 338 run 5/5: nv=22 cost=4408.5 (1.5s)
14872.0s 339 → nv=22.0±2.8  td=4309.6±173.5  gap=+232.1%
14872.0s 340 
14872.0s 341 [RC205] RL-ALNS
15022.9s 342 run 1/5: nv=4 cost=1397.9 (150.8s)
15169.3s 343 run 2/5: nv=4 cost=1389.1 (146.5s)
15335.6s 344 run 3/5: nv=4 cost=1349.5 (166.3s)
15486.4s 345 run 4/5: nv=4 cost=1309.5 (150.7s)
15625.7s 346 run 5/5: nv=4 cost=1396.4 (139.4s)
15625.7s 347 → nv=4.0±0.0  td=1368.5±34.4  gap=+5.5%
15625.7s 348 
15625.7s 349 [RC206] ALNS
15689.0s 350 run 1/5: nv=4 cost=1092.7 (63.2s)
15752.2s 351 run 2/5: nv=4 cost=1108.7 (63.2s)
15817.2s 352 run 3/5: nv=4 cost=1132.0 (65.0s)
15897.2s 353 run 4/5: nv=3 cost=1179.9 (80.0s)
15964.0s 354 run 5/5: nv=4 cost=1123.5 (66.9s)
15964.0s 355 → nv=3.8±0.4  td=1127.3±29.5  gap=-1.7%
15964.0s 356 
15964.0s 357 [RC206] DQN
15965.4s 358 run 1/5: nv=17 cost=4294.3 (1.4s)
15966.8s 359 run 2/5: nv=21 cost=4404.7 (1.5s)
15968.3s 360 run 3/5: nv=16 cost=4308.6 (1.5s)
15969.7s 361 run 4/5: nv=14 cost=4000.3 (1.3s)
15971.3s 362 run 5/5: nv=26 cost=4497.1 (1.6s)
15971.3s 363 → nv=18.8±4.3  td=4301.0±167.2  gap=+275.2%
15971.3s 364 
15971.3s 365 [RC206] RL-ALNS
16128.8s 366 run 1/5: nv=4 cost=1129.7 (157.5s)
16261.8s 367 run 2/5: nv=3 cost=1209.4 (133.0s)
16433.9s 368 run 3/5: nv=4 cost=1113.5 (172.1s)
16594.7s 369 run 4/5: nv=3 cost=1182.0 (160.8s)
16753.3s 370 run 5/5: nv=3 cost=1200.7 (158.5s)
16753.3s 371 → nv=3.4±0.5  td=1167.1±38.5  gap=+1.8%
16753.3s 372 
16753.3s 373 [RC207] ALNS
16814.6s 374 run 1/5: nv=3 cost=1126.1 (61.4s)
16874.8s 375 run 2/5: nv=3 cost=1101.1 (60.1s)
16942.1s 376 run 3/5: nv=3 cost=1206.2 (67.3s)
16997.8s 377 run 4/5: nv=4 cost=1066.7 (55.7s)
17051.4s 378 run 5/5: nv=4 cost=1030.4 (53.7s)
17051.4s 379 → nv=3.4±0.5  td=1106.1±59.6  gap=+4.2%
17051.4s 380 
17051.4s 381 [RC207] DQN
17052.8s 382 run 1/5: nv=15 cost=4283.8 (1.4s)
17054.3s 383 run 2/5: nv=17 cost=4244.9 (1.5s)
17055.8s 384 run 3/5: nv=14 cost=4350.7 (1.5s)
17057.2s 385 run 4/5: nv=13 cost=4230.1 (1.4s)
17058.7s 386 run 5/5: nv=25 cost=4318.9 (1.4s)
17058.7s 387 → nv=16.8±4.3  td=4285.7±44.9  gap=+303.9%
17058.7s 388 
17058.7s 389 [RC207] RL-ALNS
17204.4s 390 run 1/5: nv=4 cost=1040.9 (145.7s)
17322.8s 391 run 2/5: nv=3 cost=1163.9 (118.5s)
17471.0s 392 run 3/5: nv=4 cost=1029.3 (148.2s)
17608.7s 393 run 4/5: nv=3 cost=1125.4 (137.7s)
17739.2s 394 run 5/5: nv=3 cost=1111.2 (130.5s)
17739.2s 395 → nv=3.4±0.5  td=1094.1±51.4  gap=+3.1%
17739.2s 396 
17739.2s 397 [RC208] ALNS
17801.5s 398 run 1/5: nv=3 cost=897.4 (62.3s)
17864.5s 399 run 2/5: nv=3 cost=835.0 (63.0s)
17927.1s 400 run 3/5: nv=3 cost=888.9 (62.6s)
17991.3s 401 run 4/5: nv=3 cost=898.3 (64.2s)
18057.4s 402 run 5/5: nv=3 cost=875.2 (66.2s)
18057.4s 403 → nv=3.0±0.0  td=879.0±23.5  gap=+6.1%
18057.4s 404 
18057.4s 405 [RC208] DQN
18058.9s 406 run 1/5: nv=13 cost=4143.1 (1.5s)
18060.3s 407 run 2/5: nv=9 cost=4202.0 (1.5s)
18062.0s 408 run 3/5: nv=12 cost=4227.9 (1.7s)
18063.4s 409 run 4/5: nv=12 cost=4403.4 (1.5s)
18065.0s 410 run 5/5: nv=10 cost=4330.5 (1.5s)
18065.0s 411 → nv=11.2±1.5  td=4261.4±93.4  gap=+414.6%
18065.0s 412 
18065.0s 413 [RC208] RL-ALNS
18204.4s 414 run 1/5: nv=3 cost=845.8 (139.4s)
18326.7s 415 run 2/5: nv=3 cost=855.6 (122.3s)
18463.4s 416 run 3/5: nv=3 cost=887.2 (136.7s)
18596.0s 417 run 4/5: nv=3 cost=837.4 (132.6s)
18731.4s 418 run 5/5: nv=3 cost=879.9 (135.6s)
18731.4s 419 → nv=3.0±0.0  td=861.2±19.3  gap=+4.0%
18731.4s 420 
18731.4s 421 ─────────────────────────────────────────────────────────────────────────────────
18731.4s 422 DS  Algorithm       NV   ±  vs BKS       TD     ±   Gap% CV_NV CV_TD   OT%   Time
18731.4s 423 ─────────────────────────────────────────────────────────────────────────────────
18731.4s 424 RC1 ALNS          12.7 0.2    +1.2   1401.6  17.7  +1.6%   1.5   1.2 100.0  84.7s
18731.4s 425 RC1 DQN           34.5 2.0   +23.1   4069.4 127.3+199.8%   5.6   3.1 100.0   1.5s
18731.4s 426 RC1 RL-ALNS       12.7 0.2    +1.2   1396.0  14.1  +1.2%   1.8   1.0 100.0 172.6s
18731.4s 427 ─────────────────────────────────────────────────────────────────────────────────
18731.4s 428 RC2 ALNS           3.5 0.2    +0.3   1144.5  26.8  +2.7%   4.3   2.3 100.0  62.1s
18731.4s 429 RC2 DQN           18.1 2.5   +14.8   4314.7 126.3+300.4%  14.6   2.9 100.0   1.5s
18731.4s 430 RC2 RL-ALNS        3.5 0.1    +0.2   1149.3  26.7  +3.1%   3.6   2.3 100.0 141.6s
18731.4s 431 ─────────────────────────────────────────────────────────────────────────────────
18731.4s 432 CV = Coefficient of Variation (std/mean × 100%) — lower is more consistent.
18731.4s 433 Negative Gap% with NV_diff>0: extra vehicle allows shorter total routes.
18731.6s 434 📚 Training transfer model...
18731.6s 435 Training on RC101...
18896.1s 436 nv=16, gap=+0.7%
18896.1s 437 Training on RC102...
19052.4s 438 nv=14, gap=-3.9%
19052.4s 439 Training on RC103...
19230.4s 440 nv=12, gap=+4.5%
19230.4s 441 Training on RC104...
19389.3s 442 nv=10, gap=+6.1%
19389.3s 443 Training on RC105...
19570.5s 444 nv=15, gap=-3.6%
19570.5s 445 Training on RC106...
19753.3s 446 nv=13, gap=-0.9%
19753.3s 447 Training on RC107...
19923.6s 448 nv=12, gap=+5.1%
19923.6s 449 Training on RC108...
20091.6s 450 nv=11, gap=+1.7%
20091.6s 451 
20091.6s 452 ✅ Transfer model saved → /kaggle/working/models/rl_alns_transfer.safetensors
20091.6s 453 Total: 8 combos × 5 runs
20091.6s 454 ============================================================
20091.6s 455 
20091.6s 456 [RC201] RL-ALNS★
20244.2s 457 run 1/5: nv=5 cost=1386.0 (152.5s)
20399.7s 458 run 2/5: nv=4 cost=1459.5 (155.6s)
20551.7s 459 run 3/5: nv=5 cost=1340.2 (151.9s)
20704.9s 460 run 4/5: nv=4 cost=1522.9 (153.1s)
20857.2s 461 run 5/5: nv=5 cost=1363.6 (152.4s)
20857.2s 462 → nv=4.6±0.5  td=1414.4±67.4  gap=+0.5%
20857.2s 463 
20857.2s 464 [RC202] RL-ALNS★
20983.8s 465 run 1/5: nv=4 cost=1278.2 (126.6s)
21116.6s 466 run 2/5: nv=4 cost=1241.2 (132.7s)
21249.9s 467 run 3/5: nv=4 cost=1181.3 (133.3s)
21382.5s 468 run 4/5: nv=4 cost=1196.9 (132.7s)
21514.7s 469 run 5/5: nv=4 cost=1255.3 (132.1s)
21514.7s 470 → nv=4.0±0.0  td=1230.6±36.2  gap=-9.9%
21514.7s 471 
21514.7s 472 [RC203] RL-ALNS★
21626.6s 473 run 1/5: nv=4 cost=1026.8 (111.9s)
21740.7s 474 run 2/5: nv=4 cost=982.3 (114.1s)
21855.0s 475 run 3/5: nv=4 cost=998.9 (114.3s)
21965.7s 476 run 4/5: nv=4 cost=1106.7 (110.7s)
22085.7s 477 run 5/5: nv=3 cost=1105.8 (120.0s)
22085.7s 478 → nv=3.8±0.4  td=1044.1±52.7  gap=-0.5%
22085.7s 479 
22085.7s 480 [RC204] RL-ALNS★
22162.3s 481 run 1/5: nv=5 cost=807.9 (76.5s)
22249.5s 482 run 2/5: nv=3 cost=880.5 (87.2s)
22341.1s 483 run 3/5: nv=3 cost=848.7 (91.6s)
22419.5s 484 run 4/5: nv=3 cost=831.5 (78.5s)
22514.0s 485 run 5/5: nv=3 cost=864.7 (94.4s)
22514.0s 486 → nv=3.4±0.8  td=846.6±25.3  gap=+6.0%
22514.0s 487 
22514.0s 488 [RC205] RL-ALNS★
22658.6s 489 run 1/5: nv=4 cost=1351.3 (144.7s)
22796.3s 490 run 2/5: nv=5 cost=1275.0 (137.7s)
22931.0s 491 run 3/5: nv=5 cost=1287.1 (134.6s)
23066.5s 492 run 4/5: nv=5 cost=1272.2 (135.6s)
23200.1s 493 run 5/5: nv=5 cost=1268.4 (133.6s)
23200.1s 494 → nv=4.8±0.4  td=1290.8±30.9  gap=-0.5%
23200.1s 495 
23200.1s 496 [RC206] RL-ALNS★
23340.5s 497 run 1/5: nv=4 cost=1118.1 (140.4s)
23474.0s 498 run 2/5: nv=4 cost=1167.1 (133.5s)
23613.2s 499 run 3/5: nv=4 cost=1156.0 (139.2s)
23753.1s 500 run 4/5: nv=4 cost=1132.0 (139.9s)
23888.7s 501 run 5/5: nv=4 cost=1103.6 (135.6s)
23888.7s 502 → nv=4.0±0.0  td=1135.4±23.5  gap=-1.0%
23888.7s 503 
23888.7s 504 [RC207] RL-ALNS★
24010.2s 505 run 1/5: nv=4 cost=1075.4 (121.5s)
24127.5s 506 run 2/5: nv=4 cost=1034.9 (117.3s)
24245.3s 507 run 3/5: nv=4 cost=1042.0 (117.8s)
24362.1s 508 run 4/5: nv=4 cost=1042.5 (116.8s)
24472.4s 509 run 5/5: nv=7 cost=980.9 (110.3s)
24472.4s 510 → nv=4.6±1.2  td=1035.1±30.5  gap=-2.5%
24472.4s 511 
24472.4s 512 [RC208] RL-ALNS★
24578.1s 513 run 1/5: nv=3 cost=872.2 (105.7s)
24681.6s 514 run 2/5: nv=3 cost=862.3 (103.5s)
24788.9s 515 run 3/5: nv=3 cost=905.2 (107.3s)
24900.6s 516 run 4/5: nv=3 cost=877.3 (111.8s)
25020.7s 517 run 5/5: nv=3 cost=881.4 (120.3s)
25020.7s 518 → nv=3.0±0.0  td=879.7±14.2  gap=+6.2%
25020.7s 519 
25020.7s 520 ─────────────────────────────────────────────────────────────────────────────────
25020.7s 521 DS  Algorithm       NV   ±  vs BKS       TD     ±   Gap% CV_NV CV_TD   OT%   Time
25020.7s 522 ─────────────────────────────────────────────────────────────────────────────────
25020.7s 523 RC2 ALNS           3.5 0.2    +0.3   1144.5  26.8  +2.7%   4.3   2.3 100.0  62.1s
25020.7s 524 RC2 DQN           18.1 2.5   +14.8   4314.7 126.3+300.4%  14.6   2.9 100.0   1.5s
25020.7s 525 RC2 RL-ALNS        3.5 0.1    +0.2   1149.3  26.7  +3.1%   3.6   2.3 100.0 141.6s
25020.7s 526 RC2 RL-ALNS★       4.0 0.4    +0.8   1109.6  35.1  -0.2%   9.9   3.1 100.0 123.2s
25020.7s 527 ─────────────────────────────────────────────────────────────────────────────────
25020.7s 528 CV = Coefficient of Variation (std/mean × 100%) — lower is more consistent.
25020.7s 529 Negative Gap% with NV_diff>0: extra vehicle allows shorter total routes.
25020.9s 530 ============================================================
25020.9s 531 FULL RESULTS TABLE
25020.9s 532 
25020.9s 533 ─────────────────────────────────────────────────────────────────────────────────
25020.9s 534 DS  Algorithm       NV   ±  vs BKS       TD     ±   Gap% CV_NV CV_TD   OT%   Time
25020.9s 535 ─────────────────────────────────────────────────────────────────────────────────
25020.9s 536 RC1 ALNS          12.7 0.2    +1.2   1401.6  17.7  +1.6%   1.5   1.2 100.0  84.7s
25020.9s 537 RC1 DQN           34.5 2.0   +23.1   4069.4 127.3+199.8%   5.6   3.1 100.0   1.5s
25020.9s 538 RC1 RL-ALNS       12.7 0.2    +1.2   1396.0  14.1  +1.2%   1.8   1.0 100.0 172.6s
25020.9s 539 ─────────────────────────────────────────────────────────────────────────────────
25020.9s 540 RC2 ALNS           3.5 0.2    +0.3   1144.5  26.8  +2.7%   4.3   2.3 100.0  62.1s
25020.9s 541 RC2 DQN           18.1 2.5   +14.8   4314.7 126.3+300.4%  14.6   2.9 100.0   1.5s
25020.9s 542 RC2 RL-ALNS        3.5 0.1    +0.2   1149.3  26.7  +3.1%   3.6   2.3 100.0 141.6s
25020.9s 543 RC2 RL-ALNS★       4.0 0.4    +0.8   1109.6  35.1  -0.2%   9.9   3.1 100.0 123.2s
25020.9s 544 ─────────────────────────────────────────────────────────────────────────────────
25020.9s 545 CV = Coefficient of Variation (std/mean × 100%) — lower is more consistent.
25020.9s 546 Negative Gap% with NV_diff>0: extra vehicle allows shorter total routes.
25020.9s 547 
25020.9s 548 ============================================================
25020.9s 549 STATISTICAL TESTS
25020.9s 550 
25020.9s 551 ── Statistical Significance (Wilcoxon signed-rank, two-sided) ──
25020.9s 552 Comparison                  DatasetMetric    W-stat  p-value  Sig      Better
25020.9s 553 ──────────────────────────────────────────────────────────────────────
25020.9s 554 RL-ALNS vs ALNS      RC1   Gap%         4.0   0.0547    —     RL-ALNS
25020.9s 555 RL-ALNS vs ALNS      RC1   NV_mean      6.0   0.8125    —        ALNS
25020.9s 556 RL-ALNS vs ALNS      RC2   Gap%        13.0   0.5469    —        ALNS
25020.9s 557 RL-ALNS vs ALNS      RC2   NV_mean      0.0   0.5000    —     RL-ALNS
25020.9s 558 RL-ALNS★ vs ALNS      RC2   Gap%        10.0   0.3125    —    RL-ALNS★
25020.9s 559 RL-ALNS★ vs ALNS      RC2   NV_mean      0.0   0.0312    ✅        ALNS
25020.9s 560 ──────────────────────────────────────────────────────────────────────
25020.9s 561 ✅ = p < 0.05 (statistically significant difference)
25020.9s 562 
25020.9s 563 ============================================================
25020.9s 564 DASHBOARD
25022.6s 565 
25022.6s 566 ============================================================
25022.6s 567 TRANSFER: RL-ALNS★ vs ALNS on RC2
25022.9s 568 
25022.9s 569 ── RC1 per-instance detail ──
25022.9s 570 Gap%                 NV_cv               NV_mean                TD_mean
25022.9s 571 Algorithm  ALNS     DQN RL-ALNS  ALNS   DQN RL-ALNS    ALNS   DQN RL-ALNS     ALNS      DQN  RL-ALNS
25022.9s 572 Instance
25022.9s 573 RC101     -0.30  150.14   -0.09  3.18  9.64    3.14    15.4  44.2    15.6  1691.87  4244.72  1695.46
25022.9s 574 RC102     -2.09  171.87   -2.85  2.90  7.09    3.60    13.8  37.4    13.6  1522.32  4226.90  1510.43
25022.9s 575 RC103      6.37  227.70    5.44  3.39  5.67    0.00    11.8  34.2    12.0  1341.98  4134.55  1330.25
25022.9s 576 RC104      5.04  257.84    4.46  0.00  3.19    3.92    10.0  28.0    10.2  1192.75  4063.22  1186.08
25022.9s 577 RC105     -2.47  153.12   -2.43  2.70  3.79    3.40    14.8  38.8    14.4  1589.19  4124.43  1589.91
25022.9s 578 RC106     -0.22  172.59   -0.40  0.00  4.70    0.00    13.0  34.6    13.0  1421.60  3883.63  1419.08
25022.9s 579 RC107      4.98  222.86    4.22  0.00  5.52    0.00    12.0  31.6    12.0  1291.75  3972.76  1282.35
25022.9s 580 RC108      1.87  242.60    1.24  0.00  4.91    0.00    11.0  27.6    11.0  1161.12  3905.02  1154.01
25022.9s 581 
25022.9s 582 ── RC2 per-instance detail ──
25022.9s 583 Gap%                           NV_cv                         NV_mean                         TD_mean
25022.9s 584 Algorithm   ALNS     DQN RL-ALNS RL-ALNS★   ALNS    DQN RL-ALNS RL-ALNS★    ALNS   DQN RL-ALNS RL-ALNS★     ALNS      DQN  RL-ALNS RL-ALNS★
25022.9s 585 Instance
25022.9s 586 RC201       5.63  213.62    7.02     0.53   0.00   7.45    0.00    10.65     4.0  24.0     4.0      4.6  1486.21  4412.48  1505.65  1414.42
25022.9s 587 RC202     -11.25  223.54  -10.00    -9.89   0.00   8.67    0.00     0.00     4.0  21.4     4.0      4.0  1212.05  4418.42  1229.11  1230.58
25022.9s 588 RC203       6.93  307.06    6.38    -0.53   0.00   9.23    0.00    10.53     3.0  17.6     3.0      3.8  1122.35  4272.58  1116.63  1044.09
25022.9s 589 RC204       5.18  433.05    6.71     6.04   0.00  17.40    0.00    23.53     3.0  12.8     3.0      3.4   839.80  4256.18   852.03   846.65
25022.9s 590 RC205       6.61  232.11    5.46    -0.53   9.52  12.53    0.00     8.33     4.2  22.0     4.0      4.8  1383.43  4309.63  1368.49  1290.78
25022.9s 591 RC206      -1.66  275.20    1.81    -0.96  10.53  22.67   14.41     0.00     3.8  18.8     3.4      4.0  1127.33  4301.00  1167.05  1135.37
25022.9s 592 RC207       4.24  303.87    3.11    -2.45  14.41  25.64   14.41    26.09     3.4  16.8     3.4      4.6  1106.11  4285.67  1094.14  1035.11
25022.9s 593 RC208       6.14  414.57    3.99     6.23   0.00  13.12    0.00     0.00     3.0  11.2     3.0      3.0   878.97  4261.38   861.16   879.70
25273.3s 594 /usr/local/lib/python3.12/dist-packages/mistune.py:435: SyntaxWarning: invalid escape sequence '\|'
25273.3s 595 cells[i][c] = re.sub('\\\\\|', '|', cell)
25273.5s 596 /usr/local/lib/python3.12/dist-packages/nbconvert/filters/filter_links.py:36: SyntaxWarning: invalid escape sequence '\_'
25273.5s 597 text = re.sub(r'_', '\_', text) # Escape underscores in display text
25274.2s 598 [NbConvertApp] Converting notebook __notebook__.ipynb to notebook
25274.6s 599 [NbConvertApp] Writing 107027 bytes to __notebook__.ipynb
25277.0s 600 [NbConvertApp] Converting notebook __notebook__.ipynb to html
25278.2s 601 [NbConvertApp] Writing 636925 bytes to __results__.html