7.9s 1 0.00s - Debugger warning: It seems that frozen modules are being used, which may
7.9s 2 0.00s - make the debugger miss breakpoints. Please pass -Xfrozen_modules=off
7.9s 3 0.00s - to python to disable frozen modules.
7.9s 4 0.00s - Note: Debugging will proceed. Set PYDEVD_DISABLE_FILE_VALIDATION=1 to disable this validation.
8.6s 5 0.00s - Debugger warning: It seems that frozen modules are being used, which may
8.6s 6 0.00s - make the debugger miss breakpoints. Please pass -Xfrozen_modules=off
8.6s 7 0.00s - to python to disable frozen modules.
8.6s 8 0.00s - Note: Debugging will proceed. Set PYDEVD_DISABLE_FILE_VALIDATION=1 to disable this validation.
21.3s 9 ✅ Device : cpu
21.3s 10 ✅ PyTorch: 2.10.0+cpu
21.4s 11 ✅ Config ready.
21.5s 12 Loading...
21.5s 13 RC1: 8 instances
21.6s 14 RC2: 8 instances
21.6s 15 ✅ RC101: n=100, tight_TW=100%
21.7s 16 ✅ Solution model ready.
21.7s 17 ✅ Operators: 5D × 4R = 20 combos
21.7s 18 ✅ Helpers ready.
21.8s 19 ✅ Networks ready.
21.8s 20 ✅ ALNS ready.
21.8s 21 ✅ DQN solver ready.
21.9s 22 ✅ RL-ALNS ready.
21.9s 23 ✅ Benchmark runner ready.
21.9s 24 ✅ Transfer learning pipeline ready.
21.9s 25 ✅ Stats & table utilities ready.
22.0s 26 ✅ Visualisation ready.
22.0s 27 Smoke test — RC101
22.0s 28 
42.4s 29 ALNS         nv= 16  cost=  1733.6  BKS TD +2.2% NV +2  (20.2s)
48.6s 30 DQN          nv= 42  cost=  4043.1  BKS TD +138.3% NV +28  (6.2s)
81.5s 31 RL-ALNS      nv= 15  cost=  1720.3  BKS TD +1.4% NV +1  (32.9s)
81.5s 32 
81.5s 33 ✓ Smoke test passed
132.9s 34 Total: 48 combos × 5 runs
132.9s 35 ============================================================
132.9s 36 
132.9s 37 [RC101] ALNS
196.1s 38 run 1/5: nv=15 cost=1739.5 (63.2s)
262.6s 39 run 2/5: nv=15 cost=1641.3 (66.5s)
329.8s 40 run 3/5: nv=16 cost=1682.8 (67.2s)
409.0s 41 run 4/5: nv=16 cost=1674.5 (79.2s)
480.3s 42 run 5/5: nv=15 cost=1721.2 (71.3s)
480.3s 43 → nv=15.4±0.5  td=1691.9±34.8  gap=-0.3%
480.3s 44 
480.3s 45 [RC101] DQN
481.3s 46 run 1/5: nv=42 cost=4156.5 (0.9s)
482.2s 47 run 2/5: nv=42 cost=4137.2 (0.9s)
483.2s 48 run 3/5: nv=47 cost=4345.0 (1.1s)
484.1s 49 run 4/5: nv=39 cost=4025.2 (0.9s)
485.1s 50 run 5/5: nv=51 cost=4559.7 (1.0s)
485.1s 51 → nv=44.2±4.3  td=4244.7±188.1  gap=+150.1%
485.1s 52 
485.1s 53 [RC101] RL-ALNS
585.9s 54 run 1/5: nv=15 cost=1664.6 (100.8s)
707.4s 55 run 2/5: nv=15 cost=1693.8 (121.4s)
836.3s 56 run 3/5: nv=15 cost=1716.3 (128.9s)
942.6s 57 run 4/5: nv=15 cost=1715.3 (106.3s)
1039.2s 58 run 5/5: nv=15 cost=1707.5 (96.6s)
1039.2s 59 → nv=15.0±0.0  td=1699.5±19.2  gap=+0.2%
1039.2s 60 
1039.2s 61 [RC102] ALNS
1100.6s 62 run 1/5: nv=14 cost=1537.2 (61.3s)
1160.5s 63 run 2/5: nv=14 cost=1517.7 (59.9s)
1224.1s 64 run 3/5: nv=14 cost=1515.9 (63.6s)
1297.1s 65 run 4/5: nv=13 cost=1523.8 (73.0s)
1364.8s 66 run 5/5: nv=14 cost=1517.0 (67.7s)
1364.8s 67 → nv=13.8±0.4  td=1522.3±7.9  gap=-2.1%
1364.8s 68 
1364.8s 69 [RC102] DQN
1365.8s 70 run 1/5: nv=41 cost=4457.4 (0.9s)
1366.7s 71 run 2/5: nv=34 cost=4168.8 (0.9s)
1367.6s 72 run 3/5: nv=36 cost=4252.0 (0.9s)
1368.5s 73 run 4/5: nv=36 cost=4077.4 (0.9s)
1369.4s 74 run 5/5: nv=40 cost=4178.8 (0.9s)
1369.4s 75 → nv=37.4±2.7  td=4226.9±127.9  gap=+171.9%
1369.4s 76 
1369.4s 77 [RC102] RL-ALNS
1491.5s 78 run 1/5: nv=14 cost=1516.6 (122.1s)
1605.6s 79 run 2/5: nv=14 cost=1505.7 (114.1s)
1716.8s 80 run 3/5: nv=13 cost=1601.5 (111.2s)
1831.2s 81 run 4/5: nv=14 cost=1521.8 (114.4s)
1966.8s 82 run 5/5: nv=14 cost=1480.7 (135.6s)
1966.8s 83 → nv=13.8±0.4  td=1525.3±40.7  gap=-1.9%
1966.8s 84 
1966.8s 85 [RC103] ALNS
2029.5s 86 run 1/5: nv=12 cost=1352.0 (62.7s)
2090.2s 87 run 2/5: nv=12 cost=1357.2 (60.7s)
2159.1s 88 run 3/5: nv=11 cost=1311.2 (68.9s)
2224.0s 89 run 4/5: nv=12 cost=1354.6 (64.8s)
2289.7s 90 run 5/5: nv=12 cost=1334.8 (65.8s)
2289.7s 91 → nv=11.8±0.4  td=1342.0±17.3  gap=+6.4%
2289.7s 92 
2289.7s 93 [RC103] DQN
2290.6s 94 run 1/5: nv=33 cost=4179.8 (0.9s)
2291.6s 95 run 2/5: nv=32 cost=4143.5 (1.0s)
2292.6s 96 run 3/5: nv=37 cost=4322.2 (1.0s)
2293.6s 97 run 4/5: nv=33 cost=3883.4 (0.9s)
2294.5s 98 run 5/5: nv=36 cost=4143.8 (1.0s)
2294.5s 99 → nv=34.2±1.9  td=4134.5±141.8  gap=+227.7%
2294.5s 100 
2294.5s 101 [RC103] RL-ALNS
2427.1s 102 run 1/5: nv=12 cost=1340.3 (132.6s)
2545.5s 103 run 2/5: nv=11 cost=1349.0 (118.3s)
2681.5s 104 run 3/5: nv=12 cost=1324.9 (136.1s)
2803.9s 105 run 4/5: nv=12 cost=1367.7 (122.4s)
2909.2s 106 run 5/5: nv=12 cost=1344.7 (105.3s)
2909.2s 107 → nv=11.8±0.4  td=1345.4±13.8  gap=+6.6%
2909.2s 108 
2909.2s 109 [RC104] ALNS
2961.8s 110 run 1/5: nv=10 cost=1234.1 (52.7s)
3017.8s 111 run 2/5: nv=10 cost=1154.9 (56.0s)
3071.5s 112 run 3/5: nv=10 cost=1190.5 (53.7s)
3129.6s 113 run 4/5: nv=10 cost=1198.0 (58.1s)
3191.3s 114 run 5/5: nv=10 cost=1186.2 (61.7s)
3191.3s 115 → nv=10.0±0.0  td=1192.7±25.4  gap=+5.0%
3191.3s 116 
3191.3s 117 [RC104] DQN
3192.3s 118 run 1/5: nv=28 cost=4190.2 (1.0s)
3193.3s 119 run 2/5: nv=27 cost=4061.0 (1.0s)
3194.3s 120 run 3/5: nv=29 cost=4167.8 (1.0s)
3195.2s 121 run 4/5: nv=29 cost=3879.5 (0.9s)
3196.1s 122 run 5/5: nv=27 cost=4017.7 (0.9s)
3196.1s 123 → nv=28.0±0.9  td=4063.2±112.2  gap=+257.8%
3196.1s 124 
3196.1s 125 [RC104] RL-ALNS
3321.1s 126 run 1/5: nv=10 cost=1151.9 (125.0s)
3434.3s 127 run 2/5: nv=10 cost=1173.8 (113.1s)
3546.3s 128 run 3/5: nv=10 cost=1168.8 (112.0s)
3668.1s 129 run 4/5: nv=10 cost=1162.3 (121.8s)
3797.1s 130 run 5/5: nv=10 cost=1148.1 (129.1s)
3797.1s 131 → nv=10.0±0.0  td=1161.0±9.7  gap=+2.2%
3797.1s 132 
3797.1s 133 [RC105] ALNS
3863.9s 134 run 1/5: nv=15 cost=1567.7 (66.7s)
3935.4s 135 run 2/5: nv=15 cost=1579.4 (71.5s)
3996.0s 136 run 3/5: nv=15 cost=1617.4 (60.5s)
4073.4s 137 run 4/5: nv=14 cost=1575.8 (77.4s)
4139.8s 138 run 5/5: nv=15 cost=1605.8 (66.5s)
4139.8s 139 → nv=14.8±0.4  td=1589.2±19.0  gap=-2.5%
4139.8s 140 
4139.8s 141 [RC105] DQN
4140.7s 142 run 1/5: nv=38 cost=4113.1 (0.9s)
4141.6s 143 run 2/5: nv=40 cost=4086.2 (0.9s)
4142.6s 144 run 3/5: nv=36 cost=4114.1 (0.9s)
4143.4s 145 run 4/5: nv=37 cost=3955.1 (0.9s)
4144.4s 146 run 5/5: nv=41 cost=4222.4 (0.9s)
4144.4s 147 → nv=38.4±1.9  td=4098.2±85.5  gap=+151.5%
4144.4s 148 
4144.4s 149 [RC105] RL-ALNS
4263.3s 150 run 1/5: nv=14 cost=1608.6 (118.9s)
4395.7s 151 run 2/5: nv=15 cost=1591.8 (132.4s)
4509.3s 152 run 3/5: nv=14 cost=1638.7 (113.6s)
4643.1s 153 run 4/5: nv=14 cost=1600.7 (133.8s)
4766.0s 154 run 5/5: nv=14 cost=1625.7 (122.9s)
4766.0s 155 → nv=14.2±0.4  td=1613.1±17.0  gap=-1.0%
4766.0s 156 
4766.0s 157 [RC106] ALNS
4834.0s 158 run 1/5: nv=13 cost=1424.0 (67.9s)
4905.6s 159 run 2/5: nv=13 cost=1401.1 (71.7s)
4984.5s 160 run 3/5: nv=13 cost=1411.6 (78.8s)
5068.4s 161 run 4/5: nv=13 cost=1447.1 (83.9s)
5145.9s 162 run 5/5: nv=13 cost=1424.2 (77.5s)
5145.9s 163 → nv=13.0±0.0  td=1421.6±15.4  gap=-0.2%
5145.9s 164 
5145.9s 165 [RC106] DQN
5146.8s 166 run 1/5: nv=36 cost=3977.1 (0.9s)
5147.6s 167 run 2/5: nv=33 cost=3696.3 (0.9s)
5148.6s 168 run 3/5: nv=37 cost=4121.8 (1.0s)
5149.5s 169 run 4/5: nv=31 cost=3743.3 (0.9s)
5150.4s 170 run 5/5: nv=34 cost=3824.7 (0.9s)
5150.4s 171 → nv=34.2±2.1  td=3872.7±156.9  gap=+171.8%
5150.4s 172 
5150.4s 173 [RC106] RL-ALNS
5286.8s 174 run 1/5: nv=13 cost=1448.1 (136.3s)
5408.7s 175 run 2/5: nv=13 cost=1410.6 (121.9s)
5538.4s 176 run 3/5: nv=13 cost=1436.4 (129.7s)
5672.4s 177 run 4/5: nv=13 cost=1452.2 (134.0s)
5813.8s 178 run 5/5: nv=13 cost=1405.4 (141.4s)
5813.8s 179 → nv=13.0±0.0  td=1430.5±19.2  gap=+0.4%
5813.8s 180 
5813.8s 181 [RC107] ALNS
5880.5s 182 run 1/5: nv=12 cost=1305.7 (66.7s)
5953.1s 183 run 2/5: nv=12 cost=1289.1 (72.7s)
6019.3s 184 run 3/5: nv=12 cost=1268.7 (66.1s)
6089.9s 185 run 4/5: nv=12 cost=1303.8 (70.6s)
6156.2s 186 run 5/5: nv=12 cost=1291.4 (66.3s)
6156.2s 187 → nv=12.0±0.0  td=1291.7±13.2  gap=+5.0%
6156.2s 188 
6156.2s 189 [RC107] DQN
6157.1s 190 run 1/5: nv=31 cost=3998.6 (0.9s)
6158.1s 191 run 2/5: nv=33 cost=3908.9 (0.9s)
6159.0s 192 run 3/5: nv=31 cost=4052.3 (0.9s)
6159.9s 193 run 4/5: nv=29 cost=3856.8 (0.9s)
6160.8s 194 run 5/5: nv=34 cost=4047.2 (0.9s)
6160.8s 195 → nv=31.6±1.7  td=3972.8±77.5  gap=+222.9%
6160.8s 196 
6160.8s 197 [RC107] RL-ALNS
6307.4s 198 run 1/5: nv=12 cost=1265.9 (146.6s)
6438.5s 199 run 2/5: nv=12 cost=1273.8 (131.1s)
6567.8s 200 run 3/5: nv=12 cost=1308.5 (129.3s)
6685.1s 201 run 4/5: nv=12 cost=1285.5 (117.3s)
6814.0s 202 run 5/5: nv=12 cost=1269.1 (128.9s)
6814.0s 203 → nv=12.0±0.0  td=1280.6±15.5  gap=+4.1%
6814.0s 204 
6814.0s 205 [RC108] ALNS
6887.0s 206 run 1/5: nv=11 cost=1166.3 (73.1s)
6960.7s 207 run 2/5: nv=11 cost=1159.8 (73.6s)
7041.8s 208 run 3/5: nv=11 cost=1173.1 (81.1s)
7118.6s 209 run 4/5: nv=11 cost=1158.0 (76.8s)
7193.7s 210 run 5/5: nv=11 cost=1148.5 (75.1s)
7193.7s 211 → nv=11.0±0.0  td=1161.1±8.3  gap=+1.9%
7193.7s 212 
7193.7s 213 [RC108] DQN
7194.6s 214 run 1/5: nv=30 cost=4075.2 (0.9s)
7195.5s 215 run 2/5: nv=27 cost=3815.4 (0.9s)
7196.4s 216 run 3/5: nv=27 cost=3891.3 (0.9s)
7197.3s 217 run 4/5: nv=26 cost=3750.7 (0.9s)
7198.3s 218 run 5/5: nv=28 cost=3992.5 (0.9s)
7198.3s 219 → nv=27.6±1.4  td=3905.0±117.2  gap=+242.6%
7198.3s 220 
7198.3s 221 [RC108] RL-ALNS
7335.2s 222 run 1/5: nv=11 cost=1150.9 (137.0s)
7471.2s 223 run 2/5: nv=11 cost=1142.6 (136.0s)
7608.5s 224 run 3/5: nv=11 cost=1149.9 (137.3s)
7746.7s 225 run 4/5: nv=11 cost=1153.9 (138.2s)
7882.4s 226 run 5/5: nv=11 cost=1146.4 (135.8s)
7882.4s 227 → nv=11.0±0.0  td=1148.7±3.9  gap=+0.8%
7882.4s 228 
7882.4s 229 [RC201] ALNS
7946.8s 230 run 1/5: nv=4 cost=1473.8 (64.3s)
8010.9s 231 run 2/5: nv=4 cost=1468.1 (64.1s)
8070.7s 232 run 3/5: nv=4 cost=1513.6 (59.8s)
8136.5s 233 run 4/5: nv=4 cost=1486.4 (65.8s)
8200.1s 234 run 5/5: nv=4 cost=1489.2 (63.6s)
8200.1s 235 → nv=4.0±0.0  td=1486.2±15.8  gap=+5.6%
8200.1s 236 
8200.1s 237 [RC201] DQN
8201.0s 238 run 1/5: nv=25 cost=4315.0 (0.9s)
8201.8s 239 run 2/5: nv=21 cost=4503.5 (0.8s)
8202.8s 240 run 3/5: nv=25 cost=4522.0 (1.0s)
8203.6s 241 run 4/5: nv=23 cost=4169.0 (0.8s)
8204.6s 242 run 5/5: nv=26 cost=4552.9 (1.0s)
8204.6s 243 → nv=24.0±1.8  td=4412.5±147.5  gap=+213.6%
8204.6s 244 
8204.6s 245 [RC201] RL-ALNS
8349.9s 246 run 1/5: nv=4 cost=1512.7 (145.3s)
8471.5s 247 run 2/5: nv=4 cost=1481.7 (121.5s)
8609.6s 248 run 3/5: nv=4 cost=1561.0 (138.2s)
8750.7s 249 run 4/5: nv=4 cost=1513.0 (141.0s)
8866.9s 250 run 5/5: nv=4 cost=1501.4 (116.3s)
8866.9s 251 → nv=4.0±0.0  td=1513.9±26.1  gap=+7.6%
8866.9s 252 
8866.9s 253 [RC202] ALNS
8917.1s 254 run 1/5: nv=4 cost=1213.8 (50.2s)
8968.7s 255 run 2/5: nv=4 cost=1185.4 (51.5s)
9020.0s 256 run 3/5: nv=4 cost=1231.2 (51.3s)
9075.1s 257 run 4/5: nv=4 cost=1224.2 (55.1s)
9126.1s 258 run 5/5: nv=4 cost=1205.7 (51.0s)
9126.1s 259 → nv=4.0±0.0  td=1212.0±15.9  gap=-11.2%
9126.1s 260 
9126.1s 261 [RC202] DQN
9127.0s 262 run 1/5: nv=24 cost=4443.3 (0.9s)
9127.8s 263 run 2/5: nv=20 cost=4203.2 (0.9s)
9128.8s 264 run 3/5: nv=23 cost=4563.6 (1.0s)
9129.7s 265 run 4/5: nv=19 cost=4399.7 (0.9s)
9130.6s 266 run 5/5: nv=21 cost=4482.3 (0.9s)
9130.6s 267 → nv=21.4±1.9  td=4418.4±120.4  gap=+223.5%
9130.6s 268 
9130.6s 269 [RC202] RL-ALNS
9239.2s 270 run 1/5: nv=4 cost=1239.2 (108.6s)
9354.0s 271 run 2/5: nv=4 cost=1279.4 (114.8s)
9483.5s 272 run 3/5: nv=4 cost=1233.1 (129.5s)
9583.7s 273 run 4/5: nv=4 cost=1224.4 (100.1s)
9715.4s 274 run 5/5: nv=4 cost=1180.3 (131.8s)
9715.4s 275 → nv=4.0±0.0  td=1231.3±31.7  gap=-9.8%
9715.4s 276 
9715.4s 277 [RC203] ALNS
9757.4s 278 run 1/5: nv=3 cost=1131.7 (42.0s)
9800.1s 279 run 2/5: nv=3 cost=1119.3 (42.7s)
9844.7s 280 run 3/5: nv=3 cost=1118.2 (44.7s)
9887.0s 281 run 4/5: nv=3 cost=1106.7 (42.3s)
9937.4s 282 run 5/5: nv=3 cost=1135.8 (50.4s)
9937.4s 283 → nv=3.0±0.0  td=1122.3±10.4  gap=+6.9%
9937.4s 284 
9937.4s 285 [RC203] DQN
9938.3s 286 run 1/5: nv=19 cost=4342.2 (0.9s)
9939.3s 287 run 2/5: nv=20 cost=4253.2 (1.0s)
9940.3s 288 run 3/5: nv=17 cost=4446.6 (1.1s)
9941.3s 289 run 4/5: nv=16 cost=4168.2 (0.9s)
9942.2s 290 run 5/5: nv=16 cost=4152.7 (1.0s)
9942.2s 291 → nv=17.6±1.6  td=4272.6±110.3  gap=+307.1%
9942.2s 292 
9942.2s 293 [RC203] RL-ALNS
10033.0s 294 run 1/5: nv=3 cost=1114.5 (90.7s)
10130.5s 295 run 2/5: nv=3 cost=1116.9 (97.5s)
10228.0s 296 run 3/5: nv=3 cost=1085.8 (97.5s)
10333.1s 297 run 4/5: nv=3 cost=1128.8 (105.1s)
10402.7s 298 run 5/5: nv=3 cost=1119.8 (69.6s)
10402.7s 299 → nv=3.0±0.0  td=1113.2±14.5  gap=+6.1%
10402.7s 300 
10402.7s 301 [RC204] ALNS
10435.0s 302 run 1/5: nv=3 cost=824.3 (32.3s)
10468.5s 303 run 2/5: nv=3 cost=850.9 (33.6s)
10500.2s 304 run 3/5: nv=3 cost=845.3 (31.7s)
10532.2s 305 run 4/5: nv=3 cost=843.1 (32.0s)
10564.3s 306 run 5/5: nv=3 cost=835.4 (32.1s)
10564.3s 307 → nv=3.0±0.0  td=839.8±9.2  gap=+5.2%
10564.3s 308 
10564.3s 309 [RC204] DQN
10565.2s 310 run 1/5: nv=11 cost=4145.7 (0.9s)
10566.1s 311 run 2/5: nv=12 cost=4184.5 (0.9s)
10567.1s 312 run 3/5: nv=17 cost=4484.2 (1.0s)
10568.1s 313 run 4/5: nv=11 cost=4079.8 (0.9s)
10569.1s 314 run 5/5: nv=13 cost=4386.7 (1.0s)
10569.1s 315 → nv=12.8±2.2  td=4256.2±153.3  gap=+433.0%
10569.1s 316 
10569.1s 317 [RC204] RL-ALNS
10644.5s 318 run 1/5: nv=3 cost=869.0 (75.4s)
10721.4s 319 run 2/5: nv=3 cost=841.8 (76.9s)
10803.1s 320 run 3/5: nv=3 cost=851.0 (81.7s)
10868.5s 321 run 4/5: nv=3 cost=828.4 (65.3s)
10931.8s 322 run 5/5: nv=3 cost=839.2 (63.3s)
10931.8s 323 → nv=3.0±0.0  td=845.9±13.6  gap=+5.9%
10931.8s 324 
10931.8s 325 [RC205] ALNS
10983.0s 326 run 1/5: nv=5 cost=1297.0 (51.2s)
11040.6s 327 run 2/5: nv=4 cost=1454.6 (57.7s)
11096.7s 328 run 3/5: nv=4 cost=1398.4 (56.0s)
11151.0s 329 run 4/5: nv=4 cost=1392.4 (54.3s)
11205.9s 330 run 5/5: nv=4 cost=1374.7 (54.9s)
11205.9s 331 → nv=4.2±0.4  td=1383.4±50.8  gap=+6.6%
11205.9s 332 
11205.9s 333 [RC205] DQN
11206.7s 334 run 1/5: nv=20 cost=4226.4 (0.9s)
11207.6s 335 run 2/5: nv=25 cost=4446.6 (0.9s)
11208.6s 336 run 3/5: nv=25 cost=4460.8 (1.0s)
11209.5s 337 run 4/5: nv=18 cost=4005.9 (0.9s)
11210.4s 338 run 5/5: nv=22 cost=4408.5 (0.9s)
11210.4s 339 → nv=22.0±2.8  td=4309.6±173.5  gap=+232.1%
11210.4s 340 
11210.4s 341 [RC205] RL-ALNS
11307.3s 342 run 1/5: nv=4 cost=1319.3 (96.8s)
11400.7s 343 run 2/5: nv=4 cost=1386.3 (93.4s)
11528.8s 344 run 3/5: nv=4 cost=1400.6 (128.1s)
11645.6s 345 run 4/5: nv=4 cost=1343.3 (116.8s)
11756.4s 346 run 5/5: nv=4 cost=1379.9 (110.8s)
11756.4s 347 → nv=4.0±0.0  td=1365.9±30.0  gap=+5.3%
11756.4s 348 
11756.4s 349 [RC206] ALNS
11807.2s 350 run 1/5: nv=4 cost=1092.7 (50.9s)
11858.0s 351 run 2/5: nv=4 cost=1108.7 (50.8s)
11909.7s 352 run 3/5: nv=4 cost=1132.0 (51.7s)
11974.0s 353 run 4/5: nv=3 cost=1179.9 (64.3s)
12029.0s 354 run 5/5: nv=4 cost=1123.5 (55.0s)
12029.0s 355 → nv=3.8±0.4  td=1127.3±29.5  gap=-1.7%
12029.0s 356 
12029.0s 357 [RC206] DQN
12029.8s 358 run 1/5: nv=17 cost=4294.3 (0.9s)
12030.8s 359 run 2/5: nv=21 cost=4404.7 (0.9s)
12031.7s 360 run 3/5: nv=16 cost=4308.6 (0.9s)
12032.6s 361 run 4/5: nv=14 cost=4000.3 (0.9s)
12033.6s 362 run 5/5: nv=26 cost=4497.1 (1.0s)
12033.6s 363 → nv=18.8±4.3  td=4301.0±167.2  gap=+275.2%
12033.6s 364 
12033.6s 365 [RC206] RL-ALNS
12161.0s 366 run 1/5: nv=4 cost=1126.2 (127.4s)
12292.1s 367 run 2/5: nv=4 cost=1125.5 (131.1s)
12441.0s 368 run 3/5: nv=4 cost=1109.4 (148.9s)
12547.2s 369 run 4/5: nv=4 cost=1120.9 (106.2s)
12685.1s 370 run 5/5: nv=3 cost=1199.2 (137.9s)
12685.1s 371 → nv=3.8±0.4  td=1136.2±32.0  gap=-0.9%
12685.1s 372 
12685.1s 373 [RC207] ALNS
12738.1s 374 run 1/5: nv=3 cost=1126.1 (53.0s)
12790.0s 375 run 2/5: nv=3 cost=1101.1 (51.9s)
12848.4s 376 run 3/5: nv=3 cost=1206.2 (58.4s)
12896.7s 377 run 4/5: nv=4 cost=1066.7 (48.3s)
12942.5s 378 run 5/5: nv=4 cost=1030.4 (45.9s)
12942.5s 379 → nv=3.4±0.5  td=1106.1±59.6  gap=+4.2%
12942.5s 380 
12942.5s 381 [RC207] DQN
12943.6s 382 run 1/5: nv=15 cost=4283.8 (1.1s)
12944.7s 383 run 2/5: nv=17 cost=4244.9 (1.1s)
12945.8s 384 run 3/5: nv=14 cost=4350.7 (1.1s)
12946.8s 385 run 4/5: nv=13 cost=4230.1 (1.0s)
12947.9s 386 run 5/5: nv=25 cost=4318.9 (1.1s)
12947.9s 387 → nv=16.8±4.3  td=4285.7±44.9  gap=+303.9%
12947.9s 388 
12947.9s 389 [RC207] RL-ALNS
13059.0s 390 run 1/5: nv=3 cost=1101.4 (111.1s)
13128.9s 391 run 2/5: nv=4 cost=1040.0 (69.9s)
13252.7s 392 run 3/5: nv=3 cost=1104.5 (123.8s)
13363.4s 393 run 4/5: nv=3 cost=1119.7 (110.7s)
13457.2s 394 run 5/5: nv=3 cost=1145.4 (93.8s)
13457.2s 395 → nv=3.2±0.4  td=1102.2±34.8  gap=+3.9%
13457.2s 396 
13457.2s 397 [RC208] ALNS
13508.2s 398 run 1/5: nv=3 cost=897.4 (51.0s)
13559.8s 399 run 2/5: nv=3 cost=835.0 (51.6s)
13611.7s 400 run 3/5: nv=3 cost=888.9 (51.9s)
13664.4s 401 run 4/5: nv=3 cost=898.3 (52.7s)
13719.2s 402 run 5/5: nv=3 cost=875.2 (54.8s)
13719.2s 403 → nv=3.0±0.0  td=879.0±23.5  gap=+6.1%
13719.2s 404 
13719.2s 405 [RC208] DQN
13720.3s 406 run 1/5: nv=13 cost=4143.1 (1.1s)
13721.4s 407 run 2/5: nv=9 cost=4202.0 (1.1s)
13722.7s 408 run 3/5: nv=12 cost=4227.9 (1.3s)
13723.8s 409 run 4/5: nv=12 cost=4403.4 (1.1s)
13724.9s 410 run 5/5: nv=10 cost=4330.5 (1.1s)
13724.9s 411 → nv=11.2±1.5  td=4261.4±93.4  gap=+414.6%
13724.9s 412 
13724.9s 413 [RC208] RL-ALNS
13838.9s 414 run 1/5: nv=3 cost=877.1 (114.0s)
13945.2s 415 run 2/5: nv=3 cost=860.0 (106.3s)
14056.3s 416 run 3/5: nv=3 cost=870.2 (111.0s)
14164.5s 417 run 4/5: nv=3 cost=864.2 (108.3s)
14271.3s 418 run 5/5: nv=3 cost=863.8 (106.9s)
14271.3s 419 → nv=3.0±0.0  td=867.1±6.0  gap=+4.7%
14271.3s 420 
14271.3s 421 ─────────────────────────────────────────────────────────────────────────────────
14271.3s 422 DS  Algorithm       NV   ±  vs BKS       TD     ±   Gap% CV_NV CV_TD   OT%   Time
14271.3s 423 ─────────────────────────────────────────────────────────────────────────────────
14271.3s 424 RC1 ALNS          12.7 0.2    +1.2   1401.6  17.7  +1.6%   1.5   1.2 100.0  68.1s
14271.3s 425 RC1 DQN           34.5 2.1   +22.9   4064.8 125.9+199.5%   5.9   3.1 100.0   0.9s
14271.3s 426 RC1 RL-ALNS       12.6 0.1    +1.1   1400.5  17.4  +1.4%   1.1   1.2 100.0 124.7s
14271.3s 427 ─────────────────────────────────────────────────────────────────────────────────
14271.3s 428 RC2 ALNS           3.5 0.2    +0.3   1144.5  26.8  +2.7%   4.3   2.3 100.0  50.6s
14271.3s 429 RC2 DQN           18.1 2.5   +14.8   4314.7 126.3+300.4%  14.6   2.9 100.0   1.0s
14271.3s 430 RC2 RL-ALNS        3.5 0.1    +0.2   1147.0  23.6  +2.8%   2.9   2.0 100.0 108.1s
14271.3s 431 ─────────────────────────────────────────────────────────────────────────────────
14271.3s 432 CV = Coefficient of Variation (std/mean × 100%) — lower is more consistent.
14271.3s 433 Negative Gap% with NV_diff>0: extra vehicle allows shorter total routes.
14271.4s 434 📚 Training transfer model...
14271.4s 435 Training on RC101...
14374.5s 436 nv=15, gap=-1.9%
14374.5s 437 Training on RC102...
14498.5s 438 nv=14, gap=-1.7%
14498.5s 439 Training on RC103...
14607.1s 440 nv=11, gap=+8.6%
14607.1s 441 Training on RC104...
14714.9s 442 nv=11, gap=+4.5%
14714.9s 443 Training on RC105...
14823.9s 444 nv=15, gap=-2.1%
14823.9s 445 Training on RC106...
14950.6s 446 nv=13, gap=-1.6%
14950.6s 447 Training on RC107...
15081.1s 448 nv=12, gap=+4.6%
15081.1s 449 Training on RC108...
15216.3s 450 nv=11, gap=+1.6%
15216.3s 451 
15216.3s 452 ✅ Transfer model saved → /kaggle/working/models/rl_alns_transfer.safetensors
15216.3s 453 Total: 8 combos × 5 runs
15216.3s 454 ============================================================
15216.3s 455 
15216.3s 456 [RC201] RL-ALNS★
15338.1s 457 run 1/5: nv=5 cost=1386.0 (121.9s)
15465.2s 458 run 2/5: nv=4 cost=1459.5 (127.1s)
15588.7s 459 run 3/5: nv=5 cost=1340.2 (123.5s)
15717.5s 460 run 4/5: nv=4 cost=1522.9 (128.9s)
15846.3s 461 run 5/5: nv=5 cost=1363.6 (128.7s)
15846.3s 462 → nv=4.6±0.5  td=1414.4±67.4  gap=+0.5%
15846.3s 463 
15846.3s 464 [RC202] RL-ALNS★
15951.9s 465 run 1/5: nv=4 cost=1278.2 (105.6s)
16057.8s 466 run 2/5: nv=4 cost=1241.2 (105.9s)
16162.8s 467 run 3/5: nv=4 cost=1181.3 (105.0s)
16267.9s 468 run 4/5: nv=4 cost=1196.9 (105.1s)
16372.7s 469 run 5/5: nv=4 cost=1255.3 (104.8s)
16372.7s 470 → nv=4.0±0.0  td=1230.6±36.2  gap=-9.9%
16372.7s 471 
16372.7s 472 [RC203] RL-ALNS★
16459.1s 473 run 1/5: nv=4 cost=1026.8 (86.4s)
16548.3s 474 run 2/5: nv=4 cost=982.3 (89.2s)
16637.0s 475 run 3/5: nv=4 cost=998.9 (88.7s)
16723.2s 476 run 4/5: nv=4 cost=1106.7 (86.2s)
16817.4s 477 run 5/5: nv=3 cost=1105.8 (94.1s)
16817.4s 478 → nv=3.8±0.4  td=1044.1±52.7  gap=-0.5%
16817.4s 479 
16817.4s 480 [RC204] RL-ALNS★
16876.8s 481 run 1/5: nv=5 cost=807.9 (59.5s)
16946.3s 482 run 2/5: nv=3 cost=880.5 (69.5s)
17018.1s 483 run 3/5: nv=3 cost=848.7 (71.7s)
17079.6s 484 run 4/5: nv=3 cost=831.5 (61.5s)
17153.0s 485 run 5/5: nv=3 cost=864.7 (73.4s)
17153.0s 486 → nv=3.4±0.8  td=846.6±25.3  gap=+6.0%
17153.0s 487 
17153.0s 488 [RC205] RL-ALNS★
17268.8s 489 run 1/5: nv=4 cost=1351.3 (115.7s)
17380.9s 490 run 2/5: nv=5 cost=1275.0 (112.2s)
17489.6s 491 run 3/5: nv=5 cost=1287.1 (108.7s)
17597.4s 492 run 4/5: nv=5 cost=1272.2 (107.8s)
17705.2s 493 run 5/5: nv=5 cost=1268.4 (107.8s)
17705.2s 494 → nv=4.8±0.4  td=1290.8±30.9  gap=-0.5%
17705.2s 495 
17705.2s 496 [RC206] RL-ALNS★
17819.5s 497 run 1/5: nv=4 cost=1118.1 (114.3s)
17925.8s 498 run 2/5: nv=4 cost=1167.1 (106.4s)
18037.8s 499 run 3/5: nv=4 cost=1156.0 (112.0s)
18151.6s 500 run 4/5: nv=4 cost=1132.0 (113.8s)
18262.0s 501 run 5/5: nv=4 cost=1103.6 (110.4s)
18262.0s 502 → nv=4.0±0.0  td=1135.4±23.5  gap=-1.0%
18262.0s 503 
18262.0s 504 [RC207] RL-ALNS★
18362.0s 505 run 1/5: nv=4 cost=1075.4 (100.0s)
18458.4s 506 run 2/5: nv=4 cost=1034.9 (96.4s)
18553.6s 507 run 3/5: nv=4 cost=1042.0 (95.2s)
18648.2s 508 run 4/5: nv=4 cost=1042.5 (94.6s)
18738.1s 509 run 5/5: nv=7 cost=980.9 (89.9s)
18738.1s 510 → nv=4.6±1.2  td=1035.1±30.5  gap=-2.5%
18738.1s 511 
18738.1s 512 [RC208] RL-ALNS★
18825.8s 513 run 1/5: nv=3 cost=872.2 (87.6s)
18910.3s 514 run 2/5: nv=3 cost=862.3 (84.5s)
18998.5s 515 run 3/5: nv=3 cost=905.2 (88.2s)
19089.9s 516 run 4/5: nv=3 cost=877.3 (91.4s)
19188.8s 517 run 5/5: nv=3 cost=881.4 (99.0s)
19188.8s 518 → nv=3.0±0.0  td=879.7±14.2  gap=+6.2%
19188.8s 519 
19188.8s 520 ─────────────────────────────────────────────────────────────────────────────────
19188.8s 521 DS  Algorithm       NV   ±  vs BKS       TD     ±   Gap% CV_NV CV_TD   OT%   Time
19188.8s 522 ─────────────────────────────────────────────────────────────────────────────────
19188.8s 523 RC2 ALNS           3.5 0.2    +0.3   1144.5  26.8  +2.7%   4.3   2.3 100.0  50.6s
19188.8s 524 RC2 DQN           18.1 2.5   +14.8   4314.7 126.3+300.4%  14.6   2.9 100.0   1.0s
19188.8s 525 RC2 RL-ALNS        3.5 0.1    +0.2   1147.0  23.6  +2.8%   2.9   2.0 100.0 108.1s
19188.8s 526 RC2 RL-ALNS★       4.0 0.4    +0.8   1109.6  35.1  -0.2%   9.9   3.1 100.0  99.3s
19188.8s 527 ─────────────────────────────────────────────────────────────────────────────────
19188.8s 528 CV = Coefficient of Variation (std/mean × 100%) — lower is more consistent.
19188.8s 529 Negative Gap% with NV_diff>0: extra vehicle allows shorter total routes.
19189.0s 530 ============================================================
19189.0s 531 FULL RESULTS TABLE
19189.0s 532 
19189.0s 533 ─────────────────────────────────────────────────────────────────────────────────
19189.0s 534 DS  Algorithm       NV   ±  vs BKS       TD     ±   Gap% CV_NV CV_TD   OT%   Time
19189.0s 535 ─────────────────────────────────────────────────────────────────────────────────
19189.0s 536 RC1 ALNS          12.7 0.2    +1.2   1401.6  17.7  +1.6%   1.5   1.2 100.0  68.1s
19189.0s 537 RC1 DQN           34.5 2.1   +22.9   4064.8 125.9+199.5%   5.9   3.1 100.0   0.9s
19189.0s 538 RC1 RL-ALNS       12.6 0.1    +1.1   1400.5  17.4  +1.4%   1.1   1.2 100.0 124.7s
19189.0s 539 ─────────────────────────────────────────────────────────────────────────────────
19189.0s 540 RC2 ALNS           3.5 0.2    +0.3   1144.5  26.8  +2.7%   4.3   2.3 100.0  50.6s
19189.0s 541 RC2 DQN           18.1 2.5   +14.8   4314.7 126.3+300.4%  14.6   2.9 100.0   1.0s
19189.0s 542 RC2 RL-ALNS        3.5 0.1    +0.2   1147.0  23.6  +2.8%   2.9   2.0 100.0 108.1s
19189.0s 543 RC2 RL-ALNS★       4.0 0.4    +0.8   1109.6  35.1  -0.2%   9.9   3.1 100.0  99.3s
19189.0s 544 ─────────────────────────────────────────────────────────────────────────────────
19189.0s 545 CV = Coefficient of Variation (std/mean × 100%) — lower is more consistent.
19189.0s 546 Negative Gap% with NV_diff>0: extra vehicle allows shorter total routes.
19189.0s 547 
19189.0s 548 ============================================================
19189.0s 549 STATISTICAL TESTS
19189.0s 550 
19189.0s 551 ── Statistical Significance (Wilcoxon signed-rank, two-sided) ──
19189.0s 552 Comparison                  DatasetMetric    W-stat  p-value  Sig      Better
19189.0s 553 ──────────────────────────────────────────────────────────────────────
19189.0s 554 RL-ALNS vs ALNS      RC1   Gap%        17.0   0.9453    —     RL-ALNS
19189.0s 555 RL-ALNS vs ALNS      RC1   NV_mean      0.0   0.5000    —     RL-ALNS
19189.0s 556 RL-ALNS vs ALNS      RC2   Gap%        17.0   0.9453    —        ALNS
19189.0s 557 RL-ALNS vs ALNS      RC2   NV_mean      0.0   0.5000    —     RL-ALNS
19189.0s 558 RL-ALNS★ vs ALNS      RC2   Gap%        10.0   0.3125    —    RL-ALNS★
19189.0s 559 RL-ALNS★ vs ALNS      RC2   NV_mean      0.0   0.0312    ✅        ALNS
19189.0s 560 ──────────────────────────────────────────────────────────────────────
19189.0s 561 ✅ = p < 0.05 (statistically significant difference)
19189.0s 562 
19189.0s 563 ============================================================
19189.0s 564 DASHBOARD
19190.5s 565 
19190.5s 566 ============================================================
19190.5s 567 TRANSFER: RL-ALNS★ vs ALNS on RC2
19190.6s 568 
19190.6s 569 ── RC1 per-instance detail ──
19190.6s 570 Gap%                 NV_cv               NV_mean                TD_mean
19190.6s 571 Algorithm  ALNS     DQN RL-ALNS  ALNS   DQN RL-ALNS    ALNS   DQN RL-ALNS     ALNS      DQN  RL-ALNS
19190.6s 572 Instance
19190.6s 573 RC101     -0.30  150.14    0.15  3.18  9.64    0.00    15.4  44.2    15.0  1691.87  4244.72  1699.50
19190.6s 574 RC102     -2.09  171.87   -1.90  2.90  7.09    2.90    13.8  37.4    13.8  1522.32  4226.90  1525.25
19190.6s 575 RC103      6.37  227.70    6.63  3.39  5.67    3.39    11.8  34.2    11.8  1341.98  4134.55  1345.35
19190.6s 576 RC104      5.04  257.84    2.24  0.00  3.19    0.00    10.0  28.0    10.0  1192.75  4063.22  1160.97
19190.6s 577 RC105     -2.47  151.51   -1.00  2.70  4.83    2.82    14.8  38.4    14.2  1589.19  4098.18  1613.12
19190.6s 578 RC106     -0.22  171.82    0.41  0.00  6.24    0.00    13.0  34.2    13.0  1421.60  3872.65  1430.54
19190.6s 579 RC107      4.98  222.86    4.07  0.00  5.52    0.00    12.0  31.6    12.0  1291.75  3972.76  1280.57
19190.6s 580 RC108      1.87  242.60    0.78  0.00  4.91    0.00    11.0  27.6    11.0  1161.12  3905.02  1148.72
19190.6s 581 
19190.6s 582 ── RC2 per-instance detail ──
19190.6s 583 Gap%                           NV_cv                         NV_mean                         TD_mean
19190.6s 584 Algorithm   ALNS     DQN RL-ALNS RL-ALNS★   ALNS    DQN RL-ALNS RL-ALNS★    ALNS   DQN RL-ALNS RL-ALNS★     ALNS      DQN  RL-ALNS RL-ALNS★
19190.6s 585 Instance
19190.6s 586 RC201       5.63  213.62    7.61     0.53   0.00   7.45    0.00    10.65     4.0  24.0     4.0      4.6  1486.21  4412.48  1513.94  1414.42
19190.6s 587 RC202     -11.25  223.54   -9.84    -9.89   0.00   8.67    0.00     0.00     4.0  21.4     4.0      4.0  1212.05  4418.42  1231.28  1230.58
19190.6s 588 RC203       6.93  307.06    6.05    -0.53   0.00   9.23    0.00    10.53     3.0  17.6     3.0      3.8  1122.35  4272.58  1113.15  1044.09
19190.6s 589 RC204       5.18  433.05    5.94     6.04   0.00  17.40    0.00    23.53     3.0  12.8     3.0      3.4   839.80  4256.18   845.87   846.65
19190.6s 590 RC205       6.61  232.11    5.26    -0.53   9.52  12.53    0.00     8.33     4.2  22.0     4.0      4.8  1383.43  4309.63  1365.89  1290.78
19190.6s 591 RC206      -1.66  275.20   -0.88    -0.96  10.53  22.67   10.53     0.00     3.8  18.8     3.8      4.0  1127.33  4301.00  1136.25  1135.37
19190.6s 592 RC207       4.24  303.87    3.87    -2.45  14.41  25.64   12.50    26.09     3.4  16.8     3.2      4.6  1106.11  4285.67  1102.18  1035.11
19190.6s 593 RC208       6.14  414.57    4.70     6.23   0.00  13.12    0.00     0.00     3.0  11.2     3.0      3.0   878.97  4261.38   867.06   879.70
19361.4s 594 /usr/local/lib/python3.12/dist-packages/mistune.py:435: SyntaxWarning: invalid escape sequence '\|'
19361.4s 595 cells[i][c] = re.sub('\\\\\|', '|', cell)
19361.6s 596 /usr/local/lib/python3.12/dist-packages/nbconvert/filters/filter_links.py:36: SyntaxWarning: invalid escape sequence '\_'
19361.6s 597 text = re.sub(r'_', '\_', text) # Escape underscores in display text
19362.3s 598 [NbConvertApp] Converting notebook __notebook__.ipynb to notebook
19362.6s 599 [NbConvertApp] Writing 106856 bytes to __notebook__.ipynb
19365.3s 600 [NbConvertApp] Converting notebook __notebook__.ipynb to html
19366.4s 601 [NbConvertApp] Writing 636814 bytes to __results__.html