\BOOKMARK [1][-]{section.1}{\376\377\000T\036\325\000n\000g\000\040\000q\000u\000a\000n\000\040\000t\000\340\000i\000\040\000l\000i\036\307\000u}{}% 1
\BOOKMARK [2][-]{subsection.1.1}{\376\377\000P\000h\000\342\000n\000\040\000t\000\355\000c\000h\000\040\000k\000h\000o\036\243\000n\000g\000\040\000t\000r\036\321\000n\000g\000\040\000n\000g\000h\000i\000\352\000n\000\040\000c\036\351\000u\000\040\000\050\000G\000a\000p\000\040\000A\000n\000a\000l\000y\000s\000i\000s\000\051}{section.1}% 2
\BOOKMARK [1][-]{section.2}{\376\377\000M\036\345\000c\000\040\000t\000i\000\352\000u\000\040\040\023\000\040\000P\000h\001\260\001\241\000n\000g\000\040\000p\000h\000\341\000p}{}% 3
\BOOKMARK [2][-]{subsection.2.1}{\376\377\000M\036\345\000c\000\040\000t\000i\000\352\000u\000\040\000n\000g\000h\000i\000\352\000n\000\040\000c\036\351\000u}{section.2}% 4
\BOOKMARK [2][-]{subsection.2.2}{\376\377\001\020\036\267\000c\000\040\000t\036\243\000\040\000t\000o\000\341\000n\000\040\000h\036\315\000c\000\040\000b\000\340\000i\000\040\000t\000o\000\341\000n\000\040\000V\000R\000P\000T\000W}{section.2}% 5
\BOOKMARK [2][-]{subsection.2.3}{\376\377\000P\000h\001\260\001\241\000n\000g\000\040\000p\000h\000\341\000p\000\040\000n\000g\000h\000i\000\352\000n\000\040\000c\036\351\000u\000\040\001\021\036\301\000\040\000x\000u\036\245\000t\000\040\000\050\000H\000y\000b\000r\000i\000d\000\040\000D\000D\000Q\000N\000-\000A\000L\000N\000S\000\051}{section.2}% 6
\BOOKMARK [3][-]{subsubsection.2.3.1}{\376\377\000K\000i\036\277\000n\000\040\000t\000r\000\372\000c\000\040\000t\036\325\000n\000g\000\040\000q\000u\000a\000n\000\040\000h\036\307\000\040\000t\000h\036\321\000n\000g}{subsection.2.3}% 7
\BOOKMARK [3][-]{subsubsection.2.3.2}{\376\377\000P\000l\000a\000t\000e\000a\000u\000\040\000C\000o\000n\000t\000r\000o\000l\000l\000e\000r\000\040\000\050\001\020\000i\036\301\000u\000\040\000k\000h\000i\036\303\000n\000\040\000c\000h\000i\036\277\000n\000\040\000l\001\260\036\343\000c\000\040\000c\036\245\000p\000\040\000c\000a\000o\000\051}{subsection.2.3}% 8
\BOOKMARK [3][-]{subsubsection.2.3.3}{\376\377\000O\000p\000e\000r\000a\000t\000o\000r\000\040\000C\000o\000n\000t\000r\000o\000l\000l\000e\000r\000\040\000\050\000L\036\361\000a\000\040\000c\000h\036\315\000n\000\040\000t\000o\000\341\000n\000\040\000t\036\355\000\040\000c\036\245\000p\000\040\000t\000h\036\245\000p\000\051}{subsection.2.3}% 9
\BOOKMARK [3][-]{subsubsection.2.3.4}{\376\377\000H\036\315\000c\000\040\001\021\000i\036\301\000u\000\040\000k\000i\036\307\000n\000\040\000c\000h\036\245\000p\000\040\000n\000h\036\255\000n\000\040\000\050\000L\000e\000a\000r\000n\000e\000d\000\040\000A\000c\000c\000e\000p\000t\000a\000n\000c\000e\000\040\000C\000r\000i\000t\000e\000r\000i\000o\000n\000\040\040\023\000\040\000L\000A\000C\000\051}{subsection.2.3}% 10
\BOOKMARK [3][-]{subsubsection.2.3.5}{\376\377\000T\000\341\000i\000\040\000t\036\325\000\040\000h\036\343\000p\000\040\000b\036\261\000n\000g\000\040\000R\000o\000u\000t\000e\000\040\000P\000o\000o\000l\000\040\000v\000\340\000\040\000S\000e\000t\000\040\000P\000a\000r\000t\000i\000t\000i\000o\000n\000i\000n\000g}{subsection.2.3}% 11
\BOOKMARK [2][-]{subsection.2.4}{\376\377\000P\000h\000\342\000n\000\040\000t\000\355\000c\000h\000\040\001\021\036\331\000\040\000p\000h\036\351\000c\000\040\000t\036\241\000p\000\040\000t\000h\000u\036\255\000t\000\040\000t\000o\000\341\000n}{section.2}% 12
\BOOKMARK [3][-]{subsubsection.2.4.1}{\376\377\001\020\036\331\000\040\000p\000h\036\351\000c\000\040\000t\036\241\000p\000\040\000t\000h\036\335\000i\000\040\000g\000i\000a\000n\000\040\000c\036\347\000a\000\040\000c\000\341\000c\000\040\000t\000o\000\341\000n\000\040\000t\036\355\000\040\000p\000h\000\341\000\040\000h\036\347\000y}{subsection.2.4}% 13
\BOOKMARK [3][-]{subsubsection.2.4.2}{\376\377\001\020\036\331\000\040\000p\000h\036\351\000c\000\040\000t\036\241\000p\000\040\000t\000h\036\335\000i\000\040\000g\000i\000a\000n\000\040\000c\036\347\000a\000\040\000c\000\341\000c\000\040\000t\000o\000\341\000n\000\040\000t\036\355\000\040\000s\036\355\000a\000\040\000c\000h\036\357\000a}{subsection.2.4}% 14
\BOOKMARK [3][-]{subsubsection.2.4.3}{\376\377\001\020\036\331\000\040\000p\000h\036\351\000c\000\040\000t\036\241\000p\000\040\000k\000h\000\364\000n\000g\000\040\000g\000i\000a\000n\000\040\000h\036\307\000\040\000t\000h\036\321\000n\000g}{subsection.2.4}% 15
\BOOKMARK [3][-]{subsubsection.2.4.4}{\376\377\000P\000h\000\342\000n\000\040\000t\000\355\000c\000h\000\040\000c\000h\000i\000\040\000p\000h\000\355\000\040\000t\000\355\000n\000h\000\040\000t\000o\000\341\000n\000\040\000t\000r\000\352\000n\000\040\000m\036\327\000i\000\040\000v\000\362\000n\000g\000\040\000l\036\267\000p}{subsection.2.4}% 16
\BOOKMARK [1][-]{section.3}{\376\377\000K\036\277\000t\000\040\000q\000u\036\243\000\040\040\023\000\040\000T\000h\036\243\000o\000\040\000l\000u\036\255\000n}{}% 17
\BOOKMARK [2][-]{subsection.3.1}{\376\377\000T\000h\000i\036\277\000t\000\040\000l\036\255\000p\000\040\000t\000h\036\361\000c\000\040\000n\000g\000h\000i\036\307\000m}{section.3}% 18
\BOOKMARK [2][-]{subsection.3.2}{\376\377\000K\036\277\000t\000\040\000q\000u\036\243\000\040\000s\000o\000\040\000s\000\341\000n\000h\000\040\000t\000r\000\352\000n\000\040\000S\000o\000l\000o\000m\000o\000n\000\040\000c\000h\000\355\000n\000h}{section.3}% 19
\BOOKMARK [2][-]{subsection.3.3}{\376\377\000T\000h\036\243\000o\000\040\000l\000u\036\255\000n\000\040\000v\000\340\000\040\000p\000h\000\342\000n\000\040\000t\000\355\000c\000h\000\040\000c\000h\000u\000y\000\352\000n\000\040\000s\000\342\000u}{section.3}% 20
\BOOKMARK [1][-]{section.4}{\376\377\000K\036\277\000t\000\040\000l\000u\036\255\000n\000\040\040\023\000\040\001\020\036\301\000\040\000n\000g\000h\036\313}{}% 21
\BOOKMARK [2][-]{subsection.4.1}{\376\377\000K\036\277\000t\000\040\000l\000u\036\255\000n\000\040\000v\000\340\000\040\001\021\000\363\000n\000g\000\040\000g\000\363\000p\000\040\000k\000h\000o\000a\000\040\000h\036\315\000c}{section.4}% 22
\BOOKMARK [2][-]{subsection.4.2}{\376\377\001\020\036\301\000\040\000n\000g\000h\036\313\000\040\000h\001\260\036\333\000n\000g\000\040\000n\000g\000h\000i\000\352\000n\000\040\000c\036\351\000u\000\040\000t\000i\036\277\000p\000\040\000t\000h\000e\000o}{section.4}% 23
\BOOKMARK [1][-]{section.5}{\376\377\000T\000\340\000i\000\040\000l\000i\036\307\000u\000\040\000t\000h\000a\000m\000\040\000k\000h\036\243\000o}{}% 24
