DEVICE      : cpu
N_D=8  N_R=5  N_ACTIONS=40
CPU threads : 28
_N_PARALLEL : 3  |  _NUMBA_THREADS : 9
Data path   : ./data/Solomon
Output dir  : /workspace

Loading datasets...
RC1: 8 instances  |  RC2: 8 instances

================================================================
--- Smoke Test on RC101 ---
ALNS-Base                nv= 16 cost=  1843.8 BKS TD +8.7% NV +2 (4.0s)
Hybrid-Fixed             nv= 15 cost=  1667.3 BKS TD -1.7% NV +1 (14.0s)
Hybrid-Rule              nv= 15 cost=  1646.0 BKS TD -3.0% NV +1 (12.9s)
Hybrid-DDQN              nv= 15 cost=  1657.2 BKS TD -2.3% NV +1 (14.9s)

Estimated Phase 1 wall: ~0.6h  (3 workers × 3 runs × 16 instances)

================================================================
--- Phase 1: Main Benchmark ---
Total: 80 combos × 3 runs  |  wall limit: 9.5h
Parallel workers: 3  (ProcessPool — true GIL bypass)
================================================================

[RC101] OR-Tools
  run 1/1: nv=17 cost=1736.4 (60.2s) | wall 0.02h
  -> nv=17.0±0.0  td=1736.4±0.0  gap=+2.3%

[RC101] ALNS-Base
  run 1/3: nv=15 cost=1716.6 (18.2s) | wall 0.02h
  run 2/3: nv=15 cost=1662.4 (18.8s) | wall 0.02h
  run 3/3: nv=16 cost=1691.4 (19.3s) | wall 0.02h
  ⚠️  NV_mean=15.3 > BKS_NV=14 — Gap% comparison misleading (extra vehicle reduces TD)
  -> nv=15.3±0.5  td=1690.1±22.2  gap=-0.4%

[RC101] Hybrid-Fixed
  run 1/3: nv=15 cost=1648.6 (30.0s) | wall 0.03h
  run 2/3: nv=15 cost=1649.8 (31.1s) | wall 0.03h
  run 3/3: nv=15 cost=1659.6 (30.5s) | wall 0.03h
  ⚠️  NV_mean=15.0 > BKS_NV=14 — Gap% comparison misleading (extra vehicle reduces TD)
  -> nv=15.0±0.0  td=1652.7±4.9  gap=-2.6%

[RC101] Hybrid-Rule
  run 1/3: nv=15 cost=1648.6 (30.4s) | wall 0.04h
  run 2/3: nv=15 cost=1638.4 (28.7s) | wall 0.04h
  run 3/3: nv=15 cost=1636.0 (30.6s) | wall 0.04h
  ⚠️  NV_mean=15.0 > BKS_NV=14 — Gap% comparison misleading (extra vehicle reduces TD)
  -> nv=15.0±0.0  td=1641.0±5.5  gap=-3.3%

[RC101] Hybrid-DDQN
  run 1/3: nv=15 cost=1635.1 (34.7s) | wall 0.05h
  run 2/3: nv=15 cost=1637.0 (24.6s) | wall 0.05h
  run 3/3: nv=15 cost=1670.6 (38.0s) | wall 0.05h
  ⚠️  NV_mean=15.0 > BKS_NV=14 — Gap% comparison misleading (extra vehicle reduces TD)
  -> nv=15.0±0.0  td=1647.5±16.3  gap=-2.9%

[RC102] OR-Tools
  run 1/1: nv=14 cost=1513.4 (60.1s) | wall 0.07h
  ⚠️  NV_mean=14.0 > BKS_NV=12 — Gap% comparison misleading (extra vehicle reduces TD)
  -> nv=14.0±0.0  td=1513.4±0.0  gap=-2.7%

[RC102] ALNS-Base
  run 1/3: nv=13 cost=1572.7 (19.1s) | wall 0.07h
  run 2/3: nv=14 cost=1514.5 (18.9s) | wall 0.07h
  run 3/3: nv=14 cost=1538.4 (19.0s) | wall 0.07h
  ⚠️  NV_mean=13.7 > BKS_NV=12 — Gap% comparison misleading (extra vehicle reduces TD)
  -> nv=13.7±0.5  td=1541.9±23.9  gap=-0.8%

[RC102] Hybrid-Fixed
  run 1/3: nv=13 cost=1520.8 (32.3s) | wall 0.08h
  run 2/3: nv=13 cost=1514.1 (31.2s) | wall 0.08h
  run 3/3: nv=14 cost=1487.2 (34.9s) | wall 0.08h
  ⚠️  NV_mean=13.3 > BKS_NV=12 — Gap% comparison misleading (extra vehicle reduces TD)
  -> nv=13.3±0.5  td=1507.4±14.5  gap=-3.0%

[RC102] Hybrid-Rule
  run 1/3: nv=13 cost=1514.1 (31.8s) | wall 0.09h
  run 2/3: nv=13 cost=1514.1 (30.1s) | wall 0.09h
  run 3/3: nv=14 cost=1513.0 (36.8s) | wall 0.09h
  ⚠️  NV_mean=13.3 > BKS_NV=12 — Gap% comparison misleading (extra vehicle reduces TD)
  -> nv=13.3±0.5  td=1513.7±0.5  gap=-2.6%

[RC102] Hybrid-DDQN
  run 1/3: nv=13 cost=1514.1 (34.2s) | wall 0.11h
  run 2/3: nv=13 cost=1511.9 (39.7s) | wall 0.11h
  run 3/3: nv=14 cost=1490.4 (41.5s) | wall 0.11h
  ⚠️  NV_mean=13.3 > BKS_NV=12 — Gap% comparison misleading (extra vehicle reduces TD)
  -> nv=13.3±0.5  td=1505.5±10.7  gap=-3.2%

[RC103] OR-Tools
  run 1/1: nv=13 cost=1367.1 (60.1s) | wall 0.12h
  -> nv=13.0±0.0  td=1367.1±0.0  gap=+8.4%

[RC103] ALNS-Base
  run 1/3: nv=11 cost=1347.6 (18.4s) | wall 0.13h
  run 2/3: nv=12 cost=1325.4 (18.0s) | wall 0.13h
  run 3/3: nv=12 cost=1310.0 (19.4s) | wall 0.13h
  -> nv=11.7±0.5  td=1327.7±15.4  gap=+5.2%

[RC103] Hybrid-Fixed
  run 1/3: nv=11 cost=1317.1 (30.9s) | wall 0.14h
  run 2/3: nv=11 cost=1321.3 (29.5s) | wall 0.14h
  run 3/3: nv=12 cost=1338.8 (34.2s) | wall 0.14h
  -> nv=11.3±0.5  td=1325.7±9.4  gap=+5.1%

[RC103] Hybrid-Rule
  run 1/3: nv=11 cost=1278.4 (29.6s) | wall 0.15h
  run 2/3: nv=11 cost=1315.0 (29.5s) | wall 0.15h
  run 3/3: nv=12 cost=1319.8 (32.7s) | wall 0.15h
  -> nv=11.3±0.5  td=1304.4±18.5  gap=+3.4%

[RC103] Hybrid-DDQN
  run 1/3: nv=11 cost=1278.4 (29.1s) | wall 0.16h
  run 2/3: nv=11 cost=1265.2 (40.8s) | wall 0.16h
  run 3/3: nv=11 cost=1278.4 (42.4s) | wall 0.16h
  -> nv=11.0±0.0  td=1274.0±6.2  gap=+1.0%

[RC104] OR-Tools
  run 1/1: nv=11 cost=1246.3 (60.1s) | wall 0.18h
  -> nv=11.0±0.0  td=1246.2±0.0  gap=+9.8%

[RC104] ALNS-Base
  run 1/3: nv=10 cost=1183.0 (16.8s) | wall 0.18h
  run 2/3: nv=10 cost=1154.7 (17.4s) | wall 0.18h
  run 3/3: nv=10 cost=1207.8 (17.4s) | wall 0.18h
  -> nv=10.0±0.0  td=1181.8±21.7  gap=+4.1%

[RC104] Hybrid-Fixed
  run 1/3: nv=10 cost=1140.0 (29.3s) | wall 0.19h
  run 2/3: nv=10 cost=1147.0 (30.4s) | wall 0.19h
  run 3/3: nv=10 cost=1162.3 (33.6s) | wall 0.19h
  -> nv=10.0±0.0  td=1149.8±9.3  gap=+1.3%

[RC104] Hybrid-Rule
  run 1/3: nv=10 cost=1137.8 (27.6s) | wall 0.20h
  run 2/3: nv=10 cost=1139.7 (30.2s) | wall 0.20h
  run 3/3: nv=10 cost=1162.3 (33.3s) | wall 0.20h
  -> nv=10.0±0.0  td=1146.6±11.1  gap=+1.0%

[RC104] Hybrid-DDQN
  run 1/3: nv=10 cost=1137.8 (29.2s) | wall 0.21h
  run 2/3: nv=10 cost=1140.2 (35.9s) | wall 0.21h
  run 3/3: nv=10 cost=1176.5 (34.0s) | wall 0.21h
  -> nv=10.0±0.0  td=1151.5±17.7  gap=+1.4%

  ✓ Checkpoint (4/16 inst, 0.21h) → /workspace/ckpt_main_v15.csv

[RC105] OR-Tools
  run 1/1: nv=16 cost=1589.7 (60.1s) | wall 0.23h
  ⚠️  NV_mean=16.0 > BKS_NV=13 — Gap% comparison misleading (extra vehicle reduces TD)
  -> nv=16.0±0.0  td=1589.7±0.0  gap=-2.4%

[RC105] ALNS-Base
  run 1/3: nv=14 cost=1611.5 (17.5s) | wall 0.24h
  run 2/3: nv=14 cost=1645.4 (18.7s) | wall 0.24h
  run 3/3: nv=14 cost=1611.2 (20.9s) | wall 0.24h
  ⚠️  NV_mean=14.0 > BKS_NV=13 — Gap% comparison misleading (extra vehicle reduces TD)
  -> nv=14.0±0.0  td=1622.7±16.0  gap=-0.4%

[RC105] Hybrid-Fixed
  run 1/3: nv=14 cost=1582.5 (31.0s) | wall 0.25h
  run 2/3: nv=14 cost=1603.7 (32.5s) | wall 0.25h
  run 3/3: nv=14 cost=1571.5 (30.8s) | wall 0.25h
  ⚠️  NV_mean=14.0 > BKS_NV=13 — Gap% comparison misleading (extra vehicle reduces TD)
  -> nv=14.0±0.0  td=1585.9±13.4  gap=-2.7%

[RC105] Hybrid-Rule
  run 1/3: nv=14 cost=1555.1 (32.6s) | wall 0.26h
  run 2/3: nv=14 cost=1574.0 (31.2s) | wall 0.26h
  run 3/3: nv=14 cost=1559.6 (30.5s) | wall 0.26h
  ⚠️  NV_mean=14.0 > BKS_NV=13 — Gap% comparison misleading (extra vehicle reduces TD)
  -> nv=14.0±0.0  td=1562.9±8.0  gap=-4.1%

[RC105] Hybrid-DDQN
  run 1/3: nv=14 cost=1555.1 (31.4s) | wall 0.27h
  run 2/3: nv=14 cost=1549.5 (28.2s) | wall 0.27h
  run 3/3: nv=14 cost=1563.9 (37.0s) | wall 0.27h
  ⚠️  NV_mean=14.0 > BKS_NV=13 — Gap% comparison misleading (extra vehicle reduces TD)
  -> nv=14.0±0.0  td=1556.2±5.9  gap=-4.5%

[RC106] OR-Tools
  run 1/1: nv=14 cost=1423.1 (60.1s) | wall 0.28h
  ⚠️  NV_mean=14.0 > BKS_NV=11 — Gap% comparison misleading (extra vehicle reduces TD)
  -> nv=14.0±0.0  td=1423.1±0.0  gap=-0.1%

[RC106] ALNS-Base
  run 1/3: nv=13 cost=1394.9 (18.8s) | wall 0.29h
  run 2/3: nv=13 cost=1413.4 (19.4s) | wall 0.29h
  run 3/3: nv=13 cost=1441.6 (20.2s) | wall 0.29h
  ⚠️  NV_mean=13.0 > BKS_NV=11 — Gap% comparison misleading (extra vehicle reduces TD)
  -> nv=13.0±0.0  td=1416.6±19.2  gap=-0.6%

[RC106] Hybrid-Fixed
  run 1/3: nv=13 cost=1392.3 (28.8s) | wall 0.30h
  run 2/3: nv=12 cost=1384.0 (30.6s) | wall 0.30h
  run 3/3: nv=12 cost=1424.1 (30.8s) | wall 0.30h
  ⚠️  NV_mean=12.3 > BKS_NV=11 — Gap% comparison misleading (extra vehicle reduces TD)
  -> nv=12.3±0.5  td=1400.2±17.3  gap=-1.7%

[RC106] Hybrid-Rule
  run 1/3: nv=12 cost=1384.0 (25.8s) | wall 0.31h
  run 2/3: nv=12 cost=1384.0 (24.3s) | wall 0.31h
  run 3/3: nv=12 cost=1406.2 (29.9s) | wall 0.31h
  ⚠️  NV_mean=12.0 > BKS_NV=11 — Gap% comparison misleading (extra vehicle reduces TD)
  -> nv=12.0±0.0  td=1391.4±10.5  gap=-2.3%

[RC106] Hybrid-DDQN
  run 1/3: nv=12 cost=1384.0 (27.7s) | wall 0.32h
  run 2/3: nv=12 cost=1384.0 (26.1s) | wall 0.32h
  run 3/3: nv=13 cost=1397.5 (31.2s) | wall 0.32h
  ⚠️  NV_mean=12.3 > BKS_NV=11 — Gap% comparison misleading (extra vehicle reduces TD)
  -> nv=12.3±0.5  td=1388.5±6.3  gap=-2.5%

[RC107] OR-Tools
  run 1/1: nv=12 cost=1276.5 (60.1s) | wall 0.33h
  -> nv=12.0±0.0  td=1276.5±0.0  gap=+3.7%

[RC107] ALNS-Base
  run 1/3: nv=12 cost=1274.0 (19.9s) | wall 0.34h
  run 2/3: nv=12 cost=1276.5 (19.4s) | wall 0.34h
  run 3/3: nv=11 cost=1278.4 (20.1s) | wall 0.34h
  -> nv=11.7±0.5  td=1276.3±1.8  gap=+3.7%

[RC107] Hybrid-Fixed
  run 1/3: nv=11 cost=1233.2 (29.3s) | wall 0.35h
  run 2/3: nv=11 cost=1234.3 (28.6s) | wall 0.35h
  run 3/3: nv=12 cost=1274.5 (31.0s) | wall 0.35h
  -> nv=11.3±0.5  td=1247.3±19.2  gap=+1.4%

[RC107] Hybrid-Rule
  run 1/3: nv=11 cost=1232.3 (27.5s) | wall 0.36h
  run 2/3: nv=11 cost=1232.3 (25.9s) | wall 0.36h
  run 3/3: nv=12 cost=1250.7 (31.0s) | wall 0.36h
  -> nv=11.3±0.5  td=1238.4±8.7  gap=+0.6%

[RC107] Hybrid-DDQN
  run 1/3: nv=11 cost=1232.3 (28.2s) | wall 0.37h
  run 2/3: nv=12 cost=1262.2 (39.4s) | wall 0.37h
  run 3/3: nv=11 cost=1270.4 (30.3s) | wall 0.37h
  -> nv=11.3±0.5  td=1255.0±16.4  gap=+2.0%

[RC108] OR-Tools
  run 1/1: nv=12 cost=1205.1 (60.1s) | wall 0.38h
  -> nv=12.0±0.0  td=1205.1±0.0  gap=+5.7%

[RC108] ALNS-Base
  run 1/3: nv=10 cost=1176.3 (21.8s) | wall 0.39h
  run 2/3: nv=11 cost=1172.9 (21.2s) | wall 0.39h
  run 3/3: nv=11 cost=1169.9 (20.5s) | wall 0.39h
  -> nv=10.7±0.5  td=1173.0±2.6  gap=+2.9%

[RC108] Hybrid-Fixed
  run 1/3: nv=10 cost=1149.4 (27.3s) | wall 0.40h
  run 2/3: nv=10 cost=1155.9 (25.3s) | wall 0.40h
  run 3/3: nv=11 cost=1159.3 (32.5s) | wall 0.40h
  -> nv=10.3±0.5  td=1154.9±4.1  gap=+1.3%

[RC108] Hybrid-Rule
  run 1/3: nv=10 cost=1147.7 (22.9s) | wall 0.41h
  run 2/3: nv=10 cost=1148.4 (27.8s) | wall 0.41h
  run 3/3: nv=11 cost=1207.1 (31.3s) | wall 0.41h
  -> nv=10.3±0.5  td=1167.7±27.8  gap=+2.5%

[RC108] Hybrid-DDQN
  run 1/3: nv=10 cost=1147.7 (29.3s) | wall 0.42h
  run 2/3: nv=10 cost=1147.7 (30.8s) | wall 0.42h
  run 3/3: nv=11 cost=1139.5 (40.6s) | wall 0.42h
  -> nv=10.3±0.5  td=1145.0±3.9  gap=+0.5%

  ✓ Checkpoint (8/16 inst, 0.42h) → /workspace/ckpt_main_v15.csv

[RC201] OR-Tools
  run 1/1: nv=8 cost=1296.4 (60.1s) | wall 0.44h
  ⚠️  NV_mean=8.0 > BKS_NV=4 — Gap% comparison misleading (extra vehicle reduces TD)
  -> nv=8.0±0.0  td=1296.4±0.0  gap=-7.9%

[RC201] ALNS-Base
  run 1/3: nv=4 cost=1447.1 (20.9s) | wall 0.45h
  run 2/3: nv=4 cost=1481.8 (22.8s) | wall 0.45h
  run 3/3: nv=4 cost=1501.4 (23.3s) | wall 0.45h
  -> nv=4.0±0.0  td=1476.8±22.4  gap=+5.0%

[RC201] Hybrid-Fixed
  run 1/3: nv=4 cost=1441.6 (41.6s) | wall 0.46h
  run 2/3: nv=4 cost=1457.5 (42.1s) | wall 0.46h
  run 3/3: nv=4 cost=1491.8 (44.2s) | wall 0.46h
  -> nv=4.0±0.0  td=1463.7±20.9  gap=+4.0%

[RC201] Hybrid-Rule
  run 1/3: nv=4 cost=1441.6 (44.4s) | wall 0.47h
  run 2/3: nv=4 cost=1453.2 (41.8s) | wall 0.47h
  run 3/3: nv=4 cost=1491.8 (42.8s) | wall 0.47h
  -> nv=4.0±0.0  td=1462.2±21.5  gap=+3.9%

[RC201] Hybrid-DDQN
  run 1/3: nv=4 cost=1419.5 (50.4s) | wall 0.48h
  run 2/3: nv=4 cost=1459.1 (46.9s) | wall 0.48h
  run 3/3: nv=4 cost=1503.8 (48.2s) | wall 0.48h
  -> nv=4.0±0.0  td=1460.8±34.5  gap=+3.8%

[RC202] OR-Tools
  run 1/1: nv=8 cost=1136.3 (60.1s) | wall 0.50h
  ⚠️  NV_mean=8.0 > BKS_NV=3 — Gap% comparison misleading (extra vehicle reduces TD)
  -> nv=8.0±0.0  td=1136.3±0.0  gap=-16.8%

[RC202] ALNS-Base
  run 1/3: nv=4 cost=1224.3 (19.8s) | wall 0.51h
  run 2/3: nv=4 cost=1172.5 (21.4s) | wall 0.51h
  run 3/3: nv=4 cost=1262.0 (20.5s) | wall 0.51h
  ⚠️  NV_mean=4.0 > BKS_NV=3 — Gap% comparison misleading (extra vehicle reduces TD)
  -> nv=4.0±0.0  td=1219.6±36.7  gap=-10.7%

[RC202] Hybrid-Fixed
  run 1/3: nv=4 cost=1167.8 (42.0s) | wall 0.52h
  run 2/3: nv=4 cost=1193.3 (41.5s) | wall 0.52h
  run 3/3: nv=4 cost=1189.3 (41.7s) | wall 0.52h
  ⚠️  NV_mean=4.0 > BKS_NV=3 — Gap% comparison misleading (extra vehicle reduces TD)
  -> nv=4.0±0.0  td=1183.5±11.2  gap=-13.3%

[RC202] Hybrid-Rule
  run 1/3: nv=4 cost=1167.8 (41.0s) | wall 0.53h
  run 2/3: nv=4 cost=1166.1 (43.8s) | wall 0.53h
  run 3/3: nv=4 cost=1189.3 (42.1s) | wall 0.53h
  ⚠️  NV_mean=4.0 > BKS_NV=3 — Gap% comparison misleading (extra vehicle reduces TD)
  -> nv=4.0±0.0  td=1174.4±10.6  gap=-14.0%

[RC202] Hybrid-DDQN
  run 1/3: nv=4 cost=1166.1 (40.9s) | wall 0.55h
  run 2/3: nv=4 cost=1237.9 (40.4s) | wall 0.55h
  run 3/3: nv=4 cost=1233.7 (44.3s) | wall 0.55h
  ⚠️  NV_mean=4.0 > BKS_NV=3 — Gap% comparison misleading (extra vehicle reduces TD)
  -> nv=4.0±0.0  td=1212.6±32.9  gap=-11.2%

[RC203] OR-Tools
  run 1/1: nv=6 cost=963.1 (60.1s) | wall 0.56h
  ⚠️  NV_mean=6.0 > BKS_NV=3 — Gap% comparison misleading (extra vehicle reduces TD)
  -> nv=6.0±0.0  td=963.1±0.0  gap=-8.2%

[RC203] ALNS-Base
  run 1/3: nv=3 cost=1136.0 (17.2s) | wall 0.57h
  run 2/3: nv=3 cost=1083.4 (17.0s) | wall 0.57h
  run 3/3: nv=3 cost=1126.5 (17.8s) | wall 0.57h
  -> nv=3.0±0.0  td=1115.3±22.9  gap=+6.3%

[RC203] Hybrid-Fixed
  run 1/3: nv=3 cost=1078.3 (39.0s) | wall 0.58h
  run 2/3: nv=3 cost=1077.5 (38.3s) | wall 0.58h
  run 3/3: nv=3 cost=1150.9 (35.6s) | wall 0.58h
  -> nv=3.0±0.0  td=1102.2±34.5  gap=+5.0%

[RC203] Hybrid-Rule
  run 1/3: nv=3 cost=1077.5 (36.7s) | wall 0.59h
  run 2/3: nv=3 cost=1078.1 (37.3s) | wall 0.59h
  run 3/3: nv=3 cost=1150.9 (35.4s) | wall 0.59h
  -> nv=3.0±0.0  td=1102.2±34.5  gap=+5.0%

[RC203] Hybrid-DDQN
  run 1/3: nv=3 cost=1077.5 (36.3s) | wall 0.60h
  run 2/3: nv=3 cost=1078.1 (33.0s) | wall 0.60h
  run 3/3: nv=3 cost=1115.8 (34.4s) | wall 0.60h
  -> nv=3.0±0.0  td=1090.5±17.9  gap=+3.9%

[RC204] OR-Tools
  run 1/1: nv=4 cost=796.1 (60.1s) | wall 0.62h
  ⚠️  NV_mean=4.0 > BKS_NV=3 — Gap% comparison misleading (extra vehicle reduces TD)
  -> nv=4.0±0.0  td=796.1±0.0  gap=-0.3%

[RC204] ALNS-Base
  run 1/3: nv=3 cost=810.2 (14.0s) | wall 0.62h
  run 2/3: nv=3 cost=841.9 (16.2s) | wall 0.62h
  run 3/3: nv=3 cost=819.8 (16.4s) | wall 0.62h
  -> nv=3.0±0.0  td=824.0±13.3  gap=+3.2%

[RC204] Hybrid-Fixed
  run 1/3: nv=3 cost=805.7 (38.7s) | wall 0.63h
  run 2/3: nv=3 cost=803.2 (39.7s) | wall 0.63h
  run 3/3: nv=3 cost=835.4 (36.6s) | wall 0.63h
  -> nv=3.0±0.0  td=814.8±14.6  gap=+2.0%

[RC204] Hybrid-Rule
  run 1/3: nv=3 cost=803.2 (37.1s) | wall 0.64h
  run 2/3: nv=3 cost=816.4 (38.6s) | wall 0.64h
  run 3/3: nv=3 cost=835.4 (36.6s) | wall 0.64h
  -> nv=3.0±0.0  td=818.3±13.2  gap=+2.5%

[RC204] Hybrid-DDQN
  run 1/3: nv=3 cost=803.2 (38.2s) | wall 0.66h
  run 2/3: nv=3 cost=816.4 (38.3s) | wall 0.66h
  run 3/3: nv=3 cost=825.1 (38.2s) | wall 0.66h
  -> nv=3.0±0.0  td=814.9±9.0  gap=+2.1%

  ✓ Checkpoint (12/16 inst, 0.66h) → /workspace/ckpt_main_v15.csv

[RC205] OR-Tools
  run 1/1: nv=8 cost=1169.1 (60.1s) | wall 0.67h
  ⚠️  NV_mean=8.0 > BKS_NV=4 — Gap% comparison misleading (extra vehicle reduces TD)
  -> nv=8.0±0.0  td=1169.1±0.0  gap=-9.9%

[RC205] ALNS-Base
  run 1/3: nv=4 cost=1394.5 (18.1s) | wall 0.68h
  run 2/3: nv=4 cost=1346.5 (18.7s) | wall 0.68h
  run 3/3: nv=4 cost=1364.3 (17.8s) | wall 0.68h
  -> nv=4.0±0.0  td=1368.4±19.8  gap=+5.5%

[RC205] Hybrid-Fixed
  run 1/3: nv=4 cost=1338.2 (43.1s) | wall 0.69h
  run 2/3: nv=4 cost=1345.5 (38.3s) | wall 0.69h
  run 3/3: nv=4 cost=1357.9 (41.9s) | wall 0.69h
  -> nv=4.0±0.0  td=1347.2±8.2  gap=+3.8%

[RC205] Hybrid-Rule
  run 1/3: nv=4 cost=1338.2 (40.7s) | wall 0.70h
  run 2/3: nv=4 cost=1332.4 (41.3s) | wall 0.70h
  run 3/3: nv=4 cost=1357.9 (42.6s) | wall 0.70h
  -> nv=4.0±0.0  td=1342.8±10.9  gap=+3.5%

[RC205] Hybrid-DDQN
  run 1/3: nv=4 cost=1329.9 (39.3s) | wall 0.72h
  run 2/3: nv=4 cost=1339.1 (45.3s) | wall 0.72h
  run 3/3: nv=4 cost=1365.1 (37.8s) | wall 0.72h
  -> nv=4.0±0.0  td=1344.7±14.9  gap=+3.6%

[RC206] OR-Tools
  run 1/1: nv=6 cost=1091.1 (60.1s) | wall 0.73h
  ⚠️  NV_mean=6.0 > BKS_NV=3 — Gap% comparison misleading (extra vehicle reduces TD)
  -> nv=6.0±0.0  td=1091.1±0.0  gap=-4.8%

[RC206] ALNS-Base
  run 1/3: nv=3 cost=1206.5 (21.4s) | wall 0.74h
  run 2/3: nv=4 cost=1105.6 (19.9s) | wall 0.74h
  run 3/3: nv=4 cost=1097.5 (19.6s) | wall 0.74h
  ⚠️  NV_mean=3.7 > BKS_NV=3 — Gap% comparison misleading (extra vehicle reduces TD)
  -> nv=3.7±0.5  td=1136.5±49.6  gap=-0.8%

[RC206] Hybrid-Fixed
  run 1/3: nv=3 cost=1177.6 (36.8s) | wall 0.75h
  run 2/3: nv=3 cost=1169.9 (36.6s) | wall 0.75h
  run 3/3: nv=3 cost=1154.0 (38.9s) | wall 0.75h
  -> nv=3.0±0.0  td=1167.2±9.9  gap=+1.8%

[RC206] Hybrid-Rule
  run 1/3: nv=3 cost=1153.7 (39.7s) | wall 0.76h
  run 2/3: nv=3 cost=1165.3 (42.3s) | wall 0.76h
  run 3/3: nv=3 cost=1154.0 (38.7s) | wall 0.76h
  -> nv=3.0±0.0  td=1157.7±5.4  gap=+1.0%

[RC206] Hybrid-DDQN
  run 1/3: nv=3 cost=1153.7 (47.0s) | wall 0.78h
  run 2/3: nv=3 cost=1154.5 (44.6s) | wall 0.78h
  run 3/3: nv=4 cost=1110.3 (46.2s) | wall 0.78h
  -> nv=3.3±0.5  td=1139.5±20.7  gap=-0.6%

[RC207] OR-Tools
  run 1/1: nv=5 cost=997.1 (60.1s) | wall 0.79h
  ⚠️  NV_mean=5.0 > BKS_NV=3 — Gap% comparison misleading (extra vehicle reduces TD)
  -> nv=5.0±0.0  td=997.1±0.0  gap=-6.0%

[RC207] ALNS-Base
  run 1/3: nv=4 cost=1051.4 (18.1s) | wall 0.80h
  run 2/3: nv=3 cost=1216.6 (18.6s) | wall 0.80h
  run 3/3: nv=4 cost=1042.9 (18.5s) | wall 0.80h
  -> nv=3.7±0.5  td=1103.7±80.0  gap=+4.0%

[RC207] Hybrid-Fixed
  run 1/3: nv=3 cost=1103.1 (40.3s) | wall 0.81h
  run 2/3: nv=3 cost=1137.2 (39.4s) | wall 0.81h
  run 3/3: nv=3 cost=1129.7 (38.0s) | wall 0.81h
  -> nv=3.0±0.0  td=1123.4±14.6  gap=+5.9%

[RC207] Hybrid-Rule
  run 1/3: nv=3 cost=1103.1 (38.4s) | wall 0.82h
  run 2/3: nv=3 cost=1095.8 (39.0s) | wall 0.82h
  run 3/3: nv=3 cost=1125.1 (39.2s) | wall 0.82h
  -> nv=3.0±0.0  td=1108.0±12.4  gap=+4.4%

[RC207] Hybrid-DDQN
  run 1/3: nv=3 cost=1095.8 (39.8s) | wall 0.83h
  run 2/3: nv=3 cost=1094.3 (35.8s) | wall 0.83h
  run 3/3: nv=3 cost=1134.7 (36.9s) | wall 0.83h
  -> nv=3.0±0.0  td=1108.3±18.7  gap=+4.4%

[RC208] OR-Tools
  run 1/1: nv=5 cost=785.9 (60.1s) | wall 0.85h
  ⚠️  NV_mean=5.0 > BKS_NV=3 — Gap% comparison misleading (extra vehicle reduces TD)
  -> nv=5.0±0.0  td=785.9±0.0  gap=-5.1%

[RC208] ALNS-Base
  run 1/3: nv=3 cost=846.3 (20.3s) | wall 0.86h
  run 2/3: nv=3 cost=877.8 (21.1s) | wall 0.86h
  run 3/3: nv=3 cost=893.6 (21.7s) | wall 0.86h
  -> nv=3.0±0.0  td=872.6±19.6  gap=+5.4%

[RC208] Hybrid-Fixed
  run 1/3: nv=3 cost=845.6 (41.5s) | wall 0.87h
  run 2/3: nv=3 cost=834.3 (41.4s) | wall 0.87h
  run 3/3: nv=3 cost=835.3 (43.0s) | wall 0.87h
  -> nv=3.0±0.0  td=838.4±5.1  gap=+1.2%

[RC208] Hybrid-Rule
  run 1/3: nv=3 cost=834.3 (42.1s) | wall 0.88h
  run 2/3: nv=3 cost=830.6 (43.7s) | wall 0.88h
  run 3/3: nv=3 cost=835.3 (41.5s) | wall 0.88h
  -> nv=3.0±0.0  td=833.4±2.0  gap=+0.6%

[RC208] Hybrid-DDQN
  run 1/3: nv=3 cost=830.6 (40.8s) | wall 0.89h
  run 2/3: nv=3 cost=834.1 (41.6s) | wall 0.89h
  run 3/3: nv=3 cost=902.1 (41.9s) | wall 0.89h
  -> nv=3.0±0.0  td=855.6±32.9  gap=+3.3%

  ✓ Checkpoint (16/16 inst, 0.89h) → /workspace/ckpt_main_v15.csv

Benchmark complete in 0.89h → /workspace/benchmark_main_v15.csv
  ⚠️  RC101 ALNS-Base: Gap%=-0.4% with NV=15.3 > BKS_NV — not a fair comparison
  ⚠️  RC101 Hybrid-Fixed: Gap%=-2.6% with NV=15.0 > BKS_NV — not a fair comparison
  ⚠️  RC101 Hybrid-Rule: Gap%=-3.3% with NV=15.0 > BKS_NV — not a fair comparison
  ⚠️  RC101 Hybrid-DDQN: Gap%=-2.9% with NV=15.0 > BKS_NV — not a fair comparison
  ⚠️  RC102 OR-Tools: Gap%=-2.7% with NV=14.0 > BKS_NV — not a fair comparison
  ⚠️  RC102 ALNS-Base: Gap%=-0.8% with NV=13.7 > BKS_NV — not a fair comparison
  ⚠️  RC102 Hybrid-Fixed: Gap%=-3.0% with NV=13.3 > BKS_NV — not a fair comparison
  ⚠️  RC102 Hybrid-Rule: Gap%=-2.6% with NV=13.3 > BKS_NV — not a fair comparison
  ⚠️  RC102 Hybrid-DDQN: Gap%=-3.2% with NV=13.3 > BKS_NV — not a fair comparison
  ⚠️  RC105 OR-Tools: Gap%=-2.4% with NV=16.0 > BKS_NV — not a fair comparison
  ⚠️  RC105 ALNS-Base: Gap%=-0.4% with NV=14.0 > BKS_NV — not a fair comparison
  ⚠️  RC105 Hybrid-Fixed: Gap%=-2.7% with NV=14.0 > BKS_NV — not a fair comparison
  ⚠️  RC105 Hybrid-Rule: Gap%=-4.1% with NV=14.0 > BKS_NV — not a fair comparison
  ⚠️  RC105 Hybrid-DDQN: Gap%=-4.5% with NV=14.0 > BKS_NV — not a fair comparison
  ⚠️  RC106 OR-Tools: Gap%=-0.1% with NV=14.0 > BKS_NV — not a fair comparison
  ⚠️  RC106 ALNS-Base: Gap%=-0.6% with NV=13.0 > BKS_NV — not a fair comparison
  ⚠️  RC106 Hybrid-Fixed: Gap%=-1.7% with NV=12.3 > BKS_NV — not a fair comparison
  ⚠️  RC106 Hybrid-Rule: Gap%=-2.3% with NV=12.0 > BKS_NV — not a fair comparison
  ⚠️  RC106 Hybrid-DDQN: Gap%=-2.5% with NV=12.3 > BKS_NV — not a fair comparison
  ⚠️  RC201 OR-Tools: Gap%=-7.9% with NV=8.0 > BKS_NV — not a fair comparison
  ⚠️  RC202 OR-Tools: Gap%=-16.8% with NV=8.0 > BKS_NV — not a fair comparison
  ⚠️  RC202 ALNS-Base: Gap%=-10.7% with NV=4.0 > BKS_NV — not a fair comparison
  ⚠️  RC202 Hybrid-Fixed: Gap%=-13.3% with NV=4.0 > BKS_NV — not a fair comparison
  ⚠️  RC202 Hybrid-Rule: Gap%=-14.0% with NV=4.0 > BKS_NV — not a fair comparison
  ⚠️  RC202 Hybrid-DDQN: Gap%=-11.2% with NV=4.0 > BKS_NV — not a fair comparison
  ⚠️  RC203 OR-Tools: Gap%=-8.2% with NV=6.0 > BKS_NV — not a fair comparison
  ⚠️  RC204 OR-Tools: Gap%=-0.3% with NV=4.0 > BKS_NV — not a fair comparison
  ⚠️  RC205 OR-Tools: Gap%=-9.9% with NV=8.0 > BKS_NV — not a fair comparison
  ⚠️  RC206 OR-Tools: Gap%=-4.8% with NV=6.0 > BKS_NV — not a fair comparison
  ⚠️  RC206 ALNS-Base: Gap%=-0.8% with NV=3.7 > BKS_NV — not a fair comparison
  ⚠️  RC207 OR-Tools: Gap%=-6.0% with NV=5.0 > BKS_NV — not a fair comparison
  ⚠️  RC208 OR-Tools: Gap%=-5.1% with NV=5.0 > BKS_NV — not a fair comparison

------------------------------------------------------------------------------------------------
DS  Algorithm                       NV   +/-   vsBKS        TD     +/-    Gap%    OT%    Time
------------------------------------------------------------------------------------------------
RC1 OR-Tools                     13.62  0.00   +2.12   1419.70    0.00  +3.09%  100.0   60.1s
RC1 ALNS-Base                    12.50  0.29   +1.00   1403.77   15.35  +1.72%  100.0   19.1s
RC1 Hybrid-Fixed                 12.21  0.29   +0.71   1377.97   11.51  -0.13%  100.0   30.7s
RC1 Hybrid-Rule                  12.16  0.24   +0.66   1370.77   11.32  -0.61%  100.0   29.6s
RC1 Hybrid-DDQN                  12.16  0.24   +0.66   1365.39   10.43  -1.04%  100.0   33.5s
RC2 OR-Tools                      6.25  0.00   +3.00   1029.39    0.00  -7.38%  100.0   60.1s
RC2 ALNS-Base                     3.54  0.12   +0.29   1139.61   33.04  +2.21%  100.0   19.2s
RC2 Hybrid-Fixed                  3.38  0.00   +0.12   1130.03   14.87  +1.31%  100.0   40.0s
RC2 Hybrid-Rule                   3.38  0.00   +0.12   1124.87   13.82  +0.87%  100.0   40.3s
RC2 Hybrid-DDQN                   3.42  0.06   +0.17   1128.34   22.68  +1.17%  100.0   41.1s
------------------------------------------------------------------------------------------------

================================================================
--- Phase 2: Domain-Randomized Zero-Shot Transfer ---
Domain-randomization curriculum: 20 epochs × 15 instances/epoch
  Epoch  1/20  [Easy    N=20-40]
    [ 1/15] SYN-C-040-634301: n=40  nv=5  cost=553.1  feasible=True
    [ 2/15] SYN-R-023-536204: n=23  nv=4  cost=651.3  feasible=True
    [ 3/15] SYN-RC-020-815237: n=20  nv=4  cost=548.5  feasible=True
    [ 4/15] SYN-C-028-854823: n=28  nv=3  cost=316.9  feasible=True
    [ 5/15] SYN-R-027-977944: n=27  nv=4  cost=687.7  feasible=True
    [ 6/15] SYN-RC-027-148575: n=27  nv=3  cost=783.8  feasible=True
    [ 7/15] SYN-C-024-276554: n=24  nv=4  cost=279.3  feasible=True
    [ 8/15] SYN-R-023-680576: n=23  nv=4  cost=668.0  feasible=True
    [ 9/15] SYN-RC-037-290726: n=37  nv=6  cost=872.7  feasible=True
    [10/15] SYN-C-022-329727: n=22  nv=4  cost=347.0  feasible=True
    [11/15] SYN-R-038-537444: n=38  nv=7  cost=904.4  feasible=True
    [12/15] SYN-RC-033-324339: n=33  nv=5  cost=692.4  feasible=True
    [13/15] SYN-C-021-863003: n=21  nv=3  cost=488.8  feasible=True
    [14/15] SYN-R-020-517056: n=20  nv=4  cost=667.5  feasible=True
    [15/15] SYN-RC-022-537990: n=22  nv=3  cost=546.9  feasible=True
  Epoch  2/20  [Easy    N=20-40]
    [ 1/15] SYN-R-026-766094: n=26  nv=5  cost=757.8  feasible=True
    [ 2/15] SYN-RC-027-693069: n=27  nv=4  cost=629.0  feasible=True
    [ 3/15] SYN-C-036-664159: n=36  nv=5  cost=477.0  feasible=True
    [ 4/15] SYN-R-039-457343: n=39  nv=5  cost=867.3  feasible=True
    [ 5/15] SYN-RC-020-025790: n=20  nv=4  cost=459.4  feasible=True
    [ 6/15] SYN-C-037-951656: n=37  nv=4  cost=476.9  feasible=True
    [ 7/15] SYN-R-026-844252: n=26  nv=3  cost=738.4  feasible=True
    [ 8/15] SYN-RC-040-589144: n=40  nv=4  cost=710.0  feasible=True
    [ 9/15] SYN-C-037-222490: n=37  nv=5  cost=509.3  feasible=True
    [10/15] SYN-R-033-527933: n=33  nv=5  cost=809.9  feasible=True
    [11/15] SYN-RC-027-211102: n=27  nv=4  cost=599.4  feasible=True
    [12/15] SYN-C-034-736080: n=34  nv=5  cost=560.1  feasible=True
    [13/15] SYN-R-038-958828: n=38  nv=6  cost=996.1  feasible=True
    [14/15] SYN-RC-028-046149: n=28  nv=4  cost=612.0  feasible=True
    [15/15] SYN-C-020-002914: n=20  nv=3  cost=298.0  feasible=True
  Epoch  3/20  [Easy    N=20-40]
    [ 1/15] SYN-RC-025-728136: n=25  nv=3  cost=491.1  feasible=True
    [ 2/15] SYN-C-033-503680: n=33  nv=5  cost=331.4  feasible=True
    [ 3/15] SYN-R-030-489756: n=30  nv=4  cost=827.5  feasible=True
    [ 4/15] SYN-RC-028-431282: n=28  nv=4  cost=596.1  feasible=True
    [ 5/15] SYN-C-024-247319: n=24  nv=3  cost=289.6  feasible=True
    [ 6/15] SYN-R-026-721980: n=26  nv=3  cost=647.3  feasible=True
    [ 7/15] SYN-RC-030-724240: n=30  nv=4  cost=777.5  feasible=True
    [ 8/15] SYN-C-023-282709: n=23  nv=3  cost=341.7  feasible=True
    [ 9/15] SYN-R-022-169534: n=22  nv=4  cost=580.7  feasible=True
    [10/15] SYN-RC-032-471086: n=32  nv=5  cost=743.0  feasible=True
    [11/15] SYN-C-023-512280: n=23  nv=4  cost=377.6  feasible=True
    [12/15] SYN-R-031-515251: n=31  nv=4  cost=793.9  feasible=True
    [13/15] SYN-RC-031-244628: n=31  nv=4  cost=684.3  feasible=True
    [14/15] SYN-C-039-078785: n=39  nv=5  cost=649.7  feasible=True
    [15/15] SYN-R-028-959933: n=28  nv=3  cost=687.2  feasible=True
  Epoch  4/20  [Easy    N=20-40]
    [ 1/15] SYN-C-021-102065: n=21  nv=3  cost=290.4  feasible=True
    [ 2/15] SYN-R-034-143389: n=34  nv=4  cost=730.6  feasible=True
    [ 3/15] SYN-RC-037-850430: n=37  nv=4  cost=730.1  feasible=True
    [ 4/15] SYN-C-023-958564: n=23  nv=3  cost=407.6  feasible=True
    [ 5/15] SYN-R-032-013130: n=32  nv=5  cost=899.9  feasible=True
    [ 6/15] SYN-RC-022-475572: n=22  nv=4  cost=528.5  feasible=True
    [ 7/15] SYN-C-037-201692: n=37  nv=4  cost=356.4  feasible=True
    [ 8/15] SYN-R-029-732648: n=29  nv=4  cost=740.3  feasible=True
    [ 9/15] SYN-RC-040-992318: n=40  nv=7  cost=803.2  feasible=True
    [10/15] SYN-C-039-059520: n=39  nv=5  cost=443.3  feasible=True
    [11/15] SYN-R-031-889995: n=31  nv=4  cost=875.4  feasible=True
    [12/15] SYN-RC-038-531168: n=38  nv=5  cost=747.2  feasible=True
    [13/15] SYN-C-026-999270: n=26  nv=4  cost=483.4  feasible=True
    [14/15] SYN-R-022-135836: n=22  nv=3  cost=655.2  feasible=True
    [15/15] SYN-RC-021-076859: n=21  nv=3  cost=522.1  feasible=True
  Epoch  5/20  [Easy    N=20-40]
    [ 1/15] SYN-R-027-494284: n=27  nv=4  cost=644.0  feasible=True
    [ 2/15] SYN-RC-029-934700: n=29  nv=5  cost=631.3  feasible=True
    [ 3/15] SYN-C-022-334237: n=22  nv=3  cost=334.9  feasible=True
    [ 4/15] SYN-R-027-020344: n=27  nv=4  cost=669.6  feasible=True
    [ 5/15] SYN-RC-023-262331: n=23  nv=4  cost=485.7  feasible=True
    [ 6/15] SYN-C-032-669095: n=32  nv=4  cost=397.7  feasible=True
    [ 7/15] SYN-R-028-986744: n=28  nv=6  cost=814.1  feasible=True
    [ 8/15] SYN-RC-034-287914: n=34  nv=6  cost=856.8  feasible=True
    [ 9/15] SYN-C-040-091470: n=40  nv=7  cost=640.1  feasible=True
    [10/15] SYN-R-031-364826: n=31  nv=5  cost=805.6  feasible=True
    [11/15] SYN-RC-025-564605: n=25  nv=3  cost=502.0  feasible=True
    [12/15] SYN-C-031-160951: n=31  nv=4  cost=418.8  feasible=True
    [13/15] SYN-R-031-263701: n=31  nv=5  cost=783.9  feasible=True
    [14/15] SYN-RC-026-106714: n=26  nv=4  cost=521.5  feasible=True
    [15/15] SYN-C-028-346794: n=28  nv=3  cost=412.7  feasible=True
  Epoch  6/20  [Easy    N=20-40]
    [ 1/15] SYN-RC-040-144018: n=40  nv=5  cost=775.4  feasible=True
    [ 2/15] SYN-C-022-037917: n=22  nv=3  cost=426.2  feasible=True
    [ 3/15] SYN-R-039-629559: n=39  nv=4  cost=722.1  feasible=True
    [ 4/15] SYN-RC-040-521843: n=40  nv=4  cost=747.8  feasible=True
    [ 5/15] SYN-C-025-075792: n=25  nv=3  cost=295.8  feasible=True
    [ 6/15] SYN-R-037-797997: n=37  nv=7  cost=1023.3  feasible=True
    [ 7/15] SYN-RC-027-316617: n=27  nv=4  cost=593.2  feasible=True
    [ 8/15] SYN-C-025-277487: n=25  nv=4  cost=351.9  feasible=True
    [ 9/15] SYN-R-034-095777: n=34  nv=4  cost=808.0  feasible=True
    [10/15] SYN-RC-032-507666: n=32  nv=7  cost=729.7  feasible=True
    [11/15] SYN-C-028-196295: n=28  nv=4  cost=441.6  feasible=True
    [12/15] SYN-R-040-866045: n=40  nv=6  cost=916.2  feasible=True
    [13/15] SYN-RC-037-759867: n=37  nv=5  cost=765.1  feasible=True
    [14/15] SYN-C-027-965324: n=27  nv=4  cost=425.1  feasible=True
    [15/15] SYN-R-030-506911: n=30  nv=5  cost=727.7  feasible=True
  Epoch  7/20  [Easy    N=20-40]
    [ 1/15] SYN-C-021-622299: n=21  nv=3  cost=407.1  feasible=True
    [ 2/15] SYN-R-027-972056: n=27  nv=5  cost=755.1  feasible=True
    [ 3/15] SYN-RC-021-462039: n=21  nv=3  cost=657.2  feasible=True
    [ 4/15] SYN-C-030-522525: n=30  nv=4  cost=451.3  feasible=True
    [ 5/15] SYN-R-032-571397: n=32  nv=5  cost=952.7  feasible=True
    [ 6/15] SYN-RC-028-604106: n=28  nv=3  cost=614.6  feasible=True
    [ 7/15] SYN-C-022-431253: n=22  nv=3  cost=375.2  feasible=True
    [ 8/15] SYN-R-026-398046: n=26  nv=3  cost=614.8  feasible=True
    [ 9/15] SYN-RC-038-321871: n=38  nv=5  cost=798.4  feasible=True
    [10/15] SYN-C-030-650312: n=30  nv=4  cost=481.2  feasible=True
    [11/15] SYN-R-026-942701: n=26  nv=4  cost=725.4  feasible=True
    [12/15] SYN-RC-040-592292: n=40  nv=6  cost=807.0  feasible=True
    [13/15] SYN-C-035-886201: n=35  nv=4  cost=451.8  feasible=True
    [14/15] SYN-R-032-569525: n=32  nv=4  cost=919.6  feasible=True
    [15/15] SYN-RC-040-476910: n=40  nv=6  cost=888.0  feasible=True
  Epoch  8/20  [Easy    N=20-40]
    [ 1/15] SYN-R-034-697864: n=34  nv=3  cost=708.5  feasible=True
    [ 2/15] SYN-RC-024-275894: n=24  nv=4  cost=582.8  feasible=True
    [ 3/15] SYN-C-028-288964: n=28  nv=3  cost=464.3  feasible=True
    [ 4/15] SYN-R-024-141324: n=24  nv=4  cost=763.3  feasible=True
    [ 5/15] SYN-RC-027-661197: n=27  nv=4  cost=753.7  feasible=True
    [ 6/15] SYN-C-037-552701: n=37  nv=5  cost=500.5  feasible=True
    [ 7/15] SYN-R-037-940524: n=37  nv=5  cost=789.5  feasible=True
    [ 8/15] SYN-RC-028-016242: n=28  nv=5  cost=624.9  feasible=True
    [ 9/15] SYN-C-038-052800: n=38  nv=5  cost=512.9  feasible=True
    [10/15] SYN-R-033-342822: n=33  nv=5  cost=810.1  feasible=True
    [11/15] SYN-RC-038-521794: n=38  nv=5  cost=831.7  feasible=True
    [12/15] SYN-C-032-356657: n=32  nv=4  cost=542.9  feasible=True
    [13/15] SYN-R-031-922144: n=31  nv=4  cost=737.9  feasible=True
    [14/15] SYN-RC-027-966945: n=27  nv=3  cost=571.5  feasible=True
    [15/15] SYN-C-024-229005: n=24  nv=3  cost=413.7  feasible=True
  Epoch  9/20  [Target  N=40-80]
    [ 1/15] SYN-RC-072-290150: n=72  nv=7  cost=1017.7  feasible=True
    [ 2/15] SYN-C-071-547154: n=71  nv=7  cost=698.5  feasible=True
    [ 3/15] SYN-R-045-272990: n=45  nv=5  cost=993.7  feasible=True
    [ 4/15] SYN-RC-043-257877: n=43  nv=5  cost=913.1  feasible=True
    [ 5/15] SYN-C-047-961903: n=47  nv=6  cost=545.0  feasible=True
    [ 6/15] SYN-R-049-524883: n=49  nv=6  cost=990.4  feasible=True
    [ 7/15] SYN-RC-080-326373: n=80  nv=8  cost=1296.7  feasible=True
    [ 8/15] SYN-C-050-122116: n=50  nv=7  cost=709.5  feasible=True
    [ 9/15] SYN-R-067-687719: n=67  nv=9  cost=1343.7  feasible=True
    [10/15] SYN-RC-078-966923: n=78  nv=11  cost=1386.8  feasible=True
    [11/15] SYN-C-044-051180: n=44  nv=4  cost=655.8  feasible=True
    [12/15] SYN-R-064-390741: n=64  nv=8  cost=1313.0  feasible=True
HighsMipSolverData::transformNewIntegerFeasibleSolution tmpSolver.run();
HighsMipSolverData::transformNewIntegerFeasibleSolution tmpSolver.run();
HighsMipSolverData::transformNewIntegerFeasibleSolution tmpSolver.run();
HighsMipSolverData::transformNewIntegerFeasibleSolution tmpSolver.run();
HighsMipSolverData::transformNewIntegerFeasibleSolution tmpSolver.run();
HighsMipSolverData::transformNewIntegerFeasibleSolution tmpSolver.run();
HighsMipSolverData::transformNewIntegerFeasibleSolution tmpSolver.run();
HighsMipSolverData::transformNewIntegerFeasibleSolution tmpSolver.run();
HighsMipSolverData::transformNewIntegerFeasibleSolution tmpSolver.run();
HighsMipSolverData::transformNewIntegerFeasibleSolution tmpSolver.run();
HighsMipSolverData::transformNewIntegerFeasibleSolution tmpSolver.run();
HighsMipSolverData::transformNewIntegerFeasibleSolution tmpSolver.run();
    [13/15] SYN-RC-064-996800: n=64  nv=9  cost=1218.7  feasible=True
    [14/15] SYN-C-078-499642: n=78  nv=8  cost=916.4  feasible=True
    [15/15] SYN-R-069-949677: n=69  nv=8  cost=1274.4  feasible=True
  Epoch 10/20  [Target  N=40-80]
    [ 1/15] SYN-C-073-319367: n=73  nv=11  cost=895.9  feasible=True
    [ 2/15] SYN-R-056-438897: n=56  nv=6  cost=1108.8  feasible=True
    [ 3/15] SYN-RC-075-467676: n=75  nv=9  cost=1183.3  feasible=True
    [ 4/15] SYN-C-040-729568: n=40  nv=4  cost=528.8  feasible=True
    [ 5/15] SYN-R-047-149033: n=47  nv=6  cost=990.5  feasible=True
    [ 6/15] SYN-RC-074-374170: n=74  nv=8  cost=1184.4  feasible=True
    [ 7/15] SYN-C-057-983641: n=57  nv=8  cost=760.4  feasible=True
    [ 8/15] SYN-R-061-489838: n=61  nv=7  cost=1227.0  feasible=True
    [ 9/15] SYN-RC-047-592266: n=47  nv=7  cost=1055.7  feasible=True
    [10/15] SYN-C-058-687814: n=58  nv=6  cost=730.1  feasible=True
    [11/15] SYN-R-067-659632: n=67  nv=10  cost=1397.4  feasible=True
    [12/15] SYN-RC-050-324121: n=50  nv=6  cost=992.5  feasible=True
    [13/15] SYN-C-069-997605: n=69  nv=10  cost=872.5  feasible=True
    [14/15] SYN-R-040-534604: n=40  nv=6  cost=922.2  feasible=True
    [15/15] SYN-RC-056-851236: n=56  nv=7  cost=1074.8  feasible=True
  Epoch 11/20  [Target  N=40-80]
    [ 1/15] SYN-R-072-091879: n=72  nv=11  cost=1513.5  feasible=True
    [ 2/15] SYN-RC-051-751763: n=51  nv=6  cost=1031.9  feasible=True
    [ 3/15] SYN-C-072-625753: n=72  nv=8  cost=794.2  feasible=True
    [ 4/15] SYN-R-046-719836: n=46  nv=7  cost=916.0  feasible=True
    [ 5/15] SYN-RC-080-547931: n=80  nv=10  cost=1375.3  feasible=True
    [ 6/15] SYN-C-059-410609: n=59  nv=6  cost=764.1  feasible=True
    [ 7/15] SYN-R-080-279578: n=80  nv=9  cost=1477.6  feasible=True
    [ 8/15] SYN-RC-072-699943: n=72  nv=8  cost=1190.9  feasible=True
    [ 9/15] SYN-C-078-115762: n=78  nv=9  cost=951.9  feasible=True
    [10/15] SYN-R-052-462281: n=52  nv=7  cost=1092.0  feasible=True
    [11/15] SYN-RC-049-515395: n=49  nv=7  cost=908.9  feasible=True
    [12/15] SYN-C-063-079470: n=63  nv=8  cost=774.9  feasible=True
    [13/15] SYN-R-050-622997: n=50  nv=6  cost=1067.7  feasible=True
    [14/15] SYN-RC-074-074994: n=74  nv=7  cost=1177.4  feasible=True
    [15/15] SYN-C-073-044830: n=73  nv=8  cost=909.9  feasible=True
  Epoch 12/20  [Target  N=40-80]
    [ 1/15] SYN-RC-040-501159: n=40  nv=6  cost=841.7  feasible=True
    [ 2/15] SYN-C-078-134750: n=78  nv=10  cost=1057.7  feasible=True
    [ 3/15] SYN-R-060-879951: n=60  nv=7  cost=1186.2  feasible=True
    [ 4/15] SYN-RC-071-831579: n=71  nv=9  cost=1139.9  feasible=True
    [ 5/15] SYN-C-041-530174: n=41  nv=5  cost=488.0  feasible=True
    [ 6/15] SYN-R-047-399369: n=47  nv=7  cost=1010.5  feasible=True
    [ 7/15] SYN-RC-063-697126: n=63  nv=10  cost=1090.4  feasible=True
    [ 8/15] SYN-C-059-832757: n=59  nv=7  cost=641.2  feasible=True
    [ 9/15] SYN-R-055-856719: n=55  nv=7  cost=1079.8  feasible=True
    [10/15] SYN-RC-043-938550: n=43  nv=5  cost=775.4  feasible=True
    [11/15] SYN-C-055-250130: n=55  nv=7  cost=563.2  feasible=True
    [12/15] SYN-R-076-184811: n=76  nv=9  cost=1376.9  feasible=True
    [13/15] SYN-RC-045-077546: n=45  nv=7  cost=868.0  feasible=True
    [14/15] SYN-C-045-366416: n=45  nv=6  cost=650.8  feasible=True
    [15/15] SYN-R-071-443997: n=71  nv=8  cost=1312.9  feasible=True
  Epoch 13/20  [Target  N=40-80]
    [ 1/15] SYN-C-044-791298: n=44  nv=6  cost=670.8  feasible=True
    [ 2/15] SYN-R-074-268661: n=74  nv=8  cost=1305.7  feasible=True
    [ 3/15] SYN-RC-048-064823: n=48  nv=6  cost=888.3  feasible=True
    [ 4/15] SYN-C-048-668256: n=48  nv=6  cost=539.9  feasible=True
    [ 5/15] SYN-R-070-256620: n=70  nv=7  cost=1270.7  feasible=True
    [ 6/15] SYN-RC-075-935583: n=75  nv=9  cost=1209.1  feasible=True
    [ 7/15] SYN-C-050-344607: n=50  nv=5  cost=674.2  feasible=True
    [ 8/15] SYN-R-056-142537: n=56  nv=8  cost=1172.4  feasible=True
    [ 9/15] SYN-RC-073-577969: n=73  nv=7  cost=1111.9  feasible=True
    [10/15] SYN-C-078-752377: n=78  nv=8  cost=821.6  feasible=True
    [11/15] SYN-R-067-864272: n=67  nv=6  cost=1222.2  feasible=True
    [12/15] SYN-RC-053-964721: n=53  nv=7  cost=1023.1  feasible=True
    [13/15] SYN-C-074-765756: n=74  nv=10  cost=876.6  feasible=True
    [14/15] SYN-R-052-762707: n=52  nv=6  cost=1123.5  feasible=True
    [15/15] SYN-RC-059-806836: n=59  nv=7  cost=1078.2  feasible=True
  Epoch 14/20  [Target  N=40-80]
    [ 1/15] SYN-R-065-751077: n=65  nv=10  cost=1300.6  feasible=True
    [ 2/15] SYN-RC-063-256206: n=63  nv=9  cost=1161.8  feasible=True
    [ 3/15] SYN-C-068-800413: n=68  nv=9  cost=859.8  feasible=True
    [ 4/15] SYN-R-073-221462: n=73  nv=10  cost=1417.8  feasible=True
    [ 5/15] SYN-RC-068-963139: n=68  nv=8  cost=1063.3  feasible=True
    [ 6/15] SYN-C-047-160349: n=47  nv=6  cost=708.5  feasible=True
    [ 7/15] SYN-R-055-864889: n=55  nv=6  cost=1062.5  feasible=True
    [ 8/15] SYN-RC-054-557448: n=54  nv=8  cost=990.6  feasible=True
    [ 9/15] SYN-C-044-066346: n=44  nv=5  cost=577.4  feasible=True
    [10/15] SYN-R-061-593837: n=61  nv=8  cost=1172.0  feasible=True
    [11/15] SYN-RC-041-089113: n=41  nv=7  cost=826.7  feasible=True
    [12/15] SYN-C-077-883957: n=77  nv=8  cost=908.5  feasible=True
    [13/15] SYN-R-075-080681: n=75  nv=8  cost=1383.3  feasible=True
    [14/15] SYN-RC-054-129808: n=54  nv=8  cost=1024.0  feasible=True
    [15/15] SYN-C-077-558938: n=77  nv=9  cost=805.1  feasible=True
  Epoch 15/20  [Target  N=40-80]
    [ 1/15] SYN-RC-054-762327: n=54  nv=7  cost=989.5  feasible=True
    [ 2/15] SYN-C-040-665434: n=40  nv=6  cost=550.1  feasible=True
    [ 3/15] SYN-R-044-964052: n=44  nv=5  cost=879.9  feasible=True
    [ 4/15] SYN-RC-080-145424: n=80  nv=8  cost=1158.7  feasible=True
    [ 5/15] SYN-C-043-519683: n=43  nv=5  cost=507.9  feasible=True
    [ 6/15] SYN-R-054-870175: n=54  nv=7  cost=1077.7  feasible=True
    [ 7/15] SYN-RC-044-710010: n=44  nv=6  cost=842.2  feasible=True
    [ 8/15] SYN-C-042-141197: n=42  nv=6  cost=581.8  feasible=True
    [ 9/15] SYN-R-061-216629: n=61  nv=6  cost=1116.1  feasible=True
    [10/15] SYN-RC-044-061891: n=44  nv=6  cost=946.6  feasible=True
    [11/15] SYN-C-072-535328: n=72  nv=10  cost=1030.1  feasible=True
    [12/15] SYN-R-055-721142: n=55  nv=6  cost=1064.0  feasible=True
    [13/15] SYN-RC-057-207040: n=57  nv=6  cost=1061.5  feasible=True
    [14/15] SYN-C-071-472786: n=71  nv=8  cost=710.9  feasible=True
    [15/15] SYN-R-053-438808: n=53  nv=7  cost=1106.9  feasible=True
  Epoch 16/20  [Target  N=40-80]
    [ 1/15] SYN-C-074-514908: n=74  nv=7  cost=743.2  feasible=True
    [ 2/15] SYN-R-048-240670: n=48  nv=6  cost=989.0  feasible=True
    [ 3/15] SYN-RC-076-763148: n=76  nv=11  cost=1405.6  feasible=True
    [ 4/15] SYN-C-076-910793: n=76  nv=8  cost=791.1  feasible=True
    [ 5/15] SYN-R-070-689717: n=70  nv=8  cost=1380.3  feasible=True
    [ 6/15] SYN-RC-055-804011: n=55  nv=7  cost=974.8  feasible=True
    [ 7/15] SYN-C-070-385192: n=70  nv=9  cost=918.2  feasible=True
    [ 8/15] SYN-R-066-245421: n=66  nv=9  cost=1258.1  feasible=True
    [ 9/15] SYN-RC-052-882256: n=52  nv=5  cost=1004.5  feasible=True
    [10/15] SYN-C-046-058580: n=46  nv=7  cost=652.7  feasible=True
    [11/15] SYN-R-046-901782: n=46  nv=5  cost=973.4  feasible=True
    [12/15] SYN-RC-067-352967: n=67  nv=8  cost=1292.3  feasible=True
    [13/15] SYN-C-062-172106: n=62  nv=5  cost=629.3  feasible=True
    [14/15] SYN-R-067-281980: n=67  nv=8  cost=1166.9  feasible=True
    [15/15] SYN-RC-066-179223: n=66  nv=7  cost=1019.2  feasible=True
  Epoch 17/20  [Chaos   N=20-100]
    [ 1/15] SYN-R-079-266767: n=79  nv=12  cost=1529.0  feasible=True
    [ 2/15] SYN-RC-026-238351: n=26  nv=4  cost=549.6  feasible=True
    [ 3/15] SYN-C-032-862787: n=32  nv=4  cost=483.9  feasible=True
    [ 4/15] SYN-R-027-608486: n=27  nv=4  cost=739.5  feasible=True
    [ 5/15] SYN-RC-071-292687: n=71  nv=6  cost=1205.2  feasible=True
    [ 6/15] SYN-C-063-576394: n=63  nv=8  cost=669.1  feasible=True
    [ 7/15] SYN-R-033-957937: n=33  nv=4  cost=796.5  feasible=True
    [ 8/15] SYN-RC-051-972945: n=51  nv=7  cost=997.8  feasible=True
    [ 9/15] SYN-C-044-697898: n=44  nv=5  cost=551.5  feasible=True
    [10/15] SYN-R-044-826528: n=44  nv=7  cost=1079.5  feasible=True
    [11/15] SYN-RC-088-482882: n=88  nv=10  cost=1416.7  feasible=True
    [12/15] SYN-C-077-668985: n=77  nv=8  cost=766.9  feasible=True
    [13/15] SYN-R-037-365348: n=37  nv=6  cost=954.3  feasible=True
    [14/15] SYN-RC-074-727881: n=74  nv=10  cost=1202.5  feasible=True
    [15/15] SYN-C-043-684693: n=43  nv=6  cost=701.5  feasible=True
  Epoch 18/20  [Chaos   N=20-100]
    [ 1/15] SYN-RC-055-573700: n=55  nv=7  cost=924.0  feasible=True
    [ 2/15] SYN-C-079-795878: n=79  nv=10  cost=1070.3  feasible=True
    [ 3/15] SYN-R-051-932831: n=51  nv=6  cost=1069.7  feasible=True
    [ 4/15] SYN-RC-029-391299: n=29  nv=6  cost=821.6  feasible=True
    [ 5/15] SYN-C-076-557127: n=76  nv=6  cost=656.2  feasible=True
    [ 6/15] SYN-R-090-116624: n=90  nv=13  cost=1706.3  feasible=True
    [ 7/15] SYN-RC-032-600501: n=32  nv=5  cost=788.1  feasible=True
    [ 8/15] SYN-C-026-773595: n=26  nv=3  cost=382.6  feasible=True
    [ 9/15] SYN-R-089-442523: n=89  nv=13  cost=1696.8  feasible=True
    [10/15] SYN-RC-021-886701: n=21  nv=3  cost=504.5  feasible=True
    [11/15] SYN-C-031-070241: n=31  nv=3  cost=435.2  feasible=True
    [12/15] SYN-R-050-682875: n=50  nv=8  cost=1270.9  feasible=True
    [13/15] SYN-RC-041-348595: n=41  nv=6  cost=702.1  feasible=True
    [14/15] SYN-C-072-736462: n=72  nv=9  cost=903.2  feasible=True
    [15/15] SYN-R-082-741028: n=82  nv=11  cost=1585.9  feasible=True
  Epoch 19/20  [Chaos   N=20-100]
    [ 1/15] SYN-C-081-336985: n=81  nv=12  cost=964.3  feasible=True
    [ 2/15] SYN-R-047-952778: n=47  nv=5  cost=984.6  feasible=True
    [ 3/15] SYN-RC-071-851057: n=71  nv=10  cost=1208.4  feasible=True
    [ 4/15] SYN-C-027-365859: n=27  nv=5  cost=403.8  feasible=True
    [ 5/15] SYN-R-041-860048: n=41  nv=7  cost=902.2  feasible=True
    [ 6/15] SYN-RC-068-083480: n=68  nv=8  cost=1066.3  feasible=True
    [ 7/15] SYN-C-020-510101: n=20  nv=2  cost=311.2  feasible=True
    [ 8/15] SYN-R-069-065790: n=69  nv=9  cost=1259.2  feasible=True
    [ 9/15] SYN-RC-053-441388: n=53  nv=6  cost=1015.6  feasible=True
    [10/15] SYN-C-078-597872: n=78  nv=9  cost=927.3  feasible=True
    [11/15] SYN-R-056-531246: n=56  nv=6  cost=1169.9  feasible=True
    [12/15] SYN-RC-074-654250: n=74  nv=11  cost=1375.2  feasible=True
    [13/15] SYN-C-091-267458: n=91  nv=10  cost=968.2  feasible=True
    [14/15] SYN-R-082-761775: n=82  nv=9  cost=1532.8  feasible=True
    [15/15] SYN-RC-039-270130: n=39  nv=5  cost=848.8  feasible=True
  Epoch 20/20  [Chaos   N=20-100]
    [ 1/15] SYN-R-044-898235: n=44  nv=7  cost=1048.5  feasible=True
    [ 2/15] SYN-RC-057-826390: n=57  nv=6  cost=894.4  feasible=True
    [ 3/15] SYN-C-047-397198: n=47  nv=7  cost=619.4  feasible=True
    [ 4/15] SYN-R-027-648995: n=27  nv=4  cost=675.2  feasible=True
    [ 5/15] SYN-RC-094-487285: n=94  nv=12  cost=1450.8  feasible=True
    [ 6/15] SYN-C-089-151615: n=89  nv=9  cost=934.5  feasible=True
    [ 7/15] SYN-R-027-616320: n=27  nv=5  cost=651.2  feasible=True
    [ 8/15] SYN-RC-060-199871: n=60  nv=7  cost=990.9  feasible=True
    [ 9/15] SYN-C-027-934047: n=27  nv=3  cost=357.2  feasible=True
    [10/15] SYN-R-026-779705: n=26  nv=5  cost=754.4  feasible=True
    [11/15] SYN-RC-094-101458: n=94  nv=13  cost=1624.0  feasible=True
    [12/15] SYN-C-081-769162: n=81  nv=9  cost=830.1  feasible=True
    [13/15] SYN-R-084-994991: n=84  nv=12  cost=1570.8  feasible=True
    [14/15] SYN-RC-087-832194: n=87  nv=13  cost=1600.1  feasible=True
    [15/15] SYN-C-040-801106: n=40  nv=6  cost=546.4  feasible=True
Weights saved → /workspace/rl_alns_dr_v15.safetensors
Total: 16 combos × 3 runs  |  wall limit: 9.5h
Parallel workers: 3  (ProcessPool — true GIL bypass)
================================================================

[RC101] Hybrid-DDQN-Transfer-DR
  run 1/3: nv=15 cost=1654.8 (29.0s) | wall 0.01h
  run 2/3: nv=15 cost=1648.3 (23.2s) | wall 0.01h
  run 3/3: nv=15 cost=1661.4 (23.5s) | wall 0.01h
  ⚠️  NV_mean=15.0 > BKS_NV=14 — Gap% comparison misleading (extra vehicle reduces TD)
  -> nv=15.0±0.0  td=1654.8±5.4  gap=-2.5%

[RC102] Hybrid-DDQN-Transfer-DR
  run 1/3: nv=14 cost=1495.5 (54.1s) | wall 0.02h
  run 2/3: nv=14 cost=1499.6 (40.0s) | wall 0.02h
  run 3/3: nv=13 cost=1477.5 (51.7s) | wall 0.02h
  ⚠️  NV_mean=13.7 > BKS_NV=12 — Gap% comparison misleading (extra vehicle reduces TD)
  -> nv=13.7±0.5  td=1490.9±9.6  gap=-4.1%

[RC103] Hybrid-DDQN-Transfer-DR
  run 1/3: nv=12 cost=1326.0 (51.9s) | wall 0.04h
  run 2/3: nv=12 cost=1318.8 (49.1s) | wall 0.04h
  run 3/3: nv=11 cost=1383.0 (41.7s) | wall 0.04h
  -> nv=11.7±0.5  td=1342.6±28.7  gap=+6.4%

[RC104] Hybrid-DDQN-Transfer-DR
  run 1/3: nv=10 cost=1176.7 (48.1s) | wall 0.05h
  run 2/3: nv=11 cost=1178.1 (51.9s) | wall 0.05h
  run 3/3: nv=10 cost=1201.9 (50.1s) | wall 0.05h
  -> nv=10.3±0.5  td=1185.6±11.5  gap=+4.4%

  ✓ Checkpoint (4/16 inst, 0.05h) → /workspace/ckpt_dr_v15.csv

[RC105] Hybrid-DDQN-Transfer-DR
  run 1/3: nv=14 cost=1589.5 (24.2s) | wall 0.07h
  run 2/3: nv=15 cost=1579.1 (17.1s) | wall 0.07h
  run 3/3: nv=14 cost=1572.7 (52.0s) | wall 0.07h
  ⚠️  NV_mean=14.3 > BKS_NV=13 — Gap% comparison misleading (extra vehicle reduces TD)
  -> nv=14.3±0.5  td=1580.4±6.9  gap=-3.0%

[RC106] Hybrid-DDQN-Transfer-DR
  run 1/3: nv=13 cost=1403.1 (16.3s) | wall 0.08h
  run 2/3: nv=13 cost=1433.4 (19.9s) | wall 0.08h
  run 3/3: nv=13 cost=1412.5 (45.1s) | wall 0.08h
  ⚠️  NV_mean=13.0 > BKS_NV=11 — Gap% comparison misleading (extra vehicle reduces TD)
  -> nv=13.0±0.0  td=1416.3±12.7  gap=-0.6%

[RC107] Hybrid-DDQN-Transfer-DR
  run 1/3: nv=12 cost=1307.5 (50.3s) | wall 0.10h
  run 2/3: nv=11 cost=1274.7 (16.5s) | wall 0.10h
  run 3/3: nv=12 cost=1268.6 (20.8s) | wall 0.10h
  -> nv=11.7±0.5  td=1283.6±17.1  gap=+4.3%

[RC108] Hybrid-DDQN-Transfer-DR
  run 1/3: nv=11 cost=1159.8 (15.6s) | wall 0.11h
  run 2/3: nv=11 cost=1154.2 (45.1s) | wall 0.11h
  run 3/3: nv=11 cost=1151.2 (49.0s) | wall 0.11h
  -> nv=11.0±0.0  td=1155.1±3.6  gap=+1.3%

  ✓ Checkpoint (8/16 inst, 0.11h) → /workspace/ckpt_dr_v15.csv

[RC201] Hybrid-DDQN-Transfer-DR
  run 1/3: nv=4 cost=1560.6 (38.3s) | wall 0.13h
  run 2/3: nv=4 cost=1494.7 (59.3s) | wall 0.13h
  run 3/3: nv=4 cost=1459.6 (60.9s) | wall 0.13h
  -> nv=4.0±0.0  td=1505.0±41.9  gap=+7.0%

[RC202] Hybrid-DDQN-Transfer-DR
  run 1/3: nv=4 cost=1236.1 (54.7s) | wall 0.14h
  run 2/3: nv=4 cost=1191.7 (56.1s) | wall 0.14h
  run 3/3: nv=4 cost=1216.2 (51.3s) | wall 0.14h
  ⚠️  NV_mean=4.0 > BKS_NV=3 — Gap% comparison misleading (extra vehicle reduces TD)
  -> nv=4.0±0.0  td=1214.7±18.1  gap=-11.1%

[RC203] Hybrid-DDQN-Transfer-DR
  run 1/3: nv=3 cost=1236.5 (48.2s) | wall 0.16h
  run 2/3: nv=3 cost=1210.3 (37.6s) | wall 0.16h
  run 3/3: nv=3 cost=1105.0 (38.2s) | wall 0.16h
  -> nv=3.0±0.0  td=1184.0±56.8  gap=+12.8%

[RC204] Hybrid-DDQN-Transfer-DR
  run 1/3: nv=3 cost=849.7 (40.1s) | wall 0.17h
  run 2/3: nv=3 cost=848.0 (48.7s) | wall 0.17h
  run 3/3: nv=3 cost=805.6 (40.5s) | wall 0.17h
  -> nv=3.0±0.0  td=834.4±20.4  gap=+4.5%

  ✓ Checkpoint (12/16 inst, 0.17h) → /workspace/ckpt_dr_v15.csv

[RC205] Hybrid-DDQN-Transfer-DR
  run 1/3: nv=4 cost=1396.1 (48.4s) | wall 0.18h
  run 2/3: nv=4 cost=1436.2 (32.1s) | wall 0.18h
  run 3/3: nv=4 cost=1368.2 (48.6s) | wall 0.18h
  -> nv=4.0±0.0  td=1400.2±27.9  gap=+7.9%

[RC206] Hybrid-DDQN-Transfer-DR
  run 1/3: nv=4 cost=1106.3 (57.8s) | wall 0.20h
  run 2/3: nv=4 cost=1127.1 (39.6s) | wall 0.20h
  run 3/3: nv=4 cost=1178.0 (43.5s) | wall 0.20h
  ⚠️  NV_mean=4.0 > BKS_NV=3 — Gap% comparison misleading (extra vehicle reduces TD)
  -> nv=4.0±0.0  td=1137.2±30.1  gap=-0.8%

[RC207] Hybrid-DDQN-Transfer-DR
  run 1/3: nv=3 cost=1229.7 (43.6s) | wall 0.22h
  run 2/3: nv=4 cost=1058.2 (51.4s) | wall 0.22h
  run 3/3: nv=3 cost=1119.1 (41.9s) | wall 0.22h
  -> nv=3.3±0.5  td=1135.7±71.0  gap=+7.0%

[RC208] Hybrid-DDQN-Transfer-DR
  run 1/3: nv=3 cost=945.6 (51.2s) | wall 0.23h
  run 2/3: nv=3 cost=881.5 (44.1s) | wall 0.23h
  run 3/3: nv=3 cost=868.6 (44.8s) | wall 0.23h
  -> nv=3.0±0.0  td=898.6±33.7  gap=+8.5%

  ✓ Checkpoint (16/16 inst, 0.23h) → /workspace/ckpt_dr_v15.csv

Benchmark complete in 0.23h → /workspace/benchmark_dr_v15.csv

================================================================
--- Final Combined Results ---
  ⚠️  RC101 ALNS-Base: Gap%=-0.4% with NV=15.3 > BKS_NV — not a fair comparison
  ⚠️  RC101 Hybrid-Fixed: Gap%=-2.6% with NV=15.0 > BKS_NV — not a fair comparison
  ⚠️  RC101 Hybrid-Rule: Gap%=-3.3% with NV=15.0 > BKS_NV — not a fair comparison
  ⚠️  RC101 Hybrid-DDQN: Gap%=-2.9% with NV=15.0 > BKS_NV — not a fair comparison
  ⚠️  RC101 Hybrid-DDQN-Transfer-DR: Gap%=-2.5% with NV=15.0 > BKS_NV — not a fair comparison
  ⚠️  RC102 OR-Tools: Gap%=-2.7% with NV=14.0 > BKS_NV — not a fair comparison
  ⚠️  RC102 ALNS-Base: Gap%=-0.8% with NV=13.7 > BKS_NV — not a fair comparison
  ⚠️  RC102 Hybrid-Fixed: Gap%=-3.0% with NV=13.3 > BKS_NV — not a fair comparison
  ⚠️  RC102 Hybrid-Rule: Gap%=-2.6% with NV=13.3 > BKS_NV — not a fair comparison
  ⚠️  RC102 Hybrid-DDQN: Gap%=-3.2% with NV=13.3 > BKS_NV — not a fair comparison
  ⚠️  RC102 Hybrid-DDQN-Transfer-DR: Gap%=-4.1% with NV=13.7 > BKS_NV — not a fair comparison
  ⚠️  RC105 OR-Tools: Gap%=-2.4% with NV=16.0 > BKS_NV — not a fair comparison
  ⚠️  RC105 ALNS-Base: Gap%=-0.4% with NV=14.0 > BKS_NV — not a fair comparison
  ⚠️  RC105 Hybrid-Fixed: Gap%=-2.7% with NV=14.0 > BKS_NV — not a fair comparison
  ⚠️  RC105 Hybrid-Rule: Gap%=-4.1% with NV=14.0 > BKS_NV — not a fair comparison
  ⚠️  RC105 Hybrid-DDQN: Gap%=-4.5% with NV=14.0 > BKS_NV — not a fair comparison
  ⚠️  RC105 Hybrid-DDQN-Transfer-DR: Gap%=-3.0% with NV=14.3 > BKS_NV — not a fair comparison
  ⚠️  RC106 OR-Tools: Gap%=-0.1% with NV=14.0 > BKS_NV — not a fair comparison
  ⚠️  RC106 ALNS-Base: Gap%=-0.6% with NV=13.0 > BKS_NV — not a fair comparison
  ⚠️  RC106 Hybrid-Fixed: Gap%=-1.7% with NV=12.3 > BKS_NV — not a fair comparison
  ⚠️  RC106 Hybrid-Rule: Gap%=-2.3% with NV=12.0 > BKS_NV — not a fair comparison
  ⚠️  RC106 Hybrid-DDQN: Gap%=-2.5% with NV=12.3 > BKS_NV — not a fair comparison
  ⚠️  RC106 Hybrid-DDQN-Transfer-DR: Gap%=-0.6% with NV=13.0 > BKS_NV — not a fair comparison
  ⚠️  RC201 OR-Tools: Gap%=-7.9% with NV=8.0 > BKS_NV — not a fair comparison
  ⚠️  RC202 OR-Tools: Gap%=-16.8% with NV=8.0 > BKS_NV — not a fair comparison
  ⚠️  RC202 ALNS-Base: Gap%=-10.7% with NV=4.0 > BKS_NV — not a fair comparison
  ⚠️  RC202 Hybrid-Fixed: Gap%=-13.3% with NV=4.0 > BKS_NV — not a fair comparison
  ⚠️  RC202 Hybrid-Rule: Gap%=-14.0% with NV=4.0 > BKS_NV — not a fair comparison
  ⚠️  RC202 Hybrid-DDQN: Gap%=-11.2% with NV=4.0 > BKS_NV — not a fair comparison
  ⚠️  RC202 Hybrid-DDQN-Transfer-DR: Gap%=-11.1% with NV=4.0 > BKS_NV — not a fair comparison
  ⚠️  RC203 OR-Tools: Gap%=-8.2% with NV=6.0 > BKS_NV — not a fair comparison
  ⚠️  RC204 OR-Tools: Gap%=-0.3% with NV=4.0 > BKS_NV — not a fair comparison
  ⚠️  RC205 OR-Tools: Gap%=-9.9% with NV=8.0 > BKS_NV — not a fair comparison
  ⚠️  RC206 OR-Tools: Gap%=-4.8% with NV=6.0 > BKS_NV — not a fair comparison
  ⚠️  RC206 ALNS-Base: Gap%=-0.8% with NV=3.7 > BKS_NV — not a fair comparison
  ⚠️  RC206 Hybrid-DDQN-Transfer-DR: Gap%=-0.8% with NV=4.0 > BKS_NV — not a fair comparison
  ⚠️  RC207 OR-Tools: Gap%=-6.0% with NV=5.0 > BKS_NV — not a fair comparison
  ⚠️  RC208 OR-Tools: Gap%=-5.1% with NV=5.0 > BKS_NV — not a fair comparison

------------------------------------------------------------------------------------------------
DS  Algorithm                       NV   +/-   vsBKS        TD     +/-    Gap%    OT%    Time
------------------------------------------------------------------------------------------------
RC1 OR-Tools                     13.62  0.00   +2.12   1419.70    0.00  +3.09%  100.0   60.1s
RC1 ALNS-Base                    12.50  0.29   +1.00   1403.77   15.35  +1.72%  100.0   19.1s
RC1 Hybrid-Fixed                 12.21  0.29   +0.71   1377.97   11.51  -0.13%  100.0   30.7s
RC1 Hybrid-Rule                  12.16  0.24   +0.66   1370.77   11.32  -0.61%  100.0   29.6s
RC1 Hybrid-DDQN                  12.16  0.24   +0.66   1365.39   10.43  -1.04%  100.0   33.5s
RC1 Hybrid-DDQN-Transfer-DR      12.58  0.29   +1.08   1388.66   11.92  +0.79%  100.0   36.9s
RC2 OR-Tools                      6.25  0.00   +3.00   1029.39    0.00  -7.38%  100.0   60.1s
RC2 ALNS-Base                     3.54  0.12   +0.29   1139.61   33.04  +2.21%  100.0   19.2s
RC2 Hybrid-Fixed                  3.38  0.00   +0.12   1130.03   14.87  +1.31%  100.0   40.0s
RC2 Hybrid-Rule                   3.38  0.00   +0.12   1124.87   13.82  +0.87%  100.0   40.3s
RC2 Hybrid-DDQN                   3.42  0.06   +0.17   1128.34   22.68  +1.17%  100.0   41.1s
RC2 Hybrid-DDQN-Transfer-DR       3.54  0.06   +0.29   1163.70   37.50  +4.48%  100.0   46.7s
------------------------------------------------------------------------------------------------

--- Elite Archive: Phase 1 ---
  RC101: nv=15 cost=1635.1 gap=-3.64%
  RC102: nv=13 cost=1511.9 gap=-2.76%
  RC103: nv=11 cost=1265.2 gap=+0.28%
  RC104: nv=10 cost=1137.8 gap=+0.21%
  RC105: nv=14 cost=1549.5 gap=-4.91%
  RC106: nv=12 cost=1384.0 gap=-2.86%
  RC107: nv=11 cost=1232.3 gap=+0.14%
  RC108: nv=10 cost=1147.7 gap=+0.69%
  RC201: nv=4 cost=1419.5 gap=+0.89%
  RC202: nv=4 cost=1166.1 gap=-14.61%
  RC203: nv=3 cost=1077.5 gap=+2.66%
  RC204: nv=3 cost=803.2 gap=+0.60%
  RC205: nv=4 cost=1329.9 gap=+2.48%
  RC206: nv=3 cost=1153.7 gap=+0.64%
  RC207: nv=3 cost=1094.3 gap=+3.13%
  RC208: nv=3 cost=830.6 gap=+0.30%

--- Elite Archive: Phase 2 DR ---
  RC101: nv=15 cost=1648.3 gap=-2.87%
  RC102: nv=13 cost=1477.5 gap=-4.97%
  RC103: nv=11 cost=1383.0 gap=+9.61%
  RC104: nv=10 cost=1176.7 gap=+3.63%
  RC105: nv=14 cost=1572.7 gap=-3.48%
  RC106: nv=13 cost=1403.1 gap=-1.52%
  RC107: nv=11 cost=1274.7 gap=+3.60%
  RC108: nv=11 cost=1151.2 gap=+1.00%
  RC201: nv=4 cost=1459.6 gap=+3.74%
  RC202: nv=4 cost=1191.7 gap=-12.73%
  RC203: nv=3 cost=1105.0 gap=+5.28%
  RC204: nv=3 cost=805.6 gap=+0.89%
  RC205: nv=4 cost=1368.2 gap=+5.43%
  RC206: nv=4 cost=1106.3 gap=-3.49%
  RC207: nv=3 cost=1119.1 gap=+5.46%
  RC208: nv=3 cost=868.6 gap=+4.88%

✅  All benchmarks complete.
